
===========================================================================
 report_power
============================================================================
======================= Fastest Corner ===================================

Group                  Internal  Switching    Leakage      Total
                          Power      Power      Power      Power (Watts)
----------------------------------------------------------------
Sequential             1.51e-04   0.00e+00   3.08e-08   1.51e-04  45.5%
Combinational          3.37e-14   1.63e-13   1.09e-09   1.09e-09   0.0%
Clock                  1.04e-04   7.68e-05   1.50e-09   1.80e-04  54.5%
Macro                  0.00e+00   0.00e+00   0.00e+00   0.00e+00   0.0%
Pad                    0.00e+00   0.00e+00   0.00e+00   0.00e+00   0.0%
----------------------------------------------------------------
Total                  2.54e-04   7.68e-05   3.34e-08   3.31e-04 100.0%
                          76.8%      23.2%       0.0%

======================= Slowest Corner ===================================

Group                  Internal  Switching    Leakage      Total
                          Power      Power      Power      Power (Watts)
----------------------------------------------------------------
Sequential             9.92e-05   0.00e+00   6.24e-07   9.98e-05  44.3%
Combinational          2.36e-14   1.08e-13   8.90e-07   8.90e-07   0.4%
Clock                  7.44e-05   5.03e-05   1.10e-07   1.25e-04  55.3%
Macro                  0.00e+00   0.00e+00   0.00e+00   0.00e+00   0.0%
Pad                    0.00e+00   0.00e+00   0.00e+00   0.00e+00   0.0%
----------------------------------------------------------------
Total                  1.74e-04   5.03e-05   1.62e-06   2.26e-04 100.0%
                          77.0%      22.3%       0.7%

======================= Typical Corner ===================================

Group                  Internal  Switching    Leakage      Total
                          Power      Power      Power      Power (Watts)
----------------------------------------------------------------
Sequential             1.29e-04   0.00e+00   3.04e-08   1.29e-04  45.5%
Combinational          2.89e-14   1.39e-13   7.36e-10   7.36e-10   0.0%
Clock                  9.06e-05   6.45e-05   1.23e-09   1.55e-04  54.5%
Macro                  0.00e+00   0.00e+00   0.00e+00   0.00e+00   0.0%
Pad                    0.00e+00   0.00e+00   0.00e+00   0.00e+00   0.0%
----------------------------------------------------------------
Total                  2.20e-04   6.45e-05   3.23e-08   2.85e-04 100.0%
                          77.3%      22.7%       0.0%

