
===========================================================================
report_checks -path_delay max (Setup)
============================================================================
======================= Typical Corner ===================================

Startpoint: in1[1] (input port clocked by __VIRTUAL_CLK__)
Endpoint: out1[6] (output port clocked by __VIRTUAL_CLK__)
Path Group: __VIRTUAL_CLK__
Path Type: max

Fanout     Cap    Slew   Delay    Time   Description
-----------------------------------------------------------------------------
                  0.00    0.00    0.00   clock __VIRTUAL_CLK__ (rise edge)
                          0.00    0.00   clock network delay (ideal)
                          2.00    2.00 v input external delay
     1    0.00    0.01    0.01    2.01 v in1[1] (in)
                                         in1[1] (net)
                  0.01    0.00    2.01 v input2/A (sky130_fd_sc_hd__buf_1)
     4    0.01    0.08    0.12    2.13 v input2/X (sky130_fd_sc_hd__buf_1)
                                         net2 (net)
                  0.08    0.00    2.13 v _13_/A (sky130_fd_sc_hd__or4_2)
     5    0.01    0.14    0.77    2.90 v _13_/X (sky130_fd_sc_hd__or4_2)
                                         _02_ (net)
                  0.14    0.00    2.90 v _20_/D (sky130_fd_sc_hd__or4_1)
     2    0.01    0.10    0.47    3.37 v _20_/X (sky130_fd_sc_hd__or4_1)
                                         _06_ (net)
                  0.10    0.00    3.37 v _22_/A (sky130_fd_sc_hd__and2_1)
     1    0.00    0.04    0.17    3.54 v _22_/X (sky130_fd_sc_hd__and2_1)
                                         _08_ (net)
                  0.04    0.00    3.54 v _23_/A (sky130_fd_sc_hd__clkbuf_1)
     1    0.00    0.02    0.08    3.63 v _23_/X (sky130_fd_sc_hd__clkbuf_1)
                                         net15 (net)
                  0.02    0.00    3.63 v output15/A (sky130_fd_sc_hd__buf_2)
     1    0.03    0.09    0.18    3.80 v output15/X (sky130_fd_sc_hd__buf_2)
                                         out1[6] (net)
                  0.09    0.00    3.80 v out1[6] (out)
                                  3.80   data arrival time

                  0.00   10.00   10.00   clock __VIRTUAL_CLK__ (rise edge)
                          0.00   10.00   clock network delay (ideal)
                         -0.25    9.75   clock uncertainty
                          0.00    9.75   clock reconvergence pessimism
                         -2.00    7.75   output external delay
                                  7.75   data required time
-----------------------------------------------------------------------------
                                  7.75   data required time
                                 -3.80   data arrival time
-----------------------------------------------------------------------------
                                  3.95   slack (MET)


Startpoint: in1[1] (input port clocked by __VIRTUAL_CLK__)
Endpoint: out1[7] (output port clocked by __VIRTUAL_CLK__)
Path Group: __VIRTUAL_CLK__
Path Type: max

Fanout     Cap    Slew   Delay    Time   Description
-----------------------------------------------------------------------------
                  0.00    0.00    0.00   clock __VIRTUAL_CLK__ (rise edge)
                          0.00    0.00   clock network delay (ideal)
                          2.00    2.00 v input external delay
     1    0.00    0.01    0.01    2.01 v in1[1] (in)
                                         in1[1] (net)
                  0.01    0.00    2.01 v input2/A (sky130_fd_sc_hd__buf_1)
     4    0.01    0.08    0.12    2.13 v input2/X (sky130_fd_sc_hd__buf_1)
                                         net2 (net)
                  0.08    0.00    2.13 v _13_/A (sky130_fd_sc_hd__or4_2)
     5    0.01    0.14    0.77    2.90 v _13_/X (sky130_fd_sc_hd__or4_2)
                                         _02_ (net)
                  0.14    0.00    2.90 v _20_/D (sky130_fd_sc_hd__or4_1)
     2    0.01    0.10    0.47    3.37 v _20_/X (sky130_fd_sc_hd__or4_1)
                                         _06_ (net)
                  0.10    0.00    3.37 v _24_/B (sky130_fd_sc_hd__xor2_1)
     1    0.00    0.10    0.14    3.52 ^ _24_/X (sky130_fd_sc_hd__xor2_1)
                                         net16 (net)
                  0.10    0.00    3.52 ^ output16/A (sky130_fd_sc_hd__clkbuf_4)
     1    0.04    0.12    0.22    3.74 ^ output16/X (sky130_fd_sc_hd__clkbuf_4)
                                         out1[7] (net)
                  0.12    0.00    3.74 ^ out1[7] (out)
                                  3.74   data arrival time

                  0.00   10.00   10.00   clock __VIRTUAL_CLK__ (rise edge)
                          0.00   10.00   clock network delay (ideal)
                         -0.25    9.75   clock uncertainty
                          0.00    9.75   clock reconvergence pessimism
                         -2.00    7.75   output external delay
                                  7.75   data required time
-----------------------------------------------------------------------------
                                  7.75   data required time
                                 -3.74   data arrival time
-----------------------------------------------------------------------------
                                  4.01   slack (MET)


Startpoint: in1[1] (input port clocked by __VIRTUAL_CLK__)
Endpoint: out1[5] (output port clocked by __VIRTUAL_CLK__)
Path Group: __VIRTUAL_CLK__
Path Type: max

Fanout     Cap    Slew   Delay    Time   Description
-----------------------------------------------------------------------------
                  0.00    0.00    0.00   clock __VIRTUAL_CLK__ (rise edge)
                          0.00    0.00   clock network delay (ideal)
                          2.00    2.00 v input external delay
     1    0.00    0.01    0.01    2.01 v in1[1] (in)
                                         in1[1] (net)
                  0.01    0.00    2.01 v input2/A (sky130_fd_sc_hd__buf_1)
     4    0.01    0.08    0.12    2.13 v input2/X (sky130_fd_sc_hd__buf_1)
                                         net2 (net)
                  0.08    0.00    2.13 v _13_/A (sky130_fd_sc_hd__or4_2)
     5    0.01    0.14    0.77    2.90 v _13_/X (sky130_fd_sc_hd__or4_2)
                                         _02_ (net)
                  0.14    0.00    2.90 v _16_/B (sky130_fd_sc_hd__nor2_1)
     2    0.01    0.20    0.22    3.12 ^ _16_/Y (sky130_fd_sc_hd__nor2_1)
                                         _04_ (net)
                  0.20    0.00    3.12 ^ _19_/B (sky130_fd_sc_hd__xnor2_1)
     1    0.00    0.10    0.14    3.26 ^ _19_/Y (sky130_fd_sc_hd__xnor2_1)
                                         net14 (net)
                  0.10    0.00    3.26 ^ output14/A (sky130_fd_sc_hd__buf_2)
     1    0.03    0.17    0.23    3.49 ^ output14/X (sky130_fd_sc_hd__buf_2)
                                         out1[5] (net)
                  0.17    0.00    3.49 ^ out1[5] (out)
                                  3.49   data arrival time

                  0.00   10.00   10.00   clock __VIRTUAL_CLK__ (rise edge)
                          0.00   10.00   clock network delay (ideal)
                         -0.25    9.75   clock uncertainty
                          0.00    9.75   clock reconvergence pessimism
                         -2.00    7.75   output external delay
                                  7.75   data required time
-----------------------------------------------------------------------------
                                  7.75   data required time
                                 -3.49   data arrival time
-----------------------------------------------------------------------------
                                  4.26   slack (MET)


Startpoint: in1[1] (input port clocked by __VIRTUAL_CLK__)
Endpoint: out1[4] (output port clocked by __VIRTUAL_CLK__)
Path Group: __VIRTUAL_CLK__
Path Type: max

Fanout     Cap    Slew   Delay    Time   Description
-----------------------------------------------------------------------------
                  0.00    0.00    0.00   clock __VIRTUAL_CLK__ (rise edge)
                          0.00    0.00   clock network delay (ideal)
                          2.00    2.00 v input external delay
     1    0.00    0.01    0.01    2.01 v in1[1] (in)
                                         in1[1] (net)
                  0.01    0.00    2.01 v input2/A (sky130_fd_sc_hd__buf_1)
     4    0.01    0.08    0.12    2.13 v input2/X (sky130_fd_sc_hd__buf_1)
                                         net2 (net)
                  0.08    0.00    2.13 v _13_/A (sky130_fd_sc_hd__or4_2)
     5    0.01    0.14    0.77    2.90 v _13_/X (sky130_fd_sc_hd__or4_2)
                                         _02_ (net)
                  0.14    0.00    2.90 v _17_/B (sky130_fd_sc_hd__and2_1)
     1    0.00    0.03    0.20    3.10 v _17_/X (sky130_fd_sc_hd__and2_1)
                                         _05_ (net)
                  0.03    0.00    3.10 v _18_/B (sky130_fd_sc_hd__nor2_1)
     1    0.00    0.08    0.08    3.18 ^ _18_/Y (sky130_fd_sc_hd__nor2_1)
                                         net13 (net)
                  0.08    0.00    3.18 ^ output13/A (sky130_fd_sc_hd__buf_2)
     1    0.03    0.17    0.22    3.40 ^ output13/X (sky130_fd_sc_hd__buf_2)
                                         out1[4] (net)
                  0.17    0.00    3.41 ^ out1[4] (out)
                                  3.41   data arrival time

                  0.00   10.00   10.00   clock __VIRTUAL_CLK__ (rise edge)
                          0.00   10.00   clock network delay (ideal)
                         -0.25    9.75   clock uncertainty
                          0.00    9.75   clock reconvergence pessimism
                         -2.00    7.75   output external delay
                                  7.75   data required time
-----------------------------------------------------------------------------
                                  7.75   data required time
                                 -3.41   data arrival time
-----------------------------------------------------------------------------
                                  4.34   slack (MET)


Startpoint: in1[1] (input port clocked by __VIRTUAL_CLK__)
Endpoint: out1[3] (output port clocked by __VIRTUAL_CLK__)
Path Group: __VIRTUAL_CLK__
Path Type: max

Fanout     Cap    Slew   Delay    Time   Description
-----------------------------------------------------------------------------
                  0.00    0.00    0.00   clock __VIRTUAL_CLK__ (rise edge)
                          0.00    0.00   clock network delay (ideal)
                          2.00    2.00 v input external delay
     1    0.00    0.01    0.01    2.01 v in1[1] (in)
                                         in1[1] (net)
                  0.01    0.00    2.01 v input2/A (sky130_fd_sc_hd__buf_1)
     4    0.01    0.08    0.12    2.13 v input2/X (sky130_fd_sc_hd__buf_1)
                                         net2 (net)
                  0.08    0.00    2.13 v _13_/A (sky130_fd_sc_hd__or4_2)
     5    0.01    0.14    0.77    2.90 v _13_/X (sky130_fd_sc_hd__or4_2)
                                         _02_ (net)
                  0.14    0.00    2.90 v _14_/B (sky130_fd_sc_hd__and2b_1)
     1    0.00    0.04    0.21    3.11 v _14_/X (sky130_fd_sc_hd__and2b_1)
                                         _03_ (net)
                  0.04    0.00    3.11 v _15_/A (sky130_fd_sc_hd__clkbuf_1)
     1    0.00    0.03    0.09    3.20 v _15_/X (sky130_fd_sc_hd__clkbuf_1)
                                         net12 (net)
                  0.03    0.00    3.20 v output12/A (sky130_fd_sc_hd__buf_2)
     1    0.03    0.09    0.18    3.38 v output12/X (sky130_fd_sc_hd__buf_2)
                                         out1[3] (net)
                  0.09    0.00    3.39 v out1[3] (out)
                                  3.39   data arrival time

                  0.00   10.00   10.00   clock __VIRTUAL_CLK__ (rise edge)
                          0.00   10.00   clock network delay (ideal)
                         -0.25    9.75   clock uncertainty
                          0.00    9.75   clock reconvergence pessimism
                         -2.00    7.75   output external delay
                                  7.75   data required time
-----------------------------------------------------------------------------
                                  7.75   data required time
                                 -3.39   data arrival time
-----------------------------------------------------------------------------
                                  4.36   slack (MET)


Startpoint: in1[1] (input port clocked by __VIRTUAL_CLK__)
Endpoint: out1[2] (output port clocked by __VIRTUAL_CLK__)
Path Group: __VIRTUAL_CLK__
Path Type: max

Fanout     Cap    Slew   Delay    Time   Description
-----------------------------------------------------------------------------
                  0.00    0.00    0.00   clock __VIRTUAL_CLK__ (rise edge)
                          0.00    0.00   clock network delay (ideal)
                          2.00    2.00 v input external delay
     1    0.00    0.01    0.01    2.01 v in1[1] (in)
                                         in1[1] (net)
                  0.01    0.00    2.01 v input2/A (sky130_fd_sc_hd__buf_1)
     4    0.01    0.08    0.12    2.13 v input2/X (sky130_fd_sc_hd__buf_1)
                                         net2 (net)
                  0.08    0.00    2.13 v _10_/A (sky130_fd_sc_hd__nor2_1)
     2    0.01    0.15    0.17    2.30 ^ _10_/Y (sky130_fd_sc_hd__nor2_1)
                                         _00_ (net)
                  0.15    0.00    2.30 ^ _11_/B (sky130_fd_sc_hd__xnor2_1)
     1    0.00    0.13    0.15    2.44 ^ _11_/Y (sky130_fd_sc_hd__xnor2_1)
                                         net11 (net)
                  0.13    0.00    2.44 ^ output11/A (sky130_fd_sc_hd__buf_2)
     1    0.03    0.17    0.24    2.69 ^ output11/X (sky130_fd_sc_hd__buf_2)
                                         out1[2] (net)
                  0.17    0.00    2.69 ^ out1[2] (out)
                                  2.69   data arrival time

                  0.00   10.00   10.00   clock __VIRTUAL_CLK__ (rise edge)
                          0.00   10.00   clock network delay (ideal)
                         -0.25    9.75   clock uncertainty
                          0.00    9.75   clock reconvergence pessimism
                         -2.00    7.75   output external delay
                                  7.75   data required time
-----------------------------------------------------------------------------
                                  7.75   data required time
                                 -2.69   data arrival time
-----------------------------------------------------------------------------
                                  5.06   slack (MET)


Startpoint: in1[1] (input port clocked by __VIRTUAL_CLK__)
Endpoint: out1[1] (output port clocked by __VIRTUAL_CLK__)
Path Group: __VIRTUAL_CLK__
Path Type: max

Fanout     Cap    Slew   Delay    Time   Description
-----------------------------------------------------------------------------
                  0.00    0.00    0.00   clock __VIRTUAL_CLK__ (rise edge)
                          0.00    0.00   clock network delay (ideal)
                          2.00    2.00 ^ input external delay
     1    0.00    0.02    0.01    2.01 ^ in1[1] (in)
                                         in1[1] (net)
                  0.02    0.00    2.01 ^ input2/A (sky130_fd_sc_hd__buf_1)
     4    0.01    0.16    0.16    2.17 ^ input2/X (sky130_fd_sc_hd__buf_1)
                                         net2 (net)
                  0.16    0.00    2.17 ^ _10_/A (sky130_fd_sc_hd__nor2_1)
     2    0.01    0.06    0.09    2.27 v _10_/Y (sky130_fd_sc_hd__nor2_1)
                                         _00_ (net)
                  0.06    0.00    2.27 v _26_/A (sky130_fd_sc_hd__nor2_1)
     1    0.00    0.10    0.13    2.39 ^ _26_/Y (sky130_fd_sc_hd__nor2_1)
                                         net10 (net)
                  0.10    0.00    2.39 ^ output10/A (sky130_fd_sc_hd__buf_2)
     1    0.03    0.17    0.23    2.62 ^ output10/X (sky130_fd_sc_hd__buf_2)
                                         out1[1] (net)
                  0.17    0.00    2.62 ^ out1[1] (out)
                                  2.62   data arrival time

                  0.00   10.00   10.00   clock __VIRTUAL_CLK__ (rise edge)
                          0.00   10.00   clock network delay (ideal)
                         -0.25    9.75   clock uncertainty
                          0.00    9.75   clock reconvergence pessimism
                         -2.00    7.75   output external delay
                                  7.75   data required time
-----------------------------------------------------------------------------
                                  7.75   data required time
                                 -2.62   data arrival time
-----------------------------------------------------------------------------
                                  5.13   slack (MET)


Startpoint: in1[0] (input port clocked by __VIRTUAL_CLK__)
Endpoint: out1[0] (output port clocked by __VIRTUAL_CLK__)
Path Group: __VIRTUAL_CLK__
Path Type: max

Fanout     Cap    Slew   Delay    Time   Description
-----------------------------------------------------------------------------
                  0.00    0.00    0.00   clock __VIRTUAL_CLK__ (rise edge)
                          0.00    0.00   clock network delay (ideal)
                          2.00    2.00 ^ input external delay
     1    0.00    0.02    0.01    2.01 ^ in1[0] (in)
                                         in1[0] (net)
                  0.02    0.00    2.01 ^ input1/A (sky130_fd_sc_hd__buf_1)
     5    0.01    0.13    0.14    2.15 ^ input1/X (sky130_fd_sc_hd__buf_1)
                                         net1 (net)
                  0.13    0.00    2.15 ^ _27_/A (sky130_fd_sc_hd__clkbuf_1)
     1    0.00    0.04    0.11    2.25 ^ _27_/X (sky130_fd_sc_hd__clkbuf_1)
                                         net9 (net)
                  0.04    0.00    2.25 ^ output9/A (sky130_fd_sc_hd__buf_2)
     1    0.04    0.18    0.21    2.47 ^ output9/X (sky130_fd_sc_hd__buf_2)
                                         out1[0] (net)
                  0.18    0.00    2.47 ^ out1[0] (out)
                                  2.47   data arrival time

                  0.00   10.00   10.00   clock __VIRTUAL_CLK__ (rise edge)
                          0.00   10.00   clock network delay (ideal)
                         -0.25    9.75   clock uncertainty
                          0.00    9.75   clock reconvergence pessimism
                         -2.00    7.75   output external delay
                                  7.75   data required time
-----------------------------------------------------------------------------
                                  7.75   data required time
                                 -2.47   data arrival time
-----------------------------------------------------------------------------
                                  5.28   slack (MET)



worst slack corner Typical: 3.9456
