OpenROAD b16bda7e82721d10566ff7e2b68f1ff0be9f9e38 
Features included (+) or not (-): +Charts +GPU +GUI +Python
This program is licensed under the BSD-3 license. See the LICENSE file for details.
Components of this program may be licensed under more restrictive licenses which must be honored.
Top-level design name: aludesign
Block boundaries: 0 0 125000 125000
Horizontal Tracks Origin: 340, Count: 184, Step: 680
Vertical Tracks Origin: 230, Count: 272, Step: 460
Placement details for the #E side
Virtual pin count:  0
Actual pin count:  8
Total pin count:  8
Tracks count:  92
Tracks per pin:  11
Used tracks count:  78
Unused track count:  14
Starting track index:  7
Placement Map:
[340, 1700, 3060, 4420, 5780, 7140, 8500, [91m9860[0m, 11220, 12580, 13940, 15300, 16660, 18020, 19380, 20740, 22100, 23460, [91m24820[0m, 26180, 27540, 28900, 30260, 31620, 32980, 34340, 35700, 37060, 38420, [91m39780[0m, 41140, 42500, 43860, 45220, 46580, 47940, 49300, 50660, 52020, 53380, [91m54740[0m, 56100, 57460, 58820, 60180, 61540, 62900, 64260, 65620, 66980, 68340, [91m69700[0m, 71060, 72420, 73780, 75140, 76500, 77860, 79220, 80580, 81940, 83300, [91m84660[0m, 86020, 87380, 88740, 90100, 91460, 92820, 94180, 95540, 96900, 98260, [91m99620[0m, 100980, 102340, 103700, 105060, 106420, 107780, 109140, 110500, 111860, 113220, [91m114580[0m, 115940, 117300, 118660, 120020, 121380, 122740, 124100, ]
Indices of used tracks: [7, 18, 29, 40, 51, 62, 73, 84]
---
Placement details for the #W side
Virtual pin count:  0
Actual pin count:  19
Total pin count:  19
Tracks count:  92
Tracks per pin:  4
Used tracks count:  73
Unused track count:  19
Starting track index:  9
Placement Map:
[340, 1700, 3060, 4420, 5780, 7140, 8500, 9860, 11220, [91m12580[0m, 13940, 15300, 16660, [91m18020[0m, 19380, 20740, 22100, [91m23460[0m, 24820, 26180, 27540, [91m28900[0m, 30260, 31620, 32980, [91m34340[0m, 35700, 37060, 38420, [91m39780[0m, 41140, 42500, 43860, [91m45220[0m, 46580, 47940, 49300, [91m50660[0m, 52020, 53380, 54740, [91m56100[0m, 57460, 58820, 60180, [91m61540[0m, 62900, 64260, 65620, [91m66980[0m, 68340, 69700, 71060, [91m72420[0m, 73780, 75140, 76500, [91m77860[0m, 79220, 80580, 81940, [91m83300[0m, 84660, 86020, 87380, [91m88740[0m, 90100, 91460, 92820, [91m94180[0m, 95540, 96900, 98260, [91m99620[0m, 100980, 102340, 103700, [91m105060[0m, 106420, 107780, 109140, [91m110500[0m, 111860, 113220, 114580, 115940, 117300, 118660, 120020, 121380, 122740, 124100, ]
Indices of used tracks: [9, 13, 17, 21, 25, 29, 33, 37, 41, 45, 49, 53, 57, 61, 65, 69, 73, 77, 81]
---
