
===========================================================================
 report_power
============================================================================
======================= Fastest Corner ===================================

Group                  Internal  Switching    Leakage      Total
                          Power      Power      Power      Power (Watts)
----------------------------------------------------------------
Sequential             1.51e-04   0.00e+00   3.08e-08   1.51e-04  46.1%
Combinational          3.36e-14   1.51e-13   1.09e-09   1.09e-09   0.0%
Clock                  1.04e-04   7.28e-05   1.50e-09   1.76e-04  53.9%
Macro                  0.00e+00   0.00e+00   0.00e+00   0.00e+00   0.0%
Pad                    0.00e+00   0.00e+00   0.00e+00   0.00e+00   0.0%
----------------------------------------------------------------
Total                  2.54e-04   7.28e-05   3.34e-08   3.27e-04 100.0%
                          77.7%      22.3%       0.0%

======================= Slowest Corner ===================================

Group                  Internal  Switching    Leakage      Total
                          Power      Power      Power      Power (Watts)
----------------------------------------------------------------
Sequential             9.93e-05   0.00e+00   6.24e-07   9.99e-05  44.8%
Combinational          2.36e-14   1.01e-13   8.90e-07   8.90e-07   0.4%
Clock                  7.43e-05   4.77e-05   1.10e-07   1.22e-04  54.8%
Macro                  0.00e+00   0.00e+00   0.00e+00   0.00e+00   0.0%
Pad                    0.00e+00   0.00e+00   0.00e+00   0.00e+00   0.0%
----------------------------------------------------------------
Total                  1.74e-04   4.77e-05   1.62e-06   2.23e-04 100.0%
                          77.9%      21.4%       0.7%

======================= Typical Corner ===================================

Group                  Internal  Switching    Leakage      Total
                          Power      Power      Power      Power (Watts)
----------------------------------------------------------------
Sequential             1.29e-04   0.00e+00   3.04e-08   1.29e-04  46.0%
Combinational          2.90e-14   1.29e-13   7.36e-10   7.36e-10   0.0%
Clock                  9.05e-05   6.12e-05   1.23e-09   1.52e-04  54.0%
Macro                  0.00e+00   0.00e+00   0.00e+00   0.00e+00   0.0%
Pad                    0.00e+00   0.00e+00   0.00e+00   0.00e+00   0.0%
----------------------------------------------------------------
Total                  2.20e-04   6.12e-05   3.23e-08   2.81e-04 100.0%
                          78.2%      21.8%       0.0%

