
===========================================================================
report_checks -unconstrained
===========================================================================
======================= Fastest Corner ===================================

Startpoint: _379_ (rising edge-triggered flip-flop clocked by core_clock)
Endpoint: _383_ (rising edge-triggered flip-flop clocked by core_clock)
Path Group: core_clock
Path Type: max
Corner: Fastest

Fanout     Cap    Slew   Delay    Time   Description
-----------------------------------------------------------------------------
                          0.00    0.00   clock core_clock (rise edge)
                          0.00    0.00   clock source latency
     1    0.02    0.00    0.00    0.00 ^ clk (in)
                                         clk (net)
                  0.00    0.00    0.00 ^ clkbuf_0_clk/A (sky130_fd_sc_hd__clkbuf_16)
     4    0.05    0.05    0.09    0.09 ^ clkbuf_0_clk/X (sky130_fd_sc_hd__clkbuf_16)
                                         clknet_0_clk (net)
                  0.05    0.00    0.09 ^ clkbuf_2_3__f_clk/A (sky130_fd_sc_hd__clkbuf_16)
     9    0.04    0.04    0.10    0.19 ^ clkbuf_2_3__f_clk/X (sky130_fd_sc_hd__clkbuf_16)
                                         clknet_2_3__leaf_clk (net)
                  0.04    0.00    0.19 ^ _379_/CLK (sky130_fd_sc_hd__dfrtp_4)
     6    0.04    0.08    0.34    0.54 v _379_/Q (sky130_fd_sc_hd__dfrtp_4)
                                         one_second_counter[4] (net)
                  0.08    0.00    0.54 v _183_/B (sky130_fd_sc_hd__and4_2)
     5    0.04    0.08    0.21    0.74 v _183_/X (sky130_fd_sc_hd__and4_2)
                                         _065_ (net)
                  0.08    0.00    0.75 v _184_/B (sky130_fd_sc_hd__and2_1)
     1    0.02    0.07    0.16    0.91 v _184_/X (sky130_fd_sc_hd__and2_1)
                                         _066_ (net)
                  0.07    0.00    0.91 v _185_/A (sky130_fd_sc_hd__clkbuf_4)
     9    0.06    0.09    0.17    1.08 v _185_/X (sky130_fd_sc_hd__clkbuf_4)
                                         _067_ (net)
                  0.09    0.00    1.08 v _211_/A2 (sky130_fd_sc_hd__o311a_1)
     1    0.02    0.08    0.27    1.35 v _211_/X (sky130_fd_sc_hd__o311a_1)
                                         _087_ (net)
                  0.08    0.00    1.35 v _214_/A2 (sky130_fd_sc_hd__o31ai_4)
     9    0.07    0.54    0.47    1.81 ^ _214_/Y (sky130_fd_sc_hd__o31ai_4)
                                         _090_ (net)
                  0.54    0.00    1.82 ^ _215_/A (sky130_fd_sc_hd__clkbuf_4)
    10    0.07    0.17    0.25    2.07 ^ _215_/X (sky130_fd_sc_hd__clkbuf_4)
                                         _091_ (net)
                  0.17    0.00    2.08 ^ _246_/A (sky130_fd_sc_hd__and3_1)
     1    0.02    0.19    0.22    2.29 ^ _246_/X (sky130_fd_sc_hd__and3_1)
                                         _114_ (net)
                  0.19    0.00    2.29 ^ _247_/A (sky130_fd_sc_hd__buf_1)
     1    0.01    0.12    0.12    2.42 ^ _247_/X (sky130_fd_sc_hd__buf_1)
                                         _025_ (net)
                  0.12    0.00    2.42 ^ _383_/D (sky130_fd_sc_hd__dfrtp_4)
                                  2.42   data arrival time

                         10.00   10.00   clock core_clock (rise edge)
                          0.00   10.00   clock source latency
     1    0.02    0.00    0.00   10.00 ^ clk (in)
                                         clk (net)
                  0.00    0.00   10.00 ^ clkbuf_0_clk/A (sky130_fd_sc_hd__clkbuf_16)
     4    0.05    0.05    0.09   10.09 ^ clkbuf_0_clk/X (sky130_fd_sc_hd__clkbuf_16)
                                         clknet_0_clk (net)
                  0.05    0.00   10.09 ^ clkbuf_2_0__f_clk/A (sky130_fd_sc_hd__clkbuf_16)
     8    0.03    0.04    0.10   10.19 ^ clkbuf_2_0__f_clk/X (sky130_fd_sc_hd__clkbuf_16)
                                         clknet_2_0__leaf_clk (net)
                  0.04    0.00   10.19 ^ _383_/CLK (sky130_fd_sc_hd__dfrtp_4)
                          0.00   10.19   clock reconvergence pessimism
                         -0.05   10.15   library setup time
                                 10.15   data required time
-----------------------------------------------------------------------------
                                 10.15   data required time
                                 -2.42   data arrival time
-----------------------------------------------------------------------------
                                  7.73   slack (MET)



======================= Slowest Corner ===================================

Startpoint: _379_ (rising edge-triggered flip-flop clocked by core_clock)
Endpoint: _383_ (rising edge-triggered flip-flop clocked by core_clock)
Path Group: core_clock
Path Type: max
Corner: Slowest

Fanout     Cap    Slew   Delay    Time   Description
-----------------------------------------------------------------------------
                          0.00    0.00   clock core_clock (rise edge)
                          0.00    0.00   clock source latency
     1    0.02    0.00    0.00    0.00 ^ clk (in)
                                         clk (net)
                  0.00    0.00    0.00 ^ clkbuf_0_clk/A (sky130_fd_sc_hd__clkbuf_16)
     4    0.05    0.10    0.23    0.23 ^ clkbuf_0_clk/X (sky130_fd_sc_hd__clkbuf_16)
                                         clknet_0_clk (net)
                  0.10    0.00    0.23 ^ clkbuf_2_3__f_clk/A (sky130_fd_sc_hd__clkbuf_16)
     9    0.04    0.09    0.26    0.49 ^ clkbuf_2_3__f_clk/X (sky130_fd_sc_hd__clkbuf_16)
                                         clknet_2_3__leaf_clk (net)
                  0.09    0.00    0.49 ^ _379_/CLK (sky130_fd_sc_hd__dfrtp_4)
     6    0.04    0.20    1.12    1.61 v _379_/Q (sky130_fd_sc_hd__dfrtp_4)
                                         one_second_counter[4] (net)
                  0.20    0.00    1.61 v _183_/B (sky130_fd_sc_hd__and4_2)
     5    0.04    0.21    0.66    2.27 v _183_/X (sky130_fd_sc_hd__and4_2)
                                         _065_ (net)
                  0.21    0.00    2.27 v _184_/B (sky130_fd_sc_hd__and2_1)
     1    0.02    0.20    0.51    2.78 v _184_/X (sky130_fd_sc_hd__and2_1)
                                         _066_ (net)
                  0.20    0.00    2.78 v _185_/A (sky130_fd_sc_hd__clkbuf_4)
     9    0.06    0.22    0.45    3.24 v _185_/X (sky130_fd_sc_hd__clkbuf_4)
                                         _067_ (net)
                  0.22    0.00    3.24 v _211_/A2 (sky130_fd_sc_hd__o311a_1)
     1    0.02    0.20    0.81    4.05 v _211_/X (sky130_fd_sc_hd__o311a_1)
                                         _087_ (net)
                  0.20    0.00    4.05 v _214_/A2 (sky130_fd_sc_hd__o31ai_4)
     9    0.06    1.13    1.08    5.13 ^ _214_/Y (sky130_fd_sc_hd__o31ai_4)
                                         _090_ (net)
                  1.13    0.00    5.14 ^ _215_/A (sky130_fd_sc_hd__clkbuf_4)
    10    0.07    0.36    0.86    5.99 ^ _215_/X (sky130_fd_sc_hd__clkbuf_4)
                                         _091_ (net)
                  0.36    0.00    6.00 ^ _246_/A (sky130_fd_sc_hd__and3_1)
     1    0.02    0.38    0.63    6.62 ^ _246_/X (sky130_fd_sc_hd__and3_1)
                                         _114_ (net)
                  0.38    0.00    6.62 ^ _247_/A (sky130_fd_sc_hd__buf_1)
     1    0.01    0.26    0.40    7.02 ^ _247_/X (sky130_fd_sc_hd__buf_1)
                                         _025_ (net)
                  0.26    0.00    7.02 ^ _383_/D (sky130_fd_sc_hd__dfrtp_4)
                                  7.02   data arrival time

                         10.00   10.00   clock core_clock (rise edge)
                          0.00   10.00   clock source latency
     1    0.02    0.00    0.00   10.00 ^ clk (in)
                                         clk (net)
                  0.00    0.00   10.00 ^ clkbuf_0_clk/A (sky130_fd_sc_hd__clkbuf_16)
     4    0.05    0.10    0.23   10.23 ^ clkbuf_0_clk/X (sky130_fd_sc_hd__clkbuf_16)
                                         clknet_0_clk (net)
                  0.10    0.00   10.23 ^ clkbuf_2_0__f_clk/A (sky130_fd_sc_hd__clkbuf_16)
     8    0.03    0.08    0.25   10.48 ^ clkbuf_2_0__f_clk/X (sky130_fd_sc_hd__clkbuf_16)
                                         clknet_2_0__leaf_clk (net)
                  0.08    0.00   10.48 ^ _383_/CLK (sky130_fd_sc_hd__dfrtp_4)
                          0.00   10.48   clock reconvergence pessimism
                         -0.18   10.30   library setup time
                                 10.30   data required time
-----------------------------------------------------------------------------
                                 10.30   data required time
                                 -7.02   data arrival time
-----------------------------------------------------------------------------
                                  3.28   slack (MET)



======================= Typical Corner ===================================

Startpoint: _379_ (rising edge-triggered flip-flop clocked by core_clock)
Endpoint: _383_ (rising edge-triggered flip-flop clocked by core_clock)
Path Group: core_clock
Path Type: max
Corner: Typical

Fanout     Cap    Slew   Delay    Time   Description
-----------------------------------------------------------------------------
                          0.00    0.00   clock core_clock (rise edge)
                          0.00    0.00   clock source latency
     1    0.02    0.00    0.00    0.00 ^ clk (in)
                                         clk (net)
                  0.00    0.00    0.00 ^ clkbuf_0_clk/A (sky130_fd_sc_hd__clkbuf_16)
     4    0.05    0.07    0.13    0.13 ^ clkbuf_0_clk/X (sky130_fd_sc_hd__clkbuf_16)
                                         clknet_0_clk (net)
                  0.07    0.00    0.13 ^ clkbuf_2_3__f_clk/A (sky130_fd_sc_hd__clkbuf_16)
     9    0.04    0.06    0.15    0.28 ^ clkbuf_2_3__f_clk/X (sky130_fd_sc_hd__clkbuf_16)
                                         clknet_2_3__leaf_clk (net)
                  0.06    0.00    0.28 ^ _379_/CLK (sky130_fd_sc_hd__dfrtp_4)
     6    0.04    0.11    0.54    0.82 v _379_/Q (sky130_fd_sc_hd__dfrtp_4)
                                         one_second_counter[4] (net)
                  0.11    0.00    0.82 v _183_/B (sky130_fd_sc_hd__and4_2)
     5    0.04    0.11    0.32    1.14 v _183_/X (sky130_fd_sc_hd__and4_2)
                                         _065_ (net)
                  0.11    0.00    1.14 v _184_/B (sky130_fd_sc_hd__and2_1)
     1    0.02    0.10    0.25    1.39 v _184_/X (sky130_fd_sc_hd__and2_1)
                                         _066_ (net)
                  0.10    0.00    1.39 v _185_/A (sky130_fd_sc_hd__clkbuf_4)
     9    0.06    0.12    0.25    1.64 v _185_/X (sky130_fd_sc_hd__clkbuf_4)
                                         _067_ (net)
                  0.12    0.00    1.64 v _211_/A2 (sky130_fd_sc_hd__o311a_1)
     1    0.02    0.11    0.42    2.07 v _211_/X (sky130_fd_sc_hd__o311a_1)
                                         _087_ (net)
                  0.11    0.00    2.07 v _214_/A2 (sky130_fd_sc_hd__o31ai_4)
     9    0.06    0.72    0.65    2.72 ^ _214_/Y (sky130_fd_sc_hd__o31ai_4)
                                         _090_ (net)
                  0.72    0.00    2.72 ^ _215_/A (sky130_fd_sc_hd__clkbuf_4)
    10    0.07    0.23    0.43    3.16 ^ _215_/X (sky130_fd_sc_hd__clkbuf_4)
                                         _091_ (net)
                  0.23    0.00    3.16 ^ _246_/A (sky130_fd_sc_hd__and3_1)
     1    0.02    0.24    0.34    3.50 ^ _246_/X (sky130_fd_sc_hd__and3_1)
                                         _114_ (net)
                  0.24    0.00    3.50 ^ _247_/A (sky130_fd_sc_hd__buf_1)
     1    0.01    0.17    0.21    3.70 ^ _247_/X (sky130_fd_sc_hd__buf_1)
                                         _025_ (net)
                  0.17    0.00    3.70 ^ _383_/D (sky130_fd_sc_hd__dfrtp_4)
                                  3.70   data arrival time

                         10.00   10.00   clock core_clock (rise edge)
                          0.00   10.00   clock source latency
     1    0.02    0.00    0.00   10.00 ^ clk (in)
                                         clk (net)
                  0.00    0.00   10.00 ^ clkbuf_0_clk/A (sky130_fd_sc_hd__clkbuf_16)
     4    0.05    0.07    0.13   10.13 ^ clkbuf_0_clk/X (sky130_fd_sc_hd__clkbuf_16)
                                         clknet_0_clk (net)
                  0.07    0.00   10.13 ^ clkbuf_2_0__f_clk/A (sky130_fd_sc_hd__clkbuf_16)
     8    0.03    0.05    0.14   10.28 ^ clkbuf_2_0__f_clk/X (sky130_fd_sc_hd__clkbuf_16)
                                         clknet_2_0__leaf_clk (net)
                  0.05    0.00   10.28 ^ _383_/CLK (sky130_fd_sc_hd__dfrtp_4)
                          0.00   10.28   clock reconvergence pessimism
                         -0.09   10.19   library setup time
                                 10.19   data required time
-----------------------------------------------------------------------------
                                 10.19   data required time
                                 -3.70   data arrival time
-----------------------------------------------------------------------------
                                  6.48   slack (MET)




===========================================================================
report_checks --slack_max -0.01
============================================================================
======================= Fastest Corner ===================================

No paths found.

======================= Slowest Corner ===================================

No paths found.

======================= Typical Corner ===================================

No paths found.


===========================================================================
 report_check_types -max_slew -max_cap -max_fanout -violators
============================================================================
======================= Fastest Corner ===================================


max slew violations count Fastest: 0
max fanout violations count Fastest: 0
max cap violations count Fastest: 0
======================= Slowest Corner ===================================


max slew violations count Slowest: 0
max fanout violations count Slowest: 0
max cap violations count Slowest: 0
======================= Typical Corner ===================================


max slew violations count Typical: 0
max fanout violations count Typical: 0
max cap violations count Typical: 0

===========================================================================
report_parasitic_annotation -report_unannotated
============================================================================
Found 3 unannotated drivers.
 clkload0/Y
 clkload1/Y
 clkload2/Y
Found 0 partially unannotated drivers.

===========================================================================
max slew violation count 0
max fanout violation count 0
max cap violation count 0
============================================================================

===========================================================================
check_setup -verbose -unconstrained_endpoints -multiple_clock -no_clock -no_input_delay -loops -generated_clocks
===========================================================================
Warning: There is 1 input port missing set_input_delay.
  rst
Warning: There are 7 unconstrained endpoints.
  seg[0]
  seg[1]
  seg[2]
  seg[3]
  seg[4]
  seg[5]
  seg[6]
