OpenROAD b16bda7e82721d10566ff7e2b68f1ff0be9f9e38 
Features included (+) or not (-): +Charts +GPU +GUI +Python
This program is licensed under the BSD-3 license. See the LICENSE file for details.
Components of this program may be licensed under more restrictive licenses which must be honored.
define_corners Typical
read_liberty -corner Typical /home/vboxuser/.volare/sky130A/libs.ref/sky130_fd_sc_hd/lib/sky130_fd_sc_hd__tt_025C_1v80.lib
Using 1e-12 for capacitance...
Using 1e+03 for resistance...
Using 1e-09 for time...
Using 1e+00 for voltage...
Using 1e-03 for current...
Using 1e-09 for power...
Using 1e-06 for distance...
[INFO]: Reading ODB at '/openlane/designs/counter/runs/RUN_2025.05.10_17.48.37/results/routing/counter.odb'…
Reading design constraints file at '/openlane/designs/counter/src/counter.sdc'…
Net: _156_
  Pin: _301_/B (sky130_fd_sc_hd__and2_1)
    Layer: met4
      Partial area ratio:   47.67
      Required ratio:    0.00 (Gate area) 
      Partial area ratio:  258.03
      Required ratio: 2810.00 (Side area) 
      Cumulative area ratio:  141.64
      Required ratio:    0.00 (Cumulative area) 
      Cumulative area ratio:  758.90
      Required ratio:    0.00 (Cumulative side area) 

    Layer: met3
      Partial area ratio:   76.83
      Required ratio:    0.00 (Gate area) 
      Partial area ratio:  413.59
      Required ratio:  400.00 (Side area) (VIOLATED)
      Cumulative area ratio:   93.98
      Required ratio:    0.00 (Cumulative area) 
      Cumulative area ratio:  500.87
      Required ratio:    0.00 (Cumulative side area) 

    Layer: met2
      Partial area ratio:   15.46
      Required ratio:    0.00 (Gate area) 
      Partial area ratio:   78.06
      Required ratio:  400.00 (Side area) 
      Cumulative area ratio:   17.14
      Required ratio:    0.00 (Cumulative area) 
      Cumulative area ratio:   87.28
      Required ratio:    0.00 (Cumulative side area) 

    Layer: met1
      Partial area ratio:    1.69
      Required ratio:    0.00 (Gate area) 
      Partial area ratio:    9.22
      Required ratio:  400.00 (Side area) 
      Cumulative area ratio:    1.69
      Required ratio:    0.00 (Cumulative area) 
      Cumulative area ratio:    9.22
      Required ratio:    0.00 (Cumulative side area) 

    Layer: li1
      Partial area ratio:    0.00
      Required ratio:    0.00 (Gate area) 
      Partial area ratio:    0.00
      Required ratio:   75.00 (Side area) 
      Cumulative area ratio:    0.00
      Required ratio:    0.00 (Cumulative area) 
      Cumulative area ratio:    0.00
      Required ratio:    0.00 (Cumulative side area) 

    Via: M3M4_PR
      Partial area ratio:    0.32
      Required ratio:    6.00 (Gate area) 
      Cumulative area ratio:    1.04
      Required ratio:    0.00 (Cumulative area) 

    Via: M2M3_PR
      Partial area ratio:    0.32
      Required ratio:    6.00 (Gate area) 
      Cumulative area ratio:    0.73
      Required ratio:    0.00 (Cumulative area) 

    Via: M1M2_PR
      Partial area ratio:    0.18
      Required ratio:    6.00 (Gate area) 
      Cumulative area ratio:    0.41
      Required ratio:    0.00 (Cumulative area) 

    Via: L1M1_PR_MR
      Partial area ratio:    0.23
      Required ratio:    3.00 (Gate area) 
      Cumulative area ratio:    0.23
      Required ratio:    0.00 (Cumulative area) 


[INFO ANT-0002] Found 1 net violations.
[INFO ANT-0001] Found 1 pin violations.
