
===========================================================================
report_checks -path_delay max (Setup)
============================================================================
======================= Fastest Corner ===================================

Startpoint: in1[0] (input port clocked by __VIRTUAL_CLK__)
Endpoint: out1[7] (output port clocked by __VIRTUAL_CLK__)
Path Group: __VIRTUAL_CLK__
Path Type: max
Corner: Fastest

Fanout     Cap    Slew   Delay    Time   Description
-----------------------------------------------------------------------------
                  0.00    0.00    0.00   clock __VIRTUAL_CLK__ (rise edge)
                          0.00    0.00   clock network delay (ideal)
                          2.00    2.00 v input external delay
     1    0.00    0.01    0.00    2.00 v in1[0] (in)
                                         in1[0] (net)
                  0.01    0.00    2.00 v input1/A (sky130_fd_sc_hd__buf_1)
     5    0.02    0.08    0.10    2.10 v input1/X (sky130_fd_sc_hd__buf_1)
                                         net1 (net)
                  0.08    0.00    2.11 v _13_/B (sky130_fd_sc_hd__or4_2)
     5    0.02    0.10    0.44    2.55 v _13_/X (sky130_fd_sc_hd__or4_2)
                                         _02_ (net)
                  0.10    0.00    2.55 v _20_/D (sky130_fd_sc_hd__or4_1)
     2    0.01    0.08    0.28    2.83 v _20_/X (sky130_fd_sc_hd__or4_1)
                                         _06_ (net)
                  0.08    0.00    2.83 v _24_/B (sky130_fd_sc_hd__xor2_1)
     1    0.01    0.13    0.15    2.98 ^ _24_/X (sky130_fd_sc_hd__xor2_1)
                                         net16 (net)
                  0.13    0.00    2.98 ^ output16/A (sky130_fd_sc_hd__clkbuf_4)
     1    0.03    0.09    0.16    3.14 ^ output16/X (sky130_fd_sc_hd__clkbuf_4)
                                         out1[7] (net)
                  0.09    0.00    3.14 ^ out1[7] (out)
                                  3.14   data arrival time

                  0.00   10.00   10.00   clock __VIRTUAL_CLK__ (rise edge)
                          0.00   10.00   clock network delay (ideal)
                         -0.25    9.75   clock uncertainty
                          0.00    9.75   clock reconvergence pessimism
                         -2.00    7.75   output external delay
                                  7.75   data required time
-----------------------------------------------------------------------------
                                  7.75   data required time
                                 -3.14   data arrival time
-----------------------------------------------------------------------------
                                  4.61   slack (MET)


Startpoint: in1[0] (input port clocked by __VIRTUAL_CLK__)
Endpoint: out1[6] (output port clocked by __VIRTUAL_CLK__)
Path Group: __VIRTUAL_CLK__
Path Type: max
Corner: Fastest

Fanout     Cap    Slew   Delay    Time   Description
-----------------------------------------------------------------------------
                  0.00    0.00    0.00   clock __VIRTUAL_CLK__ (rise edge)
                          0.00    0.00   clock network delay (ideal)
                          2.00    2.00 v input external delay
     1    0.00    0.01    0.00    2.00 v in1[0] (in)
                                         in1[0] (net)
                  0.01    0.00    2.00 v input1/A (sky130_fd_sc_hd__buf_1)
     5    0.02    0.08    0.10    2.10 v input1/X (sky130_fd_sc_hd__buf_1)
                                         net1 (net)
                  0.08    0.00    2.11 v _13_/B (sky130_fd_sc_hd__or4_2)
     5    0.02    0.10    0.44    2.55 v _13_/X (sky130_fd_sc_hd__or4_2)
                                         _02_ (net)
                  0.10    0.00    2.55 v _20_/D (sky130_fd_sc_hd__or4_1)
     2    0.01    0.08    0.28    2.83 v _20_/X (sky130_fd_sc_hd__or4_1)
                                         _06_ (net)
                  0.08    0.00    2.83 v _22_/A (sky130_fd_sc_hd__and2_1)
     1    0.00    0.03    0.11    2.94 v _22_/X (sky130_fd_sc_hd__and2_1)
                                         _08_ (net)
                  0.03    0.00    2.94 v _23_/A (sky130_fd_sc_hd__clkbuf_1)
     1    0.00    0.02    0.06    3.00 v _23_/X (sky130_fd_sc_hd__clkbuf_1)
                                         net15 (net)
                  0.02    0.00    3.00 v output15/A (sky130_fd_sc_hd__buf_2)
     1    0.03    0.06    0.12    3.12 v output15/X (sky130_fd_sc_hd__buf_2)
                                         out1[6] (net)
                  0.06    0.00    3.12 v out1[6] (out)
                                  3.12   data arrival time

                  0.00   10.00   10.00   clock __VIRTUAL_CLK__ (rise edge)
                          0.00   10.00   clock network delay (ideal)
                         -0.25    9.75   clock uncertainty
                          0.00    9.75   clock reconvergence pessimism
                         -2.00    7.75   output external delay
                                  7.75   data required time
-----------------------------------------------------------------------------
                                  7.75   data required time
                                 -3.12   data arrival time
-----------------------------------------------------------------------------
                                  4.63   slack (MET)


Startpoint: in1[0] (input port clocked by __VIRTUAL_CLK__)
Endpoint: out1[5] (output port clocked by __VIRTUAL_CLK__)
Path Group: __VIRTUAL_CLK__
Path Type: max
Corner: Fastest

Fanout     Cap    Slew   Delay    Time   Description
-----------------------------------------------------------------------------
                  0.00    0.00    0.00   clock __VIRTUAL_CLK__ (rise edge)
                          0.00    0.00   clock network delay (ideal)
                          2.00    2.00 v input external delay
     1    0.00    0.01    0.00    2.00 v in1[0] (in)
                                         in1[0] (net)
                  0.01    0.00    2.00 v input1/A (sky130_fd_sc_hd__buf_1)
     5    0.02    0.08    0.10    2.10 v input1/X (sky130_fd_sc_hd__buf_1)
                                         net1 (net)
                  0.08    0.00    2.11 v _13_/B (sky130_fd_sc_hd__or4_2)
     5    0.02    0.10    0.44    2.55 v _13_/X (sky130_fd_sc_hd__or4_2)
                                         _02_ (net)
                  0.10    0.00    2.55 v _16_/B (sky130_fd_sc_hd__nor2_1)
     2    0.01    0.16    0.17    2.71 ^ _16_/Y (sky130_fd_sc_hd__nor2_1)
                                         _04_ (net)
                  0.16    0.00    2.72 ^ _19_/B (sky130_fd_sc_hd__xnor2_1)
     1    0.01    0.12    0.10    2.81 ^ _19_/Y (sky130_fd_sc_hd__xnor2_1)
                                         net14 (net)
                  0.12    0.00    2.81 ^ output14/A (sky130_fd_sc_hd__buf_2)
     1    0.03    0.13    0.17    2.98 ^ output14/X (sky130_fd_sc_hd__buf_2)
                                         out1[5] (net)
                  0.13    0.00    2.98 ^ out1[5] (out)
                                  2.98   data arrival time

                  0.00   10.00   10.00   clock __VIRTUAL_CLK__ (rise edge)
                          0.00   10.00   clock network delay (ideal)
                         -0.25    9.75   clock uncertainty
                          0.00    9.75   clock reconvergence pessimism
                         -2.00    7.75   output external delay
                                  7.75   data required time
-----------------------------------------------------------------------------
                                  7.75   data required time
                                 -2.98   data arrival time
-----------------------------------------------------------------------------
                                  4.77   slack (MET)


Startpoint: in1[0] (input port clocked by __VIRTUAL_CLK__)
Endpoint: out1[4] (output port clocked by __VIRTUAL_CLK__)
Path Group: __VIRTUAL_CLK__
Path Type: max
Corner: Fastest

Fanout     Cap    Slew   Delay    Time   Description
-----------------------------------------------------------------------------
                  0.00    0.00    0.00   clock __VIRTUAL_CLK__ (rise edge)
                          0.00    0.00   clock network delay (ideal)
                          2.00    2.00 v input external delay
     1    0.00    0.01    0.00    2.00 v in1[0] (in)
                                         in1[0] (net)
                  0.01    0.00    2.00 v input1/A (sky130_fd_sc_hd__buf_1)
     5    0.02    0.08    0.10    2.10 v input1/X (sky130_fd_sc_hd__buf_1)
                                         net1 (net)
                  0.08    0.00    2.11 v _13_/B (sky130_fd_sc_hd__or4_2)
     5    0.02    0.10    0.44    2.55 v _13_/X (sky130_fd_sc_hd__or4_2)
                                         _02_ (net)
                  0.10    0.00    2.55 v _17_/B (sky130_fd_sc_hd__and2_1)
     1    0.00    0.03    0.13    2.68 v _17_/X (sky130_fd_sc_hd__and2_1)
                                         _05_ (net)
                  0.03    0.00    2.68 v _18_/B (sky130_fd_sc_hd__nor2_1)
     1    0.00    0.06    0.06    2.74 ^ _18_/Y (sky130_fd_sc_hd__nor2_1)
                                         net13 (net)
                  0.06    0.00    2.74 ^ output13/A (sky130_fd_sc_hd__buf_2)
     1    0.03    0.13    0.15    2.89 ^ output13/X (sky130_fd_sc_hd__buf_2)
                                         out1[4] (net)
                  0.13    0.00    2.89 ^ out1[4] (out)
                                  2.89   data arrival time

                  0.00   10.00   10.00   clock __VIRTUAL_CLK__ (rise edge)
                          0.00   10.00   clock network delay (ideal)
                         -0.25    9.75   clock uncertainty
                          0.00    9.75   clock reconvergence pessimism
                         -2.00    7.75   output external delay
                                  7.75   data required time
-----------------------------------------------------------------------------
                                  7.75   data required time
                                 -2.89   data arrival time
-----------------------------------------------------------------------------
                                  4.86   slack (MET)


Startpoint: in1[0] (input port clocked by __VIRTUAL_CLK__)
Endpoint: out1[3] (output port clocked by __VIRTUAL_CLK__)
Path Group: __VIRTUAL_CLK__
Path Type: max
Corner: Fastest

Fanout     Cap    Slew   Delay    Time   Description
-----------------------------------------------------------------------------
                  0.00    0.00    0.00   clock __VIRTUAL_CLK__ (rise edge)
                          0.00    0.00   clock network delay (ideal)
                          2.00    2.00 v input external delay
     1    0.00    0.01    0.00    2.00 v in1[0] (in)
                                         in1[0] (net)
                  0.01    0.00    2.00 v input1/A (sky130_fd_sc_hd__buf_1)
     5    0.02    0.08    0.10    2.10 v input1/X (sky130_fd_sc_hd__buf_1)
                                         net1 (net)
                  0.08    0.00    2.11 v _13_/B (sky130_fd_sc_hd__or4_2)
     5    0.02    0.10    0.44    2.55 v _13_/X (sky130_fd_sc_hd__or4_2)
                                         _02_ (net)
                  0.10    0.00    2.55 v _14_/B (sky130_fd_sc_hd__and2b_1)
     1    0.00    0.03    0.13    2.68 v _14_/X (sky130_fd_sc_hd__and2b_1)
                                         _03_ (net)
                  0.03    0.00    2.68 v _15_/A (sky130_fd_sc_hd__clkbuf_1)
     1    0.00    0.02    0.06    2.74 v _15_/X (sky130_fd_sc_hd__clkbuf_1)
                                         net12 (net)
                  0.02    0.00    2.74 v output12/A (sky130_fd_sc_hd__buf_2)
     1    0.03    0.06    0.12    2.86 v output12/X (sky130_fd_sc_hd__buf_2)
                                         out1[3] (net)
                  0.06    0.00    2.86 v out1[3] (out)
                                  2.86   data arrival time

                  0.00   10.00   10.00   clock __VIRTUAL_CLK__ (rise edge)
                          0.00   10.00   clock network delay (ideal)
                         -0.25    9.75   clock uncertainty
                          0.00    9.75   clock reconvergence pessimism
                         -2.00    7.75   output external delay
                                  7.75   data required time
-----------------------------------------------------------------------------
                                  7.75   data required time
                                 -2.86   data arrival time
-----------------------------------------------------------------------------
                                  4.89   slack (MET)


Startpoint: in1[0] (input port clocked by __VIRTUAL_CLK__)
Endpoint: out1[2] (output port clocked by __VIRTUAL_CLK__)
Path Group: __VIRTUAL_CLK__
Path Type: max
Corner: Fastest

Fanout     Cap    Slew   Delay    Time   Description
-----------------------------------------------------------------------------
                  0.00    0.00    0.00   clock __VIRTUAL_CLK__ (rise edge)
                          0.00    0.00   clock network delay (ideal)
                          2.00    2.00 ^ input external delay
     1    0.00    0.02    0.01    2.01 ^ in1[0] (in)
                                         in1[0] (net)
                  0.02    0.00    2.01 ^ input1/A (sky130_fd_sc_hd__buf_1)
     5    0.02    0.19    0.16    2.17 ^ input1/X (sky130_fd_sc_hd__buf_1)
                                         net1 (net)
                  0.19    0.00    2.17 ^ _10_/B (sky130_fd_sc_hd__nor2_1)
     2    0.01    0.06    0.06    2.23 v _10_/Y (sky130_fd_sc_hd__nor2_1)
                                         _00_ (net)
                  0.06    0.00    2.23 v _11_/B (sky130_fd_sc_hd__xnor2_1)
     1    0.01    0.13    0.14    2.37 ^ _11_/Y (sky130_fd_sc_hd__xnor2_1)
                                         net11 (net)
                  0.13    0.00    2.37 ^ output11/A (sky130_fd_sc_hd__buf_2)
     1    0.03    0.13    0.17    2.54 ^ output11/X (sky130_fd_sc_hd__buf_2)
                                         out1[2] (net)
                  0.13    0.00    2.54 ^ out1[2] (out)
                                  2.54   data arrival time

                  0.00   10.00   10.00   clock __VIRTUAL_CLK__ (rise edge)
                          0.00   10.00   clock network delay (ideal)
                         -0.25    9.75   clock uncertainty
                          0.00    9.75   clock reconvergence pessimism
                         -2.00    7.75   output external delay
                                  7.75   data required time
-----------------------------------------------------------------------------
                                  7.75   data required time
                                 -2.54   data arrival time
-----------------------------------------------------------------------------
                                  5.21   slack (MET)


Startpoint: in1[0] (input port clocked by __VIRTUAL_CLK__)
Endpoint: out1[1] (output port clocked by __VIRTUAL_CLK__)
Path Group: __VIRTUAL_CLK__
Path Type: max
Corner: Fastest

Fanout     Cap    Slew   Delay    Time   Description
-----------------------------------------------------------------------------
                  0.00    0.00    0.00   clock __VIRTUAL_CLK__ (rise edge)
                          0.00    0.00   clock network delay (ideal)
                          2.00    2.00 ^ input external delay
     1    0.00    0.02    0.01    2.01 ^ in1[0] (in)
                                         in1[0] (net)
                  0.02    0.00    2.01 ^ input1/A (sky130_fd_sc_hd__buf_1)
     5    0.02    0.19    0.16    2.17 ^ input1/X (sky130_fd_sc_hd__buf_1)
                                         net1 (net)
                  0.19    0.00    2.17 ^ _10_/B (sky130_fd_sc_hd__nor2_1)
     2    0.01    0.06    0.06    2.23 v _10_/Y (sky130_fd_sc_hd__nor2_1)
                                         _00_ (net)
                  0.06    0.00    2.23 v _26_/A (sky130_fd_sc_hd__nor2_1)
     1    0.01    0.09    0.11    2.34 ^ _26_/Y (sky130_fd_sc_hd__nor2_1)
                                         net10 (net)
                  0.09    0.00    2.34 ^ output10/A (sky130_fd_sc_hd__buf_2)
     1    0.03    0.13    0.16    2.50 ^ output10/X (sky130_fd_sc_hd__buf_2)
                                         out1[1] (net)
                  0.13    0.00    2.50 ^ out1[1] (out)
                                  2.50   data arrival time

                  0.00   10.00   10.00   clock __VIRTUAL_CLK__ (rise edge)
                          0.00   10.00   clock network delay (ideal)
                         -0.25    9.75   clock uncertainty
                          0.00    9.75   clock reconvergence pessimism
                         -2.00    7.75   output external delay
                                  7.75   data required time
-----------------------------------------------------------------------------
                                  7.75   data required time
                                 -2.50   data arrival time
-----------------------------------------------------------------------------
                                  5.25   slack (MET)


Startpoint: in1[0] (input port clocked by __VIRTUAL_CLK__)
Endpoint: out1[0] (output port clocked by __VIRTUAL_CLK__)
Path Group: __VIRTUAL_CLK__
Path Type: max
Corner: Fastest

Fanout     Cap    Slew   Delay    Time   Description
-----------------------------------------------------------------------------
                  0.00    0.00    0.00   clock __VIRTUAL_CLK__ (rise edge)
                          0.00    0.00   clock network delay (ideal)
                          2.00    2.00 ^ input external delay
     1    0.00    0.02    0.01    2.01 ^ in1[0] (in)
                                         in1[0] (net)
                  0.02    0.00    2.01 ^ input1/A (sky130_fd_sc_hd__buf_1)
     5    0.02    0.19    0.16    2.17 ^ input1/X (sky130_fd_sc_hd__buf_1)
                                         net1 (net)
                  0.19    0.00    2.17 ^ _27_/A (sky130_fd_sc_hd__clkbuf_1)
     1    0.00    0.03    0.06    2.23 ^ _27_/X (sky130_fd_sc_hd__clkbuf_1)
                                         net9 (net)
                  0.03    0.00    2.24 ^ output9/A (sky130_fd_sc_hd__buf_2)
     1    0.03    0.13    0.14    2.38 ^ output9/X (sky130_fd_sc_hd__buf_2)
                                         out1[0] (net)
                  0.13    0.00    2.38 ^ out1[0] (out)
                                  2.38   data arrival time

                  0.00   10.00   10.00   clock __VIRTUAL_CLK__ (rise edge)
                          0.00   10.00   clock network delay (ideal)
                         -0.25    9.75   clock uncertainty
                          0.00    9.75   clock reconvergence pessimism
                         -2.00    7.75   output external delay
                                  7.75   data required time
-----------------------------------------------------------------------------
                                  7.75   data required time
                                 -2.38   data arrival time
-----------------------------------------------------------------------------
                                  5.37   slack (MET)



worst slack corner Fastest: 4.6083
======================= Slowest Corner ===================================

Startpoint: in1[0] (input port clocked by __VIRTUAL_CLK__)
Endpoint: out1[6] (output port clocked by __VIRTUAL_CLK__)
Path Group: __VIRTUAL_CLK__
Path Type: max
Corner: Slowest

Fanout     Cap    Slew   Delay    Time   Description
-----------------------------------------------------------------------------
                  0.00    0.00    0.00   clock __VIRTUAL_CLK__ (rise edge)
                          0.00    0.00   clock network delay (ideal)
                          2.00    2.00 v input external delay
     1    0.00    0.02    0.01    2.01 v in1[0] (in)
                                         in1[0] (net)
                  0.02    0.00    2.01 v input1/A (sky130_fd_sc_hd__buf_1)
     5    0.02    0.23    0.29    2.30 v input1/X (sky130_fd_sc_hd__buf_1)
                                         net1 (net)
                  0.23    0.00    2.30 v _13_/B (sky130_fd_sc_hd__or4_2)
     5    0.02    0.31    1.83    4.13 v _13_/X (sky130_fd_sc_hd__or4_2)
                                         _02_ (net)
                  0.31    0.00    4.13 v _20_/D (sky130_fd_sc_hd__or4_1)
     2    0.01    0.24    1.19    5.32 v _20_/X (sky130_fd_sc_hd__or4_1)
                                         _06_ (net)
                  0.24    0.00    5.32 v _22_/A (sky130_fd_sc_hd__and2_1)
     1    0.00    0.07    0.38    5.70 v _22_/X (sky130_fd_sc_hd__and2_1)
                                         _08_ (net)
                  0.07    0.00    5.70 v _23_/A (sky130_fd_sc_hd__clkbuf_1)
     1    0.00    0.07    0.18    5.89 v _23_/X (sky130_fd_sc_hd__clkbuf_1)
                                         net15 (net)
                  0.07    0.00    5.89 v output15/A (sky130_fd_sc_hd__buf_2)
     1    0.03    0.17    0.36    6.25 v output15/X (sky130_fd_sc_hd__buf_2)
                                         out1[6] (net)
                  0.17    0.00    6.25 v out1[6] (out)
                                  6.25   data arrival time

                  0.00   10.00   10.00   clock __VIRTUAL_CLK__ (rise edge)
                          0.00   10.00   clock network delay (ideal)
                         -0.25    9.75   clock uncertainty
                          0.00    9.75   clock reconvergence pessimism
                         -2.00    7.75   output external delay
                                  7.75   data required time
-----------------------------------------------------------------------------
                                  7.75   data required time
                                 -6.25   data arrival time
-----------------------------------------------------------------------------
                                  1.50   slack (MET)


Startpoint: in1[0] (input port clocked by __VIRTUAL_CLK__)
Endpoint: out1[7] (output port clocked by __VIRTUAL_CLK__)
Path Group: __VIRTUAL_CLK__
Path Type: max
Corner: Slowest

Fanout     Cap    Slew   Delay    Time   Description
-----------------------------------------------------------------------------
                  0.00    0.00    0.00   clock __VIRTUAL_CLK__ (rise edge)
                          0.00    0.00   clock network delay (ideal)
                          2.00    2.00 v input external delay
     1    0.00    0.02    0.01    2.01 v in1[0] (in)
                                         in1[0] (net)
                  0.02    0.00    2.01 v input1/A (sky130_fd_sc_hd__buf_1)
     5    0.02    0.23    0.29    2.30 v input1/X (sky130_fd_sc_hd__buf_1)
                                         net1 (net)
                  0.23    0.00    2.30 v _13_/B (sky130_fd_sc_hd__or4_2)
     5    0.02    0.31    1.83    4.13 v _13_/X (sky130_fd_sc_hd__or4_2)
                                         _02_ (net)
                  0.31    0.00    4.13 v _20_/D (sky130_fd_sc_hd__or4_1)
     2    0.01    0.24    1.19    5.32 v _20_/X (sky130_fd_sc_hd__or4_1)
                                         _06_ (net)
                  0.24    0.00    5.32 v _24_/B (sky130_fd_sc_hd__xor2_1)
     1    0.01    0.30    0.39    5.71 ^ _24_/X (sky130_fd_sc_hd__xor2_1)
                                         net16 (net)
                  0.30    0.00    5.72 ^ output16/A (sky130_fd_sc_hd__clkbuf_4)
     1    0.03    0.18    0.46    6.17 ^ output16/X (sky130_fd_sc_hd__clkbuf_4)
                                         out1[7] (net)
                  0.18    0.00    6.17 ^ out1[7] (out)
                                  6.17   data arrival time

                  0.00   10.00   10.00   clock __VIRTUAL_CLK__ (rise edge)
                          0.00   10.00   clock network delay (ideal)
                         -0.25    9.75   clock uncertainty
                          0.00    9.75   clock reconvergence pessimism
                         -2.00    7.75   output external delay
                                  7.75   data required time
-----------------------------------------------------------------------------
                                  7.75   data required time
                                 -6.17   data arrival time
-----------------------------------------------------------------------------
                                  1.58   slack (MET)


Startpoint: in1[0] (input port clocked by __VIRTUAL_CLK__)
Endpoint: out1[5] (output port clocked by __VIRTUAL_CLK__)
Path Group: __VIRTUAL_CLK__
Path Type: max
Corner: Slowest

Fanout     Cap    Slew   Delay    Time   Description
-----------------------------------------------------------------------------
                  0.00    0.00    0.00   clock __VIRTUAL_CLK__ (rise edge)
                          0.00    0.00   clock network delay (ideal)
                          2.00    2.00 v input external delay
     1    0.00    0.02    0.01    2.01 v in1[0] (in)
                                         in1[0] (net)
                  0.02    0.00    2.01 v input1/A (sky130_fd_sc_hd__buf_1)
     5    0.02    0.23    0.29    2.30 v input1/X (sky130_fd_sc_hd__buf_1)
                                         net1 (net)
                  0.23    0.00    2.30 v _13_/B (sky130_fd_sc_hd__or4_2)
     5    0.02    0.31    1.83    4.13 v _13_/X (sky130_fd_sc_hd__or4_2)
                                         _02_ (net)
                  0.31    0.00    4.13 v _16_/B (sky130_fd_sc_hd__nor2_1)
     2    0.01    0.38    0.45    4.58 ^ _16_/Y (sky130_fd_sc_hd__nor2_1)
                                         _04_ (net)
                  0.38    0.00    4.58 ^ _19_/B (sky130_fd_sc_hd__xnor2_1)
     1    0.01    0.27    0.35    4.93 ^ _19_/Y (sky130_fd_sc_hd__xnor2_1)
                                         net14 (net)
                  0.27    0.00    4.93 ^ output14/A (sky130_fd_sc_hd__buf_2)
     1    0.03    0.27    0.45    5.38 ^ output14/X (sky130_fd_sc_hd__buf_2)
                                         out1[5] (net)
                  0.27    0.00    5.39 ^ out1[5] (out)
                                  5.39   data arrival time

                  0.00   10.00   10.00   clock __VIRTUAL_CLK__ (rise edge)
                          0.00   10.00   clock network delay (ideal)
                         -0.25    9.75   clock uncertainty
                          0.00    9.75   clock reconvergence pessimism
                         -2.00    7.75   output external delay
                                  7.75   data required time
-----------------------------------------------------------------------------
                                  7.75   data required time
                                 -5.39   data arrival time
-----------------------------------------------------------------------------
                                  2.36   slack (MET)


Startpoint: in1[0] (input port clocked by __VIRTUAL_CLK__)
Endpoint: out1[4] (output port clocked by __VIRTUAL_CLK__)
Path Group: __VIRTUAL_CLK__
Path Type: max
Corner: Slowest

Fanout     Cap    Slew   Delay    Time   Description
-----------------------------------------------------------------------------
                  0.00    0.00    0.00   clock __VIRTUAL_CLK__ (rise edge)
                          0.00    0.00   clock network delay (ideal)
                          2.00    2.00 v input external delay
     1    0.00    0.02    0.01    2.01 v in1[0] (in)
                                         in1[0] (net)
                  0.02    0.00    2.01 v input1/A (sky130_fd_sc_hd__buf_1)
     5    0.02    0.23    0.29    2.30 v input1/X (sky130_fd_sc_hd__buf_1)
                                         net1 (net)
                  0.23    0.00    2.30 v _13_/B (sky130_fd_sc_hd__or4_2)
     5    0.02    0.31    1.83    4.13 v _13_/X (sky130_fd_sc_hd__or4_2)
                                         _02_ (net)
                  0.31    0.00    4.13 v _16_/B (sky130_fd_sc_hd__nor2_1)
     2    0.01    0.38    0.45    4.58 ^ _16_/Y (sky130_fd_sc_hd__nor2_1)
                                         _04_ (net)
                  0.38    0.00    4.58 ^ _18_/A (sky130_fd_sc_hd__nor2_1)
     1    0.00    0.09    0.20    4.78 v _18_/Y (sky130_fd_sc_hd__nor2_1)
                                         net13 (net)
                  0.09    0.00    4.78 v output13/A (sky130_fd_sc_hd__buf_2)
     1    0.03    0.16    0.37    5.15 v output13/X (sky130_fd_sc_hd__buf_2)
                                         out1[4] (net)
                  0.16    0.00    5.15 v out1[4] (out)
                                  5.15   data arrival time

                  0.00   10.00   10.00   clock __VIRTUAL_CLK__ (rise edge)
                          0.00   10.00   clock network delay (ideal)
                         -0.25    9.75   clock uncertainty
                          0.00    9.75   clock reconvergence pessimism
                         -2.00    7.75   output external delay
                                  7.75   data required time
-----------------------------------------------------------------------------
                                  7.75   data required time
                                 -5.15   data arrival time
-----------------------------------------------------------------------------
                                  2.60   slack (MET)


Startpoint: in1[0] (input port clocked by __VIRTUAL_CLK__)
Endpoint: out1[3] (output port clocked by __VIRTUAL_CLK__)
Path Group: __VIRTUAL_CLK__
Path Type: max
Corner: Slowest

Fanout     Cap    Slew   Delay    Time   Description
-----------------------------------------------------------------------------
                  0.00    0.00    0.00   clock __VIRTUAL_CLK__ (rise edge)
                          0.00    0.00   clock network delay (ideal)
                          2.00    2.00 v input external delay
     1    0.00    0.02    0.01    2.01 v in1[0] (in)
                                         in1[0] (net)
                  0.02    0.00    2.01 v input1/A (sky130_fd_sc_hd__buf_1)
     5    0.02    0.23    0.29    2.30 v input1/X (sky130_fd_sc_hd__buf_1)
                                         net1 (net)
                  0.23    0.00    2.30 v _13_/B (sky130_fd_sc_hd__or4_2)
     5    0.02    0.31    1.83    4.13 v _13_/X (sky130_fd_sc_hd__or4_2)
                                         _02_ (net)
                  0.31    0.00    4.13 v _14_/B (sky130_fd_sc_hd__and2b_1)
     1    0.00    0.07    0.47    4.60 v _14_/X (sky130_fd_sc_hd__and2b_1)
                                         _03_ (net)
                  0.07    0.00    4.60 v _15_/A (sky130_fd_sc_hd__clkbuf_1)
     1    0.00    0.05    0.17    4.77 v _15_/X (sky130_fd_sc_hd__clkbuf_1)
                                         net12 (net)
                  0.05    0.00    4.77 v output12/A (sky130_fd_sc_hd__buf_2)
     1    0.03    0.17    0.35    5.13 v output12/X (sky130_fd_sc_hd__buf_2)
                                         out1[3] (net)
                  0.17    0.00    5.13 v out1[3] (out)
                                  5.13   data arrival time

                  0.00   10.00   10.00   clock __VIRTUAL_CLK__ (rise edge)
                          0.00   10.00   clock network delay (ideal)
                         -0.25    9.75   clock uncertainty
                          0.00    9.75   clock reconvergence pessimism
                         -2.00    7.75   output external delay
                                  7.75   data required time
-----------------------------------------------------------------------------
                                  7.75   data required time
                                 -5.13   data arrival time
-----------------------------------------------------------------------------
                                  2.62   slack (MET)


Startpoint: in1[0] (input port clocked by __VIRTUAL_CLK__)
Endpoint: out1[2] (output port clocked by __VIRTUAL_CLK__)
Path Group: __VIRTUAL_CLK__
Path Type: max
Corner: Slowest

Fanout     Cap    Slew   Delay    Time   Description
-----------------------------------------------------------------------------
                  0.00    0.00    0.00   clock __VIRTUAL_CLK__ (rise edge)
                          0.00    0.00   clock network delay (ideal)
                          2.00    2.00 ^ input external delay
     1    0.00    0.04    0.02    2.02 ^ in1[0] (in)
                                         in1[0] (net)
                  0.04    0.00    2.02 ^ input1/A (sky130_fd_sc_hd__buf_1)
     5    0.02    0.39    0.38    2.40 ^ input1/X (sky130_fd_sc_hd__buf_1)
                                         net1 (net)
                  0.39    0.00    2.40 ^ _10_/B (sky130_fd_sc_hd__nor2_1)
     2    0.01    0.13    0.25    2.66 v _10_/Y (sky130_fd_sc_hd__nor2_1)
                                         _00_ (net)
                  0.13    0.00    2.66 v _11_/B (sky130_fd_sc_hd__xnor2_1)
     1    0.01    0.30    0.34    3.00 ^ _11_/Y (sky130_fd_sc_hd__xnor2_1)
                                         net11 (net)
                  0.30    0.00    3.00 ^ output11/A (sky130_fd_sc_hd__buf_2)
     1    0.03    0.27    0.46    3.46 ^ output11/X (sky130_fd_sc_hd__buf_2)
                                         out1[2] (net)
                  0.27    0.00    3.46 ^ out1[2] (out)
                                  3.46   data arrival time

                  0.00   10.00   10.00   clock __VIRTUAL_CLK__ (rise edge)
                          0.00   10.00   clock network delay (ideal)
                         -0.25    9.75   clock uncertainty
                          0.00    9.75   clock reconvergence pessimism
                         -2.00    7.75   output external delay
                                  7.75   data required time
-----------------------------------------------------------------------------
                                  7.75   data required time
                                 -3.46   data arrival time
-----------------------------------------------------------------------------
                                  4.29   slack (MET)


Startpoint: in1[0] (input port clocked by __VIRTUAL_CLK__)
Endpoint: out1[1] (output port clocked by __VIRTUAL_CLK__)
Path Group: __VIRTUAL_CLK__
Path Type: max
Corner: Slowest

Fanout     Cap    Slew   Delay    Time   Description
-----------------------------------------------------------------------------
                  0.00    0.00    0.00   clock __VIRTUAL_CLK__ (rise edge)
                          0.00    0.00   clock network delay (ideal)
                          2.00    2.00 v input external delay
     1    0.00    0.02    0.01    2.01 v in1[0] (in)
                                         in1[0] (net)
                  0.02    0.00    2.01 v input1/A (sky130_fd_sc_hd__buf_1)
     5    0.02    0.23    0.29    2.30 v input1/X (sky130_fd_sc_hd__buf_1)
                                         net1 (net)
                  0.23    0.00    2.30 v _25_/B (sky130_fd_sc_hd__and2_1)
     1    0.01    0.10    0.44    2.75 v _25_/X (sky130_fd_sc_hd__and2_1)
                                         _09_ (net)
                  0.10    0.00    2.75 v _26_/B (sky130_fd_sc_hd__nor2_1)
     1    0.01    0.22    0.23    2.98 ^ _26_/Y (sky130_fd_sc_hd__nor2_1)
                                         net10 (net)
                  0.22    0.00    2.98 ^ output10/A (sky130_fd_sc_hd__buf_2)
     1    0.03    0.27    0.43    3.41 ^ output10/X (sky130_fd_sc_hd__buf_2)
                                         out1[1] (net)
                  0.27    0.00    3.41 ^ out1[1] (out)
                                  3.41   data arrival time

                  0.00   10.00   10.00   clock __VIRTUAL_CLK__ (rise edge)
                          0.00   10.00   clock network delay (ideal)
                         -0.25    9.75   clock uncertainty
                          0.00    9.75   clock reconvergence pessimism
                         -2.00    7.75   output external delay
                                  7.75   data required time
-----------------------------------------------------------------------------
                                  7.75   data required time
                                 -3.41   data arrival time
-----------------------------------------------------------------------------
                                  4.34   slack (MET)


Startpoint: in1[0] (input port clocked by __VIRTUAL_CLK__)
Endpoint: out1[0] (output port clocked by __VIRTUAL_CLK__)
Path Group: __VIRTUAL_CLK__
Path Type: max
Corner: Slowest

Fanout     Cap    Slew   Delay    Time   Description
-----------------------------------------------------------------------------
                  0.00    0.00    0.00   clock __VIRTUAL_CLK__ (rise edge)
                          0.00    0.00   clock network delay (ideal)
                          2.00    2.00 ^ input external delay
     1    0.00    0.04    0.02    2.02 ^ in1[0] (in)
                                         in1[0] (net)
                  0.04    0.00    2.02 ^ input1/A (sky130_fd_sc_hd__buf_1)
     5    0.02    0.39    0.38    2.40 ^ input1/X (sky130_fd_sc_hd__buf_1)
                                         net1 (net)
                  0.39    0.00    2.40 ^ _27_/A (sky130_fd_sc_hd__clkbuf_1)
     1    0.00    0.07    0.27    2.67 ^ _27_/X (sky130_fd_sc_hd__clkbuf_1)
                                         net9 (net)
                  0.07    0.00    2.67 ^ output9/A (sky130_fd_sc_hd__buf_2)
     1    0.03    0.28    0.36    3.03 ^ output9/X (sky130_fd_sc_hd__buf_2)
                                         out1[0] (net)
                  0.28    0.00    3.04 ^ out1[0] (out)
                                  3.04   data arrival time

                  0.00   10.00   10.00   clock __VIRTUAL_CLK__ (rise edge)
                          0.00   10.00   clock network delay (ideal)
                         -0.25    9.75   clock uncertainty
                          0.00    9.75   clock reconvergence pessimism
                         -2.00    7.75   output external delay
                                  7.75   data required time
-----------------------------------------------------------------------------
                                  7.75   data required time
                                 -3.04   data arrival time
-----------------------------------------------------------------------------
                                  4.71   slack (MET)



worst slack corner Slowest: 1.5033
======================= Typical Corner ===================================

Startpoint: in1[0] (input port clocked by __VIRTUAL_CLK__)
Endpoint: out1[7] (output port clocked by __VIRTUAL_CLK__)
Path Group: __VIRTUAL_CLK__
Path Type: max
Corner: Typical

Fanout     Cap    Slew   Delay    Time   Description
-----------------------------------------------------------------------------
                  0.00    0.00    0.00   clock __VIRTUAL_CLK__ (rise edge)
                          0.00    0.00   clock network delay (ideal)
                          2.00    2.00 v input external delay
     1    0.00    0.01    0.01    2.01 v in1[0] (in)
                                         in1[0] (net)
                  0.01    0.00    2.01 v input1/A (sky130_fd_sc_hd__buf_1)
     5    0.02    0.12    0.15    2.16 v input1/X (sky130_fd_sc_hd__buf_1)
                                         net1 (net)
                  0.12    0.00    2.16 v _13_/B (sky130_fd_sc_hd__or4_2)
     5    0.02    0.15    0.77    2.93 v _13_/X (sky130_fd_sc_hd__or4_2)
                                         _02_ (net)
                  0.15    0.00    2.93 v _20_/D (sky130_fd_sc_hd__or4_1)
     2    0.01    0.12    0.50    3.43 v _20_/X (sky130_fd_sc_hd__or4_1)
                                         _06_ (net)
                  0.12    0.00    3.43 v _24_/B (sky130_fd_sc_hd__xor2_1)
     1    0.01    0.19    0.22    3.65 ^ _24_/X (sky130_fd_sc_hd__xor2_1)
                                         net16 (net)
                  0.19    0.00    3.65 ^ output16/A (sky130_fd_sc_hd__clkbuf_4)
     1    0.03    0.11    0.25    3.90 ^ output16/X (sky130_fd_sc_hd__clkbuf_4)
                                         out1[7] (net)
                  0.11    0.00    3.90 ^ out1[7] (out)
                                  3.90   data arrival time

                  0.00   10.00   10.00   clock __VIRTUAL_CLK__ (rise edge)
                          0.00   10.00   clock network delay (ideal)
                         -0.25    9.75   clock uncertainty
                          0.00    9.75   clock reconvergence pessimism
                         -2.00    7.75   output external delay
                                  7.75   data required time
-----------------------------------------------------------------------------
                                  7.75   data required time
                                 -3.90   data arrival time
-----------------------------------------------------------------------------
                                  3.85   slack (MET)


Startpoint: in1[0] (input port clocked by __VIRTUAL_CLK__)
Endpoint: out1[6] (output port clocked by __VIRTUAL_CLK__)
Path Group: __VIRTUAL_CLK__
Path Type: max
Corner: Typical

Fanout     Cap    Slew   Delay    Time   Description
-----------------------------------------------------------------------------
                  0.00    0.00    0.00   clock __VIRTUAL_CLK__ (rise edge)
                          0.00    0.00   clock network delay (ideal)
                          2.00    2.00 v input external delay
     1    0.00    0.01    0.01    2.01 v in1[0] (in)
                                         in1[0] (net)
                  0.01    0.00    2.01 v input1/A (sky130_fd_sc_hd__buf_1)
     5    0.02    0.12    0.15    2.16 v input1/X (sky130_fd_sc_hd__buf_1)
                                         net1 (net)
                  0.12    0.00    2.16 v _13_/B (sky130_fd_sc_hd__or4_2)
     5    0.02    0.15    0.77    2.93 v _13_/X (sky130_fd_sc_hd__or4_2)
                                         _02_ (net)
                  0.15    0.00    2.93 v _20_/D (sky130_fd_sc_hd__or4_1)
     2    0.01    0.12    0.50    3.43 v _20_/X (sky130_fd_sc_hd__or4_1)
                                         _06_ (net)
                  0.12    0.00    3.43 v _22_/A (sky130_fd_sc_hd__and2_1)
     1    0.00    0.04    0.18    3.61 v _22_/X (sky130_fd_sc_hd__and2_1)
                                         _08_ (net)
                  0.04    0.00    3.61 v _23_/A (sky130_fd_sc_hd__clkbuf_1)
     1    0.00    0.03    0.10    3.70 v _23_/X (sky130_fd_sc_hd__clkbuf_1)
                                         net15 (net)
                  0.03    0.00    3.70 v output15/A (sky130_fd_sc_hd__buf_2)
     1    0.03    0.09    0.18    3.89 v output15/X (sky130_fd_sc_hd__buf_2)
                                         out1[6] (net)
                  0.09    0.00    3.89 v out1[6] (out)
                                  3.89   data arrival time

                  0.00   10.00   10.00   clock __VIRTUAL_CLK__ (rise edge)
                          0.00   10.00   clock network delay (ideal)
                         -0.25    9.75   clock uncertainty
                          0.00    9.75   clock reconvergence pessimism
                         -2.00    7.75   output external delay
                                  7.75   data required time
-----------------------------------------------------------------------------
                                  7.75   data required time
                                 -3.89   data arrival time
-----------------------------------------------------------------------------
                                  3.86   slack (MET)


Startpoint: in1[0] (input port clocked by __VIRTUAL_CLK__)
Endpoint: out1[5] (output port clocked by __VIRTUAL_CLK__)
Path Group: __VIRTUAL_CLK__
Path Type: max
Corner: Typical

Fanout     Cap    Slew   Delay    Time   Description
-----------------------------------------------------------------------------
                  0.00    0.00    0.00   clock __VIRTUAL_CLK__ (rise edge)
                          0.00    0.00   clock network delay (ideal)
                          2.00    2.00 v input external delay
     1    0.00    0.01    0.01    2.01 v in1[0] (in)
                                         in1[0] (net)
                  0.01    0.00    2.01 v input1/A (sky130_fd_sc_hd__buf_1)
     5    0.02    0.12    0.15    2.16 v input1/X (sky130_fd_sc_hd__buf_1)
                                         net1 (net)
                  0.12    0.00    2.16 v _13_/B (sky130_fd_sc_hd__or4_2)
     5    0.02    0.15    0.77    2.93 v _13_/X (sky130_fd_sc_hd__or4_2)
                                         _02_ (net)
                  0.15    0.00    2.93 v _16_/B (sky130_fd_sc_hd__nor2_1)
     2    0.01    0.23    0.25    3.18 ^ _16_/Y (sky130_fd_sc_hd__nor2_1)
                                         _04_ (net)
                  0.23    0.00    3.18 ^ _19_/B (sky130_fd_sc_hd__xnor2_1)
     1    0.01    0.17    0.18    3.36 ^ _19_/Y (sky130_fd_sc_hd__xnor2_1)
                                         net14 (net)
                  0.17    0.00    3.36 ^ output14/A (sky130_fd_sc_hd__buf_2)
     1    0.03    0.17    0.25    3.61 ^ output14/X (sky130_fd_sc_hd__buf_2)
                                         out1[5] (net)
                  0.17    0.00    3.61 ^ out1[5] (out)
                                  3.61   data arrival time

                  0.00   10.00   10.00   clock __VIRTUAL_CLK__ (rise edge)
                          0.00   10.00   clock network delay (ideal)
                         -0.25    9.75   clock uncertainty
                          0.00    9.75   clock reconvergence pessimism
                         -2.00    7.75   output external delay
                                  7.75   data required time
-----------------------------------------------------------------------------
                                  7.75   data required time
                                 -3.61   data arrival time
-----------------------------------------------------------------------------
                                  4.14   slack (MET)


Startpoint: in1[0] (input port clocked by __VIRTUAL_CLK__)
Endpoint: out1[4] (output port clocked by __VIRTUAL_CLK__)
Path Group: __VIRTUAL_CLK__
Path Type: max
Corner: Typical

Fanout     Cap    Slew   Delay    Time   Description
-----------------------------------------------------------------------------
                  0.00    0.00    0.00   clock __VIRTUAL_CLK__ (rise edge)
                          0.00    0.00   clock network delay (ideal)
                          2.00    2.00 v input external delay
     1    0.00    0.01    0.01    2.01 v in1[0] (in)
                                         in1[0] (net)
                  0.01    0.00    2.01 v input1/A (sky130_fd_sc_hd__buf_1)
     5    0.02    0.12    0.15    2.16 v input1/X (sky130_fd_sc_hd__buf_1)
                                         net1 (net)
                  0.12    0.00    2.16 v _13_/B (sky130_fd_sc_hd__or4_2)
     5    0.02    0.15    0.77    2.93 v _13_/X (sky130_fd_sc_hd__or4_2)
                                         _02_ (net)
                  0.15    0.00    2.93 v _16_/B (sky130_fd_sc_hd__nor2_1)
     2    0.01    0.23    0.25    3.18 ^ _16_/Y (sky130_fd_sc_hd__nor2_1)
                                         _04_ (net)
                  0.23    0.00    3.18 ^ _18_/A (sky130_fd_sc_hd__nor2_1)
     1    0.00    0.06    0.08    3.26 v _18_/Y (sky130_fd_sc_hd__nor2_1)
                                         net13 (net)
                  0.06    0.00    3.26 v output13/A (sky130_fd_sc_hd__buf_2)
     1    0.03    0.09    0.19    3.46 v output13/X (sky130_fd_sc_hd__buf_2)
                                         out1[4] (net)
                  0.09    0.00    3.46 v out1[4] (out)
                                  3.46   data arrival time

                  0.00   10.00   10.00   clock __VIRTUAL_CLK__ (rise edge)
                          0.00   10.00   clock network delay (ideal)
                         -0.25    9.75   clock uncertainty
                          0.00    9.75   clock reconvergence pessimism
                         -2.00    7.75   output external delay
                                  7.75   data required time
-----------------------------------------------------------------------------
                                  7.75   data required time
                                 -3.46   data arrival time
-----------------------------------------------------------------------------
                                  4.29   slack (MET)


Startpoint: in1[0] (input port clocked by __VIRTUAL_CLK__)
Endpoint: out1[3] (output port clocked by __VIRTUAL_CLK__)
Path Group: __VIRTUAL_CLK__
Path Type: max
Corner: Typical

Fanout     Cap    Slew   Delay    Time   Description
-----------------------------------------------------------------------------
                  0.00    0.00    0.00   clock __VIRTUAL_CLK__ (rise edge)
                          0.00    0.00   clock network delay (ideal)
                          2.00    2.00 v input external delay
     1    0.00    0.01    0.01    2.01 v in1[0] (in)
                                         in1[0] (net)
                  0.01    0.00    2.01 v input1/A (sky130_fd_sc_hd__buf_1)
     5    0.02    0.12    0.15    2.16 v input1/X (sky130_fd_sc_hd__buf_1)
                                         net1 (net)
                  0.12    0.00    2.16 v _13_/B (sky130_fd_sc_hd__or4_2)
     5    0.02    0.15    0.77    2.93 v _13_/X (sky130_fd_sc_hd__or4_2)
                                         _02_ (net)
                  0.15    0.00    2.93 v _14_/B (sky130_fd_sc_hd__and2b_1)
     1    0.00    0.04    0.21    3.15 v _14_/X (sky130_fd_sc_hd__and2b_1)
                                         _03_ (net)
                  0.04    0.00    3.15 v _15_/A (sky130_fd_sc_hd__clkbuf_1)
     1    0.00    0.03    0.09    3.24 v _15_/X (sky130_fd_sc_hd__clkbuf_1)
                                         net12 (net)
                  0.03    0.00    3.24 v output12/A (sky130_fd_sc_hd__buf_2)
     1    0.03    0.09    0.18    3.42 v output12/X (sky130_fd_sc_hd__buf_2)
                                         out1[3] (net)
                  0.09    0.00    3.42 v out1[3] (out)
                                  3.42   data arrival time

                  0.00   10.00   10.00   clock __VIRTUAL_CLK__ (rise edge)
                          0.00   10.00   clock network delay (ideal)
                         -0.25    9.75   clock uncertainty
                          0.00    9.75   clock reconvergence pessimism
                         -2.00    7.75   output external delay
                                  7.75   data required time
-----------------------------------------------------------------------------
                                  7.75   data required time
                                 -3.42   data arrival time
-----------------------------------------------------------------------------
                                  4.33   slack (MET)


Startpoint: in1[0] (input port clocked by __VIRTUAL_CLK__)
Endpoint: out1[2] (output port clocked by __VIRTUAL_CLK__)
Path Group: __VIRTUAL_CLK__
Path Type: max
Corner: Typical

Fanout     Cap    Slew   Delay    Time   Description
-----------------------------------------------------------------------------
                  0.00    0.00    0.00   clock __VIRTUAL_CLK__ (rise edge)
                          0.00    0.00   clock network delay (ideal)
                          2.00    2.00 ^ input external delay
     1    0.00    0.02    0.01    2.01 ^ in1[0] (in)
                                         in1[0] (net)
                  0.02    0.00    2.01 ^ input1/A (sky130_fd_sc_hd__buf_1)
     5    0.02    0.25    0.22    2.24 ^ input1/X (sky130_fd_sc_hd__buf_1)
                                         net1 (net)
                  0.25    0.00    2.24 ^ _10_/B (sky130_fd_sc_hd__nor2_1)
     2    0.01    0.08    0.12    2.35 v _10_/Y (sky130_fd_sc_hd__nor2_1)
                                         _00_ (net)
                  0.08    0.00    2.36 v _11_/B (sky130_fd_sc_hd__xnor2_1)
     1    0.01    0.18    0.20    2.56 ^ _11_/Y (sky130_fd_sc_hd__xnor2_1)
                                         net11 (net)
                  0.18    0.00    2.56 ^ output11/A (sky130_fd_sc_hd__buf_2)
     1    0.03    0.17    0.25    2.81 ^ output11/X (sky130_fd_sc_hd__buf_2)
                                         out1[2] (net)
                  0.17    0.00    2.82 ^ out1[2] (out)
                                  2.82   data arrival time

                  0.00   10.00   10.00   clock __VIRTUAL_CLK__ (rise edge)
                          0.00   10.00   clock network delay (ideal)
                         -0.25    9.75   clock uncertainty
                          0.00    9.75   clock reconvergence pessimism
                         -2.00    7.75   output external delay
                                  7.75   data required time
-----------------------------------------------------------------------------
                                  7.75   data required time
                                 -2.82   data arrival time
-----------------------------------------------------------------------------
                                  4.93   slack (MET)


Startpoint: in1[0] (input port clocked by __VIRTUAL_CLK__)
Endpoint: out1[1] (output port clocked by __VIRTUAL_CLK__)
Path Group: __VIRTUAL_CLK__
Path Type: max
Corner: Typical

Fanout     Cap    Slew   Delay    Time   Description
-----------------------------------------------------------------------------
                  0.00    0.00    0.00   clock __VIRTUAL_CLK__ (rise edge)
                          0.00    0.00   clock network delay (ideal)
                          2.00    2.00 ^ input external delay
     1    0.00    0.02    0.01    2.01 ^ in1[0] (in)
                                         in1[0] (net)
                  0.02    0.00    2.01 ^ input1/A (sky130_fd_sc_hd__buf_1)
     5    0.02    0.25    0.22    2.24 ^ input1/X (sky130_fd_sc_hd__buf_1)
                                         net1 (net)
                  0.25    0.00    2.24 ^ _10_/B (sky130_fd_sc_hd__nor2_1)
     2    0.01    0.08    0.12    2.35 v _10_/Y (sky130_fd_sc_hd__nor2_1)
                                         _00_ (net)
                  0.08    0.00    2.36 v _26_/A (sky130_fd_sc_hd__nor2_1)
     1    0.01    0.13    0.16    2.51 ^ _26_/Y (sky130_fd_sc_hd__nor2_1)
                                         net10 (net)
                  0.13    0.00    2.51 ^ output10/A (sky130_fd_sc_hd__buf_2)
     1    0.03    0.17    0.24    2.75 ^ output10/X (sky130_fd_sc_hd__buf_2)
                                         out1[1] (net)
                  0.17    0.00    2.75 ^ out1[1] (out)
                                  2.75   data arrival time

                  0.00   10.00   10.00   clock __VIRTUAL_CLK__ (rise edge)
                          0.00   10.00   clock network delay (ideal)
                         -0.25    9.75   clock uncertainty
                          0.00    9.75   clock reconvergence pessimism
                         -2.00    7.75   output external delay
                                  7.75   data required time
-----------------------------------------------------------------------------
                                  7.75   data required time
                                 -2.75   data arrival time
-----------------------------------------------------------------------------
                                  5.00   slack (MET)


Startpoint: in1[0] (input port clocked by __VIRTUAL_CLK__)
Endpoint: out1[0] (output port clocked by __VIRTUAL_CLK__)
Path Group: __VIRTUAL_CLK__
Path Type: max
Corner: Typical

Fanout     Cap    Slew   Delay    Time   Description
-----------------------------------------------------------------------------
                  0.00    0.00    0.00   clock __VIRTUAL_CLK__ (rise edge)
                          0.00    0.00   clock network delay (ideal)
                          2.00    2.00 ^ input external delay
     1    0.00    0.02    0.01    2.01 ^ in1[0] (in)
                                         in1[0] (net)
                  0.02    0.00    2.01 ^ input1/A (sky130_fd_sc_hd__buf_1)
     5    0.02    0.25    0.22    2.24 ^ input1/X (sky130_fd_sc_hd__buf_1)
                                         net1 (net)
                  0.25    0.00    2.24 ^ _27_/A (sky130_fd_sc_hd__clkbuf_1)
     1    0.00    0.04    0.12    2.36 ^ _27_/X (sky130_fd_sc_hd__clkbuf_1)
                                         net9 (net)
                  0.04    0.00    2.36 ^ output9/A (sky130_fd_sc_hd__buf_2)
     1    0.03    0.17    0.21    2.57 ^ output9/X (sky130_fd_sc_hd__buf_2)
                                         out1[0] (net)
                  0.17    0.00    2.57 ^ out1[0] (out)
                                  2.57   data arrival time

                  0.00   10.00   10.00   clock __VIRTUAL_CLK__ (rise edge)
                          0.00   10.00   clock network delay (ideal)
                         -0.25    9.75   clock uncertainty
                          0.00    9.75   clock reconvergence pessimism
                         -2.00    7.75   output external delay
                                  7.75   data required time
-----------------------------------------------------------------------------
                                  7.75   data required time
                                 -2.57   data arrival time
-----------------------------------------------------------------------------
                                  5.18   slack (MET)



worst slack corner Typical: 3.8485
