
63. Printing statistics.

=== counter ===

   Number of wires:                217
   Number of wire bits:            223
   Number of public wires:          35
   Number of public wire bits:      41
   Number of memories:               0
   Number of memory bits:            0
   Number of processes:              0
   Number of cells:                221
     sky130_fd_sc_hd__a21boi_2       1
     sky130_fd_sc_hd__a21o_2         4
     sky130_fd_sc_hd__a21oi_2        2
     sky130_fd_sc_hd__a31o_2         8
     sky130_fd_sc_hd__a41o_2         1
     sky130_fd_sc_hd__and2_2        10
     sky130_fd_sc_hd__and2b_2        2
     sky130_fd_sc_hd__and3_2        27
     sky130_fd_sc_hd__and3b_2        4
     sky130_fd_sc_hd__and4_2         7
     sky130_fd_sc_hd__and4bb_2       1
     sky130_fd_sc_hd__buf_1         31
     sky130_fd_sc_hd__buf_2          1
     sky130_fd_sc_hd__dfrtp_2       32
     sky130_fd_sc_hd__inv_2         38
     sky130_fd_sc_hd__nand2_2       14
     sky130_fd_sc_hd__nand3_2        3
     sky130_fd_sc_hd__nand4_2        1
     sky130_fd_sc_hd__nor2_2         6
     sky130_fd_sc_hd__nor3b_2        1
     sky130_fd_sc_hd__nor4_2         1
     sky130_fd_sc_hd__o211a_2        2
     sky130_fd_sc_hd__o21a_2         1
     sky130_fd_sc_hd__o21ai_2        2
     sky130_fd_sc_hd__o221a_2        2
     sky130_fd_sc_hd__o2bb2a_2       1
     sky130_fd_sc_hd__o311a_2        1
     sky130_fd_sc_hd__o31ai_2        1
     sky130_fd_sc_hd__or2_2         10
     sky130_fd_sc_hd__or2b_2         1
     sky130_fd_sc_hd__or3_2          1
     sky130_fd_sc_hd__or4_2          2
     sky130_fd_sc_hd__xnor2_2        1
     sky130_fd_sc_hd__xor2_2         1

   Chip area for module '\counter': 2093.257600

