
===========================================================================
report_checks -path_delay min (Hold)
============================================================================
======================= Typical Corner ===================================

Startpoint: _374_ (rising edge-triggered flip-flop clocked by core_clock)
Endpoint: _374_ (rising edge-triggered flip-flop clocked by core_clock)
Path Group: core_clock
Path Type: min

Fanout     Cap    Slew   Delay    Time   Description
-----------------------------------------------------------------------------
                  0.00    0.00    0.00   clock core_clock (rise edge)
                          0.00    0.00   clock network delay (ideal)
                  0.00    0.00    0.00 ^ _374_/CLK (sky130_fd_sc_hd__dfrtp_2)
     4    0.02    0.10    0.37    0.37 ^ _374_/Q (sky130_fd_sc_hd__dfrtp_2)
                                         count[4] (net)
                  0.10    0.00    0.37 ^ _199_/A (sky130_fd_sc_hd__xor2_2)
     1    0.00    0.03    0.07    0.44 v _199_/X (sky130_fd_sc_hd__xor2_2)
                                         _063_ (net)
                  0.03    0.00    0.44 v _374_/D (sky130_fd_sc_hd__dfrtp_2)
                                  0.44   data arrival time

                  0.00    0.00    0.00   clock core_clock (rise edge)
                          0.00    0.00   clock network delay (ideal)
                          0.00    0.00   clock reconvergence pessimism
                                  0.00 ^ _374_/CLK (sky130_fd_sc_hd__dfrtp_2)
                         -0.05   -0.05   library hold time
                                 -0.05   data required time
-----------------------------------------------------------------------------
                                 -0.05   data required time
                                 -0.44   data arrival time
-----------------------------------------------------------------------------
                                  0.49   slack (MET)


Startpoint: _401_ (rising edge-triggered flip-flop clocked by core_clock)
Endpoint: _401_ (rising edge-triggered flip-flop clocked by core_clock)
Path Group: core_clock
Path Type: min

Fanout     Cap    Slew   Delay    Time   Description
-----------------------------------------------------------------------------
                  0.00    0.00    0.00   clock core_clock (rise edge)
                          0.00    0.00   clock network delay (ideal)
                  0.00    0.00    0.00 ^ _401_/CLK (sky130_fd_sc_hd__dfrtp_2)
     3    0.01    0.06    0.34    0.34 ^ _401_/Q (sky130_fd_sc_hd__dfrtp_2)
                                         one_second_counter[26] (net)
                  0.06    0.00    0.34 ^ _324_/A1 (sky130_fd_sc_hd__o21a_2)
     1    0.00    0.03    0.12    0.46 ^ _324_/X (sky130_fd_sc_hd__o21a_2)
                                         _018_ (net)
                  0.03    0.00    0.46 ^ _401_/D (sky130_fd_sc_hd__dfrtp_2)
                                  0.46   data arrival time

                  0.00    0.00    0.00   clock core_clock (rise edge)
                          0.00    0.00   clock network delay (ideal)
                          0.00    0.00   clock reconvergence pessimism
                                  0.00 ^ _401_/CLK (sky130_fd_sc_hd__dfrtp_2)
                         -0.04   -0.04   library hold time
                                 -0.04   data required time
-----------------------------------------------------------------------------
                                 -0.04   data required time
                                 -0.46   data arrival time
-----------------------------------------------------------------------------
                                  0.50   slack (MET)


Startpoint: _373_ (rising edge-triggered flip-flop clocked by core_clock)
Endpoint: _373_ (rising edge-triggered flip-flop clocked by core_clock)
Path Group: core_clock
Path Type: min

Fanout     Cap    Slew   Delay    Time   Description
-----------------------------------------------------------------------------
                  0.00    0.00    0.00   clock core_clock (rise edge)
                          0.00    0.00   clock network delay (ideal)
                  0.00    0.00    0.00 ^ _373_/CLK (sky130_fd_sc_hd__dfrtp_2)
     5    0.01    0.09    0.36    0.36 ^ _373_/Q (sky130_fd_sc_hd__dfrtp_2)
                                         count[3] (net)
                  0.09    0.00    0.36 ^ _200_/B1 (sky130_fd_sc_hd__a21oi_2)
     1    0.00    0.03    0.04    0.40 v _200_/Y (sky130_fd_sc_hd__a21oi_2)
                                         _081_ (net)
                  0.03    0.00    0.40 v _201_/B (sky130_fd_sc_hd__nor2_2)
     1    0.00    0.05    0.06    0.46 ^ _201_/Y (sky130_fd_sc_hd__nor2_2)
                                         _062_ (net)
                  0.05    0.00    0.46 ^ _373_/D (sky130_fd_sc_hd__dfrtp_2)
                                  0.46   data arrival time

                  0.00    0.00    0.00   clock core_clock (rise edge)
                          0.00    0.00   clock network delay (ideal)
                          0.00    0.00   clock reconvergence pessimism
                                  0.00 ^ _373_/CLK (sky130_fd_sc_hd__dfrtp_2)
                         -0.04   -0.04   library hold time
                                 -0.04   data required time
-----------------------------------------------------------------------------
                                 -0.04   data required time
                                 -0.46   data arrival time
-----------------------------------------------------------------------------
                                  0.51   slack (MET)


Startpoint: _370_ (rising edge-triggered flip-flop clocked by core_clock)
Endpoint: _370_ (rising edge-triggered flip-flop clocked by core_clock)
Path Group: core_clock
Path Type: min

Fanout     Cap    Slew   Delay    Time   Description
-----------------------------------------------------------------------------
                  0.00    0.00    0.00   clock core_clock (rise edge)
                          0.00    0.00   clock network delay (ideal)
                  0.00    0.00    0.00 ^ _370_/CLK (sky130_fd_sc_hd__dfrtp_2)
     8    0.03    0.14    0.40    0.40 ^ _370_/Q (sky130_fd_sc_hd__dfrtp_2)
                                         count[0] (net)
                  0.14    0.00    0.40 ^ _210_/A1 (sky130_fd_sc_hd__a21boi_2)
     1    0.00    0.04    0.06    0.46 v _210_/Y (sky130_fd_sc_hd__a21boi_2)
                                         _059_ (net)
                  0.04    0.00    0.46 v _370_/D (sky130_fd_sc_hd__dfrtp_2)
                                  0.46   data arrival time

                  0.00    0.00    0.00   clock core_clock (rise edge)
                          0.00    0.00   clock network delay (ideal)
                          0.00    0.00   clock reconvergence pessimism
                                  0.00 ^ _370_/CLK (sky130_fd_sc_hd__dfrtp_2)
                         -0.05   -0.05   library hold time
                                 -0.05   data required time
-----------------------------------------------------------------------------
                                 -0.05   data required time
                                 -0.46   data arrival time
-----------------------------------------------------------------------------
                                  0.51   slack (MET)


Startpoint: _399_ (rising edge-triggered flip-flop clocked by core_clock)
Endpoint: _399_ (rising edge-triggered flip-flop clocked by core_clock)
Path Group: core_clock
Path Type: min

Fanout     Cap    Slew   Delay    Time   Description
-----------------------------------------------------------------------------
                  0.00    0.00    0.00   clock core_clock (rise edge)
                          0.00    0.00   clock network delay (ideal)
                  0.00    0.00    0.00 ^ _399_/CLK (sky130_fd_sc_hd__dfrtp_2)
     2    0.00    0.05    0.32    0.32 ^ _399_/Q (sky130_fd_sc_hd__dfrtp_2)
                                         one_second_counter[24] (net)
                  0.05    0.00    0.32 ^ _317_/B2 (sky130_fd_sc_hd__o221a_2)
     1    0.00    0.04    0.16    0.48 ^ _317_/X (sky130_fd_sc_hd__o221a_2)
                                         _016_ (net)
                  0.04    0.00    0.48 ^ _399_/D (sky130_fd_sc_hd__dfrtp_2)
                                  0.48   data arrival time

                  0.00    0.00    0.00   clock core_clock (rise edge)
                          0.00    0.00   clock network delay (ideal)
                          0.00    0.00   clock reconvergence pessimism
                                  0.00 ^ _399_/CLK (sky130_fd_sc_hd__dfrtp_2)
                         -0.04   -0.04   library hold time
                                 -0.04   data required time
-----------------------------------------------------------------------------
                                 -0.04   data required time
                                 -0.48   data arrival time
-----------------------------------------------------------------------------
                                  0.52   slack (MET)


Startpoint: _390_ (rising edge-triggered flip-flop clocked by core_clock)
Endpoint: _390_ (rising edge-triggered flip-flop clocked by core_clock)
Path Group: core_clock
Path Type: min

Fanout     Cap    Slew   Delay    Time   Description
-----------------------------------------------------------------------------
                  0.00    0.00    0.00   clock core_clock (rise edge)
                          0.00    0.00   clock network delay (ideal)
                  0.00    0.00    0.00 ^ _390_/CLK (sky130_fd_sc_hd__dfrtp_2)
     3    0.01    0.05    0.33    0.33 ^ _390_/Q (sky130_fd_sc_hd__dfrtp_2)
                                         one_second_counter[15] (net)
                  0.05    0.00    0.33 ^ _281_/A1 (sky130_fd_sc_hd__o211a_2)
     1    0.00    0.04    0.16    0.49 ^ _281_/X (sky130_fd_sc_hd__o211a_2)
                                         _006_ (net)
                  0.04    0.00    0.49 ^ _390_/D (sky130_fd_sc_hd__dfrtp_2)
                                  0.49   data arrival time

                  0.00    0.00    0.00   clock core_clock (rise edge)
                          0.00    0.00   clock network delay (ideal)
                          0.00    0.00   clock reconvergence pessimism
                                  0.00 ^ _390_/CLK (sky130_fd_sc_hd__dfrtp_2)
                         -0.04   -0.04   library hold time
                                 -0.04   data required time
-----------------------------------------------------------------------------
                                 -0.04   data required time
                                 -0.49   data arrival time
-----------------------------------------------------------------------------
                                  0.53   slack (MET)


Startpoint: _371_ (rising edge-triggered flip-flop clocked by core_clock)
Endpoint: _371_ (rising edge-triggered flip-flop clocked by core_clock)
Path Group: core_clock
Path Type: min

Fanout     Cap    Slew   Delay    Time   Description
-----------------------------------------------------------------------------
                  0.00    0.00    0.00   clock core_clock (rise edge)
                          0.00    0.00   clock network delay (ideal)
                  0.00    0.00    0.00 ^ _371_/CLK (sky130_fd_sc_hd__dfrtp_2)
     7    0.02    0.12    0.39    0.39 ^ _371_/Q (sky130_fd_sc_hd__dfrtp_2)
                                         count[1] (net)
                  0.12    0.00    0.39 ^ _206_/B1 (sky130_fd_sc_hd__a21oi_2)
     1    0.00    0.04    0.04    0.43 v _206_/Y (sky130_fd_sc_hd__a21oi_2)
                                         _084_ (net)
                  0.04    0.00    0.43 v _207_/B (sky130_fd_sc_hd__nor2_2)
     1    0.00    0.05    0.06    0.49 ^ _207_/Y (sky130_fd_sc_hd__nor2_2)
                                         _060_ (net)
                  0.05    0.00    0.49 ^ _371_/D (sky130_fd_sc_hd__dfrtp_2)
                                  0.49   data arrival time

                  0.00    0.00    0.00   clock core_clock (rise edge)
                          0.00    0.00   clock network delay (ideal)
                          0.00    0.00   clock reconvergence pessimism
                                  0.00 ^ _371_/CLK (sky130_fd_sc_hd__dfrtp_2)
                         -0.04   -0.04   library hold time
                                 -0.04   data required time
-----------------------------------------------------------------------------
                                 -0.04   data required time
                                 -0.49   data arrival time
-----------------------------------------------------------------------------
                                  0.54   slack (MET)


Startpoint: _398_ (rising edge-triggered flip-flop clocked by core_clock)
Endpoint: _398_ (rising edge-triggered flip-flop clocked by core_clock)
Path Group: core_clock
Path Type: min

Fanout     Cap    Slew   Delay    Time   Description
-----------------------------------------------------------------------------
                  0.00    0.00    0.00   clock core_clock (rise edge)
                          0.00    0.00   clock network delay (ideal)
                  0.00    0.00    0.00 ^ _398_/CLK (sky130_fd_sc_hd__dfrtp_2)
     3    0.01    0.06    0.34    0.34 ^ _398_/Q (sky130_fd_sc_hd__dfrtp_2)
                                         one_second_counter[23] (net)
                  0.06    0.00    0.34 ^ _314_/B2 (sky130_fd_sc_hd__o221a_2)
     1    0.00    0.04    0.17    0.51 ^ _314_/X (sky130_fd_sc_hd__o221a_2)
                                         _015_ (net)
                  0.04    0.00    0.51 ^ _398_/D (sky130_fd_sc_hd__dfrtp_2)
                                  0.51   data arrival time

                  0.00    0.00    0.00   clock core_clock (rise edge)
                          0.00    0.00   clock network delay (ideal)
                          0.00    0.00   clock reconvergence pessimism
                                  0.00 ^ _398_/CLK (sky130_fd_sc_hd__dfrtp_2)
                         -0.04   -0.04   library hold time
                                 -0.04   data required time
-----------------------------------------------------------------------------
                                 -0.04   data required time
                                 -0.51   data arrival time
-----------------------------------------------------------------------------
                                  0.55   slack (MET)


Startpoint: _372_ (rising edge-triggered flip-flop clocked by core_clock)
Endpoint: _372_ (rising edge-triggered flip-flop clocked by core_clock)
Path Group: core_clock
Path Type: min

Fanout     Cap    Slew   Delay    Time   Description
-----------------------------------------------------------------------------
                  0.00    0.00    0.00   clock core_clock (rise edge)
                          0.00    0.00   clock network delay (ideal)
                  0.00    0.00    0.00 ^ _372_/CLK (sky130_fd_sc_hd__dfrtp_2)
     6    0.01    0.08    0.36    0.36 ^ _372_/Q (sky130_fd_sc_hd__dfrtp_2)
                                         count[2] (net)
                  0.08    0.00    0.36 ^ _204_/A (sky130_fd_sc_hd__and2_2)
     1    0.00    0.03    0.13    0.49 ^ _204_/X (sky130_fd_sc_hd__and2_2)
                                         _083_ (net)
                  0.03    0.00    0.49 ^ _205_/B2 (sky130_fd_sc_hd__o2bb2a_2)
     1    0.00    0.03    0.13    0.62 ^ _205_/X (sky130_fd_sc_hd__o2bb2a_2)
                                         _061_ (net)
                  0.03    0.00    0.62 ^ _372_/D (sky130_fd_sc_hd__dfrtp_2)
                                  0.62   data arrival time

                  0.00    0.00    0.00   clock core_clock (rise edge)
                          0.00    0.00   clock network delay (ideal)
                          0.00    0.00   clock reconvergence pessimism
                                  0.00 ^ _372_/CLK (sky130_fd_sc_hd__dfrtp_2)
                         -0.04   -0.04   library hold time
                                 -0.04   data required time
-----------------------------------------------------------------------------
                                 -0.04   data required time
                                 -0.62   data arrival time
-----------------------------------------------------------------------------
                                  0.66   slack (MET)


Startpoint: _396_ (rising edge-triggered flip-flop clocked by core_clock)
Endpoint: _396_ (rising edge-triggered flip-flop clocked by core_clock)
Path Group: core_clock
Path Type: min

Fanout     Cap    Slew   Delay    Time   Description
-----------------------------------------------------------------------------
                  0.00    0.00    0.00   clock core_clock (rise edge)
                          0.00    0.00   clock network delay (ideal)
                  0.00    0.00    0.00 ^ _396_/CLK (sky130_fd_sc_hd__dfrtp_2)
     2    0.00    0.05    0.32    0.32 ^ _396_/Q (sky130_fd_sc_hd__dfrtp_2)
                                         one_second_counter[21] (net)
                  0.05    0.00    0.32 ^ _303_/B1 (sky130_fd_sc_hd__a31o_2)
     1    0.00    0.03    0.08    0.40 ^ _303_/X (sky130_fd_sc_hd__a31o_2)
                                         _158_ (net)
                  0.03    0.00    0.40 ^ _305_/B (sky130_fd_sc_hd__and3_2)
     1    0.00    0.04    0.15    0.55 ^ _305_/X (sky130_fd_sc_hd__and3_2)
                                         _160_ (net)
                  0.04    0.00    0.55 ^ _306_/A (sky130_fd_sc_hd__buf_1)
     1    0.00    0.04    0.07    0.63 ^ _306_/X (sky130_fd_sc_hd__buf_1)
                                         _013_ (net)
                  0.04    0.00    0.63 ^ _396_/D (sky130_fd_sc_hd__dfrtp_2)
                                  0.63   data arrival time

                  0.00    0.00    0.00   clock core_clock (rise edge)
                          0.00    0.00   clock network delay (ideal)
                          0.00    0.00   clock reconvergence pessimism
                                  0.00 ^ _396_/CLK (sky130_fd_sc_hd__dfrtp_2)
                         -0.04   -0.04   library hold time
                                 -0.04   data required time
-----------------------------------------------------------------------------
                                 -0.04   data required time
                                 -0.63   data arrival time
-----------------------------------------------------------------------------
                                  0.66   slack (MET)


Startpoint: _382_ (rising edge-triggered flip-flop clocked by core_clock)
Endpoint: _382_ (rising edge-triggered flip-flop clocked by core_clock)
Path Group: core_clock
Path Type: min

Fanout     Cap    Slew   Delay    Time   Description
-----------------------------------------------------------------------------
                  0.00    0.00    0.00   clock core_clock (rise edge)
                          0.00    0.00   clock network delay (ideal)
                  0.00    0.00    0.00 ^ _382_/CLK (sky130_fd_sc_hd__dfrtp_2)
     2    0.00    0.05    0.32    0.32 ^ _382_/Q (sky130_fd_sc_hd__dfrtp_2)
                                         one_second_counter[7] (net)
                  0.05    0.00    0.32 ^ _241_/B1 (sky130_fd_sc_hd__a21o_2)
     1    0.00    0.02    0.07    0.40 ^ _241_/X (sky130_fd_sc_hd__a21o_2)
                                         _110_ (net)
                  0.02    0.00    0.40 ^ _242_/C (sky130_fd_sc_hd__and3b_2)
     1    0.00    0.04    0.16    0.56 ^ _242_/X (sky130_fd_sc_hd__and3b_2)
                                         _111_ (net)
                  0.04    0.00    0.56 ^ _243_/A (sky130_fd_sc_hd__buf_1)
     1    0.00    0.04    0.07    0.63 ^ _243_/X (sky130_fd_sc_hd__buf_1)
                                         _024_ (net)
                  0.04    0.00    0.63 ^ _382_/D (sky130_fd_sc_hd__dfrtp_2)
                                  0.63   data arrival time

                  0.00    0.00    0.00   clock core_clock (rise edge)
                          0.00    0.00   clock network delay (ideal)
                          0.00    0.00   clock reconvergence pessimism
                                  0.00 ^ _382_/CLK (sky130_fd_sc_hd__dfrtp_2)
                         -0.04   -0.04   library hold time
                                 -0.04   data required time
-----------------------------------------------------------------------------
                                 -0.04   data required time
                                 -0.63   data arrival time
-----------------------------------------------------------------------------
                                  0.67   slack (MET)


Startpoint: _386_ (rising edge-triggered flip-flop clocked by core_clock)
Endpoint: _386_ (rising edge-triggered flip-flop clocked by core_clock)
Path Group: core_clock
Path Type: min

Fanout     Cap    Slew   Delay    Time   Description
-----------------------------------------------------------------------------
                  0.00    0.00    0.00   clock core_clock (rise edge)
                          0.00    0.00   clock network delay (ideal)
                  0.00    0.00    0.00 ^ _386_/CLK (sky130_fd_sc_hd__dfrtp_2)
     3    0.00    0.05    0.33    0.33 ^ _386_/Q (sky130_fd_sc_hd__dfrtp_2)
                                         one_second_counter[11] (net)
                  0.05    0.00    0.33 ^ _257_/A (sky130_fd_sc_hd__or2b_2)
     1    0.00    0.02    0.09    0.42 ^ _257_/X (sky130_fd_sc_hd__or2b_2)
                                         _122_ (net)
                  0.02    0.00    0.42 ^ _261_/B (sky130_fd_sc_hd__and3_2)
     1    0.00    0.04    0.15    0.56 ^ _261_/X (sky130_fd_sc_hd__and3_2)
                                         _126_ (net)
                  0.04    0.00    0.56 ^ _262_/A (sky130_fd_sc_hd__buf_1)
     1    0.00    0.04    0.07    0.64 ^ _262_/X (sky130_fd_sc_hd__buf_1)
                                         _002_ (net)
                  0.04    0.00    0.64 ^ _386_/D (sky130_fd_sc_hd__dfrtp_2)
                                  0.64   data arrival time

                  0.00    0.00    0.00   clock core_clock (rise edge)
                          0.00    0.00   clock network delay (ideal)
                          0.00    0.00   clock reconvergence pessimism
                                  0.00 ^ _386_/CLK (sky130_fd_sc_hd__dfrtp_2)
                         -0.04   -0.04   library hold time
                                 -0.04   data required time
-----------------------------------------------------------------------------
                                 -0.04   data required time
                                 -0.64   data arrival time
-----------------------------------------------------------------------------
                                  0.68   slack (MET)


Startpoint: _393_ (rising edge-triggered flip-flop clocked by core_clock)
Endpoint: _393_ (rising edge-triggered flip-flop clocked by core_clock)
Path Group: core_clock
Path Type: min

Fanout     Cap    Slew   Delay    Time   Description
-----------------------------------------------------------------------------
                  0.00    0.00    0.00   clock core_clock (rise edge)
                          0.00    0.00   clock network delay (ideal)
                  0.00    0.00    0.00 ^ _393_/CLK (sky130_fd_sc_hd__dfrtp_2)
     3    0.01    0.05    0.33    0.33 ^ _393_/Q (sky130_fd_sc_hd__dfrtp_2)
                                         one_second_counter[18] (net)
                  0.05    0.00    0.33 ^ _291_/B1 (sky130_fd_sc_hd__a31o_2)
     1    0.00    0.03    0.08    0.41 ^ _291_/X (sky130_fd_sc_hd__a31o_2)
                                         _149_ (net)
                  0.03    0.00    0.41 ^ _293_/B (sky130_fd_sc_hd__and3_2)
     1    0.00    0.04    0.15    0.56 ^ _293_/X (sky130_fd_sc_hd__and3_2)
                                         _151_ (net)
                  0.04    0.00    0.56 ^ _294_/A (sky130_fd_sc_hd__buf_1)
     1    0.00    0.04    0.07    0.64 ^ _294_/X (sky130_fd_sc_hd__buf_1)
                                         _009_ (net)
                  0.04    0.00    0.64 ^ _393_/D (sky130_fd_sc_hd__dfrtp_2)
                                  0.64   data arrival time

                  0.00    0.00    0.00   clock core_clock (rise edge)
                          0.00    0.00   clock network delay (ideal)
                          0.00    0.00   clock reconvergence pessimism
                                  0.00 ^ _393_/CLK (sky130_fd_sc_hd__dfrtp_2)
                         -0.04   -0.04   library hold time
                                 -0.04   data required time
-----------------------------------------------------------------------------
                                 -0.04   data required time
                                 -0.64   data arrival time
-----------------------------------------------------------------------------
                                  0.68   slack (MET)


Startpoint: _380_ (rising edge-triggered flip-flop clocked by core_clock)
Endpoint: _380_ (rising edge-triggered flip-flop clocked by core_clock)
Path Group: core_clock
Path Type: min

Fanout     Cap    Slew   Delay    Time   Description
-----------------------------------------------------------------------------
                  0.00    0.00    0.00   clock core_clock (rise edge)
                          0.00    0.00   clock network delay (ideal)
                  0.00    0.00    0.00 ^ _380_/CLK (sky130_fd_sc_hd__dfrtp_2)
     3    0.01    0.05    0.33    0.33 ^ _380_/Q (sky130_fd_sc_hd__dfrtp_2)
                                         one_second_counter[5] (net)
                  0.05    0.00    0.33 ^ _234_/B1 (sky130_fd_sc_hd__a21o_2)
     1    0.00    0.02    0.08    0.40 ^ _234_/X (sky130_fd_sc_hd__a21o_2)
                                         _105_ (net)
                  0.02    0.00    0.40 ^ _235_/C (sky130_fd_sc_hd__and3b_2)
     1    0.00    0.04    0.16    0.56 ^ _235_/X (sky130_fd_sc_hd__and3b_2)
                                         _106_ (net)
                  0.04    0.00    0.56 ^ _236_/A (sky130_fd_sc_hd__buf_1)
     1    0.00    0.04    0.07    0.64 ^ _236_/X (sky130_fd_sc_hd__buf_1)
                                         _022_ (net)
                  0.04    0.00    0.64 ^ _380_/D (sky130_fd_sc_hd__dfrtp_2)
                                  0.64   data arrival time

                  0.00    0.00    0.00   clock core_clock (rise edge)
                          0.00    0.00   clock network delay (ideal)
                          0.00    0.00   clock reconvergence pessimism
                                  0.00 ^ _380_/CLK (sky130_fd_sc_hd__dfrtp_2)
                         -0.04   -0.04   library hold time
                                 -0.04   data required time
-----------------------------------------------------------------------------
                                 -0.04   data required time
                                 -0.64   data arrival time
-----------------------------------------------------------------------------
                                  0.68   slack (MET)


Startpoint: _378_ (rising edge-triggered flip-flop clocked by core_clock)
Endpoint: _378_ (rising edge-triggered flip-flop clocked by core_clock)
Path Group: core_clock
Path Type: min

Fanout     Cap    Slew   Delay    Time   Description
-----------------------------------------------------------------------------
                  0.00    0.00    0.00   clock core_clock (rise edge)
                          0.00    0.00   clock network delay (ideal)
                  0.00    0.00    0.00 ^ _378_/CLK (sky130_fd_sc_hd__dfrtp_2)
     2    0.00    0.05    0.32    0.32 ^ _378_/Q (sky130_fd_sc_hd__dfrtp_2)
                                         one_second_counter[3] (net)
                  0.05    0.00    0.32 ^ _226_/B1 (sky130_fd_sc_hd__a31o_2)
     1    0.00    0.03    0.08    0.40 ^ _226_/X (sky130_fd_sc_hd__a31o_2)
                                         _099_ (net)
                  0.03    0.00    0.40 ^ _227_/C (sky130_fd_sc_hd__and3b_2)
     1    0.00    0.04    0.16    0.56 ^ _227_/X (sky130_fd_sc_hd__and3b_2)
                                         _100_ (net)
                  0.04    0.00    0.56 ^ _228_/A (sky130_fd_sc_hd__buf_1)
     1    0.00    0.04    0.07    0.64 ^ _228_/X (sky130_fd_sc_hd__buf_1)
                                         _020_ (net)
                  0.04    0.00    0.64 ^ _378_/D (sky130_fd_sc_hd__dfrtp_2)
                                  0.64   data arrival time

                  0.00    0.00    0.00   clock core_clock (rise edge)
                          0.00    0.00   clock network delay (ideal)
                          0.00    0.00   clock reconvergence pessimism
                                  0.00 ^ _378_/CLK (sky130_fd_sc_hd__dfrtp_2)
                         -0.04   -0.04   library hold time
                                 -0.04   data required time
-----------------------------------------------------------------------------
                                 -0.04   data required time
                                 -0.64   data arrival time
-----------------------------------------------------------------------------
                                  0.68   slack (MET)


Startpoint: _381_ (rising edge-triggered flip-flop clocked by core_clock)
Endpoint: _381_ (rising edge-triggered flip-flop clocked by core_clock)
Path Group: core_clock
Path Type: min

Fanout     Cap    Slew   Delay    Time   Description
-----------------------------------------------------------------------------
                  0.00    0.00    0.00   clock core_clock (rise edge)
                          0.00    0.00   clock network delay (ideal)
                  0.00    0.00    0.00 ^ _381_/CLK (sky130_fd_sc_hd__dfrtp_2)
     4    0.01    0.07    0.35    0.35 ^ _381_/Q (sky130_fd_sc_hd__dfrtp_2)
                                         one_second_counter[6] (net)
                  0.07    0.00    0.35 ^ _237_/A (sky130_fd_sc_hd__nand2_2)
     1    0.00    0.02    0.04    0.39 v _237_/Y (sky130_fd_sc_hd__nand2_2)
                                         _107_ (net)
                  0.02    0.00    0.39 v _239_/B (sky130_fd_sc_hd__and3_2)
     1    0.00    0.03    0.17    0.56 v _239_/X (sky130_fd_sc_hd__and3_2)
                                         _109_ (net)
                  0.03    0.00    0.56 v _240_/A (sky130_fd_sc_hd__buf_1)
     1    0.00    0.02    0.08    0.64 v _240_/X (sky130_fd_sc_hd__buf_1)
                                         _023_ (net)
                  0.02    0.00    0.64 v _381_/D (sky130_fd_sc_hd__dfrtp_2)
                                  0.64   data arrival time

                  0.00    0.00    0.00   clock core_clock (rise edge)
                          0.00    0.00   clock network delay (ideal)
                          0.00    0.00   clock reconvergence pessimism
                                  0.00 ^ _381_/CLK (sky130_fd_sc_hd__dfrtp_2)
                         -0.04   -0.04   library hold time
                                 -0.04   data required time
-----------------------------------------------------------------------------
                                 -0.04   data required time
                                 -0.64   data arrival time
-----------------------------------------------------------------------------
                                  0.68   slack (MET)


Startpoint: _377_ (rising edge-triggered flip-flop clocked by core_clock)
Endpoint: _377_ (rising edge-triggered flip-flop clocked by core_clock)
Path Group: core_clock
Path Type: min

Fanout     Cap    Slew   Delay    Time   Description
-----------------------------------------------------------------------------
                  0.00    0.00    0.00   clock core_clock (rise edge)
                          0.00    0.00   clock network delay (ideal)
                  0.00    0.00    0.00 ^ _377_/CLK (sky130_fd_sc_hd__dfrtp_2)
     4    0.01    0.08    0.35    0.35 ^ _377_/Q (sky130_fd_sc_hd__dfrtp_2)
                                         one_second_counter[2] (net)
                  0.08    0.00    0.35 ^ _222_/A (sky130_fd_sc_hd__nand3_2)
     1    0.00    0.04    0.05    0.40 v _222_/Y (sky130_fd_sc_hd__nand3_2)
                                         _096_ (net)
                  0.04    0.00    0.40 v _224_/A (sky130_fd_sc_hd__and3_2)
     1    0.00    0.03    0.16    0.56 v _224_/X (sky130_fd_sc_hd__and3_2)
                                         _098_ (net)
                  0.03    0.00    0.56 v _225_/A (sky130_fd_sc_hd__buf_1)
     1    0.00    0.02    0.08    0.64 v _225_/X (sky130_fd_sc_hd__buf_1)
                                         _019_ (net)
                  0.02    0.00    0.64 v _377_/D (sky130_fd_sc_hd__dfrtp_2)
                                  0.64   data arrival time

                  0.00    0.00    0.00   clock core_clock (rise edge)
                          0.00    0.00   clock network delay (ideal)
                          0.00    0.00   clock reconvergence pessimism
                                  0.00 ^ _377_/CLK (sky130_fd_sc_hd__dfrtp_2)
                         -0.04   -0.04   library hold time
                                 -0.04   data required time
-----------------------------------------------------------------------------
                                 -0.04   data required time
                                 -0.64   data arrival time
-----------------------------------------------------------------------------
                                  0.68   slack (MET)


Startpoint: _389_ (rising edge-triggered flip-flop clocked by core_clock)
Endpoint: _389_ (rising edge-triggered flip-flop clocked by core_clock)
Path Group: core_clock
Path Type: min

Fanout     Cap    Slew   Delay    Time   Description
-----------------------------------------------------------------------------
                  0.00    0.00    0.00   clock core_clock (rise edge)
                          0.00    0.00   clock network delay (ideal)
                  0.00    0.00    0.00 ^ _389_/CLK (sky130_fd_sc_hd__dfrtp_2)
     4    0.01    0.06    0.34    0.34 ^ _389_/Q (sky130_fd_sc_hd__dfrtp_2)
                                         one_second_counter[14] (net)
                  0.06    0.00    0.34 ^ _274_/B1 (sky130_fd_sc_hd__a21o_2)
     1    0.00    0.02    0.08    0.41 ^ _274_/X (sky130_fd_sc_hd__a21o_2)
                                         _136_ (net)
                  0.02    0.00    0.41 ^ _275_/C (sky130_fd_sc_hd__and3_2)
     1    0.00    0.04    0.16    0.57 ^ _275_/X (sky130_fd_sc_hd__and3_2)
                                         _137_ (net)
                  0.04    0.00    0.57 ^ _276_/A (sky130_fd_sc_hd__buf_1)
     1    0.00    0.04    0.07    0.64 ^ _276_/X (sky130_fd_sc_hd__buf_1)
                                         _005_ (net)
                  0.04    0.00    0.64 ^ _389_/D (sky130_fd_sc_hd__dfrtp_2)
                                  0.64   data arrival time

                  0.00    0.00    0.00   clock core_clock (rise edge)
                          0.00    0.00   clock network delay (ideal)
                          0.00    0.00   clock reconvergence pessimism
                                  0.00 ^ _389_/CLK (sky130_fd_sc_hd__dfrtp_2)
                         -0.04   -0.04   library hold time
                                 -0.04   data required time
-----------------------------------------------------------------------------
                                 -0.04   data required time
                                 -0.64   data arrival time
-----------------------------------------------------------------------------
                                  0.68   slack (MET)


Startpoint: _379_ (rising edge-triggered flip-flop clocked by core_clock)
Endpoint: _379_ (rising edge-triggered flip-flop clocked by core_clock)
Path Group: core_clock
Path Type: min

Fanout     Cap    Slew   Delay    Time   Description
-----------------------------------------------------------------------------
                  0.00    0.00    0.00   clock core_clock (rise edge)
                          0.00    0.00   clock network delay (ideal)
                  0.00    0.00    0.00 ^ _379_/CLK (sky130_fd_sc_hd__dfrtp_2)
     5    0.01    0.08    0.35    0.35 ^ _379_/Q (sky130_fd_sc_hd__dfrtp_2)
                                         one_second_counter[4] (net)
                  0.08    0.00    0.35 ^ _229_/A (sky130_fd_sc_hd__nand2_2)
     1    0.00    0.03    0.04    0.39 v _229_/Y (sky130_fd_sc_hd__nand2_2)
                                         _101_ (net)
                  0.03    0.00    0.39 v _231_/B (sky130_fd_sc_hd__and3_2)
     1    0.00    0.03    0.17    0.57 v _231_/X (sky130_fd_sc_hd__and3_2)
                                         _103_ (net)
                  0.03    0.00    0.57 v _232_/A (sky130_fd_sc_hd__buf_1)
     1    0.00    0.02    0.08    0.65 v _232_/X (sky130_fd_sc_hd__buf_1)
                                         _021_ (net)
                  0.02    0.00    0.65 v _379_/D (sky130_fd_sc_hd__dfrtp_2)
                                  0.65   data arrival time

                  0.00    0.00    0.00   clock core_clock (rise edge)
                          0.00    0.00   clock network delay (ideal)
                          0.00    0.00   clock reconvergence pessimism
                                  0.00 ^ _379_/CLK (sky130_fd_sc_hd__dfrtp_2)
                         -0.04   -0.04   library hold time
                                 -0.04   data required time
-----------------------------------------------------------------------------
                                 -0.04   data required time
                                 -0.65   data arrival time
-----------------------------------------------------------------------------
                                  0.69   slack (MET)


Startpoint: _394_ (rising edge-triggered flip-flop clocked by core_clock)
Endpoint: _394_ (rising edge-triggered flip-flop clocked by core_clock)
Path Group: core_clock
Path Type: min

Fanout     Cap    Slew   Delay    Time   Description
-----------------------------------------------------------------------------
                  0.00    0.00    0.00   clock core_clock (rise edge)
                          0.00    0.00   clock network delay (ideal)
                  0.00    0.00    0.00 ^ _394_/CLK (sky130_fd_sc_hd__dfrtp_2)
     4    0.01    0.06    0.34    0.34 ^ _394_/Q (sky130_fd_sc_hd__dfrtp_2)
                                         one_second_counter[19] (net)
                  0.06    0.00    0.34 ^ _295_/B1 (sky130_fd_sc_hd__a31o_2)
     1    0.00    0.03    0.09    0.43 ^ _295_/X (sky130_fd_sc_hd__a31o_2)
                                         _152_ (net)
                  0.03    0.00    0.43 ^ _298_/B (sky130_fd_sc_hd__and3_2)
     1    0.00    0.04    0.15    0.58 ^ _298_/X (sky130_fd_sc_hd__and3_2)
                                         _155_ (net)
                  0.04    0.00    0.58 ^ _299_/A (sky130_fd_sc_hd__buf_1)
     1    0.00    0.04    0.07    0.65 ^ _299_/X (sky130_fd_sc_hd__buf_1)
                                         _010_ (net)
                  0.04    0.00    0.65 ^ _394_/D (sky130_fd_sc_hd__dfrtp_2)
                                  0.65   data arrival time

                  0.00    0.00    0.00   clock core_clock (rise edge)
                          0.00    0.00   clock network delay (ideal)
                          0.00    0.00   clock reconvergence pessimism
                                  0.00 ^ _394_/CLK (sky130_fd_sc_hd__dfrtp_2)
                         -0.04   -0.04   library hold time
                                 -0.04   data required time
-----------------------------------------------------------------------------
                                 -0.04   data required time
                                 -0.65   data arrival time
-----------------------------------------------------------------------------
                                  0.69   slack (MET)


Startpoint: _376_ (rising edge-triggered flip-flop clocked by core_clock)
Endpoint: _376_ (rising edge-triggered flip-flop clocked by core_clock)
Path Group: core_clock
Path Type: min

Fanout     Cap    Slew   Delay    Time   Description
-----------------------------------------------------------------------------
                  0.00    0.00    0.00   clock core_clock (rise edge)
                          0.00    0.00   clock network delay (ideal)
                  0.00    0.00    0.00 ^ _376_/CLK (sky130_fd_sc_hd__dfrtp_2)
     6    0.02    0.10    0.37    0.37 ^ _376_/Q (sky130_fd_sc_hd__dfrtp_2)
                                         one_second_counter[1] (net)
                  0.10    0.00    0.37 ^ _218_/A (sky130_fd_sc_hd__nand2_2)
     1    0.00    0.03    0.04    0.42 v _218_/Y (sky130_fd_sc_hd__nand2_2)
                                         _093_ (net)
                  0.03    0.00    0.42 v _220_/A (sky130_fd_sc_hd__and3_2)
     1    0.00    0.03    0.16    0.57 v _220_/X (sky130_fd_sc_hd__and3_2)
                                         _095_ (net)
                  0.03    0.00    0.57 v _221_/A (sky130_fd_sc_hd__buf_1)
     1    0.00    0.02    0.08    0.65 v _221_/X (sky130_fd_sc_hd__buf_1)
                                         _011_ (net)
                  0.02    0.00    0.65 v _376_/D (sky130_fd_sc_hd__dfrtp_2)
                                  0.65   data arrival time

                  0.00    0.00    0.00   clock core_clock (rise edge)
                          0.00    0.00   clock network delay (ideal)
                          0.00    0.00   clock reconvergence pessimism
                                  0.00 ^ _376_/CLK (sky130_fd_sc_hd__dfrtp_2)
                         -0.04   -0.04   library hold time
                                 -0.04   data required time
-----------------------------------------------------------------------------
                                 -0.04   data required time
                                 -0.65   data arrival time
-----------------------------------------------------------------------------
                                  0.69   slack (MET)


Startpoint: _395_ (rising edge-triggered flip-flop clocked by core_clock)
Endpoint: _395_ (rising edge-triggered flip-flop clocked by core_clock)
Path Group: core_clock
Path Type: min

Fanout     Cap    Slew   Delay    Time   Description
-----------------------------------------------------------------------------
                  0.00    0.00    0.00   clock core_clock (rise edge)
                          0.00    0.00   clock network delay (ideal)
                  0.00    0.00    0.00 ^ _395_/CLK (sky130_fd_sc_hd__dfrtp_2)
     3    0.01    0.08    0.36    0.36 ^ _395_/Q (sky130_fd_sc_hd__dfrtp_2)
                                         one_second_counter[20] (net)
                  0.08    0.00    0.36 ^ _300_/A (sky130_fd_sc_hd__xnor2_2)
     1    0.00    0.03    0.10    0.46 ^ _300_/Y (sky130_fd_sc_hd__xnor2_2)
                                         _156_ (net)
                  0.03    0.00    0.46 ^ _301_/B (sky130_fd_sc_hd__and2_2)
     1    0.00    0.03    0.12    0.58 ^ _301_/X (sky130_fd_sc_hd__and2_2)
                                         _157_ (net)
                  0.03    0.00    0.58 ^ _302_/A (sky130_fd_sc_hd__buf_1)
     1    0.00    0.04    0.07    0.65 ^ _302_/X (sky130_fd_sc_hd__buf_1)
                                         _012_ (net)
                  0.04    0.00    0.65 ^ _395_/D (sky130_fd_sc_hd__dfrtp_2)
                                  0.65   data arrival time

                  0.00    0.00    0.00   clock core_clock (rise edge)
                          0.00    0.00   clock network delay (ideal)
                          0.00    0.00   clock reconvergence pessimism
                                  0.00 ^ _395_/CLK (sky130_fd_sc_hd__dfrtp_2)
                         -0.04   -0.04   library hold time
                                 -0.04   data required time
-----------------------------------------------------------------------------
                                 -0.04   data required time
                                 -0.65   data arrival time
-----------------------------------------------------------------------------
                                  0.69   slack (MET)


Startpoint: _387_ (rising edge-triggered flip-flop clocked by core_clock)
Endpoint: _387_ (rising edge-triggered flip-flop clocked by core_clock)
Path Group: core_clock
Path Type: min

Fanout     Cap    Slew   Delay    Time   Description
-----------------------------------------------------------------------------
                  0.00    0.00    0.00   clock core_clock (rise edge)
                          0.00    0.00   clock network delay (ideal)
                  0.00    0.00    0.00 ^ _387_/CLK (sky130_fd_sc_hd__dfrtp_2)
     6    0.01    0.08    0.36    0.36 ^ _387_/Q (sky130_fd_sc_hd__dfrtp_2)
                                         one_second_counter[12] (net)
                  0.08    0.00    0.36 ^ _263_/A (sky130_fd_sc_hd__nand2_2)
     1    0.00    0.02    0.04    0.40 v _263_/Y (sky130_fd_sc_hd__nand2_2)
                                         _127_ (net)
                  0.02    0.00    0.40 v _265_/B (sky130_fd_sc_hd__and3_2)
     1    0.00    0.03    0.17    0.57 v _265_/X (sky130_fd_sc_hd__and3_2)
                                         _129_ (net)
                  0.03    0.00    0.57 v _266_/A (sky130_fd_sc_hd__buf_1)
     1    0.00    0.02    0.08    0.65 v _266_/X (sky130_fd_sc_hd__buf_1)
                                         _003_ (net)
                  0.02    0.00    0.65 v _387_/D (sky130_fd_sc_hd__dfrtp_2)
                                  0.65   data arrival time

                  0.00    0.00    0.00   clock core_clock (rise edge)
                          0.00    0.00   clock network delay (ideal)
                          0.00    0.00   clock reconvergence pessimism
                                  0.00 ^ _387_/CLK (sky130_fd_sc_hd__dfrtp_2)
                         -0.04   -0.04   library hold time
                                 -0.04   data required time
-----------------------------------------------------------------------------
                                 -0.04   data required time
                                 -0.65   data arrival time
-----------------------------------------------------------------------------
                                  0.69   slack (MET)


Startpoint: _388_ (rising edge-triggered flip-flop clocked by core_clock)
Endpoint: _388_ (rising edge-triggered flip-flop clocked by core_clock)
Path Group: core_clock
Path Type: min

Fanout     Cap    Slew   Delay    Time   Description
-----------------------------------------------------------------------------
                  0.00    0.00    0.00   clock core_clock (rise edge)
                          0.00    0.00   clock network delay (ideal)
                  0.00    0.00    0.00 ^ _388_/CLK (sky130_fd_sc_hd__dfrtp_2)
     6    0.01    0.09    0.36    0.36 ^ _388_/Q (sky130_fd_sc_hd__dfrtp_2)
                                         one_second_counter[13] (net)
                  0.09    0.00    0.36 ^ _268_/A (sky130_fd_sc_hd__nand2_2)
     1    0.00    0.02    0.04    0.40 v _268_/Y (sky130_fd_sc_hd__nand2_2)
                                         _131_ (net)
                  0.02    0.00    0.40 v _270_/B (sky130_fd_sc_hd__and3_2)
     1    0.00    0.03    0.17    0.57 v _270_/X (sky130_fd_sc_hd__and3_2)
                                         _133_ (net)
                  0.03    0.00    0.57 v _271_/A (sky130_fd_sc_hd__buf_1)
     1    0.00    0.02    0.08    0.65 v _271_/X (sky130_fd_sc_hd__buf_1)
                                         _004_ (net)
                  0.02    0.00    0.65 v _388_/D (sky130_fd_sc_hd__dfrtp_2)
                                  0.65   data arrival time

                  0.00    0.00    0.00   clock core_clock (rise edge)
                          0.00    0.00   clock network delay (ideal)
                          0.00    0.00   clock reconvergence pessimism
                                  0.00 ^ _388_/CLK (sky130_fd_sc_hd__dfrtp_2)
                         -0.04   -0.04   library hold time
                                 -0.04   data required time
-----------------------------------------------------------------------------
                                 -0.04   data required time
                                 -0.65   data arrival time
-----------------------------------------------------------------------------
                                  0.70   slack (MET)


Startpoint: _391_ (rising edge-triggered flip-flop clocked by core_clock)
Endpoint: _391_ (rising edge-triggered flip-flop clocked by core_clock)
Path Group: core_clock
Path Type: min

Fanout     Cap    Slew   Delay    Time   Description
-----------------------------------------------------------------------------
                  0.00    0.00    0.00   clock core_clock (rise edge)
                          0.00    0.00   clock network delay (ideal)
                  0.00    0.00    0.00 ^ _391_/CLK (sky130_fd_sc_hd__dfrtp_2)
     6    0.01    0.09    0.36    0.36 ^ _391_/Q (sky130_fd_sc_hd__dfrtp_2)
                                         one_second_counter[16] (net)
                  0.09    0.00    0.36 ^ _283_/A (sky130_fd_sc_hd__nor2_2)
     1    0.00    0.03    0.05    0.41 v _283_/Y (sky130_fd_sc_hd__nor2_2)
                                         _143_ (net)
                  0.03    0.00    0.41 v _284_/B (sky130_fd_sc_hd__nor2_2)
     1    0.00    0.05    0.05    0.47 ^ _284_/Y (sky130_fd_sc_hd__nor2_2)
                                         _144_ (net)
                  0.05    0.00    0.47 ^ _285_/B (sky130_fd_sc_hd__and2_2)
     1    0.00    0.03    0.13    0.59 ^ _285_/X (sky130_fd_sc_hd__and2_2)
                                         _145_ (net)
                  0.03    0.00    0.59 ^ _286_/A (sky130_fd_sc_hd__buf_1)
     1    0.00    0.04    0.07    0.66 ^ _286_/X (sky130_fd_sc_hd__buf_1)
                                         _007_ (net)
                  0.04    0.00    0.66 ^ _391_/D (sky130_fd_sc_hd__dfrtp_2)
                                  0.66   data arrival time

                  0.00    0.00    0.00   clock core_clock (rise edge)
                          0.00    0.00   clock network delay (ideal)
                          0.00    0.00   clock reconvergence pessimism
                                  0.00 ^ _391_/CLK (sky130_fd_sc_hd__dfrtp_2)
                         -0.04   -0.04   library hold time
                                 -0.04   data required time
-----------------------------------------------------------------------------
                                 -0.04   data required time
                                 -0.66   data arrival time
-----------------------------------------------------------------------------
                                  0.70   slack (MET)


Startpoint: _392_ (rising edge-triggered flip-flop clocked by core_clock)
Endpoint: _392_ (rising edge-triggered flip-flop clocked by core_clock)
Path Group: core_clock
Path Type: min

Fanout     Cap    Slew   Delay    Time   Description
-----------------------------------------------------------------------------
                  0.00    0.00    0.00   clock core_clock (rise edge)
                          0.00    0.00   clock network delay (ideal)
                  0.00    0.00    0.00 ^ _392_/CLK (sky130_fd_sc_hd__dfrtp_2)
     5    0.01    0.09    0.37    0.37 ^ _392_/Q (sky130_fd_sc_hd__dfrtp_2)
                                         one_second_counter[17] (net)
                  0.09    0.00    0.37 ^ _287_/A (sky130_fd_sc_hd__nand2_2)
     1    0.00    0.02    0.04    0.41 v _287_/Y (sky130_fd_sc_hd__nand2_2)
                                         _146_ (net)
                  0.02    0.00    0.41 v _289_/B (sky130_fd_sc_hd__and3_2)
     1    0.00    0.03    0.17    0.58 v _289_/X (sky130_fd_sc_hd__and3_2)
                                         _148_ (net)
                  0.03    0.00    0.58 v _290_/A (sky130_fd_sc_hd__buf_1)
     1    0.00    0.02    0.08    0.66 v _290_/X (sky130_fd_sc_hd__buf_1)
                                         _008_ (net)
                  0.02    0.00    0.66 v _392_/D (sky130_fd_sc_hd__dfrtp_2)
                                  0.66   data arrival time

                  0.00    0.00    0.00   clock core_clock (rise edge)
                          0.00    0.00   clock network delay (ideal)
                          0.00    0.00   clock reconvergence pessimism
                                  0.00 ^ _392_/CLK (sky130_fd_sc_hd__dfrtp_2)
                         -0.04   -0.04   library hold time
                                 -0.04   data required time
-----------------------------------------------------------------------------
                                 -0.04   data required time
                                 -0.66   data arrival time
-----------------------------------------------------------------------------
                                  0.70   slack (MET)


Startpoint: _385_ (rising edge-triggered flip-flop clocked by core_clock)
Endpoint: _385_ (rising edge-triggered flip-flop clocked by core_clock)
Path Group: core_clock
Path Type: min

Fanout     Cap    Slew   Delay    Time   Description
-----------------------------------------------------------------------------
                  0.00    0.00    0.00   clock core_clock (rise edge)
                          0.00    0.00   clock network delay (ideal)
                  0.00    0.00    0.00 ^ _385_/CLK (sky130_fd_sc_hd__dfrtp_2)
     4    0.01    0.07    0.35    0.35 ^ _385_/Q (sky130_fd_sc_hd__dfrtp_2)
                                         one_second_counter[10] (net)
                  0.07    0.00    0.35 ^ _254_/B1 (sky130_fd_sc_hd__a31o_2)
     1    0.00    0.03    0.09    0.44 ^ _254_/X (sky130_fd_sc_hd__a31o_2)
                                         _120_ (net)
                  0.03    0.00    0.44 ^ _255_/C (sky130_fd_sc_hd__and3_2)
     1    0.00    0.04    0.16    0.60 ^ _255_/X (sky130_fd_sc_hd__and3_2)
                                         _121_ (net)
                  0.04    0.00    0.60 ^ _256_/A (sky130_fd_sc_hd__buf_1)
     1    0.00    0.04    0.07    0.67 ^ _256_/X (sky130_fd_sc_hd__buf_1)
                                         _001_ (net)
                  0.04    0.00    0.67 ^ _385_/D (sky130_fd_sc_hd__dfrtp_2)
                                  0.67   data arrival time

                  0.00    0.00    0.00   clock core_clock (rise edge)
                          0.00    0.00   clock network delay (ideal)
                          0.00    0.00   clock reconvergence pessimism
                                  0.00 ^ _385_/CLK (sky130_fd_sc_hd__dfrtp_2)
                         -0.04   -0.04   library hold time
                                 -0.04   data required time
-----------------------------------------------------------------------------
                                 -0.04   data required time
                                 -0.67   data arrival time
-----------------------------------------------------------------------------
                                  0.71   slack (MET)


Startpoint: _397_ (rising edge-triggered flip-flop clocked by core_clock)
Endpoint: _397_ (rising edge-triggered flip-flop clocked by core_clock)
Path Group: core_clock
Path Type: min

Fanout     Cap    Slew   Delay    Time   Description
-----------------------------------------------------------------------------
                  0.00    0.00    0.00   clock core_clock (rise edge)
                          0.00    0.00   clock network delay (ideal)
                  0.00    0.00    0.00 ^ _397_/CLK (sky130_fd_sc_hd__dfrtp_2)
     5    0.01    0.09    0.36    0.36 ^ _397_/Q (sky130_fd_sc_hd__dfrtp_2)
                                         one_second_counter[22] (net)
                  0.09    0.00    0.36 ^ _309_/A (sky130_fd_sc_hd__nand2_2)
     1    0.00    0.02    0.04    0.40 v _309_/Y (sky130_fd_sc_hd__nand2_2)
                                         _163_ (net)
                  0.02    0.00    0.40 v _310_/C (sky130_fd_sc_hd__and3_2)
     1    0.00    0.03    0.19    0.59 v _310_/X (sky130_fd_sc_hd__and3_2)
                                         _164_ (net)
                  0.03    0.00    0.59 v _311_/A (sky130_fd_sc_hd__buf_1)
     1    0.00    0.02    0.08    0.67 v _311_/X (sky130_fd_sc_hd__buf_1)
                                         _014_ (net)
                  0.02    0.00    0.67 v _397_/D (sky130_fd_sc_hd__dfrtp_2)
                                  0.67   data arrival time

                  0.00    0.00    0.00   clock core_clock (rise edge)
                          0.00    0.00   clock network delay (ideal)
                          0.00    0.00   clock reconvergence pessimism
                                  0.00 ^ _397_/CLK (sky130_fd_sc_hd__dfrtp_2)
                         -0.04   -0.04   library hold time
                                 -0.04   data required time
-----------------------------------------------------------------------------
                                 -0.04   data required time
                                 -0.67   data arrival time
-----------------------------------------------------------------------------
                                  0.71   slack (MET)


Startpoint: _375_ (rising edge-triggered flip-flop clocked by core_clock)
Endpoint: _375_ (rising edge-triggered flip-flop clocked by core_clock)
Path Group: core_clock
Path Type: min

Fanout     Cap    Slew   Delay    Time   Description
-----------------------------------------------------------------------------
                  0.00    0.00    0.00   clock core_clock (rise edge)
                          0.00    0.00   clock network delay (ideal)
                  0.00    0.00    0.00 ^ _375_/CLK (sky130_fd_sc_hd__dfrtp_2)
     7    0.02    0.11    0.38    0.38 ^ _375_/Q (sky130_fd_sc_hd__dfrtp_2)
                                         one_second_counter[0] (net)
                  0.11    0.00    0.38 ^ _216_/A_N (sky130_fd_sc_hd__and2b_2)
     1    0.00    0.03    0.22    0.60 v _216_/X (sky130_fd_sc_hd__and2b_2)
                                         _092_ (net)
                  0.03    0.00    0.60 v _217_/A (sky130_fd_sc_hd__buf_1)
     1    0.00    0.02    0.08    0.68 v _217_/X (sky130_fd_sc_hd__buf_1)
                                         _000_ (net)
                  0.02    0.00    0.68 v _375_/D (sky130_fd_sc_hd__dfrtp_2)
                                  0.68   data arrival time

                  0.00    0.00    0.00   clock core_clock (rise edge)
                          0.00    0.00   clock network delay (ideal)
                          0.00    0.00   clock reconvergence pessimism
                                  0.00 ^ _375_/CLK (sky130_fd_sc_hd__dfrtp_2)
                         -0.04   -0.04   library hold time
                                 -0.04   data required time
-----------------------------------------------------------------------------
                                 -0.04   data required time
                                 -0.68   data arrival time
-----------------------------------------------------------------------------
                                  0.72   slack (MET)


Startpoint: _400_ (rising edge-triggered flip-flop clocked by core_clock)
Endpoint: _400_ (rising edge-triggered flip-flop clocked by core_clock)
Path Group: core_clock
Path Type: min

Fanout     Cap    Slew   Delay    Time   Description
-----------------------------------------------------------------------------
                  0.00    0.00    0.00   clock core_clock (rise edge)
                          0.00    0.00   clock network delay (ideal)
                  0.00    0.00    0.00 ^ _400_/CLK (sky130_fd_sc_hd__dfrtp_2)
     5    0.02    0.10    0.37    0.37 ^ _400_/Q (sky130_fd_sc_hd__dfrtp_2)
                                         one_second_counter[25] (net)
                  0.10    0.00    0.37 ^ _320_/A (sky130_fd_sc_hd__nand2_2)
     1    0.00    0.02    0.04    0.42 v _320_/Y (sky130_fd_sc_hd__nand2_2)
                                         _171_ (net)
                  0.02    0.00    0.42 v _321_/C (sky130_fd_sc_hd__and3_2)
     1    0.00    0.03    0.19    0.60 v _321_/X (sky130_fd_sc_hd__and3_2)
                                         _172_ (net)
                  0.03    0.00    0.60 v _322_/A (sky130_fd_sc_hd__buf_1)
     1    0.00    0.02    0.08    0.68 v _322_/X (sky130_fd_sc_hd__buf_1)
                                         _017_ (net)
                  0.02    0.00    0.68 v _400_/D (sky130_fd_sc_hd__dfrtp_2)
                                  0.68   data arrival time

                  0.00    0.00    0.00   clock core_clock (rise edge)
                          0.00    0.00   clock network delay (ideal)
                          0.00    0.00   clock reconvergence pessimism
                                  0.00 ^ _400_/CLK (sky130_fd_sc_hd__dfrtp_2)
                         -0.04   -0.04   library hold time
                                 -0.04   data required time
-----------------------------------------------------------------------------
                                 -0.04   data required time
                                 -0.68   data arrival time
-----------------------------------------------------------------------------
                                  0.72   slack (MET)


Startpoint: _384_ (rising edge-triggered flip-flop clocked by core_clock)
Endpoint: _384_ (rising edge-triggered flip-flop clocked by core_clock)
Path Group: core_clock
Path Type: min

Fanout     Cap    Slew   Delay    Time   Description
-----------------------------------------------------------------------------
                  0.00    0.00    0.00   clock core_clock (rise edge)
                          0.00    0.00   clock network delay (ideal)
                  0.00    0.00    0.00 ^ _384_/CLK (sky130_fd_sc_hd__dfrtp_2)
     6    0.02    0.07    0.41    0.41 v _384_/Q (sky130_fd_sc_hd__dfrtp_2)
                                         one_second_counter[9] (net)
                  0.07    0.00    0.41 v _250_/A (sky130_fd_sc_hd__nand3_2)
     1    0.00    0.03    0.06    0.46 ^ _250_/Y (sky130_fd_sc_hd__nand3_2)
                                         _117_ (net)
                  0.03    0.00    0.46 ^ _251_/C (sky130_fd_sc_hd__and3_2)
     1    0.00    0.04    0.16    0.62 ^ _251_/X (sky130_fd_sc_hd__and3_2)
                                         _118_ (net)
                  0.04    0.00    0.62 ^ _252_/A (sky130_fd_sc_hd__buf_1)
     1    0.00    0.04    0.07    0.70 ^ _252_/X (sky130_fd_sc_hd__buf_1)
                                         _026_ (net)
                  0.04    0.00    0.70 ^ _384_/D (sky130_fd_sc_hd__dfrtp_2)
                                  0.70   data arrival time

                  0.00    0.00    0.00   clock core_clock (rise edge)
                          0.00    0.00   clock network delay (ideal)
                          0.00    0.00   clock reconvergence pessimism
                                  0.00 ^ _384_/CLK (sky130_fd_sc_hd__dfrtp_2)
                         -0.04   -0.04   library hold time
                                 -0.04   data required time
-----------------------------------------------------------------------------
                                 -0.04   data required time
                                 -0.70   data arrival time
-----------------------------------------------------------------------------
                                  0.73   slack (MET)


Startpoint: _383_ (rising edge-triggered flip-flop clocked by core_clock)
Endpoint: _383_ (rising edge-triggered flip-flop clocked by core_clock)
Path Group: core_clock
Path Type: min

Fanout     Cap    Slew   Delay    Time   Description
-----------------------------------------------------------------------------
                  0.00    0.00    0.00   clock core_clock (rise edge)
                          0.00    0.00   clock network delay (ideal)
                  0.00    0.00    0.00 ^ _383_/CLK (sky130_fd_sc_hd__dfrtp_2)
     8    0.02    0.13    0.40    0.40 ^ _383_/Q (sky130_fd_sc_hd__dfrtp_2)
                                         one_second_counter[8] (net)
                  0.13    0.00    0.40 ^ _244_/A (sky130_fd_sc_hd__nand2_2)
     1    0.00    0.03    0.05    0.44 v _244_/Y (sky130_fd_sc_hd__nand2_2)
                                         _112_ (net)
                  0.03    0.00    0.44 v _246_/B (sky130_fd_sc_hd__and3_2)
     1    0.00    0.03    0.18    0.62 v _246_/X (sky130_fd_sc_hd__and3_2)
                                         _114_ (net)
                  0.03    0.00    0.62 v _247_/A (sky130_fd_sc_hd__buf_1)
     1    0.00    0.02    0.08    0.70 v _247_/X (sky130_fd_sc_hd__buf_1)
                                         _025_ (net)
                  0.02    0.00    0.70 v _383_/D (sky130_fd_sc_hd__dfrtp_2)
                                  0.70   data arrival time

                  0.00    0.00    0.00   clock core_clock (rise edge)
                          0.00    0.00   clock network delay (ideal)
                          0.00    0.00   clock reconvergence pessimism
                                  0.00 ^ _383_/CLK (sky130_fd_sc_hd__dfrtp_2)
                         -0.04   -0.04   library hold time
                                 -0.04   data required time
-----------------------------------------------------------------------------
                                 -0.04   data required time
                                 -0.70   data arrival time
-----------------------------------------------------------------------------
                                  0.74   slack (MET)



worst slack corner Typical: 0.4881
