
===========================================================================
report_checks -path_delay max (Setup)
============================================================================
======================= Typical Corner ===================================

Startpoint: _375_ (rising edge-triggered flip-flop clocked by core_clock)
Endpoint: _379_ (rising edge-triggered flip-flop clocked by core_clock)
Path Group: core_clock
Path Type: max

Fanout     Cap    Slew   Delay    Time   Description
-----------------------------------------------------------------------------
                  0.00    0.00    0.00   clock core_clock (rise edge)
                          0.00    0.00   clock network delay (ideal)
                  0.00    0.00    0.00 ^ _375_/CLK (sky130_fd_sc_hd__dfrtp_2)
     7    0.02    0.08    0.41    0.41 v _375_/Q (sky130_fd_sc_hd__dfrtp_2)
                                         one_second_counter[0] (net)
                  0.08    0.00    0.41 v _182_/D (sky130_fd_sc_hd__and4_2)
    10    0.02    0.08    0.29    0.70 v _182_/X (sky130_fd_sc_hd__and4_2)
                                         _064_ (net)
                  0.08    0.00    0.70 v _184_/A (sky130_fd_sc_hd__and2_2)
     1    0.00    0.03    0.17    0.87 v _184_/X (sky130_fd_sc_hd__and2_2)
                                         _066_ (net)
                  0.03    0.00    0.87 v _185_/A (sky130_fd_sc_hd__buf_1)
     9    0.02    0.14    0.18    1.05 v _185_/X (sky130_fd_sc_hd__buf_1)
                                         _067_ (net)
                  0.14    0.00    1.05 v _211_/A2 (sky130_fd_sc_hd__o311a_2)
     1    0.00    0.06    0.41    1.46 v _211_/X (sky130_fd_sc_hd__o311a_2)
                                         _087_ (net)
                  0.06    0.00    1.46 v _214_/A2 (sky130_fd_sc_hd__o31ai_2)
     9    0.01    0.37    0.36    1.82 ^ _214_/Y (sky130_fd_sc_hd__o31ai_2)
                                         _090_ (net)
                  0.37    0.00    1.82 ^ _215_/A (sky130_fd_sc_hd__buf_1)
    10    0.02    0.23    0.26    2.07 ^ _215_/X (sky130_fd_sc_hd__buf_1)
                                         _091_ (net)
                  0.23    0.00    2.07 ^ _231_/A (sky130_fd_sc_hd__and3_2)
     1    0.00    0.04    0.21    2.28 ^ _231_/X (sky130_fd_sc_hd__and3_2)
                                         _103_ (net)
                  0.04    0.00    2.28 ^ _232_/A (sky130_fd_sc_hd__buf_1)
     1    0.00    0.04    0.07    2.35 ^ _232_/X (sky130_fd_sc_hd__buf_1)
                                         _021_ (net)
                  0.04    0.00    2.35 ^ _379_/D (sky130_fd_sc_hd__dfrtp_2)
                                  2.35   data arrival time

                  0.00   10.00   10.00   clock core_clock (rise edge)
                          0.00   10.00   clock network delay (ideal)
                          0.00   10.00   clock reconvergence pessimism
                                 10.00 ^ _379_/CLK (sky130_fd_sc_hd__dfrtp_2)
                         -0.07    9.93   library setup time
                                  9.93   data required time
-----------------------------------------------------------------------------
                                  9.93   data required time
                                 -2.35   data arrival time
-----------------------------------------------------------------------------
                                  7.58   slack (MET)


Startpoint: _375_ (rising edge-triggered flip-flop clocked by core_clock)
Endpoint: _381_ (rising edge-triggered flip-flop clocked by core_clock)
Path Group: core_clock
Path Type: max

Fanout     Cap    Slew   Delay    Time   Description
-----------------------------------------------------------------------------
                  0.00    0.00    0.00   clock core_clock (rise edge)
                          0.00    0.00   clock network delay (ideal)
                  0.00    0.00    0.00 ^ _375_/CLK (sky130_fd_sc_hd__dfrtp_2)
     7    0.02    0.08    0.41    0.41 v _375_/Q (sky130_fd_sc_hd__dfrtp_2)
                                         one_second_counter[0] (net)
                  0.08    0.00    0.41 v _182_/D (sky130_fd_sc_hd__and4_2)
    10    0.02    0.08    0.29    0.70 v _182_/X (sky130_fd_sc_hd__and4_2)
                                         _064_ (net)
                  0.08    0.00    0.70 v _184_/A (sky130_fd_sc_hd__and2_2)
     1    0.00    0.03    0.17    0.87 v _184_/X (sky130_fd_sc_hd__and2_2)
                                         _066_ (net)
                  0.03    0.00    0.87 v _185_/A (sky130_fd_sc_hd__buf_1)
     9    0.02    0.14    0.18    1.05 v _185_/X (sky130_fd_sc_hd__buf_1)
                                         _067_ (net)
                  0.14    0.00    1.05 v _211_/A2 (sky130_fd_sc_hd__o311a_2)
     1    0.00    0.06    0.41    1.46 v _211_/X (sky130_fd_sc_hd__o311a_2)
                                         _087_ (net)
                  0.06    0.00    1.46 v _214_/A2 (sky130_fd_sc_hd__o31ai_2)
     9    0.01    0.37    0.36    1.82 ^ _214_/Y (sky130_fd_sc_hd__o31ai_2)
                                         _090_ (net)
                  0.37    0.00    1.82 ^ _215_/A (sky130_fd_sc_hd__buf_1)
    10    0.02    0.23    0.26    2.07 ^ _215_/X (sky130_fd_sc_hd__buf_1)
                                         _091_ (net)
                  0.23    0.00    2.07 ^ _239_/A (sky130_fd_sc_hd__and3_2)
     1    0.00    0.04    0.21    2.28 ^ _239_/X (sky130_fd_sc_hd__and3_2)
                                         _109_ (net)
                  0.04    0.00    2.28 ^ _240_/A (sky130_fd_sc_hd__buf_1)
     1    0.00    0.04    0.07    2.35 ^ _240_/X (sky130_fd_sc_hd__buf_1)
                                         _023_ (net)
                  0.04    0.00    2.35 ^ _381_/D (sky130_fd_sc_hd__dfrtp_2)
                                  2.35   data arrival time

                  0.00   10.00   10.00   clock core_clock (rise edge)
                          0.00   10.00   clock network delay (ideal)
                          0.00   10.00   clock reconvergence pessimism
                                 10.00 ^ _381_/CLK (sky130_fd_sc_hd__dfrtp_2)
                         -0.07    9.93   library setup time
                                  9.93   data required time
-----------------------------------------------------------------------------
                                  9.93   data required time
                                 -2.35   data arrival time
-----------------------------------------------------------------------------
                                  7.58   slack (MET)


Startpoint: _375_ (rising edge-triggered flip-flop clocked by core_clock)
Endpoint: _383_ (rising edge-triggered flip-flop clocked by core_clock)
Path Group: core_clock
Path Type: max

Fanout     Cap    Slew   Delay    Time   Description
-----------------------------------------------------------------------------
                  0.00    0.00    0.00   clock core_clock (rise edge)
                          0.00    0.00   clock network delay (ideal)
                  0.00    0.00    0.00 ^ _375_/CLK (sky130_fd_sc_hd__dfrtp_2)
     7    0.02    0.08    0.41    0.41 v _375_/Q (sky130_fd_sc_hd__dfrtp_2)
                                         one_second_counter[0] (net)
                  0.08    0.00    0.41 v _182_/D (sky130_fd_sc_hd__and4_2)
    10    0.02    0.08    0.29    0.70 v _182_/X (sky130_fd_sc_hd__and4_2)
                                         _064_ (net)
                  0.08    0.00    0.70 v _184_/A (sky130_fd_sc_hd__and2_2)
     1    0.00    0.03    0.17    0.87 v _184_/X (sky130_fd_sc_hd__and2_2)
                                         _066_ (net)
                  0.03    0.00    0.87 v _185_/A (sky130_fd_sc_hd__buf_1)
     9    0.02    0.14    0.18    1.05 v _185_/X (sky130_fd_sc_hd__buf_1)
                                         _067_ (net)
                  0.14    0.00    1.05 v _211_/A2 (sky130_fd_sc_hd__o311a_2)
     1    0.00    0.06    0.41    1.46 v _211_/X (sky130_fd_sc_hd__o311a_2)
                                         _087_ (net)
                  0.06    0.00    1.46 v _214_/A2 (sky130_fd_sc_hd__o31ai_2)
     9    0.01    0.37    0.36    1.82 ^ _214_/Y (sky130_fd_sc_hd__o31ai_2)
                                         _090_ (net)
                  0.37    0.00    1.82 ^ _215_/A (sky130_fd_sc_hd__buf_1)
    10    0.02    0.23    0.26    2.07 ^ _215_/X (sky130_fd_sc_hd__buf_1)
                                         _091_ (net)
                  0.23    0.00    2.07 ^ _246_/A (sky130_fd_sc_hd__and3_2)
     1    0.00    0.04    0.21    2.28 ^ _246_/X (sky130_fd_sc_hd__and3_2)
                                         _114_ (net)
                  0.04    0.00    2.28 ^ _247_/A (sky130_fd_sc_hd__buf_1)
     1    0.00    0.04    0.07    2.35 ^ _247_/X (sky130_fd_sc_hd__buf_1)
                                         _025_ (net)
                  0.04    0.00    2.35 ^ _383_/D (sky130_fd_sc_hd__dfrtp_2)
                                  2.35   data arrival time

                  0.00   10.00   10.00   clock core_clock (rise edge)
                          0.00   10.00   clock network delay (ideal)
                          0.00   10.00   clock reconvergence pessimism
                                 10.00 ^ _383_/CLK (sky130_fd_sc_hd__dfrtp_2)
                         -0.07    9.93   library setup time
                                  9.93   data required time
-----------------------------------------------------------------------------
                                  9.93   data required time
                                 -2.35   data arrival time
-----------------------------------------------------------------------------
                                  7.58   slack (MET)


Startpoint: _375_ (rising edge-triggered flip-flop clocked by core_clock)
Endpoint: _391_ (rising edge-triggered flip-flop clocked by core_clock)
Path Group: core_clock
Path Type: max

Fanout     Cap    Slew   Delay    Time   Description
-----------------------------------------------------------------------------
                  0.00    0.00    0.00   clock core_clock (rise edge)
                          0.00    0.00   clock network delay (ideal)
                  0.00    0.00    0.00 ^ _375_/CLK (sky130_fd_sc_hd__dfrtp_2)
     7    0.02    0.08    0.41    0.41 v _375_/Q (sky130_fd_sc_hd__dfrtp_2)
                                         one_second_counter[0] (net)
                  0.08    0.00    0.41 v _182_/D (sky130_fd_sc_hd__and4_2)
    10    0.02    0.08    0.29    0.70 v _182_/X (sky130_fd_sc_hd__and4_2)
                                         _064_ (net)
                  0.08    0.00    0.70 v _184_/A (sky130_fd_sc_hd__and2_2)
     1    0.00    0.03    0.17    0.87 v _184_/X (sky130_fd_sc_hd__and2_2)
                                         _066_ (net)
                  0.03    0.00    0.87 v _185_/A (sky130_fd_sc_hd__buf_1)
     9    0.02    0.14    0.18    1.05 v _185_/X (sky130_fd_sc_hd__buf_1)
                                         _067_ (net)
                  0.14    0.00    1.05 v _211_/A2 (sky130_fd_sc_hd__o311a_2)
     1    0.00    0.06    0.41    1.46 v _211_/X (sky130_fd_sc_hd__o311a_2)
                                         _087_ (net)
                  0.06    0.00    1.46 v _214_/A2 (sky130_fd_sc_hd__o31ai_2)
     9    0.01    0.37    0.36    1.82 ^ _214_/Y (sky130_fd_sc_hd__o31ai_2)
                                         _090_ (net)
                  0.37    0.00    1.82 ^ _215_/A (sky130_fd_sc_hd__buf_1)
    10    0.02    0.23    0.26    2.07 ^ _215_/X (sky130_fd_sc_hd__buf_1)
                                         _091_ (net)
                  0.23    0.00    2.07 ^ _285_/A (sky130_fd_sc_hd__and2_2)
     1    0.00    0.04    0.18    2.25 ^ _285_/X (sky130_fd_sc_hd__and2_2)
                                         _145_ (net)
                  0.04    0.00    2.25 ^ _286_/A (sky130_fd_sc_hd__buf_1)
     1    0.00    0.04    0.07    2.32 ^ _286_/X (sky130_fd_sc_hd__buf_1)
                                         _007_ (net)
                  0.04    0.00    2.32 ^ _391_/D (sky130_fd_sc_hd__dfrtp_2)
                                  2.32   data arrival time

                  0.00   10.00   10.00   clock core_clock (rise edge)
                          0.00   10.00   clock network delay (ideal)
                          0.00   10.00   clock reconvergence pessimism
                                 10.00 ^ _391_/CLK (sky130_fd_sc_hd__dfrtp_2)
                         -0.07    9.93   library setup time
                                  9.93   data required time
-----------------------------------------------------------------------------
                                  9.93   data required time
                                 -2.32   data arrival time
-----------------------------------------------------------------------------
                                  7.61   slack (MET)


Startpoint: _375_ (rising edge-triggered flip-flop clocked by core_clock)
Endpoint: _395_ (rising edge-triggered flip-flop clocked by core_clock)
Path Group: core_clock
Path Type: max

Fanout     Cap    Slew   Delay    Time   Description
-----------------------------------------------------------------------------
                  0.00    0.00    0.00   clock core_clock (rise edge)
                          0.00    0.00   clock network delay (ideal)
                  0.00    0.00    0.00 ^ _375_/CLK (sky130_fd_sc_hd__dfrtp_2)
     7    0.02    0.08    0.41    0.41 v _375_/Q (sky130_fd_sc_hd__dfrtp_2)
                                         one_second_counter[0] (net)
                  0.08    0.00    0.41 v _182_/D (sky130_fd_sc_hd__and4_2)
    10    0.02    0.08    0.29    0.70 v _182_/X (sky130_fd_sc_hd__and4_2)
                                         _064_ (net)
                  0.08    0.00    0.70 v _184_/A (sky130_fd_sc_hd__and2_2)
     1    0.00    0.03    0.17    0.87 v _184_/X (sky130_fd_sc_hd__and2_2)
                                         _066_ (net)
                  0.03    0.00    0.87 v _185_/A (sky130_fd_sc_hd__buf_1)
     9    0.02    0.14    0.18    1.05 v _185_/X (sky130_fd_sc_hd__buf_1)
                                         _067_ (net)
                  0.14    0.00    1.05 v _211_/A2 (sky130_fd_sc_hd__o311a_2)
     1    0.00    0.06    0.41    1.46 v _211_/X (sky130_fd_sc_hd__o311a_2)
                                         _087_ (net)
                  0.06    0.00    1.46 v _214_/A2 (sky130_fd_sc_hd__o31ai_2)
     9    0.01    0.37    0.36    1.82 ^ _214_/Y (sky130_fd_sc_hd__o31ai_2)
                                         _090_ (net)
                  0.37    0.00    1.82 ^ _215_/A (sky130_fd_sc_hd__buf_1)
    10    0.02    0.23    0.26    2.07 ^ _215_/X (sky130_fd_sc_hd__buf_1)
                                         _091_ (net)
                  0.23    0.00    2.07 ^ _301_/A (sky130_fd_sc_hd__and2_2)
     1    0.00    0.04    0.18    2.25 ^ _301_/X (sky130_fd_sc_hd__and2_2)
                                         _157_ (net)
                  0.04    0.00    2.25 ^ _302_/A (sky130_fd_sc_hd__buf_1)
     1    0.00    0.04    0.07    2.32 ^ _302_/X (sky130_fd_sc_hd__buf_1)
                                         _012_ (net)
                  0.04    0.00    2.32 ^ _395_/D (sky130_fd_sc_hd__dfrtp_2)
                                  2.32   data arrival time

                  0.00   10.00   10.00   clock core_clock (rise edge)
                          0.00   10.00   clock network delay (ideal)
                          0.00   10.00   clock reconvergence pessimism
                                 10.00 ^ _395_/CLK (sky130_fd_sc_hd__dfrtp_2)
                         -0.07    9.93   library setup time
                                  9.93   data required time
-----------------------------------------------------------------------------
                                  9.93   data required time
                                 -2.32   data arrival time
-----------------------------------------------------------------------------
                                  7.61   slack (MET)


Startpoint: _375_ (rising edge-triggered flip-flop clocked by core_clock)
Endpoint: _375_ (rising edge-triggered flip-flop clocked by core_clock)
Path Group: core_clock
Path Type: max

Fanout     Cap    Slew   Delay    Time   Description
-----------------------------------------------------------------------------
                  0.00    0.00    0.00   clock core_clock (rise edge)
                          0.00    0.00   clock network delay (ideal)
                  0.00    0.00    0.00 ^ _375_/CLK (sky130_fd_sc_hd__dfrtp_2)
     7    0.02    0.08    0.41    0.41 v _375_/Q (sky130_fd_sc_hd__dfrtp_2)
                                         one_second_counter[0] (net)
                  0.08    0.00    0.41 v _182_/D (sky130_fd_sc_hd__and4_2)
    10    0.02    0.08    0.29    0.70 v _182_/X (sky130_fd_sc_hd__and4_2)
                                         _064_ (net)
                  0.08    0.00    0.70 v _184_/A (sky130_fd_sc_hd__and2_2)
     1    0.00    0.03    0.17    0.87 v _184_/X (sky130_fd_sc_hd__and2_2)
                                         _066_ (net)
                  0.03    0.00    0.87 v _185_/A (sky130_fd_sc_hd__buf_1)
     9    0.02    0.14    0.18    1.05 v _185_/X (sky130_fd_sc_hd__buf_1)
                                         _067_ (net)
                  0.14    0.00    1.05 v _211_/A2 (sky130_fd_sc_hd__o311a_2)
     1    0.00    0.06    0.41    1.46 v _211_/X (sky130_fd_sc_hd__o311a_2)
                                         _087_ (net)
                  0.06    0.00    1.46 v _214_/A2 (sky130_fd_sc_hd__o31ai_2)
     9    0.01    0.37    0.36    1.82 ^ _214_/Y (sky130_fd_sc_hd__o31ai_2)
                                         _090_ (net)
                  0.37    0.00    1.82 ^ _215_/A (sky130_fd_sc_hd__buf_1)
    10    0.02    0.23    0.26    2.07 ^ _215_/X (sky130_fd_sc_hd__buf_1)
                                         _091_ (net)
                  0.23    0.00    2.07 ^ _216_/B (sky130_fd_sc_hd__and2b_2)
     1    0.00    0.03    0.17    2.25 ^ _216_/X (sky130_fd_sc_hd__and2b_2)
                                         _092_ (net)
                  0.03    0.00    2.25 ^ _217_/A (sky130_fd_sc_hd__buf_1)
     1    0.00    0.04    0.07    2.32 ^ _217_/X (sky130_fd_sc_hd__buf_1)
                                         _000_ (net)
                  0.04    0.00    2.32 ^ _375_/D (sky130_fd_sc_hd__dfrtp_2)
                                  2.32   data arrival time

                  0.00   10.00   10.00   clock core_clock (rise edge)
                          0.00   10.00   clock network delay (ideal)
                          0.00   10.00   clock reconvergence pessimism
                                 10.00 ^ _375_/CLK (sky130_fd_sc_hd__dfrtp_2)
                         -0.07    9.93   library setup time
                                  9.93   data required time
-----------------------------------------------------------------------------
                                  9.93   data required time
                                 -2.32   data arrival time
-----------------------------------------------------------------------------
                                  7.62   slack (MET)


Startpoint: _375_ (rising edge-triggered flip-flop clocked by core_clock)
Endpoint: _384_ (rising edge-triggered flip-flop clocked by core_clock)
Path Group: core_clock
Path Type: max

Fanout     Cap    Slew   Delay    Time   Description
-----------------------------------------------------------------------------
                  0.00    0.00    0.00   clock core_clock (rise edge)
                          0.00    0.00   clock network delay (ideal)
                  0.00    0.00    0.00 ^ _375_/CLK (sky130_fd_sc_hd__dfrtp_2)
     7    0.02    0.08    0.41    0.41 v _375_/Q (sky130_fd_sc_hd__dfrtp_2)
                                         one_second_counter[0] (net)
                  0.08    0.00    0.41 v _182_/D (sky130_fd_sc_hd__and4_2)
    10    0.02    0.08    0.29    0.70 v _182_/X (sky130_fd_sc_hd__and4_2)
                                         _064_ (net)
                  0.08    0.00    0.70 v _184_/A (sky130_fd_sc_hd__and2_2)
     1    0.00    0.03    0.17    0.87 v _184_/X (sky130_fd_sc_hd__and2_2)
                                         _066_ (net)
                  0.03    0.00    0.87 v _185_/A (sky130_fd_sc_hd__buf_1)
     9    0.02    0.14    0.18    1.05 v _185_/X (sky130_fd_sc_hd__buf_1)
                                         _067_ (net)
                  0.14    0.00    1.05 v _211_/A2 (sky130_fd_sc_hd__o311a_2)
     1    0.00    0.06    0.41    1.46 v _211_/X (sky130_fd_sc_hd__o311a_2)
                                         _087_ (net)
                  0.06    0.00    1.46 v _214_/A2 (sky130_fd_sc_hd__o31ai_2)
     9    0.01    0.37    0.36    1.82 ^ _214_/Y (sky130_fd_sc_hd__o31ai_2)
                                         _090_ (net)
                  0.37    0.00    1.82 ^ _248_/A (sky130_fd_sc_hd__buf_1)
    10    0.01    0.18    0.22    2.04 ^ _248_/X (sky130_fd_sc_hd__buf_1)
                                         _115_ (net)
                  0.18    0.00    2.04 ^ _251_/A (sky130_fd_sc_hd__and3_2)
     1    0.00    0.04    0.19    2.23 ^ _251_/X (sky130_fd_sc_hd__and3_2)
                                         _118_ (net)
                  0.04    0.00    2.23 ^ _252_/A (sky130_fd_sc_hd__buf_1)
     1    0.00    0.04    0.07    2.31 ^ _252_/X (sky130_fd_sc_hd__buf_1)
                                         _026_ (net)
                  0.04    0.00    2.31 ^ _384_/D (sky130_fd_sc_hd__dfrtp_2)
                                  2.31   data arrival time

                  0.00   10.00   10.00   clock core_clock (rise edge)
                          0.00   10.00   clock network delay (ideal)
                          0.00   10.00   clock reconvergence pessimism
                                 10.00 ^ _384_/CLK (sky130_fd_sc_hd__dfrtp_2)
                         -0.07    9.93   library setup time
                                  9.93   data required time
-----------------------------------------------------------------------------
                                  9.93   data required time
                                 -2.31   data arrival time
-----------------------------------------------------------------------------
                                  7.63   slack (MET)


Startpoint: _375_ (rising edge-triggered flip-flop clocked by core_clock)
Endpoint: _385_ (rising edge-triggered flip-flop clocked by core_clock)
Path Group: core_clock
Path Type: max

Fanout     Cap    Slew   Delay    Time   Description
-----------------------------------------------------------------------------
                  0.00    0.00    0.00   clock core_clock (rise edge)
                          0.00    0.00   clock network delay (ideal)
                  0.00    0.00    0.00 ^ _375_/CLK (sky130_fd_sc_hd__dfrtp_2)
     7    0.02    0.08    0.41    0.41 v _375_/Q (sky130_fd_sc_hd__dfrtp_2)
                                         one_second_counter[0] (net)
                  0.08    0.00    0.41 v _182_/D (sky130_fd_sc_hd__and4_2)
    10    0.02    0.08    0.29    0.70 v _182_/X (sky130_fd_sc_hd__and4_2)
                                         _064_ (net)
                  0.08    0.00    0.70 v _184_/A (sky130_fd_sc_hd__and2_2)
     1    0.00    0.03    0.17    0.87 v _184_/X (sky130_fd_sc_hd__and2_2)
                                         _066_ (net)
                  0.03    0.00    0.87 v _185_/A (sky130_fd_sc_hd__buf_1)
     9    0.02    0.14    0.18    1.05 v _185_/X (sky130_fd_sc_hd__buf_1)
                                         _067_ (net)
                  0.14    0.00    1.05 v _211_/A2 (sky130_fd_sc_hd__o311a_2)
     1    0.00    0.06    0.41    1.46 v _211_/X (sky130_fd_sc_hd__o311a_2)
                                         _087_ (net)
                  0.06    0.00    1.46 v _214_/A2 (sky130_fd_sc_hd__o31ai_2)
     9    0.01    0.37    0.36    1.82 ^ _214_/Y (sky130_fd_sc_hd__o31ai_2)
                                         _090_ (net)
                  0.37    0.00    1.82 ^ _248_/A (sky130_fd_sc_hd__buf_1)
    10    0.01    0.18    0.22    2.04 ^ _248_/X (sky130_fd_sc_hd__buf_1)
                                         _115_ (net)
                  0.18    0.00    2.04 ^ _255_/A (sky130_fd_sc_hd__and3_2)
     1    0.00    0.04    0.19    2.23 ^ _255_/X (sky130_fd_sc_hd__and3_2)
                                         _121_ (net)
                  0.04    0.00    2.23 ^ _256_/A (sky130_fd_sc_hd__buf_1)
     1    0.00    0.04    0.07    2.31 ^ _256_/X (sky130_fd_sc_hd__buf_1)
                                         _001_ (net)
                  0.04    0.00    2.31 ^ _385_/D (sky130_fd_sc_hd__dfrtp_2)
                                  2.31   data arrival time

                  0.00   10.00   10.00   clock core_clock (rise edge)
                          0.00   10.00   clock network delay (ideal)
                          0.00   10.00   clock reconvergence pessimism
                                 10.00 ^ _385_/CLK (sky130_fd_sc_hd__dfrtp_2)
                         -0.07    9.93   library setup time
                                  9.93   data required time
-----------------------------------------------------------------------------
                                  9.93   data required time
                                 -2.31   data arrival time
-----------------------------------------------------------------------------
                                  7.63   slack (MET)


Startpoint: _375_ (rising edge-triggered flip-flop clocked by core_clock)
Endpoint: _386_ (rising edge-triggered flip-flop clocked by core_clock)
Path Group: core_clock
Path Type: max

Fanout     Cap    Slew   Delay    Time   Description
-----------------------------------------------------------------------------
                  0.00    0.00    0.00   clock core_clock (rise edge)
                          0.00    0.00   clock network delay (ideal)
                  0.00    0.00    0.00 ^ _375_/CLK (sky130_fd_sc_hd__dfrtp_2)
     7    0.02    0.08    0.41    0.41 v _375_/Q (sky130_fd_sc_hd__dfrtp_2)
                                         one_second_counter[0] (net)
                  0.08    0.00    0.41 v _182_/D (sky130_fd_sc_hd__and4_2)
    10    0.02    0.08    0.29    0.70 v _182_/X (sky130_fd_sc_hd__and4_2)
                                         _064_ (net)
                  0.08    0.00    0.70 v _184_/A (sky130_fd_sc_hd__and2_2)
     1    0.00    0.03    0.17    0.87 v _184_/X (sky130_fd_sc_hd__and2_2)
                                         _066_ (net)
                  0.03    0.00    0.87 v _185_/A (sky130_fd_sc_hd__buf_1)
     9    0.02    0.14    0.18    1.05 v _185_/X (sky130_fd_sc_hd__buf_1)
                                         _067_ (net)
                  0.14    0.00    1.05 v _211_/A2 (sky130_fd_sc_hd__o311a_2)
     1    0.00    0.06    0.41    1.46 v _211_/X (sky130_fd_sc_hd__o311a_2)
                                         _087_ (net)
                  0.06    0.00    1.46 v _214_/A2 (sky130_fd_sc_hd__o31ai_2)
     9    0.01    0.37    0.36    1.82 ^ _214_/Y (sky130_fd_sc_hd__o31ai_2)
                                         _090_ (net)
                  0.37    0.00    1.82 ^ _248_/A (sky130_fd_sc_hd__buf_1)
    10    0.01    0.18    0.22    2.04 ^ _248_/X (sky130_fd_sc_hd__buf_1)
                                         _115_ (net)
                  0.18    0.00    2.04 ^ _261_/A (sky130_fd_sc_hd__and3_2)
     1    0.00    0.04    0.19    2.23 ^ _261_/X (sky130_fd_sc_hd__and3_2)
                                         _126_ (net)
                  0.04    0.00    2.23 ^ _262_/A (sky130_fd_sc_hd__buf_1)
     1    0.00    0.04    0.07    2.31 ^ _262_/X (sky130_fd_sc_hd__buf_1)
                                         _002_ (net)
                  0.04    0.00    2.31 ^ _386_/D (sky130_fd_sc_hd__dfrtp_2)
                                  2.31   data arrival time

                  0.00   10.00   10.00   clock core_clock (rise edge)
                          0.00   10.00   clock network delay (ideal)
                          0.00   10.00   clock reconvergence pessimism
                                 10.00 ^ _386_/CLK (sky130_fd_sc_hd__dfrtp_2)
                         -0.07    9.93   library setup time
                                  9.93   data required time
-----------------------------------------------------------------------------
                                  9.93   data required time
                                 -2.31   data arrival time
-----------------------------------------------------------------------------
                                  7.63   slack (MET)


Startpoint: _375_ (rising edge-triggered flip-flop clocked by core_clock)
Endpoint: _387_ (rising edge-triggered flip-flop clocked by core_clock)
Path Group: core_clock
Path Type: max

Fanout     Cap    Slew   Delay    Time   Description
-----------------------------------------------------------------------------
                  0.00    0.00    0.00   clock core_clock (rise edge)
                          0.00    0.00   clock network delay (ideal)
                  0.00    0.00    0.00 ^ _375_/CLK (sky130_fd_sc_hd__dfrtp_2)
     7    0.02    0.08    0.41    0.41 v _375_/Q (sky130_fd_sc_hd__dfrtp_2)
                                         one_second_counter[0] (net)
                  0.08    0.00    0.41 v _182_/D (sky130_fd_sc_hd__and4_2)
    10    0.02    0.08    0.29    0.70 v _182_/X (sky130_fd_sc_hd__and4_2)
                                         _064_ (net)
                  0.08    0.00    0.70 v _184_/A (sky130_fd_sc_hd__and2_2)
     1    0.00    0.03    0.17    0.87 v _184_/X (sky130_fd_sc_hd__and2_2)
                                         _066_ (net)
                  0.03    0.00    0.87 v _185_/A (sky130_fd_sc_hd__buf_1)
     9    0.02    0.14    0.18    1.05 v _185_/X (sky130_fd_sc_hd__buf_1)
                                         _067_ (net)
                  0.14    0.00    1.05 v _211_/A2 (sky130_fd_sc_hd__o311a_2)
     1    0.00    0.06    0.41    1.46 v _211_/X (sky130_fd_sc_hd__o311a_2)
                                         _087_ (net)
                  0.06    0.00    1.46 v _214_/A2 (sky130_fd_sc_hd__o31ai_2)
     9    0.01    0.37    0.36    1.82 ^ _214_/Y (sky130_fd_sc_hd__o31ai_2)
                                         _090_ (net)
                  0.37    0.00    1.82 ^ _248_/A (sky130_fd_sc_hd__buf_1)
    10    0.01    0.18    0.22    2.04 ^ _248_/X (sky130_fd_sc_hd__buf_1)
                                         _115_ (net)
                  0.18    0.00    2.04 ^ _265_/A (sky130_fd_sc_hd__and3_2)
     1    0.00    0.04    0.19    2.23 ^ _265_/X (sky130_fd_sc_hd__and3_2)
                                         _129_ (net)
                  0.04    0.00    2.23 ^ _266_/A (sky130_fd_sc_hd__buf_1)
     1    0.00    0.04    0.07    2.31 ^ _266_/X (sky130_fd_sc_hd__buf_1)
                                         _003_ (net)
                  0.04    0.00    2.31 ^ _387_/D (sky130_fd_sc_hd__dfrtp_2)
                                  2.31   data arrival time

                  0.00   10.00   10.00   clock core_clock (rise edge)
                          0.00   10.00   clock network delay (ideal)
                          0.00   10.00   clock reconvergence pessimism
                                 10.00 ^ _387_/CLK (sky130_fd_sc_hd__dfrtp_2)
                         -0.07    9.93   library setup time
                                  9.93   data required time
-----------------------------------------------------------------------------
                                  9.93   data required time
                                 -2.31   data arrival time
-----------------------------------------------------------------------------
                                  7.63   slack (MET)


Startpoint: _375_ (rising edge-triggered flip-flop clocked by core_clock)
Endpoint: _388_ (rising edge-triggered flip-flop clocked by core_clock)
Path Group: core_clock
Path Type: max

Fanout     Cap    Slew   Delay    Time   Description
-----------------------------------------------------------------------------
                  0.00    0.00    0.00   clock core_clock (rise edge)
                          0.00    0.00   clock network delay (ideal)
                  0.00    0.00    0.00 ^ _375_/CLK (sky130_fd_sc_hd__dfrtp_2)
     7    0.02    0.08    0.41    0.41 v _375_/Q (sky130_fd_sc_hd__dfrtp_2)
                                         one_second_counter[0] (net)
                  0.08    0.00    0.41 v _182_/D (sky130_fd_sc_hd__and4_2)
    10    0.02    0.08    0.29    0.70 v _182_/X (sky130_fd_sc_hd__and4_2)
                                         _064_ (net)
                  0.08    0.00    0.70 v _184_/A (sky130_fd_sc_hd__and2_2)
     1    0.00    0.03    0.17    0.87 v _184_/X (sky130_fd_sc_hd__and2_2)
                                         _066_ (net)
                  0.03    0.00    0.87 v _185_/A (sky130_fd_sc_hd__buf_1)
     9    0.02    0.14    0.18    1.05 v _185_/X (sky130_fd_sc_hd__buf_1)
                                         _067_ (net)
                  0.14    0.00    1.05 v _211_/A2 (sky130_fd_sc_hd__o311a_2)
     1    0.00    0.06    0.41    1.46 v _211_/X (sky130_fd_sc_hd__o311a_2)
                                         _087_ (net)
                  0.06    0.00    1.46 v _214_/A2 (sky130_fd_sc_hd__o31ai_2)
     9    0.01    0.37    0.36    1.82 ^ _214_/Y (sky130_fd_sc_hd__o31ai_2)
                                         _090_ (net)
                  0.37    0.00    1.82 ^ _248_/A (sky130_fd_sc_hd__buf_1)
    10    0.01    0.18    0.22    2.04 ^ _248_/X (sky130_fd_sc_hd__buf_1)
                                         _115_ (net)
                  0.18    0.00    2.04 ^ _270_/A (sky130_fd_sc_hd__and3_2)
     1    0.00    0.04    0.19    2.23 ^ _270_/X (sky130_fd_sc_hd__and3_2)
                                         _133_ (net)
                  0.04    0.00    2.23 ^ _271_/A (sky130_fd_sc_hd__buf_1)
     1    0.00    0.04    0.07    2.31 ^ _271_/X (sky130_fd_sc_hd__buf_1)
                                         _004_ (net)
                  0.04    0.00    2.31 ^ _388_/D (sky130_fd_sc_hd__dfrtp_2)
                                  2.31   data arrival time

                  0.00   10.00   10.00   clock core_clock (rise edge)
                          0.00   10.00   clock network delay (ideal)
                          0.00   10.00   clock reconvergence pessimism
                                 10.00 ^ _388_/CLK (sky130_fd_sc_hd__dfrtp_2)
                         -0.07    9.93   library setup time
                                  9.93   data required time
-----------------------------------------------------------------------------
                                  9.93   data required time
                                 -2.31   data arrival time
-----------------------------------------------------------------------------
                                  7.63   slack (MET)


Startpoint: _375_ (rising edge-triggered flip-flop clocked by core_clock)
Endpoint: _389_ (rising edge-triggered flip-flop clocked by core_clock)
Path Group: core_clock
Path Type: max

Fanout     Cap    Slew   Delay    Time   Description
-----------------------------------------------------------------------------
                  0.00    0.00    0.00   clock core_clock (rise edge)
                          0.00    0.00   clock network delay (ideal)
                  0.00    0.00    0.00 ^ _375_/CLK (sky130_fd_sc_hd__dfrtp_2)
     7    0.02    0.08    0.41    0.41 v _375_/Q (sky130_fd_sc_hd__dfrtp_2)
                                         one_second_counter[0] (net)
                  0.08    0.00    0.41 v _182_/D (sky130_fd_sc_hd__and4_2)
    10    0.02    0.08    0.29    0.70 v _182_/X (sky130_fd_sc_hd__and4_2)
                                         _064_ (net)
                  0.08    0.00    0.70 v _184_/A (sky130_fd_sc_hd__and2_2)
     1    0.00    0.03    0.17    0.87 v _184_/X (sky130_fd_sc_hd__and2_2)
                                         _066_ (net)
                  0.03    0.00    0.87 v _185_/A (sky130_fd_sc_hd__buf_1)
     9    0.02    0.14    0.18    1.05 v _185_/X (sky130_fd_sc_hd__buf_1)
                                         _067_ (net)
                  0.14    0.00    1.05 v _211_/A2 (sky130_fd_sc_hd__o311a_2)
     1    0.00    0.06    0.41    1.46 v _211_/X (sky130_fd_sc_hd__o311a_2)
                                         _087_ (net)
                  0.06    0.00    1.46 v _214_/A2 (sky130_fd_sc_hd__o31ai_2)
     9    0.01    0.37    0.36    1.82 ^ _214_/Y (sky130_fd_sc_hd__o31ai_2)
                                         _090_ (net)
                  0.37    0.00    1.82 ^ _248_/A (sky130_fd_sc_hd__buf_1)
    10    0.01    0.18    0.22    2.04 ^ _248_/X (sky130_fd_sc_hd__buf_1)
                                         _115_ (net)
                  0.18    0.00    2.04 ^ _275_/A (sky130_fd_sc_hd__and3_2)
     1    0.00    0.04    0.19    2.23 ^ _275_/X (sky130_fd_sc_hd__and3_2)
                                         _137_ (net)
                  0.04    0.00    2.23 ^ _276_/A (sky130_fd_sc_hd__buf_1)
     1    0.00    0.04    0.07    2.31 ^ _276_/X (sky130_fd_sc_hd__buf_1)
                                         _005_ (net)
                  0.04    0.00    2.31 ^ _389_/D (sky130_fd_sc_hd__dfrtp_2)
                                  2.31   data arrival time

                  0.00   10.00   10.00   clock core_clock (rise edge)
                          0.00   10.00   clock network delay (ideal)
                          0.00   10.00   clock reconvergence pessimism
                                 10.00 ^ _389_/CLK (sky130_fd_sc_hd__dfrtp_2)
                         -0.07    9.93   library setup time
                                  9.93   data required time
-----------------------------------------------------------------------------
                                  9.93   data required time
                                 -2.31   data arrival time
-----------------------------------------------------------------------------
                                  7.63   slack (MET)


Startpoint: _375_ (rising edge-triggered flip-flop clocked by core_clock)
Endpoint: _392_ (rising edge-triggered flip-flop clocked by core_clock)
Path Group: core_clock
Path Type: max

Fanout     Cap    Slew   Delay    Time   Description
-----------------------------------------------------------------------------
                  0.00    0.00    0.00   clock core_clock (rise edge)
                          0.00    0.00   clock network delay (ideal)
                  0.00    0.00    0.00 ^ _375_/CLK (sky130_fd_sc_hd__dfrtp_2)
     7    0.02    0.08    0.41    0.41 v _375_/Q (sky130_fd_sc_hd__dfrtp_2)
                                         one_second_counter[0] (net)
                  0.08    0.00    0.41 v _182_/D (sky130_fd_sc_hd__and4_2)
    10    0.02    0.08    0.29    0.70 v _182_/X (sky130_fd_sc_hd__and4_2)
                                         _064_ (net)
                  0.08    0.00    0.70 v _184_/A (sky130_fd_sc_hd__and2_2)
     1    0.00    0.03    0.17    0.87 v _184_/X (sky130_fd_sc_hd__and2_2)
                                         _066_ (net)
                  0.03    0.00    0.87 v _185_/A (sky130_fd_sc_hd__buf_1)
     9    0.02    0.14    0.18    1.05 v _185_/X (sky130_fd_sc_hd__buf_1)
                                         _067_ (net)
                  0.14    0.00    1.05 v _211_/A2 (sky130_fd_sc_hd__o311a_2)
     1    0.00    0.06    0.41    1.46 v _211_/X (sky130_fd_sc_hd__o311a_2)
                                         _087_ (net)
                  0.06    0.00    1.46 v _214_/A2 (sky130_fd_sc_hd__o31ai_2)
     9    0.01    0.37    0.36    1.82 ^ _214_/Y (sky130_fd_sc_hd__o31ai_2)
                                         _090_ (net)
                  0.37    0.00    1.82 ^ _248_/A (sky130_fd_sc_hd__buf_1)
    10    0.01    0.18    0.22    2.04 ^ _248_/X (sky130_fd_sc_hd__buf_1)
                                         _115_ (net)
                  0.18    0.00    2.04 ^ _289_/A (sky130_fd_sc_hd__and3_2)
     1    0.00    0.04    0.19    2.23 ^ _289_/X (sky130_fd_sc_hd__and3_2)
                                         _148_ (net)
                  0.04    0.00    2.23 ^ _290_/A (sky130_fd_sc_hd__buf_1)
     1    0.00    0.04    0.07    2.31 ^ _290_/X (sky130_fd_sc_hd__buf_1)
                                         _008_ (net)
                  0.04    0.00    2.31 ^ _392_/D (sky130_fd_sc_hd__dfrtp_2)
                                  2.31   data arrival time

                  0.00   10.00   10.00   clock core_clock (rise edge)
                          0.00   10.00   clock network delay (ideal)
                          0.00   10.00   clock reconvergence pessimism
                                 10.00 ^ _392_/CLK (sky130_fd_sc_hd__dfrtp_2)
                         -0.07    9.93   library setup time
                                  9.93   data required time
-----------------------------------------------------------------------------
                                  9.93   data required time
                                 -2.31   data arrival time
-----------------------------------------------------------------------------
                                  7.63   slack (MET)


Startpoint: _375_ (rising edge-triggered flip-flop clocked by core_clock)
Endpoint: _393_ (rising edge-triggered flip-flop clocked by core_clock)
Path Group: core_clock
Path Type: max

Fanout     Cap    Slew   Delay    Time   Description
-----------------------------------------------------------------------------
                  0.00    0.00    0.00   clock core_clock (rise edge)
                          0.00    0.00   clock network delay (ideal)
                  0.00    0.00    0.00 ^ _375_/CLK (sky130_fd_sc_hd__dfrtp_2)
     7    0.02    0.08    0.41    0.41 v _375_/Q (sky130_fd_sc_hd__dfrtp_2)
                                         one_second_counter[0] (net)
                  0.08    0.00    0.41 v _182_/D (sky130_fd_sc_hd__and4_2)
    10    0.02    0.08    0.29    0.70 v _182_/X (sky130_fd_sc_hd__and4_2)
                                         _064_ (net)
                  0.08    0.00    0.70 v _184_/A (sky130_fd_sc_hd__and2_2)
     1    0.00    0.03    0.17    0.87 v _184_/X (sky130_fd_sc_hd__and2_2)
                                         _066_ (net)
                  0.03    0.00    0.87 v _185_/A (sky130_fd_sc_hd__buf_1)
     9    0.02    0.14    0.18    1.05 v _185_/X (sky130_fd_sc_hd__buf_1)
                                         _067_ (net)
                  0.14    0.00    1.05 v _211_/A2 (sky130_fd_sc_hd__o311a_2)
     1    0.00    0.06    0.41    1.46 v _211_/X (sky130_fd_sc_hd__o311a_2)
                                         _087_ (net)
                  0.06    0.00    1.46 v _214_/A2 (sky130_fd_sc_hd__o31ai_2)
     9    0.01    0.37    0.36    1.82 ^ _214_/Y (sky130_fd_sc_hd__o31ai_2)
                                         _090_ (net)
                  0.37    0.00    1.82 ^ _248_/A (sky130_fd_sc_hd__buf_1)
    10    0.01    0.18    0.22    2.04 ^ _248_/X (sky130_fd_sc_hd__buf_1)
                                         _115_ (net)
                  0.18    0.00    2.04 ^ _293_/A (sky130_fd_sc_hd__and3_2)
     1    0.00    0.04    0.19    2.23 ^ _293_/X (sky130_fd_sc_hd__and3_2)
                                         _151_ (net)
                  0.04    0.00    2.23 ^ _294_/A (sky130_fd_sc_hd__buf_1)
     1    0.00    0.04    0.07    2.31 ^ _294_/X (sky130_fd_sc_hd__buf_1)
                                         _009_ (net)
                  0.04    0.00    2.31 ^ _393_/D (sky130_fd_sc_hd__dfrtp_2)
                                  2.31   data arrival time

                  0.00   10.00   10.00   clock core_clock (rise edge)
                          0.00   10.00   clock network delay (ideal)
                          0.00   10.00   clock reconvergence pessimism
                                 10.00 ^ _393_/CLK (sky130_fd_sc_hd__dfrtp_2)
                         -0.07    9.93   library setup time
                                  9.93   data required time
-----------------------------------------------------------------------------
                                  9.93   data required time
                                 -2.31   data arrival time
-----------------------------------------------------------------------------
                                  7.63   slack (MET)


Startpoint: _375_ (rising edge-triggered flip-flop clocked by core_clock)
Endpoint: _394_ (rising edge-triggered flip-flop clocked by core_clock)
Path Group: core_clock
Path Type: max

Fanout     Cap    Slew   Delay    Time   Description
-----------------------------------------------------------------------------
                  0.00    0.00    0.00   clock core_clock (rise edge)
                          0.00    0.00   clock network delay (ideal)
                  0.00    0.00    0.00 ^ _375_/CLK (sky130_fd_sc_hd__dfrtp_2)
     7    0.02    0.08    0.41    0.41 v _375_/Q (sky130_fd_sc_hd__dfrtp_2)
                                         one_second_counter[0] (net)
                  0.08    0.00    0.41 v _182_/D (sky130_fd_sc_hd__and4_2)
    10    0.02    0.08    0.29    0.70 v _182_/X (sky130_fd_sc_hd__and4_2)
                                         _064_ (net)
                  0.08    0.00    0.70 v _184_/A (sky130_fd_sc_hd__and2_2)
     1    0.00    0.03    0.17    0.87 v _184_/X (sky130_fd_sc_hd__and2_2)
                                         _066_ (net)
                  0.03    0.00    0.87 v _185_/A (sky130_fd_sc_hd__buf_1)
     9    0.02    0.14    0.18    1.05 v _185_/X (sky130_fd_sc_hd__buf_1)
                                         _067_ (net)
                  0.14    0.00    1.05 v _211_/A2 (sky130_fd_sc_hd__o311a_2)
     1    0.00    0.06    0.41    1.46 v _211_/X (sky130_fd_sc_hd__o311a_2)
                                         _087_ (net)
                  0.06    0.00    1.46 v _214_/A2 (sky130_fd_sc_hd__o31ai_2)
     9    0.01    0.37    0.36    1.82 ^ _214_/Y (sky130_fd_sc_hd__o31ai_2)
                                         _090_ (net)
                  0.37    0.00    1.82 ^ _248_/A (sky130_fd_sc_hd__buf_1)
    10    0.01    0.18    0.22    2.04 ^ _248_/X (sky130_fd_sc_hd__buf_1)
                                         _115_ (net)
                  0.18    0.00    2.04 ^ _298_/A (sky130_fd_sc_hd__and3_2)
     1    0.00    0.04    0.19    2.23 ^ _298_/X (sky130_fd_sc_hd__and3_2)
                                         _155_ (net)
                  0.04    0.00    2.23 ^ _299_/A (sky130_fd_sc_hd__buf_1)
     1    0.00    0.04    0.07    2.31 ^ _299_/X (sky130_fd_sc_hd__buf_1)
                                         _010_ (net)
                  0.04    0.00    2.31 ^ _394_/D (sky130_fd_sc_hd__dfrtp_2)
                                  2.31   data arrival time

                  0.00   10.00   10.00   clock core_clock (rise edge)
                          0.00   10.00   clock network delay (ideal)
                          0.00   10.00   clock reconvergence pessimism
                                 10.00 ^ _394_/CLK (sky130_fd_sc_hd__dfrtp_2)
                         -0.07    9.93   library setup time
                                  9.93   data required time
-----------------------------------------------------------------------------
                                  9.93   data required time
                                 -2.31   data arrival time
-----------------------------------------------------------------------------
                                  7.63   slack (MET)


Startpoint: _375_ (rising edge-triggered flip-flop clocked by core_clock)
Endpoint: _396_ (rising edge-triggered flip-flop clocked by core_clock)
Path Group: core_clock
Path Type: max

Fanout     Cap    Slew   Delay    Time   Description
-----------------------------------------------------------------------------
                  0.00    0.00    0.00   clock core_clock (rise edge)
                          0.00    0.00   clock network delay (ideal)
                  0.00    0.00    0.00 ^ _375_/CLK (sky130_fd_sc_hd__dfrtp_2)
     7    0.02    0.08    0.41    0.41 v _375_/Q (sky130_fd_sc_hd__dfrtp_2)
                                         one_second_counter[0] (net)
                  0.08    0.00    0.41 v _182_/D (sky130_fd_sc_hd__and4_2)
    10    0.02    0.08    0.29    0.70 v _182_/X (sky130_fd_sc_hd__and4_2)
                                         _064_ (net)
                  0.08    0.00    0.70 v _184_/A (sky130_fd_sc_hd__and2_2)
     1    0.00    0.03    0.17    0.87 v _184_/X (sky130_fd_sc_hd__and2_2)
                                         _066_ (net)
                  0.03    0.00    0.87 v _185_/A (sky130_fd_sc_hd__buf_1)
     9    0.02    0.14    0.18    1.05 v _185_/X (sky130_fd_sc_hd__buf_1)
                                         _067_ (net)
                  0.14    0.00    1.05 v _211_/A2 (sky130_fd_sc_hd__o311a_2)
     1    0.00    0.06    0.41    1.46 v _211_/X (sky130_fd_sc_hd__o311a_2)
                                         _087_ (net)
                  0.06    0.00    1.46 v _214_/A2 (sky130_fd_sc_hd__o31ai_2)
     9    0.01    0.37    0.36    1.82 ^ _214_/Y (sky130_fd_sc_hd__o31ai_2)
                                         _090_ (net)
                  0.37    0.00    1.82 ^ _248_/A (sky130_fd_sc_hd__buf_1)
    10    0.01    0.18    0.22    2.04 ^ _248_/X (sky130_fd_sc_hd__buf_1)
                                         _115_ (net)
                  0.18    0.00    2.04 ^ _305_/A (sky130_fd_sc_hd__and3_2)
     1    0.00    0.04    0.19    2.23 ^ _305_/X (sky130_fd_sc_hd__and3_2)
                                         _160_ (net)
                  0.04    0.00    2.23 ^ _306_/A (sky130_fd_sc_hd__buf_1)
     1    0.00    0.04    0.07    2.31 ^ _306_/X (sky130_fd_sc_hd__buf_1)
                                         _013_ (net)
                  0.04    0.00    2.31 ^ _396_/D (sky130_fd_sc_hd__dfrtp_2)
                                  2.31   data arrival time

                  0.00   10.00   10.00   clock core_clock (rise edge)
                          0.00   10.00   clock network delay (ideal)
                          0.00   10.00   clock reconvergence pessimism
                                 10.00 ^ _396_/CLK (sky130_fd_sc_hd__dfrtp_2)
                         -0.07    9.93   library setup time
                                  9.93   data required time
-----------------------------------------------------------------------------
                                  9.93   data required time
                                 -2.31   data arrival time
-----------------------------------------------------------------------------
                                  7.63   slack (MET)


Startpoint: _375_ (rising edge-triggered flip-flop clocked by core_clock)
Endpoint: _399_ (rising edge-triggered flip-flop clocked by core_clock)
Path Group: core_clock
Path Type: max

Fanout     Cap    Slew   Delay    Time   Description
-----------------------------------------------------------------------------
                  0.00    0.00    0.00   clock core_clock (rise edge)
                          0.00    0.00   clock network delay (ideal)
                  0.00    0.00    0.00 ^ _375_/CLK (sky130_fd_sc_hd__dfrtp_2)
     7    0.02    0.08    0.41    0.41 v _375_/Q (sky130_fd_sc_hd__dfrtp_2)
                                         one_second_counter[0] (net)
                  0.08    0.00    0.41 v _182_/D (sky130_fd_sc_hd__and4_2)
    10    0.02    0.08    0.29    0.70 v _182_/X (sky130_fd_sc_hd__and4_2)
                                         _064_ (net)
                  0.08    0.00    0.70 v _184_/A (sky130_fd_sc_hd__and2_2)
     1    0.00    0.03    0.17    0.87 v _184_/X (sky130_fd_sc_hd__and2_2)
                                         _066_ (net)
                  0.03    0.00    0.87 v _185_/A (sky130_fd_sc_hd__buf_1)
     9    0.02    0.14    0.18    1.05 v _185_/X (sky130_fd_sc_hd__buf_1)
                                         _067_ (net)
                  0.14    0.00    1.05 v _211_/A2 (sky130_fd_sc_hd__o311a_2)
     1    0.00    0.06    0.41    1.46 v _211_/X (sky130_fd_sc_hd__o311a_2)
                                         _087_ (net)
                  0.06    0.00    1.46 v _214_/A2 (sky130_fd_sc_hd__o31ai_2)
     9    0.01    0.37    0.36    1.82 ^ _214_/Y (sky130_fd_sc_hd__o31ai_2)
                                         _090_ (net)
                  0.37    0.00    1.82 ^ _215_/A (sky130_fd_sc_hd__buf_1)
    10    0.02    0.23    0.26    2.07 ^ _215_/X (sky130_fd_sc_hd__buf_1)
                                         _091_ (net)
                  0.23    0.00    2.07 ^ _317_/C1 (sky130_fd_sc_hd__o221a_2)
     1    0.00    0.04    0.21    2.29 ^ _317_/X (sky130_fd_sc_hd__o221a_2)
                                         _016_ (net)
                  0.04    0.00    2.29 ^ _399_/D (sky130_fd_sc_hd__dfrtp_2)
                                  2.29   data arrival time

                  0.00   10.00   10.00   clock core_clock (rise edge)
                          0.00   10.00   clock network delay (ideal)
                          0.00   10.00   clock reconvergence pessimism
                                 10.00 ^ _399_/CLK (sky130_fd_sc_hd__dfrtp_2)
                         -0.07    9.93   library setup time
                                  9.93   data required time
-----------------------------------------------------------------------------
                                  9.93   data required time
                                 -2.29   data arrival time
-----------------------------------------------------------------------------
                                  7.65   slack (MET)


Startpoint: _375_ (rising edge-triggered flip-flop clocked by core_clock)
Endpoint: _398_ (rising edge-triggered flip-flop clocked by core_clock)
Path Group: core_clock
Path Type: max

Fanout     Cap    Slew   Delay    Time   Description
-----------------------------------------------------------------------------
                  0.00    0.00    0.00   clock core_clock (rise edge)
                          0.00    0.00   clock network delay (ideal)
                  0.00    0.00    0.00 ^ _375_/CLK (sky130_fd_sc_hd__dfrtp_2)
     7    0.02    0.08    0.41    0.41 v _375_/Q (sky130_fd_sc_hd__dfrtp_2)
                                         one_second_counter[0] (net)
                  0.08    0.00    0.41 v _182_/D (sky130_fd_sc_hd__and4_2)
    10    0.02    0.08    0.29    0.70 v _182_/X (sky130_fd_sc_hd__and4_2)
                                         _064_ (net)
                  0.08    0.00    0.70 v _184_/A (sky130_fd_sc_hd__and2_2)
     1    0.00    0.03    0.17    0.87 v _184_/X (sky130_fd_sc_hd__and2_2)
                                         _066_ (net)
                  0.03    0.00    0.87 v _185_/A (sky130_fd_sc_hd__buf_1)
     9    0.02    0.14    0.18    1.05 v _185_/X (sky130_fd_sc_hd__buf_1)
                                         _067_ (net)
                  0.14    0.00    1.05 v _211_/A2 (sky130_fd_sc_hd__o311a_2)
     1    0.00    0.06    0.41    1.46 v _211_/X (sky130_fd_sc_hd__o311a_2)
                                         _087_ (net)
                  0.06    0.00    1.46 v _214_/A2 (sky130_fd_sc_hd__o31ai_2)
     9    0.01    0.37    0.36    1.82 ^ _214_/Y (sky130_fd_sc_hd__o31ai_2)
                                         _090_ (net)
                  0.37    0.00    1.82 ^ _215_/A (sky130_fd_sc_hd__buf_1)
    10    0.02    0.23    0.26    2.07 ^ _215_/X (sky130_fd_sc_hd__buf_1)
                                         _091_ (net)
                  0.23    0.00    2.07 ^ _314_/C1 (sky130_fd_sc_hd__o221a_2)
     1    0.00    0.04    0.21    2.29 ^ _314_/X (sky130_fd_sc_hd__o221a_2)
                                         _015_ (net)
                  0.04    0.00    2.29 ^ _398_/D (sky130_fd_sc_hd__dfrtp_2)
                                  2.29   data arrival time

                  0.00   10.00   10.00   clock core_clock (rise edge)
                          0.00   10.00   clock network delay (ideal)
                          0.00   10.00   clock reconvergence pessimism
                                 10.00 ^ _398_/CLK (sky130_fd_sc_hd__dfrtp_2)
                         -0.07    9.93   library setup time
                                  9.93   data required time
-----------------------------------------------------------------------------
                                  9.93   data required time
                                 -2.29   data arrival time
-----------------------------------------------------------------------------
                                  7.65   slack (MET)


Startpoint: _375_ (rising edge-triggered flip-flop clocked by core_clock)
Endpoint: _390_ (rising edge-triggered flip-flop clocked by core_clock)
Path Group: core_clock
Path Type: max

Fanout     Cap    Slew   Delay    Time   Description
-----------------------------------------------------------------------------
                  0.00    0.00    0.00   clock core_clock (rise edge)
                          0.00    0.00   clock network delay (ideal)
                  0.00    0.00    0.00 ^ _375_/CLK (sky130_fd_sc_hd__dfrtp_2)
     7    0.02    0.08    0.41    0.41 v _375_/Q (sky130_fd_sc_hd__dfrtp_2)
                                         one_second_counter[0] (net)
                  0.08    0.00    0.41 v _182_/D (sky130_fd_sc_hd__and4_2)
    10    0.02    0.08    0.29    0.70 v _182_/X (sky130_fd_sc_hd__and4_2)
                                         _064_ (net)
                  0.08    0.00    0.70 v _184_/A (sky130_fd_sc_hd__and2_2)
     1    0.00    0.03    0.17    0.87 v _184_/X (sky130_fd_sc_hd__and2_2)
                                         _066_ (net)
                  0.03    0.00    0.87 v _185_/A (sky130_fd_sc_hd__buf_1)
     9    0.02    0.14    0.18    1.05 v _185_/X (sky130_fd_sc_hd__buf_1)
                                         _067_ (net)
                  0.14    0.00    1.05 v _211_/A2 (sky130_fd_sc_hd__o311a_2)
     1    0.00    0.06    0.41    1.46 v _211_/X (sky130_fd_sc_hd__o311a_2)
                                         _087_ (net)
                  0.06    0.00    1.46 v _214_/A2 (sky130_fd_sc_hd__o31ai_2)
     9    0.01    0.37    0.36    1.82 ^ _214_/Y (sky130_fd_sc_hd__o31ai_2)
                                         _090_ (net)
                  0.37    0.00    1.82 ^ _215_/A (sky130_fd_sc_hd__buf_1)
    10    0.02    0.23    0.26    2.07 ^ _215_/X (sky130_fd_sc_hd__buf_1)
                                         _091_ (net)
                  0.23    0.00    2.07 ^ _281_/C1 (sky130_fd_sc_hd__o211a_2)
     1    0.00    0.04    0.20    2.28 ^ _281_/X (sky130_fd_sc_hd__o211a_2)
                                         _006_ (net)
                  0.04    0.00    2.28 ^ _390_/D (sky130_fd_sc_hd__dfrtp_2)
                                  2.28   data arrival time

                  0.00   10.00   10.00   clock core_clock (rise edge)
                          0.00   10.00   clock network delay (ideal)
                          0.00   10.00   clock reconvergence pessimism
                                 10.00 ^ _390_/CLK (sky130_fd_sc_hd__dfrtp_2)
                         -0.07    9.93   library setup time
                                  9.93   data required time
-----------------------------------------------------------------------------
                                  9.93   data required time
                                 -2.28   data arrival time
-----------------------------------------------------------------------------
                                  7.65   slack (MET)


Startpoint: _375_ (rising edge-triggered flip-flop clocked by core_clock)
Endpoint: _401_ (rising edge-triggered flip-flop clocked by core_clock)
Path Group: core_clock
Path Type: max

Fanout     Cap    Slew   Delay    Time   Description
-----------------------------------------------------------------------------
                  0.00    0.00    0.00   clock core_clock (rise edge)
                          0.00    0.00   clock network delay (ideal)
                  0.00    0.00    0.00 ^ _375_/CLK (sky130_fd_sc_hd__dfrtp_2)
     7    0.02    0.08    0.41    0.41 v _375_/Q (sky130_fd_sc_hd__dfrtp_2)
                                         one_second_counter[0] (net)
                  0.08    0.00    0.41 v _182_/D (sky130_fd_sc_hd__and4_2)
    10    0.02    0.08    0.29    0.70 v _182_/X (sky130_fd_sc_hd__and4_2)
                                         _064_ (net)
                  0.08    0.00    0.70 v _184_/A (sky130_fd_sc_hd__and2_2)
     1    0.00    0.03    0.17    0.87 v _184_/X (sky130_fd_sc_hd__and2_2)
                                         _066_ (net)
                  0.03    0.00    0.87 v _185_/A (sky130_fd_sc_hd__buf_1)
     9    0.02    0.14    0.18    1.05 v _185_/X (sky130_fd_sc_hd__buf_1)
                                         _067_ (net)
                  0.14    0.00    1.05 v _211_/A2 (sky130_fd_sc_hd__o311a_2)
     1    0.00    0.06    0.41    1.46 v _211_/X (sky130_fd_sc_hd__o311a_2)
                                         _087_ (net)
                  0.06    0.00    1.46 v _214_/A2 (sky130_fd_sc_hd__o31ai_2)
     9    0.01    0.37    0.36    1.82 ^ _214_/Y (sky130_fd_sc_hd__o31ai_2)
                                         _090_ (net)
                  0.37    0.00    1.82 ^ _215_/A (sky130_fd_sc_hd__buf_1)
    10    0.02    0.23    0.26    2.07 ^ _215_/X (sky130_fd_sc_hd__buf_1)
                                         _091_ (net)
                  0.23    0.00    2.07 ^ _324_/B1 (sky130_fd_sc_hd__o21a_2)
     1    0.00    0.03    0.16    2.24 ^ _324_/X (sky130_fd_sc_hd__o21a_2)
                                         _018_ (net)
                  0.03    0.00    2.24 ^ _401_/D (sky130_fd_sc_hd__dfrtp_2)
                                  2.24   data arrival time

                  0.00   10.00   10.00   clock core_clock (rise edge)
                          0.00   10.00   clock network delay (ideal)
                          0.00   10.00   clock reconvergence pessimism
                                 10.00 ^ _401_/CLK (sky130_fd_sc_hd__dfrtp_2)
                         -0.07    9.93   library setup time
                                  9.93   data required time
-----------------------------------------------------------------------------
                                  9.93   data required time
                                 -2.24   data arrival time
-----------------------------------------------------------------------------
                                  7.70   slack (MET)


Startpoint: _375_ (rising edge-triggered flip-flop clocked by core_clock)
Endpoint: _397_ (rising edge-triggered flip-flop clocked by core_clock)
Path Group: core_clock
Path Type: max

Fanout     Cap    Slew   Delay    Time   Description
-----------------------------------------------------------------------------
                  0.00    0.00    0.00   clock core_clock (rise edge)
                          0.00    0.00   clock network delay (ideal)
                  0.00    0.00    0.00 ^ _375_/CLK (sky130_fd_sc_hd__dfrtp_2)
     7    0.02    0.08    0.41    0.41 v _375_/Q (sky130_fd_sc_hd__dfrtp_2)
                                         one_second_counter[0] (net)
                  0.08    0.00    0.41 v _182_/D (sky130_fd_sc_hd__and4_2)
    10    0.02    0.08    0.29    0.70 v _182_/X (sky130_fd_sc_hd__and4_2)
                                         _064_ (net)
                  0.08    0.00    0.70 v _184_/A (sky130_fd_sc_hd__and2_2)
     1    0.00    0.03    0.17    0.87 v _184_/X (sky130_fd_sc_hd__and2_2)
                                         _066_ (net)
                  0.03    0.00    0.87 v _185_/A (sky130_fd_sc_hd__buf_1)
     9    0.02    0.14    0.18    1.05 v _185_/X (sky130_fd_sc_hd__buf_1)
                                         _067_ (net)
                  0.14    0.00    1.05 v _211_/A2 (sky130_fd_sc_hd__o311a_2)
     1    0.00    0.06    0.41    1.46 v _211_/X (sky130_fd_sc_hd__o311a_2)
                                         _087_ (net)
                  0.06    0.00    1.46 v _214_/A2 (sky130_fd_sc_hd__o31ai_2)
     9    0.01    0.37    0.36    1.82 ^ _214_/Y (sky130_fd_sc_hd__o31ai_2)
                                         _090_ (net)
                  0.37    0.00    1.82 ^ _310_/A (sky130_fd_sc_hd__and3_2)
     1    0.00    0.04    0.24    2.06 ^ _310_/X (sky130_fd_sc_hd__and3_2)
                                         _164_ (net)
                  0.04    0.00    2.06 ^ _311_/A (sky130_fd_sc_hd__buf_1)
     1    0.00    0.04    0.07    2.13 ^ _311_/X (sky130_fd_sc_hd__buf_1)
                                         _014_ (net)
                  0.04    0.00    2.13 ^ _397_/D (sky130_fd_sc_hd__dfrtp_2)
                                  2.13   data arrival time

                  0.00   10.00   10.00   clock core_clock (rise edge)
                          0.00   10.00   clock network delay (ideal)
                          0.00   10.00   clock reconvergence pessimism
                                 10.00 ^ _397_/CLK (sky130_fd_sc_hd__dfrtp_2)
                         -0.07    9.93   library setup time
                                  9.93   data required time
-----------------------------------------------------------------------------
                                  9.93   data required time
                                 -2.13   data arrival time
-----------------------------------------------------------------------------
                                  7.80   slack (MET)


Startpoint: _375_ (rising edge-triggered flip-flop clocked by core_clock)
Endpoint: _400_ (rising edge-triggered flip-flop clocked by core_clock)
Path Group: core_clock
Path Type: max

Fanout     Cap    Slew   Delay    Time   Description
-----------------------------------------------------------------------------
                  0.00    0.00    0.00   clock core_clock (rise edge)
                          0.00    0.00   clock network delay (ideal)
                  0.00    0.00    0.00 ^ _375_/CLK (sky130_fd_sc_hd__dfrtp_2)
     7    0.02    0.08    0.41    0.41 v _375_/Q (sky130_fd_sc_hd__dfrtp_2)
                                         one_second_counter[0] (net)
                  0.08    0.00    0.41 v _182_/D (sky130_fd_sc_hd__and4_2)
    10    0.02    0.08    0.29    0.70 v _182_/X (sky130_fd_sc_hd__and4_2)
                                         _064_ (net)
                  0.08    0.00    0.70 v _184_/A (sky130_fd_sc_hd__and2_2)
     1    0.00    0.03    0.17    0.87 v _184_/X (sky130_fd_sc_hd__and2_2)
                                         _066_ (net)
                  0.03    0.00    0.87 v _185_/A (sky130_fd_sc_hd__buf_1)
     9    0.02    0.14    0.18    1.05 v _185_/X (sky130_fd_sc_hd__buf_1)
                                         _067_ (net)
                  0.14    0.00    1.05 v _211_/A2 (sky130_fd_sc_hd__o311a_2)
     1    0.00    0.06    0.41    1.46 v _211_/X (sky130_fd_sc_hd__o311a_2)
                                         _087_ (net)
                  0.06    0.00    1.46 v _214_/A2 (sky130_fd_sc_hd__o31ai_2)
     9    0.01    0.37    0.36    1.82 ^ _214_/Y (sky130_fd_sc_hd__o31ai_2)
                                         _090_ (net)
                  0.37    0.00    1.82 ^ _321_/A (sky130_fd_sc_hd__and3_2)
     1    0.00    0.04    0.24    2.06 ^ _321_/X (sky130_fd_sc_hd__and3_2)
                                         _172_ (net)
                  0.04    0.00    2.06 ^ _322_/A (sky130_fd_sc_hd__buf_1)
     1    0.00    0.04    0.07    2.13 ^ _322_/X (sky130_fd_sc_hd__buf_1)
                                         _017_ (net)
                  0.04    0.00    2.13 ^ _400_/D (sky130_fd_sc_hd__dfrtp_2)
                                  2.13   data arrival time

                  0.00   10.00   10.00   clock core_clock (rise edge)
                          0.00   10.00   clock network delay (ideal)
                          0.00   10.00   clock reconvergence pessimism
                                 10.00 ^ _400_/CLK (sky130_fd_sc_hd__dfrtp_2)
                         -0.07    9.93   library setup time
                                  9.93   data required time
-----------------------------------------------------------------------------
                                  9.93   data required time
                                 -2.13   data arrival time
-----------------------------------------------------------------------------
                                  7.80   slack (MET)


Startpoint: _375_ (rising edge-triggered flip-flop clocked by core_clock)
Endpoint: _378_ (rising edge-triggered flip-flop clocked by core_clock)
Path Group: core_clock
Path Type: max

Fanout     Cap    Slew   Delay    Time   Description
-----------------------------------------------------------------------------
                  0.00    0.00    0.00   clock core_clock (rise edge)
                          0.00    0.00   clock network delay (ideal)
                  0.00    0.00    0.00 ^ _375_/CLK (sky130_fd_sc_hd__dfrtp_2)
     7    0.02    0.08    0.41    0.41 v _375_/Q (sky130_fd_sc_hd__dfrtp_2)
                                         one_second_counter[0] (net)
                  0.08    0.00    0.41 v _182_/D (sky130_fd_sc_hd__and4_2)
    10    0.02    0.08    0.29    0.70 v _182_/X (sky130_fd_sc_hd__and4_2)
                                         _064_ (net)
                  0.08    0.00    0.70 v _184_/A (sky130_fd_sc_hd__and2_2)
     1    0.00    0.03    0.17    0.87 v _184_/X (sky130_fd_sc_hd__and2_2)
                                         _066_ (net)
                  0.03    0.00    0.87 v _185_/A (sky130_fd_sc_hd__buf_1)
     9    0.02    0.14    0.18    1.05 v _185_/X (sky130_fd_sc_hd__buf_1)
                                         _067_ (net)
                  0.14    0.00    1.05 v _211_/A2 (sky130_fd_sc_hd__o311a_2)
     1    0.00    0.06    0.41    1.46 v _211_/X (sky130_fd_sc_hd__o311a_2)
                                         _087_ (net)
                  0.06    0.00    1.46 v _214_/A2 (sky130_fd_sc_hd__o31ai_2)
     9    0.01    0.37    0.36    1.82 ^ _214_/Y (sky130_fd_sc_hd__o31ai_2)
                                         _090_ (net)
                  0.37    0.00    1.82 ^ _227_/B (sky130_fd_sc_hd__and3b_2)
     1    0.00    0.04    0.24    2.06 ^ _227_/X (sky130_fd_sc_hd__and3b_2)
                                         _100_ (net)
                  0.04    0.00    2.06 ^ _228_/A (sky130_fd_sc_hd__buf_1)
     1    0.00    0.04    0.07    2.13 ^ _228_/X (sky130_fd_sc_hd__buf_1)
                                         _020_ (net)
                  0.04    0.00    2.13 ^ _378_/D (sky130_fd_sc_hd__dfrtp_2)
                                  2.13   data arrival time

                  0.00   10.00   10.00   clock core_clock (rise edge)
                          0.00   10.00   clock network delay (ideal)
                          0.00   10.00   clock reconvergence pessimism
                                 10.00 ^ _378_/CLK (sky130_fd_sc_hd__dfrtp_2)
                         -0.07    9.93   library setup time
                                  9.93   data required time
-----------------------------------------------------------------------------
                                  9.93   data required time
                                 -2.13   data arrival time
-----------------------------------------------------------------------------
                                  7.80   slack (MET)


Startpoint: _375_ (rising edge-triggered flip-flop clocked by core_clock)
Endpoint: _380_ (rising edge-triggered flip-flop clocked by core_clock)
Path Group: core_clock
Path Type: max

Fanout     Cap    Slew   Delay    Time   Description
-----------------------------------------------------------------------------
                  0.00    0.00    0.00   clock core_clock (rise edge)
                          0.00    0.00   clock network delay (ideal)
                  0.00    0.00    0.00 ^ _375_/CLK (sky130_fd_sc_hd__dfrtp_2)
     7    0.02    0.08    0.41    0.41 v _375_/Q (sky130_fd_sc_hd__dfrtp_2)
                                         one_second_counter[0] (net)
                  0.08    0.00    0.41 v _182_/D (sky130_fd_sc_hd__and4_2)
    10    0.02    0.08    0.29    0.70 v _182_/X (sky130_fd_sc_hd__and4_2)
                                         _064_ (net)
                  0.08    0.00    0.70 v _184_/A (sky130_fd_sc_hd__and2_2)
     1    0.00    0.03    0.17    0.87 v _184_/X (sky130_fd_sc_hd__and2_2)
                                         _066_ (net)
                  0.03    0.00    0.87 v _185_/A (sky130_fd_sc_hd__buf_1)
     9    0.02    0.14    0.18    1.05 v _185_/X (sky130_fd_sc_hd__buf_1)
                                         _067_ (net)
                  0.14    0.00    1.05 v _211_/A2 (sky130_fd_sc_hd__o311a_2)
     1    0.00    0.06    0.41    1.46 v _211_/X (sky130_fd_sc_hd__o311a_2)
                                         _087_ (net)
                  0.06    0.00    1.46 v _214_/A2 (sky130_fd_sc_hd__o31ai_2)
     9    0.01    0.37    0.36    1.82 ^ _214_/Y (sky130_fd_sc_hd__o31ai_2)
                                         _090_ (net)
                  0.37    0.00    1.82 ^ _235_/B (sky130_fd_sc_hd__and3b_2)
     1    0.00    0.04    0.24    2.06 ^ _235_/X (sky130_fd_sc_hd__and3b_2)
                                         _106_ (net)
                  0.04    0.00    2.06 ^ _236_/A (sky130_fd_sc_hd__buf_1)
     1    0.00    0.04    0.07    2.13 ^ _236_/X (sky130_fd_sc_hd__buf_1)
                                         _022_ (net)
                  0.04    0.00    2.13 ^ _380_/D (sky130_fd_sc_hd__dfrtp_2)
                                  2.13   data arrival time

                  0.00   10.00   10.00   clock core_clock (rise edge)
                          0.00   10.00   clock network delay (ideal)
                          0.00   10.00   clock reconvergence pessimism
                                 10.00 ^ _380_/CLK (sky130_fd_sc_hd__dfrtp_2)
                         -0.07    9.93   library setup time
                                  9.93   data required time
-----------------------------------------------------------------------------
                                  9.93   data required time
                                 -2.13   data arrival time
-----------------------------------------------------------------------------
                                  7.80   slack (MET)


Startpoint: _375_ (rising edge-triggered flip-flop clocked by core_clock)
Endpoint: _382_ (rising edge-triggered flip-flop clocked by core_clock)
Path Group: core_clock
Path Type: max

Fanout     Cap    Slew   Delay    Time   Description
-----------------------------------------------------------------------------
                  0.00    0.00    0.00   clock core_clock (rise edge)
                          0.00    0.00   clock network delay (ideal)
                  0.00    0.00    0.00 ^ _375_/CLK (sky130_fd_sc_hd__dfrtp_2)
     7    0.02    0.08    0.41    0.41 v _375_/Q (sky130_fd_sc_hd__dfrtp_2)
                                         one_second_counter[0] (net)
                  0.08    0.00    0.41 v _182_/D (sky130_fd_sc_hd__and4_2)
    10    0.02    0.08    0.29    0.70 v _182_/X (sky130_fd_sc_hd__and4_2)
                                         _064_ (net)
                  0.08    0.00    0.70 v _184_/A (sky130_fd_sc_hd__and2_2)
     1    0.00    0.03    0.17    0.87 v _184_/X (sky130_fd_sc_hd__and2_2)
                                         _066_ (net)
                  0.03    0.00    0.87 v _185_/A (sky130_fd_sc_hd__buf_1)
     9    0.02    0.14    0.18    1.05 v _185_/X (sky130_fd_sc_hd__buf_1)
                                         _067_ (net)
                  0.14    0.00    1.05 v _211_/A2 (sky130_fd_sc_hd__o311a_2)
     1    0.00    0.06    0.41    1.46 v _211_/X (sky130_fd_sc_hd__o311a_2)
                                         _087_ (net)
                  0.06    0.00    1.46 v _214_/A2 (sky130_fd_sc_hd__o31ai_2)
     9    0.01    0.37    0.36    1.82 ^ _214_/Y (sky130_fd_sc_hd__o31ai_2)
                                         _090_ (net)
                  0.37    0.00    1.82 ^ _242_/B (sky130_fd_sc_hd__and3b_2)
     1    0.00    0.04    0.24    2.06 ^ _242_/X (sky130_fd_sc_hd__and3b_2)
                                         _111_ (net)
                  0.04    0.00    2.06 ^ _243_/A (sky130_fd_sc_hd__buf_1)
     1    0.00    0.04    0.07    2.13 ^ _243_/X (sky130_fd_sc_hd__buf_1)
                                         _024_ (net)
                  0.04    0.00    2.13 ^ _382_/D (sky130_fd_sc_hd__dfrtp_2)
                                  2.13   data arrival time

                  0.00   10.00   10.00   clock core_clock (rise edge)
                          0.00   10.00   clock network delay (ideal)
                          0.00   10.00   clock reconvergence pessimism
                                 10.00 ^ _382_/CLK (sky130_fd_sc_hd__dfrtp_2)
                         -0.07    9.93   library setup time
                                  9.93   data required time
-----------------------------------------------------------------------------
                                  9.93   data required time
                                 -2.13   data arrival time
-----------------------------------------------------------------------------
                                  7.80   slack (MET)


Startpoint: _375_ (rising edge-triggered flip-flop clocked by core_clock)
Endpoint: _376_ (rising edge-triggered flip-flop clocked by core_clock)
Path Group: core_clock
Path Type: max

Fanout     Cap    Slew   Delay    Time   Description
-----------------------------------------------------------------------------
                  0.00    0.00    0.00   clock core_clock (rise edge)
                          0.00    0.00   clock network delay (ideal)
                  0.00    0.00    0.00 ^ _375_/CLK (sky130_fd_sc_hd__dfrtp_2)
     7    0.02    0.08    0.41    0.41 v _375_/Q (sky130_fd_sc_hd__dfrtp_2)
                                         one_second_counter[0] (net)
                  0.08    0.00    0.41 v _182_/D (sky130_fd_sc_hd__and4_2)
    10    0.02    0.08    0.29    0.70 v _182_/X (sky130_fd_sc_hd__and4_2)
                                         _064_ (net)
                  0.08    0.00    0.70 v _184_/A (sky130_fd_sc_hd__and2_2)
     1    0.00    0.03    0.17    0.87 v _184_/X (sky130_fd_sc_hd__and2_2)
                                         _066_ (net)
                  0.03    0.00    0.87 v _185_/A (sky130_fd_sc_hd__buf_1)
     9    0.02    0.14    0.18    1.05 v _185_/X (sky130_fd_sc_hd__buf_1)
                                         _067_ (net)
                  0.14    0.00    1.05 v _211_/A2 (sky130_fd_sc_hd__o311a_2)
     1    0.00    0.06    0.41    1.46 v _211_/X (sky130_fd_sc_hd__o311a_2)
                                         _087_ (net)
                  0.06    0.00    1.46 v _214_/A2 (sky130_fd_sc_hd__o31ai_2)
     9    0.01    0.37    0.36    1.82 ^ _214_/Y (sky130_fd_sc_hd__o31ai_2)
                                         _090_ (net)
                  0.37    0.00    1.82 ^ _220_/B (sky130_fd_sc_hd__and3_2)
     1    0.00    0.04    0.24    2.05 ^ _220_/X (sky130_fd_sc_hd__and3_2)
                                         _095_ (net)
                  0.04    0.00    2.05 ^ _221_/A (sky130_fd_sc_hd__buf_1)
     1    0.00    0.04    0.07    2.13 ^ _221_/X (sky130_fd_sc_hd__buf_1)
                                         _011_ (net)
                  0.04    0.00    2.13 ^ _376_/D (sky130_fd_sc_hd__dfrtp_2)
                                  2.13   data arrival time

                  0.00   10.00   10.00   clock core_clock (rise edge)
                          0.00   10.00   clock network delay (ideal)
                          0.00   10.00   clock reconvergence pessimism
                                 10.00 ^ _376_/CLK (sky130_fd_sc_hd__dfrtp_2)
                         -0.07    9.93   library setup time
                                  9.93   data required time
-----------------------------------------------------------------------------
                                  9.93   data required time
                                 -2.13   data arrival time
-----------------------------------------------------------------------------
                                  7.80   slack (MET)


Startpoint: _375_ (rising edge-triggered flip-flop clocked by core_clock)
Endpoint: _377_ (rising edge-triggered flip-flop clocked by core_clock)
Path Group: core_clock
Path Type: max

Fanout     Cap    Slew   Delay    Time   Description
-----------------------------------------------------------------------------
                  0.00    0.00    0.00   clock core_clock (rise edge)
                          0.00    0.00   clock network delay (ideal)
                  0.00    0.00    0.00 ^ _375_/CLK (sky130_fd_sc_hd__dfrtp_2)
     7    0.02    0.08    0.41    0.41 v _375_/Q (sky130_fd_sc_hd__dfrtp_2)
                                         one_second_counter[0] (net)
                  0.08    0.00    0.41 v _182_/D (sky130_fd_sc_hd__and4_2)
    10    0.02    0.08    0.29    0.70 v _182_/X (sky130_fd_sc_hd__and4_2)
                                         _064_ (net)
                  0.08    0.00    0.70 v _184_/A (sky130_fd_sc_hd__and2_2)
     1    0.00    0.03    0.17    0.87 v _184_/X (sky130_fd_sc_hd__and2_2)
                                         _066_ (net)
                  0.03    0.00    0.87 v _185_/A (sky130_fd_sc_hd__buf_1)
     9    0.02    0.14    0.18    1.05 v _185_/X (sky130_fd_sc_hd__buf_1)
                                         _067_ (net)
                  0.14    0.00    1.05 v _211_/A2 (sky130_fd_sc_hd__o311a_2)
     1    0.00    0.06    0.41    1.46 v _211_/X (sky130_fd_sc_hd__o311a_2)
                                         _087_ (net)
                  0.06    0.00    1.46 v _214_/A2 (sky130_fd_sc_hd__o31ai_2)
     9    0.01    0.37    0.36    1.82 ^ _214_/Y (sky130_fd_sc_hd__o31ai_2)
                                         _090_ (net)
                  0.37    0.00    1.82 ^ _224_/B (sky130_fd_sc_hd__and3_2)
     1    0.00    0.04    0.24    2.05 ^ _224_/X (sky130_fd_sc_hd__and3_2)
                                         _098_ (net)
                  0.04    0.00    2.05 ^ _225_/A (sky130_fd_sc_hd__buf_1)
     1    0.00    0.04    0.07    2.13 ^ _225_/X (sky130_fd_sc_hd__buf_1)
                                         _019_ (net)
                  0.04    0.00    2.13 ^ _377_/D (sky130_fd_sc_hd__dfrtp_2)
                                  2.13   data arrival time

                  0.00   10.00   10.00   clock core_clock (rise edge)
                          0.00   10.00   clock network delay (ideal)
                          0.00   10.00   clock reconvergence pessimism
                                 10.00 ^ _377_/CLK (sky130_fd_sc_hd__dfrtp_2)
                         -0.07    9.93   library setup time
                                  9.93   data required time
-----------------------------------------------------------------------------
                                  9.93   data required time
                                 -2.13   data arrival time
-----------------------------------------------------------------------------
                                  7.80   slack (MET)


Startpoint: _383_ (rising edge-triggered flip-flop clocked by core_clock)
Endpoint: _374_ (rising edge-triggered flip-flop clocked by core_clock)
Path Group: core_clock
Path Type: max

Fanout     Cap    Slew   Delay    Time   Description
-----------------------------------------------------------------------------
                  0.00    0.00    0.00   clock core_clock (rise edge)
                          0.00    0.00   clock network delay (ideal)
                  0.00    0.00    0.00 ^ _383_/CLK (sky130_fd_sc_hd__dfrtp_2)
     8    0.02    0.09    0.42    0.42 v _383_/Q (sky130_fd_sc_hd__dfrtp_2)
                                         one_second_counter[8] (net)
                  0.09    0.00    0.42 v _191_/B (sky130_fd_sc_hd__or4_2)
     2    0.00    0.10    0.65    1.08 v _191_/X (sky130_fd_sc_hd__or4_2)
                                         _073_ (net)
                  0.10    0.00    1.08 v _193_/A_N (sky130_fd_sc_hd__and4bb_2)
     2    0.00    0.07    0.31    1.39 ^ _193_/X (sky130_fd_sc_hd__and4bb_2)
                                         _075_ (net)
                  0.07    0.00    1.39 ^ _196_/A3 (sky130_fd_sc_hd__a31o_2)
     6    0.02    0.13    0.22    1.61 ^ _196_/X (sky130_fd_sc_hd__a31o_2)
                                         _078_ (net)
                  0.13    0.00    1.61 ^ _198_/B (sky130_fd_sc_hd__and3_2)
     2    0.01    0.09    0.23    1.84 ^ _198_/X (sky130_fd_sc_hd__and3_2)
                                         _080_ (net)
                  0.09    0.00    1.84 ^ _199_/B (sky130_fd_sc_hd__xor2_2)
     1    0.00    0.08    0.12    1.96 ^ _199_/X (sky130_fd_sc_hd__xor2_2)
                                         _063_ (net)
                  0.08    0.00    1.96 ^ _374_/D (sky130_fd_sc_hd__dfrtp_2)
                                  1.96   data arrival time

                  0.00   10.00   10.00   clock core_clock (rise edge)
                          0.00   10.00   clock network delay (ideal)
                          0.00   10.00   clock reconvergence pessimism
                                 10.00 ^ _374_/CLK (sky130_fd_sc_hd__dfrtp_2)
                         -0.08    9.92   library setup time
                                  9.92   data required time
-----------------------------------------------------------------------------
                                  9.92   data required time
                                 -1.96   data arrival time
-----------------------------------------------------------------------------
                                  7.96   slack (MET)


Startpoint: _383_ (rising edge-triggered flip-flop clocked by core_clock)
Endpoint: _372_ (rising edge-triggered flip-flop clocked by core_clock)
Path Group: core_clock
Path Type: max

Fanout     Cap    Slew   Delay    Time   Description
-----------------------------------------------------------------------------
                  0.00    0.00    0.00   clock core_clock (rise edge)
                          0.00    0.00   clock network delay (ideal)
                  0.00    0.00    0.00 ^ _383_/CLK (sky130_fd_sc_hd__dfrtp_2)
     8    0.02    0.09    0.42    0.42 v _383_/Q (sky130_fd_sc_hd__dfrtp_2)
                                         one_second_counter[8] (net)
                  0.09    0.00    0.42 v _191_/B (sky130_fd_sc_hd__or4_2)
     2    0.00    0.10    0.65    1.08 v _191_/X (sky130_fd_sc_hd__or4_2)
                                         _073_ (net)
                  0.10    0.00    1.08 v _193_/A_N (sky130_fd_sc_hd__and4bb_2)
     2    0.00    0.07    0.31    1.39 ^ _193_/X (sky130_fd_sc_hd__and4bb_2)
                                         _075_ (net)
                  0.07    0.00    1.39 ^ _196_/A3 (sky130_fd_sc_hd__a31o_2)
     6    0.02    0.13    0.22    1.61 ^ _196_/X (sky130_fd_sc_hd__a31o_2)
                                         _078_ (net)
                  0.13    0.00    1.61 ^ _202_/C (sky130_fd_sc_hd__and3_2)
     2    0.01    0.06    0.20    1.81 ^ _202_/X (sky130_fd_sc_hd__and3_2)
                                         _082_ (net)
                  0.06    0.00    1.81 ^ _205_/B1 (sky130_fd_sc_hd__o2bb2a_2)
     1    0.00    0.04    0.16    1.97 ^ _205_/X (sky130_fd_sc_hd__o2bb2a_2)
                                         _061_ (net)
                  0.04    0.00    1.97 ^ _372_/D (sky130_fd_sc_hd__dfrtp_2)
                                  1.97   data arrival time

                  0.00   10.00   10.00   clock core_clock (rise edge)
                          0.00   10.00   clock network delay (ideal)
                          0.00   10.00   clock reconvergence pessimism
                                 10.00 ^ _372_/CLK (sky130_fd_sc_hd__dfrtp_2)
                         -0.07    9.93   library setup time
                                  9.93   data required time
-----------------------------------------------------------------------------
                                  9.93   data required time
                                 -1.97   data arrival time
-----------------------------------------------------------------------------
                                  7.96   slack (MET)


Startpoint: _383_ (rising edge-triggered flip-flop clocked by core_clock)
Endpoint: _373_ (rising edge-triggered flip-flop clocked by core_clock)
Path Group: core_clock
Path Type: max

Fanout     Cap    Slew   Delay    Time   Description
-----------------------------------------------------------------------------
                  0.00    0.00    0.00   clock core_clock (rise edge)
                          0.00    0.00   clock network delay (ideal)
                  0.00    0.00    0.00 ^ _383_/CLK (sky130_fd_sc_hd__dfrtp_2)
     8    0.02    0.09    0.42    0.42 v _383_/Q (sky130_fd_sc_hd__dfrtp_2)
                                         one_second_counter[8] (net)
                  0.09    0.00    0.42 v _191_/B (sky130_fd_sc_hd__or4_2)
     2    0.00    0.10    0.65    1.08 v _191_/X (sky130_fd_sc_hd__or4_2)
                                         _073_ (net)
                  0.10    0.00    1.08 v _193_/A_N (sky130_fd_sc_hd__and4bb_2)
     2    0.00    0.07    0.31    1.39 ^ _193_/X (sky130_fd_sc_hd__and4bb_2)
                                         _075_ (net)
                  0.07    0.00    1.39 ^ _196_/A3 (sky130_fd_sc_hd__a31o_2)
     6    0.02    0.13    0.22    1.61 ^ _196_/X (sky130_fd_sc_hd__a31o_2)
                                         _078_ (net)
                  0.13    0.00    1.61 ^ _198_/B (sky130_fd_sc_hd__and3_2)
     2    0.01    0.09    0.23    1.84 ^ _198_/X (sky130_fd_sc_hd__and3_2)
                                         _080_ (net)
                  0.09    0.00    1.84 ^ _201_/A (sky130_fd_sc_hd__nor2_2)
     1    0.00    0.03    0.04    1.88 v _201_/Y (sky130_fd_sc_hd__nor2_2)
                                         _062_ (net)
                  0.03    0.00    1.88 v _373_/D (sky130_fd_sc_hd__dfrtp_2)
                                  1.88   data arrival time

                  0.00   10.00   10.00   clock core_clock (rise edge)
                          0.00   10.00   clock network delay (ideal)
                          0.00   10.00   clock reconvergence pessimism
                                 10.00 ^ _373_/CLK (sky130_fd_sc_hd__dfrtp_2)
                         -0.12    9.88   library setup time
                                  9.88   data required time
-----------------------------------------------------------------------------
                                  9.88   data required time
                                 -1.88   data arrival time
-----------------------------------------------------------------------------
                                  8.00   slack (MET)


Startpoint: _383_ (rising edge-triggered flip-flop clocked by core_clock)
Endpoint: _371_ (rising edge-triggered flip-flop clocked by core_clock)
Path Group: core_clock
Path Type: max

Fanout     Cap    Slew   Delay    Time   Description
-----------------------------------------------------------------------------
                  0.00    0.00    0.00   clock core_clock (rise edge)
                          0.00    0.00   clock network delay (ideal)
                  0.00    0.00    0.00 ^ _383_/CLK (sky130_fd_sc_hd__dfrtp_2)
     8    0.02    0.09    0.42    0.42 v _383_/Q (sky130_fd_sc_hd__dfrtp_2)
                                         one_second_counter[8] (net)
                  0.09    0.00    0.42 v _191_/B (sky130_fd_sc_hd__or4_2)
     2    0.00    0.10    0.65    1.08 v _191_/X (sky130_fd_sc_hd__or4_2)
                                         _073_ (net)
                  0.10    0.00    1.08 v _193_/A_N (sky130_fd_sc_hd__and4bb_2)
     2    0.00    0.07    0.31    1.39 ^ _193_/X (sky130_fd_sc_hd__and4bb_2)
                                         _075_ (net)
                  0.07    0.00    1.39 ^ _196_/A3 (sky130_fd_sc_hd__a31o_2)
     6    0.02    0.13    0.22    1.61 ^ _196_/X (sky130_fd_sc_hd__a31o_2)
                                         _078_ (net)
                  0.13    0.00    1.61 ^ _202_/C (sky130_fd_sc_hd__and3_2)
     2    0.01    0.06    0.20    1.81 ^ _202_/X (sky130_fd_sc_hd__and3_2)
                                         _082_ (net)
                  0.06    0.00    1.81 ^ _207_/A (sky130_fd_sc_hd__nor2_2)
     1    0.00    0.02    0.04    1.85 v _207_/Y (sky130_fd_sc_hd__nor2_2)
                                         _060_ (net)
                  0.02    0.00    1.85 v _371_/D (sky130_fd_sc_hd__dfrtp_2)
                                  1.85   data arrival time

                  0.00   10.00   10.00   clock core_clock (rise edge)
                          0.00   10.00   clock network delay (ideal)
                          0.00   10.00   clock reconvergence pessimism
                                 10.00 ^ _371_/CLK (sky130_fd_sc_hd__dfrtp_2)
                         -0.12    9.88   library setup time
                                  9.88   data required time
-----------------------------------------------------------------------------
                                  9.88   data required time
                                 -1.85   data arrival time
-----------------------------------------------------------------------------
                                  8.04   slack (MET)


Startpoint: _383_ (rising edge-triggered flip-flop clocked by core_clock)
Endpoint: _370_ (rising edge-triggered flip-flop clocked by core_clock)
Path Group: core_clock
Path Type: max

Fanout     Cap    Slew   Delay    Time   Description
-----------------------------------------------------------------------------
                  0.00    0.00    0.00   clock core_clock (rise edge)
                          0.00    0.00   clock network delay (ideal)
                  0.00    0.00    0.00 ^ _383_/CLK (sky130_fd_sc_hd__dfrtp_2)
     8    0.02    0.09    0.42    0.42 v _383_/Q (sky130_fd_sc_hd__dfrtp_2)
                                         one_second_counter[8] (net)
                  0.09    0.00    0.42 v _191_/B (sky130_fd_sc_hd__or4_2)
     2    0.00    0.10    0.65    1.08 v _191_/X (sky130_fd_sc_hd__or4_2)
                                         _073_ (net)
                  0.10    0.00    1.08 v _193_/A_N (sky130_fd_sc_hd__and4bb_2)
     2    0.00    0.07    0.31    1.39 ^ _193_/X (sky130_fd_sc_hd__and4bb_2)
                                         _075_ (net)
                  0.07    0.00    1.39 ^ _196_/A3 (sky130_fd_sc_hd__a31o_2)
     6    0.02    0.13    0.22    1.61 ^ _196_/X (sky130_fd_sc_hd__a31o_2)
                                         _078_ (net)
                  0.13    0.00    1.61 ^ _210_/A2 (sky130_fd_sc_hd__a21boi_2)
     1    0.00    0.04    0.06    1.67 v _210_/Y (sky130_fd_sc_hd__a21boi_2)
                                         _059_ (net)
                  0.04    0.00    1.67 v _370_/D (sky130_fd_sc_hd__dfrtp_2)
                                  1.67   data arrival time

                  0.00   10.00   10.00   clock core_clock (rise edge)
                          0.00   10.00   clock network delay (ideal)
                          0.00   10.00   clock reconvergence pessimism
                                 10.00 ^ _370_/CLK (sky130_fd_sc_hd__dfrtp_2)
                         -0.12    9.88   library setup time
                                  9.88   data required time
-----------------------------------------------------------------------------
                                  9.88   data required time
                                 -1.67   data arrival time
-----------------------------------------------------------------------------
                                  8.20   slack (MET)



worst slack corner Typical: 7.5771
