
===========================================================================
report_checks -path_delay max (Setup)
============================================================================
======================= Typical Corner ===================================

Startpoint: _379_ (rising edge-triggered flip-flop clocked by core_clock)
Endpoint: _383_ (rising edge-triggered flip-flop clocked by core_clock)
Path Group: core_clock
Path Type: max

Fanout     Cap    Slew   Delay    Time   Description
-----------------------------------------------------------------------------
                  0.00    0.00    0.00   clock core_clock (rise edge)
                          0.00    0.00   clock network delay (ideal)
                  0.00    0.00    0.00 ^ _379_/CLK (sky130_fd_sc_hd__dfrtp_4)
     5    0.02    0.09    0.49    0.49 v _379_/Q (sky130_fd_sc_hd__dfrtp_4)
                                         one_second_counter[4] (net)
                  0.09    0.00    0.49 v _183_/B (sky130_fd_sc_hd__and4_2)
     5    0.02    0.08    0.27    0.76 v _183_/X (sky130_fd_sc_hd__and4_2)
                                         _065_ (net)
                  0.08    0.00    0.76 v _184_/B (sky130_fd_sc_hd__and2_1)
     1    0.01    0.07    0.20    0.96 v _184_/X (sky130_fd_sc_hd__and2_1)
                                         _066_ (net)
                  0.07    0.00    0.96 v _185_/A (sky130_fd_sc_hd__clkbuf_4)
     9    0.04    0.09    0.20    1.16 v _185_/X (sky130_fd_sc_hd__clkbuf_4)
                                         _067_ (net)
                  0.09    0.00    1.16 v _211_/A2 (sky130_fd_sc_hd__o311a_1)
     1    0.01    0.09    0.39    1.55 v _211_/X (sky130_fd_sc_hd__o311a_1)
                                         _087_ (net)
                  0.09    0.00    1.55 v _214_/A2 (sky130_fd_sc_hd__o31ai_4)
     9    0.04    0.48    0.47    2.02 ^ _214_/Y (sky130_fd_sc_hd__o31ai_4)
                                         _090_ (net)
                  0.48    0.00    2.02 ^ _215_/A (sky130_fd_sc_hd__clkbuf_4)
    10    0.04    0.14    0.33    2.35 ^ _215_/X (sky130_fd_sc_hd__clkbuf_4)
                                         _091_ (net)
                  0.14    0.00    2.35 ^ _246_/A (sky130_fd_sc_hd__and3_1)
     1    0.01    0.14    0.24    2.58 ^ _246_/X (sky130_fd_sc_hd__and3_1)
                                         _114_ (net)
                  0.14    0.00    2.59 ^ _247_/A (sky130_fd_sc_hd__buf_1)
     1    0.01    0.10    0.14    2.73 ^ _247_/X (sky130_fd_sc_hd__buf_1)
                                         _025_ (net)
                  0.10    0.00    2.73 ^ _383_/D (sky130_fd_sc_hd__dfrtp_4)
                                  2.73   data arrival time

                  0.00   10.00   10.00   clock core_clock (rise edge)
                          0.00   10.00   clock network delay (ideal)
                          0.00   10.00   clock reconvergence pessimism
                                 10.00 ^ _383_/CLK (sky130_fd_sc_hd__dfrtp_4)
                         -0.08    9.92   library setup time
                                  9.92   data required time
-----------------------------------------------------------------------------
                                  9.92   data required time
                                 -2.73   data arrival time
-----------------------------------------------------------------------------
                                  7.19   slack (MET)


Startpoint: _379_ (rising edge-triggered flip-flop clocked by core_clock)
Endpoint: _393_ (rising edge-triggered flip-flop clocked by core_clock)
Path Group: core_clock
Path Type: max

Fanout     Cap    Slew   Delay    Time   Description
-----------------------------------------------------------------------------
                  0.00    0.00    0.00   clock core_clock (rise edge)
                          0.00    0.00   clock network delay (ideal)
                  0.00    0.00    0.00 ^ _379_/CLK (sky130_fd_sc_hd__dfrtp_4)
     5    0.02    0.09    0.49    0.49 v _379_/Q (sky130_fd_sc_hd__dfrtp_4)
                                         one_second_counter[4] (net)
                  0.09    0.00    0.49 v _183_/B (sky130_fd_sc_hd__and4_2)
     5    0.02    0.08    0.27    0.76 v _183_/X (sky130_fd_sc_hd__and4_2)
                                         _065_ (net)
                  0.08    0.00    0.76 v _184_/B (sky130_fd_sc_hd__and2_1)
     1    0.01    0.07    0.20    0.96 v _184_/X (sky130_fd_sc_hd__and2_1)
                                         _066_ (net)
                  0.07    0.00    0.96 v _185_/A (sky130_fd_sc_hd__clkbuf_4)
     9    0.04    0.09    0.20    1.16 v _185_/X (sky130_fd_sc_hd__clkbuf_4)
                                         _067_ (net)
                  0.09    0.00    1.16 v _211_/A2 (sky130_fd_sc_hd__o311a_1)
     1    0.01    0.09    0.39    1.55 v _211_/X (sky130_fd_sc_hd__o311a_1)
                                         _087_ (net)
                  0.09    0.00    1.55 v _214_/A2 (sky130_fd_sc_hd__o31ai_4)
     9    0.04    0.48    0.47    2.02 ^ _214_/Y (sky130_fd_sc_hd__o31ai_4)
                                         _090_ (net)
                  0.48    0.00    2.02 ^ _248_/A (sky130_fd_sc_hd__clkbuf_4)
    10    0.04    0.13    0.31    2.33 ^ _248_/X (sky130_fd_sc_hd__clkbuf_4)
                                         _115_ (net)
                  0.13    0.00    2.33 ^ _293_/A (sky130_fd_sc_hd__and3_1)
     1    0.01    0.11    0.21    2.54 ^ _293_/X (sky130_fd_sc_hd__and3_1)
                                         _151_ (net)
                  0.11    0.00    2.54 ^ _294_/A (sky130_fd_sc_hd__buf_1)
     1    0.01    0.13    0.16    2.70 ^ _294_/X (sky130_fd_sc_hd__buf_1)
                                         _009_ (net)
                  0.13    0.00    2.70 ^ _393_/D (sky130_fd_sc_hd__dfrtp_2)
                                  2.70   data arrival time

                  0.00   10.00   10.00   clock core_clock (rise edge)
                          0.00   10.00   clock network delay (ideal)
                          0.00   10.00   clock reconvergence pessimism
                                 10.00 ^ _393_/CLK (sky130_fd_sc_hd__dfrtp_2)
                         -0.09    9.91   library setup time
                                  9.91   data required time
-----------------------------------------------------------------------------
                                  9.91   data required time
                                 -2.70   data arrival time
-----------------------------------------------------------------------------
                                  7.21   slack (MET)


Startpoint: _379_ (rising edge-triggered flip-flop clocked by core_clock)
Endpoint: _396_ (rising edge-triggered flip-flop clocked by core_clock)
Path Group: core_clock
Path Type: max

Fanout     Cap    Slew   Delay    Time   Description
-----------------------------------------------------------------------------
                  0.00    0.00    0.00   clock core_clock (rise edge)
                          0.00    0.00   clock network delay (ideal)
                  0.00    0.00    0.00 ^ _379_/CLK (sky130_fd_sc_hd__dfrtp_4)
     5    0.02    0.09    0.49    0.49 v _379_/Q (sky130_fd_sc_hd__dfrtp_4)
                                         one_second_counter[4] (net)
                  0.09    0.00    0.49 v _183_/B (sky130_fd_sc_hd__and4_2)
     5    0.02    0.08    0.27    0.76 v _183_/X (sky130_fd_sc_hd__and4_2)
                                         _065_ (net)
                  0.08    0.00    0.76 v _184_/B (sky130_fd_sc_hd__and2_1)
     1    0.01    0.07    0.20    0.96 v _184_/X (sky130_fd_sc_hd__and2_1)
                                         _066_ (net)
                  0.07    0.00    0.96 v _185_/A (sky130_fd_sc_hd__clkbuf_4)
     9    0.04    0.09    0.20    1.16 v _185_/X (sky130_fd_sc_hd__clkbuf_4)
                                         _067_ (net)
                  0.09    0.00    1.16 v _211_/A2 (sky130_fd_sc_hd__o311a_1)
     1    0.01    0.09    0.39    1.55 v _211_/X (sky130_fd_sc_hd__o311a_1)
                                         _087_ (net)
                  0.09    0.00    1.55 v _214_/A2 (sky130_fd_sc_hd__o31ai_4)
     9    0.04    0.48    0.47    2.02 ^ _214_/Y (sky130_fd_sc_hd__o31ai_4)
                                         _090_ (net)
                  0.48    0.00    2.02 ^ _248_/A (sky130_fd_sc_hd__clkbuf_4)
    10    0.04    0.13    0.31    2.33 ^ _248_/X (sky130_fd_sc_hd__clkbuf_4)
                                         _115_ (net)
                  0.13    0.00    2.33 ^ _305_/A (sky130_fd_sc_hd__and3_1)
     1    0.01    0.11    0.21    2.55 ^ _305_/X (sky130_fd_sc_hd__and3_1)
                                         _160_ (net)
                  0.11    0.00    2.55 ^ _306_/A (sky130_fd_sc_hd__buf_1)
     1    0.01    0.12    0.15    2.70 ^ _306_/X (sky130_fd_sc_hd__buf_1)
                                         _013_ (net)
                  0.12    0.00    2.70 ^ _396_/D (sky130_fd_sc_hd__dfrtp_1)
                                  2.70   data arrival time

                  0.00   10.00   10.00   clock core_clock (rise edge)
                          0.00   10.00   clock network delay (ideal)
                          0.00   10.00   clock reconvergence pessimism
                                 10.00 ^ _396_/CLK (sky130_fd_sc_hd__dfrtp_1)
                         -0.08    9.92   library setup time
                                  9.92   data required time
-----------------------------------------------------------------------------
                                  9.92   data required time
                                 -2.70   data arrival time
-----------------------------------------------------------------------------
                                  7.22   slack (MET)


Startpoint: _379_ (rising edge-triggered flip-flop clocked by core_clock)
Endpoint: _387_ (rising edge-triggered flip-flop clocked by core_clock)
Path Group: core_clock
Path Type: max

Fanout     Cap    Slew   Delay    Time   Description
-----------------------------------------------------------------------------
                  0.00    0.00    0.00   clock core_clock (rise edge)
                          0.00    0.00   clock network delay (ideal)
                  0.00    0.00    0.00 ^ _379_/CLK (sky130_fd_sc_hd__dfrtp_4)
     5    0.02    0.09    0.49    0.49 v _379_/Q (sky130_fd_sc_hd__dfrtp_4)
                                         one_second_counter[4] (net)
                  0.09    0.00    0.49 v _183_/B (sky130_fd_sc_hd__and4_2)
     5    0.02    0.08    0.27    0.76 v _183_/X (sky130_fd_sc_hd__and4_2)
                                         _065_ (net)
                  0.08    0.00    0.76 v _184_/B (sky130_fd_sc_hd__and2_1)
     1    0.01    0.07    0.20    0.96 v _184_/X (sky130_fd_sc_hd__and2_1)
                                         _066_ (net)
                  0.07    0.00    0.96 v _185_/A (sky130_fd_sc_hd__clkbuf_4)
     9    0.04    0.09    0.20    1.16 v _185_/X (sky130_fd_sc_hd__clkbuf_4)
                                         _067_ (net)
                  0.09    0.00    1.16 v _211_/A2 (sky130_fd_sc_hd__o311a_1)
     1    0.01    0.09    0.39    1.55 v _211_/X (sky130_fd_sc_hd__o311a_1)
                                         _087_ (net)
                  0.09    0.00    1.55 v _214_/A2 (sky130_fd_sc_hd__o31ai_4)
     9    0.04    0.48    0.47    2.02 ^ _214_/Y (sky130_fd_sc_hd__o31ai_4)
                                         _090_ (net)
                  0.48    0.00    2.02 ^ _248_/A (sky130_fd_sc_hd__clkbuf_4)
    10    0.04    0.13    0.31    2.33 ^ _248_/X (sky130_fd_sc_hd__clkbuf_4)
                                         _115_ (net)
                  0.13    0.00    2.33 ^ _265_/A (sky130_fd_sc_hd__and3_1)
     1    0.01    0.10    0.20    2.54 ^ _265_/X (sky130_fd_sc_hd__and3_1)
                                         _129_ (net)
                  0.10    0.00    2.54 ^ _266_/A (sky130_fd_sc_hd__buf_1)
     1    0.01    0.11    0.15    2.68 ^ _266_/X (sky130_fd_sc_hd__buf_1)
                                         _003_ (net)
                  0.12    0.00    2.68 ^ _387_/D (sky130_fd_sc_hd__dfrtp_4)
                                  2.68   data arrival time

                  0.00   10.00   10.00   clock core_clock (rise edge)
                          0.00   10.00   clock network delay (ideal)
                          0.00   10.00   clock reconvergence pessimism
                                 10.00 ^ _387_/CLK (sky130_fd_sc_hd__dfrtp_4)
                         -0.09    9.91   library setup time
                                  9.91   data required time
-----------------------------------------------------------------------------
                                  9.91   data required time
                                 -2.68   data arrival time
-----------------------------------------------------------------------------
                                  7.23   slack (MET)


Startpoint: _379_ (rising edge-triggered flip-flop clocked by core_clock)
Endpoint: _386_ (rising edge-triggered flip-flop clocked by core_clock)
Path Group: core_clock
Path Type: max

Fanout     Cap    Slew   Delay    Time   Description
-----------------------------------------------------------------------------
                  0.00    0.00    0.00   clock core_clock (rise edge)
                          0.00    0.00   clock network delay (ideal)
                  0.00    0.00    0.00 ^ _379_/CLK (sky130_fd_sc_hd__dfrtp_4)
     5    0.02    0.09    0.49    0.49 v _379_/Q (sky130_fd_sc_hd__dfrtp_4)
                                         one_second_counter[4] (net)
                  0.09    0.00    0.49 v _183_/B (sky130_fd_sc_hd__and4_2)
     5    0.02    0.08    0.27    0.76 v _183_/X (sky130_fd_sc_hd__and4_2)
                                         _065_ (net)
                  0.08    0.00    0.76 v _184_/B (sky130_fd_sc_hd__and2_1)
     1    0.01    0.07    0.20    0.96 v _184_/X (sky130_fd_sc_hd__and2_1)
                                         _066_ (net)
                  0.07    0.00    0.96 v _185_/A (sky130_fd_sc_hd__clkbuf_4)
     9    0.04    0.09    0.20    1.16 v _185_/X (sky130_fd_sc_hd__clkbuf_4)
                                         _067_ (net)
                  0.09    0.00    1.16 v _211_/A2 (sky130_fd_sc_hd__o311a_1)
     1    0.01    0.09    0.39    1.55 v _211_/X (sky130_fd_sc_hd__o311a_1)
                                         _087_ (net)
                  0.09    0.00    1.55 v _214_/A2 (sky130_fd_sc_hd__o31ai_4)
     9    0.04    0.48    0.47    2.02 ^ _214_/Y (sky130_fd_sc_hd__o31ai_4)
                                         _090_ (net)
                  0.48    0.00    2.02 ^ _248_/A (sky130_fd_sc_hd__clkbuf_4)
    10    0.04    0.13    0.31    2.33 ^ _248_/X (sky130_fd_sc_hd__clkbuf_4)
                                         _115_ (net)
                  0.13    0.00    2.33 ^ _261_/A (sky130_fd_sc_hd__and3_1)
     1    0.01    0.11    0.21    2.55 ^ _261_/X (sky130_fd_sc_hd__and3_1)
                                         _126_ (net)
                  0.11    0.00    2.55 ^ _262_/A (sky130_fd_sc_hd__buf_1)
     1    0.01    0.10    0.14    2.69 ^ _262_/X (sky130_fd_sc_hd__buf_1)
                                         _002_ (net)
                  0.10    0.00    2.69 ^ _386_/D (sky130_fd_sc_hd__dfrtp_1)
                                  2.69   data arrival time

                  0.00   10.00   10.00   clock core_clock (rise edge)
                          0.00   10.00   clock network delay (ideal)
                          0.00   10.00   clock reconvergence pessimism
                                 10.00 ^ _386_/CLK (sky130_fd_sc_hd__dfrtp_1)
                         -0.08    9.92   library setup time
                                  9.92   data required time
-----------------------------------------------------------------------------
                                  9.92   data required time
                                 -2.69   data arrival time
-----------------------------------------------------------------------------
                                  7.23   slack (MET)


Startpoint: _379_ (rising edge-triggered flip-flop clocked by core_clock)
Endpoint: _388_ (rising edge-triggered flip-flop clocked by core_clock)
Path Group: core_clock
Path Type: max

Fanout     Cap    Slew   Delay    Time   Description
-----------------------------------------------------------------------------
                  0.00    0.00    0.00   clock core_clock (rise edge)
                          0.00    0.00   clock network delay (ideal)
                  0.00    0.00    0.00 ^ _379_/CLK (sky130_fd_sc_hd__dfrtp_4)
     5    0.02    0.09    0.49    0.49 v _379_/Q (sky130_fd_sc_hd__dfrtp_4)
                                         one_second_counter[4] (net)
                  0.09    0.00    0.49 v _183_/B (sky130_fd_sc_hd__and4_2)
     5    0.02    0.08    0.27    0.76 v _183_/X (sky130_fd_sc_hd__and4_2)
                                         _065_ (net)
                  0.08    0.00    0.76 v _184_/B (sky130_fd_sc_hd__and2_1)
     1    0.01    0.07    0.20    0.96 v _184_/X (sky130_fd_sc_hd__and2_1)
                                         _066_ (net)
                  0.07    0.00    0.96 v _185_/A (sky130_fd_sc_hd__clkbuf_4)
     9    0.04    0.09    0.20    1.16 v _185_/X (sky130_fd_sc_hd__clkbuf_4)
                                         _067_ (net)
                  0.09    0.00    1.16 v _211_/A2 (sky130_fd_sc_hd__o311a_1)
     1    0.01    0.09    0.39    1.55 v _211_/X (sky130_fd_sc_hd__o311a_1)
                                         _087_ (net)
                  0.09    0.00    1.55 v _214_/A2 (sky130_fd_sc_hd__o31ai_4)
     9    0.04    0.48    0.47    2.02 ^ _214_/Y (sky130_fd_sc_hd__o31ai_4)
                                         _090_ (net)
                  0.48    0.00    2.02 ^ _248_/A (sky130_fd_sc_hd__clkbuf_4)
    10    0.04    0.13    0.31    2.33 ^ _248_/X (sky130_fd_sc_hd__clkbuf_4)
                                         _115_ (net)
                  0.13    0.00    2.33 ^ _270_/A (sky130_fd_sc_hd__and3_1)
     1    0.01    0.09    0.19    2.53 ^ _270_/X (sky130_fd_sc_hd__and3_1)
                                         _133_ (net)
                  0.09    0.00    2.53 ^ _271_/A (sky130_fd_sc_hd__buf_1)
     1    0.01    0.12    0.15    2.67 ^ _271_/X (sky130_fd_sc_hd__buf_1)
                                         _004_ (net)
                  0.12    0.00    2.67 ^ _388_/D (sky130_fd_sc_hd__dfrtp_4)
                                  2.67   data arrival time

                  0.00   10.00   10.00   clock core_clock (rise edge)
                          0.00   10.00   clock network delay (ideal)
                          0.00   10.00   clock reconvergence pessimism
                                 10.00 ^ _388_/CLK (sky130_fd_sc_hd__dfrtp_4)
                         -0.09    9.91   library setup time
                                  9.91   data required time
-----------------------------------------------------------------------------
                                  9.91   data required time
                                 -2.67   data arrival time
-----------------------------------------------------------------------------
                                  7.24   slack (MET)


Startpoint: _379_ (rising edge-triggered flip-flop clocked by core_clock)
Endpoint: _379_ (rising edge-triggered flip-flop clocked by core_clock)
Path Group: core_clock
Path Type: max

Fanout     Cap    Slew   Delay    Time   Description
-----------------------------------------------------------------------------
                  0.00    0.00    0.00   clock core_clock (rise edge)
                          0.00    0.00   clock network delay (ideal)
                  0.00    0.00    0.00 ^ _379_/CLK (sky130_fd_sc_hd__dfrtp_4)
     5    0.02    0.09    0.49    0.49 v _379_/Q (sky130_fd_sc_hd__dfrtp_4)
                                         one_second_counter[4] (net)
                  0.09    0.00    0.49 v _183_/B (sky130_fd_sc_hd__and4_2)
     5    0.02    0.08    0.27    0.76 v _183_/X (sky130_fd_sc_hd__and4_2)
                                         _065_ (net)
                  0.08    0.00    0.76 v _184_/B (sky130_fd_sc_hd__and2_1)
     1    0.01    0.07    0.20    0.96 v _184_/X (sky130_fd_sc_hd__and2_1)
                                         _066_ (net)
                  0.07    0.00    0.96 v _185_/A (sky130_fd_sc_hd__clkbuf_4)
     9    0.04    0.09    0.20    1.16 v _185_/X (sky130_fd_sc_hd__clkbuf_4)
                                         _067_ (net)
                  0.09    0.00    1.16 v _211_/A2 (sky130_fd_sc_hd__o311a_1)
     1    0.01    0.09    0.39    1.55 v _211_/X (sky130_fd_sc_hd__o311a_1)
                                         _087_ (net)
                  0.09    0.00    1.55 v _214_/A2 (sky130_fd_sc_hd__o31ai_4)
     9    0.04    0.48    0.47    2.02 ^ _214_/Y (sky130_fd_sc_hd__o31ai_4)
                                         _090_ (net)
                  0.48    0.00    2.02 ^ _215_/A (sky130_fd_sc_hd__clkbuf_4)
    10    0.04    0.14    0.33    2.35 ^ _215_/X (sky130_fd_sc_hd__clkbuf_4)
                                         _091_ (net)
                  0.14    0.00    2.35 ^ _231_/A (sky130_fd_sc_hd__and3_1)
     1    0.01    0.07    0.18    2.53 ^ _231_/X (sky130_fd_sc_hd__and3_1)
                                         _103_ (net)
                  0.07    0.00    2.53 ^ _232_/A (sky130_fd_sc_hd__buf_1)
     1    0.01    0.11    0.14    2.67 ^ _232_/X (sky130_fd_sc_hd__buf_1)
                                         _021_ (net)
                  0.11    0.00    2.67 ^ _379_/D (sky130_fd_sc_hd__dfrtp_4)
                                  2.67   data arrival time

                  0.00   10.00   10.00   clock core_clock (rise edge)
                          0.00   10.00   clock network delay (ideal)
                          0.00   10.00   clock reconvergence pessimism
                                 10.00 ^ _379_/CLK (sky130_fd_sc_hd__dfrtp_4)
                         -0.09    9.91   library setup time
                                  9.91   data required time
-----------------------------------------------------------------------------
                                  9.91   data required time
                                 -2.67   data arrival time
-----------------------------------------------------------------------------
                                  7.24   slack (MET)


Startpoint: _379_ (rising edge-triggered flip-flop clocked by core_clock)
Endpoint: _395_ (rising edge-triggered flip-flop clocked by core_clock)
Path Group: core_clock
Path Type: max

Fanout     Cap    Slew   Delay    Time   Description
-----------------------------------------------------------------------------
                  0.00    0.00    0.00   clock core_clock (rise edge)
                          0.00    0.00   clock network delay (ideal)
                  0.00    0.00    0.00 ^ _379_/CLK (sky130_fd_sc_hd__dfrtp_4)
     5    0.02    0.09    0.49    0.49 v _379_/Q (sky130_fd_sc_hd__dfrtp_4)
                                         one_second_counter[4] (net)
                  0.09    0.00    0.49 v _183_/B (sky130_fd_sc_hd__and4_2)
     5    0.02    0.08    0.27    0.76 v _183_/X (sky130_fd_sc_hd__and4_2)
                                         _065_ (net)
                  0.08    0.00    0.76 v _184_/B (sky130_fd_sc_hd__and2_1)
     1    0.01    0.07    0.20    0.96 v _184_/X (sky130_fd_sc_hd__and2_1)
                                         _066_ (net)
                  0.07    0.00    0.96 v _185_/A (sky130_fd_sc_hd__clkbuf_4)
     9    0.04    0.09    0.20    1.16 v _185_/X (sky130_fd_sc_hd__clkbuf_4)
                                         _067_ (net)
                  0.09    0.00    1.16 v _211_/A2 (sky130_fd_sc_hd__o311a_1)
     1    0.01    0.09    0.39    1.55 v _211_/X (sky130_fd_sc_hd__o311a_1)
                                         _087_ (net)
                  0.09    0.00    1.55 v _214_/A2 (sky130_fd_sc_hd__o31ai_4)
     9    0.04    0.48    0.47    2.02 ^ _214_/Y (sky130_fd_sc_hd__o31ai_4)
                                         _090_ (net)
                  0.48    0.00    2.02 ^ _215_/A (sky130_fd_sc_hd__clkbuf_4)
    10    0.04    0.14    0.33    2.35 ^ _215_/X (sky130_fd_sc_hd__clkbuf_4)
                                         _091_ (net)
                  0.14    0.00    2.35 ^ _301_/A (sky130_fd_sc_hd__and2_1)
     1    0.01    0.09    0.17    2.52 ^ _301_/X (sky130_fd_sc_hd__and2_1)
                                         _157_ (net)
                  0.09    0.00    2.53 ^ _302_/A (sky130_fd_sc_hd__buf_1)
     1    0.01    0.11    0.14    2.66 ^ _302_/X (sky130_fd_sc_hd__buf_1)
                                         _012_ (net)
                  0.11    0.00    2.66 ^ _395_/D (sky130_fd_sc_hd__dfrtp_1)
                                  2.66   data arrival time

                  0.00   10.00   10.00   clock core_clock (rise edge)
                          0.00   10.00   clock network delay (ideal)
                          0.00   10.00   clock reconvergence pessimism
                                 10.00 ^ _395_/CLK (sky130_fd_sc_hd__dfrtp_1)
                         -0.08    9.92   library setup time
                                  9.92   data required time
-----------------------------------------------------------------------------
                                  9.92   data required time
                                 -2.66   data arrival time
-----------------------------------------------------------------------------
                                  7.26   slack (MET)


Startpoint: _379_ (rising edge-triggered flip-flop clocked by core_clock)
Endpoint: _375_ (rising edge-triggered flip-flop clocked by core_clock)
Path Group: core_clock
Path Type: max

Fanout     Cap    Slew   Delay    Time   Description
-----------------------------------------------------------------------------
                  0.00    0.00    0.00   clock core_clock (rise edge)
                          0.00    0.00   clock network delay (ideal)
                  0.00    0.00    0.00 ^ _379_/CLK (sky130_fd_sc_hd__dfrtp_4)
     5    0.02    0.09    0.49    0.49 v _379_/Q (sky130_fd_sc_hd__dfrtp_4)
                                         one_second_counter[4] (net)
                  0.09    0.00    0.49 v _183_/B (sky130_fd_sc_hd__and4_2)
     5    0.02    0.08    0.27    0.76 v _183_/X (sky130_fd_sc_hd__and4_2)
                                         _065_ (net)
                  0.08    0.00    0.76 v _184_/B (sky130_fd_sc_hd__and2_1)
     1    0.01    0.07    0.20    0.96 v _184_/X (sky130_fd_sc_hd__and2_1)
                                         _066_ (net)
                  0.07    0.00    0.96 v _185_/A (sky130_fd_sc_hd__clkbuf_4)
     9    0.04    0.09    0.20    1.16 v _185_/X (sky130_fd_sc_hd__clkbuf_4)
                                         _067_ (net)
                  0.09    0.00    1.16 v _211_/A2 (sky130_fd_sc_hd__o311a_1)
     1    0.01    0.09    0.39    1.55 v _211_/X (sky130_fd_sc_hd__o311a_1)
                                         _087_ (net)
                  0.09    0.00    1.55 v _214_/A2 (sky130_fd_sc_hd__o31ai_4)
     9    0.04    0.48    0.47    2.02 ^ _214_/Y (sky130_fd_sc_hd__o31ai_4)
                                         _090_ (net)
                  0.48    0.00    2.02 ^ _215_/A (sky130_fd_sc_hd__clkbuf_4)
    10    0.04    0.14    0.33    2.35 ^ _215_/X (sky130_fd_sc_hd__clkbuf_4)
                                         _091_ (net)
                  0.14    0.00    2.35 ^ _216_/B (sky130_fd_sc_hd__and2b_1)
     1    0.01    0.09    0.18    2.53 ^ _216_/X (sky130_fd_sc_hd__and2b_1)
                                         _092_ (net)
                  0.09    0.00    2.53 ^ _217_/A (sky130_fd_sc_hd__buf_1)
     1    0.01    0.09    0.13    2.66 ^ _217_/X (sky130_fd_sc_hd__buf_1)
                                         _000_ (net)
                  0.09    0.00    2.66 ^ _375_/D (sky130_fd_sc_hd__dfrtp_4)
                                  2.66   data arrival time

                  0.00   10.00   10.00   clock core_clock (rise edge)
                          0.00   10.00   clock network delay (ideal)
                          0.00   10.00   clock reconvergence pessimism
                                 10.00 ^ _375_/CLK (sky130_fd_sc_hd__dfrtp_4)
                         -0.08    9.92   library setup time
                                  9.92   data required time
-----------------------------------------------------------------------------
                                  9.92   data required time
                                 -2.66   data arrival time
-----------------------------------------------------------------------------
                                  7.26   slack (MET)


Startpoint: _379_ (rising edge-triggered flip-flop clocked by core_clock)
Endpoint: _384_ (rising edge-triggered flip-flop clocked by core_clock)
Path Group: core_clock
Path Type: max

Fanout     Cap    Slew   Delay    Time   Description
-----------------------------------------------------------------------------
                  0.00    0.00    0.00   clock core_clock (rise edge)
                          0.00    0.00   clock network delay (ideal)
                  0.00    0.00    0.00 ^ _379_/CLK (sky130_fd_sc_hd__dfrtp_4)
     5    0.02    0.09    0.49    0.49 v _379_/Q (sky130_fd_sc_hd__dfrtp_4)
                                         one_second_counter[4] (net)
                  0.09    0.00    0.49 v _183_/B (sky130_fd_sc_hd__and4_2)
     5    0.02    0.08    0.27    0.76 v _183_/X (sky130_fd_sc_hd__and4_2)
                                         _065_ (net)
                  0.08    0.00    0.76 v _184_/B (sky130_fd_sc_hd__and2_1)
     1    0.01    0.07    0.20    0.96 v _184_/X (sky130_fd_sc_hd__and2_1)
                                         _066_ (net)
                  0.07    0.00    0.96 v _185_/A (sky130_fd_sc_hd__clkbuf_4)
     9    0.04    0.09    0.20    1.16 v _185_/X (sky130_fd_sc_hd__clkbuf_4)
                                         _067_ (net)
                  0.09    0.00    1.16 v _211_/A2 (sky130_fd_sc_hd__o311a_1)
     1    0.01    0.09    0.39    1.55 v _211_/X (sky130_fd_sc_hd__o311a_1)
                                         _087_ (net)
                  0.09    0.00    1.55 v _214_/A2 (sky130_fd_sc_hd__o31ai_4)
     9    0.04    0.48    0.47    2.02 ^ _214_/Y (sky130_fd_sc_hd__o31ai_4)
                                         _090_ (net)
                  0.48    0.00    2.02 ^ _248_/A (sky130_fd_sc_hd__clkbuf_4)
    10    0.04    0.13    0.31    2.33 ^ _248_/X (sky130_fd_sc_hd__clkbuf_4)
                                         _115_ (net)
                  0.13    0.00    2.33 ^ _251_/A (sky130_fd_sc_hd__and3_1)
     1    0.01    0.11    0.21    2.54 ^ _251_/X (sky130_fd_sc_hd__and3_1)
                                         _118_ (net)
                  0.11    0.00    2.54 ^ _252_/A (sky130_fd_sc_hd__clkbuf_1)
     1    0.00    0.07    0.11    2.66 ^ _252_/X (sky130_fd_sc_hd__clkbuf_1)
                                         _026_ (net)
                  0.07    0.00    2.66 ^ _384_/D (sky130_fd_sc_hd__dfrtp_4)
                                  2.66   data arrival time

                  0.00   10.00   10.00   clock core_clock (rise edge)
                          0.00   10.00   clock network delay (ideal)
                          0.00   10.00   clock reconvergence pessimism
                                 10.00 ^ _384_/CLK (sky130_fd_sc_hd__dfrtp_4)
                         -0.08    9.92   library setup time
                                  9.92   data required time
-----------------------------------------------------------------------------
                                  9.92   data required time
                                 -2.66   data arrival time
-----------------------------------------------------------------------------
                                  7.27   slack (MET)


Startpoint: _379_ (rising edge-triggered flip-flop clocked by core_clock)
Endpoint: _389_ (rising edge-triggered flip-flop clocked by core_clock)
Path Group: core_clock
Path Type: max

Fanout     Cap    Slew   Delay    Time   Description
-----------------------------------------------------------------------------
                  0.00    0.00    0.00   clock core_clock (rise edge)
                          0.00    0.00   clock network delay (ideal)
                  0.00    0.00    0.00 ^ _379_/CLK (sky130_fd_sc_hd__dfrtp_4)
     5    0.02    0.09    0.49    0.49 v _379_/Q (sky130_fd_sc_hd__dfrtp_4)
                                         one_second_counter[4] (net)
                  0.09    0.00    0.49 v _183_/B (sky130_fd_sc_hd__and4_2)
     5    0.02    0.08    0.27    0.76 v _183_/X (sky130_fd_sc_hd__and4_2)
                                         _065_ (net)
                  0.08    0.00    0.76 v _184_/B (sky130_fd_sc_hd__and2_1)
     1    0.01    0.07    0.20    0.96 v _184_/X (sky130_fd_sc_hd__and2_1)
                                         _066_ (net)
                  0.07    0.00    0.96 v _185_/A (sky130_fd_sc_hd__clkbuf_4)
     9    0.04    0.09    0.20    1.16 v _185_/X (sky130_fd_sc_hd__clkbuf_4)
                                         _067_ (net)
                  0.09    0.00    1.16 v _211_/A2 (sky130_fd_sc_hd__o311a_1)
     1    0.01    0.09    0.39    1.55 v _211_/X (sky130_fd_sc_hd__o311a_1)
                                         _087_ (net)
                  0.09    0.00    1.55 v _214_/A2 (sky130_fd_sc_hd__o31ai_4)
     9    0.04    0.48    0.47    2.02 ^ _214_/Y (sky130_fd_sc_hd__o31ai_4)
                                         _090_ (net)
                  0.48    0.00    2.02 ^ _248_/A (sky130_fd_sc_hd__clkbuf_4)
    10    0.04    0.13    0.31    2.33 ^ _248_/X (sky130_fd_sc_hd__clkbuf_4)
                                         _115_ (net)
                  0.13    0.00    2.33 ^ _275_/A (sky130_fd_sc_hd__and3_1)
     1    0.01    0.07    0.18    2.52 ^ _275_/X (sky130_fd_sc_hd__and3_1)
                                         _137_ (net)
                  0.07    0.00    2.52 ^ _276_/A (sky130_fd_sc_hd__buf_1)
     1    0.01    0.10    0.13    2.65 ^ _276_/X (sky130_fd_sc_hd__buf_1)
                                         _005_ (net)
                  0.10    0.00    2.65 ^ _389_/D (sky130_fd_sc_hd__dfrtp_2)
                                  2.65   data arrival time

                  0.00   10.00   10.00   clock core_clock (rise edge)
                          0.00   10.00   clock network delay (ideal)
                          0.00   10.00   clock reconvergence pessimism
                                 10.00 ^ _389_/CLK (sky130_fd_sc_hd__dfrtp_2)
                         -0.08    9.92   library setup time
                                  9.92   data required time
-----------------------------------------------------------------------------
                                  9.92   data required time
                                 -2.65   data arrival time
-----------------------------------------------------------------------------
                                  7.27   slack (MET)


Startpoint: _379_ (rising edge-triggered flip-flop clocked by core_clock)
Endpoint: _385_ (rising edge-triggered flip-flop clocked by core_clock)
Path Group: core_clock
Path Type: max

Fanout     Cap    Slew   Delay    Time   Description
-----------------------------------------------------------------------------
                  0.00    0.00    0.00   clock core_clock (rise edge)
                          0.00    0.00   clock network delay (ideal)
                  0.00    0.00    0.00 ^ _379_/CLK (sky130_fd_sc_hd__dfrtp_4)
     5    0.02    0.09    0.49    0.49 v _379_/Q (sky130_fd_sc_hd__dfrtp_4)
                                         one_second_counter[4] (net)
                  0.09    0.00    0.49 v _183_/B (sky130_fd_sc_hd__and4_2)
     5    0.02    0.08    0.27    0.76 v _183_/X (sky130_fd_sc_hd__and4_2)
                                         _065_ (net)
                  0.08    0.00    0.76 v _184_/B (sky130_fd_sc_hd__and2_1)
     1    0.01    0.07    0.20    0.96 v _184_/X (sky130_fd_sc_hd__and2_1)
                                         _066_ (net)
                  0.07    0.00    0.96 v _185_/A (sky130_fd_sc_hd__clkbuf_4)
     9    0.04    0.09    0.20    1.16 v _185_/X (sky130_fd_sc_hd__clkbuf_4)
                                         _067_ (net)
                  0.09    0.00    1.16 v _211_/A2 (sky130_fd_sc_hd__o311a_1)
     1    0.01    0.09    0.39    1.55 v _211_/X (sky130_fd_sc_hd__o311a_1)
                                         _087_ (net)
                  0.09    0.00    1.55 v _214_/A2 (sky130_fd_sc_hd__o31ai_4)
     9    0.04    0.48    0.47    2.02 ^ _214_/Y (sky130_fd_sc_hd__o31ai_4)
                                         _090_ (net)
                  0.48    0.00    2.02 ^ _248_/A (sky130_fd_sc_hd__clkbuf_4)
    10    0.04    0.13    0.31    2.33 ^ _248_/X (sky130_fd_sc_hd__clkbuf_4)
                                         _115_ (net)
                  0.13    0.00    2.33 ^ _255_/A (sky130_fd_sc_hd__and3_1)
     1    0.01    0.09    0.19    2.53 ^ _255_/X (sky130_fd_sc_hd__and3_1)
                                         _121_ (net)
                  0.09    0.00    2.53 ^ _256_/A (sky130_fd_sc_hd__clkbuf_1)
     1    0.01    0.08    0.12    2.65 ^ _256_/X (sky130_fd_sc_hd__clkbuf_1)
                                         _001_ (net)
                  0.08    0.00    2.65 ^ _385_/D (sky130_fd_sc_hd__dfrtp_4)
                                  2.65   data arrival time

                  0.00   10.00   10.00   clock core_clock (rise edge)
                          0.00   10.00   clock network delay (ideal)
                          0.00   10.00   clock reconvergence pessimism
                                 10.00 ^ _385_/CLK (sky130_fd_sc_hd__dfrtp_4)
                         -0.08    9.92   library setup time
                                  9.92   data required time
-----------------------------------------------------------------------------
                                  9.92   data required time
                                 -2.65   data arrival time
-----------------------------------------------------------------------------
                                  7.28   slack (MET)


Startpoint: _379_ (rising edge-triggered flip-flop clocked by core_clock)
Endpoint: _394_ (rising edge-triggered flip-flop clocked by core_clock)
Path Group: core_clock
Path Type: max

Fanout     Cap    Slew   Delay    Time   Description
-----------------------------------------------------------------------------
                  0.00    0.00    0.00   clock core_clock (rise edge)
                          0.00    0.00   clock network delay (ideal)
                  0.00    0.00    0.00 ^ _379_/CLK (sky130_fd_sc_hd__dfrtp_4)
     5    0.02    0.09    0.49    0.49 v _379_/Q (sky130_fd_sc_hd__dfrtp_4)
                                         one_second_counter[4] (net)
                  0.09    0.00    0.49 v _183_/B (sky130_fd_sc_hd__and4_2)
     5    0.02    0.08    0.27    0.76 v _183_/X (sky130_fd_sc_hd__and4_2)
                                         _065_ (net)
                  0.08    0.00    0.76 v _184_/B (sky130_fd_sc_hd__and2_1)
     1    0.01    0.07    0.20    0.96 v _184_/X (sky130_fd_sc_hd__and2_1)
                                         _066_ (net)
                  0.07    0.00    0.96 v _185_/A (sky130_fd_sc_hd__clkbuf_4)
     9    0.04    0.09    0.20    1.16 v _185_/X (sky130_fd_sc_hd__clkbuf_4)
                                         _067_ (net)
                  0.09    0.00    1.16 v _211_/A2 (sky130_fd_sc_hd__o311a_1)
     1    0.01    0.09    0.39    1.55 v _211_/X (sky130_fd_sc_hd__o311a_1)
                                         _087_ (net)
                  0.09    0.00    1.55 v _214_/A2 (sky130_fd_sc_hd__o31ai_4)
     9    0.04    0.48    0.47    2.02 ^ _214_/Y (sky130_fd_sc_hd__o31ai_4)
                                         _090_ (net)
                  0.48    0.00    2.02 ^ _248_/A (sky130_fd_sc_hd__clkbuf_4)
    10    0.04    0.13    0.31    2.33 ^ _248_/X (sky130_fd_sc_hd__clkbuf_4)
                                         _115_ (net)
                  0.13    0.00    2.33 ^ _298_/A (sky130_fd_sc_hd__and3_1)
     1    0.01    0.07    0.18    2.52 ^ _298_/X (sky130_fd_sc_hd__and3_1)
                                         _155_ (net)
                  0.07    0.00    2.52 ^ _299_/A (sky130_fd_sc_hd__clkbuf_1)
     1    0.01    0.09    0.12    2.64 ^ _299_/X (sky130_fd_sc_hd__clkbuf_1)
                                         _010_ (net)
                  0.09    0.00    2.64 ^ _394_/D (sky130_fd_sc_hd__dfrtp_2)
                                  2.64   data arrival time

                  0.00   10.00   10.00   clock core_clock (rise edge)
                          0.00   10.00   clock network delay (ideal)
                          0.00   10.00   clock reconvergence pessimism
                                 10.00 ^ _394_/CLK (sky130_fd_sc_hd__dfrtp_2)
                         -0.08    9.92   library setup time
                                  9.92   data required time
-----------------------------------------------------------------------------
                                  9.92   data required time
                                 -2.64   data arrival time
-----------------------------------------------------------------------------
                                  7.28   slack (MET)


Startpoint: _379_ (rising edge-triggered flip-flop clocked by core_clock)
Endpoint: _392_ (rising edge-triggered flip-flop clocked by core_clock)
Path Group: core_clock
Path Type: max

Fanout     Cap    Slew   Delay    Time   Description
-----------------------------------------------------------------------------
                  0.00    0.00    0.00   clock core_clock (rise edge)
                          0.00    0.00   clock network delay (ideal)
                  0.00    0.00    0.00 ^ _379_/CLK (sky130_fd_sc_hd__dfrtp_4)
     5    0.02    0.09    0.49    0.49 v _379_/Q (sky130_fd_sc_hd__dfrtp_4)
                                         one_second_counter[4] (net)
                  0.09    0.00    0.49 v _183_/B (sky130_fd_sc_hd__and4_2)
     5    0.02    0.08    0.27    0.76 v _183_/X (sky130_fd_sc_hd__and4_2)
                                         _065_ (net)
                  0.08    0.00    0.76 v _184_/B (sky130_fd_sc_hd__and2_1)
     1    0.01    0.07    0.20    0.96 v _184_/X (sky130_fd_sc_hd__and2_1)
                                         _066_ (net)
                  0.07    0.00    0.96 v _185_/A (sky130_fd_sc_hd__clkbuf_4)
     9    0.04    0.09    0.20    1.16 v _185_/X (sky130_fd_sc_hd__clkbuf_4)
                                         _067_ (net)
                  0.09    0.00    1.16 v _211_/A2 (sky130_fd_sc_hd__o311a_1)
     1    0.01    0.09    0.39    1.55 v _211_/X (sky130_fd_sc_hd__o311a_1)
                                         _087_ (net)
                  0.09    0.00    1.55 v _214_/A2 (sky130_fd_sc_hd__o31ai_4)
     9    0.04    0.48    0.47    2.02 ^ _214_/Y (sky130_fd_sc_hd__o31ai_4)
                                         _090_ (net)
                  0.48    0.00    2.02 ^ _248_/A (sky130_fd_sc_hd__clkbuf_4)
    10    0.04    0.13    0.31    2.33 ^ _248_/X (sky130_fd_sc_hd__clkbuf_4)
                                         _115_ (net)
                  0.13    0.00    2.33 ^ _289_/A (sky130_fd_sc_hd__and3_1)
     1    0.01    0.07    0.18    2.51 ^ _289_/X (sky130_fd_sc_hd__and3_1)
                                         _148_ (net)
                  0.07    0.00    2.51 ^ _290_/A (sky130_fd_sc_hd__clkbuf_1)
     1    0.01    0.09    0.12    2.63 ^ _290_/X (sky130_fd_sc_hd__clkbuf_1)
                                         _008_ (net)
                  0.09    0.00    2.63 ^ _392_/D (sky130_fd_sc_hd__dfrtp_2)
                                  2.63   data arrival time

                  0.00   10.00   10.00   clock core_clock (rise edge)
                          0.00   10.00   clock network delay (ideal)
                          0.00   10.00   clock reconvergence pessimism
                                 10.00 ^ _392_/CLK (sky130_fd_sc_hd__dfrtp_2)
                         -0.08    9.92   library setup time
                                  9.92   data required time
-----------------------------------------------------------------------------
                                  9.92   data required time
                                 -2.63   data arrival time
-----------------------------------------------------------------------------
                                  7.29   slack (MET)


Startpoint: _379_ (rising edge-triggered flip-flop clocked by core_clock)
Endpoint: _381_ (rising edge-triggered flip-flop clocked by core_clock)
Path Group: core_clock
Path Type: max

Fanout     Cap    Slew   Delay    Time   Description
-----------------------------------------------------------------------------
                  0.00    0.00    0.00   clock core_clock (rise edge)
                          0.00    0.00   clock network delay (ideal)
                  0.00    0.00    0.00 ^ _379_/CLK (sky130_fd_sc_hd__dfrtp_4)
     5    0.02    0.09    0.49    0.49 v _379_/Q (sky130_fd_sc_hd__dfrtp_4)
                                         one_second_counter[4] (net)
                  0.09    0.00    0.49 v _183_/B (sky130_fd_sc_hd__and4_2)
     5    0.02    0.08    0.27    0.76 v _183_/X (sky130_fd_sc_hd__and4_2)
                                         _065_ (net)
                  0.08    0.00    0.76 v _184_/B (sky130_fd_sc_hd__and2_1)
     1    0.01    0.07    0.20    0.96 v _184_/X (sky130_fd_sc_hd__and2_1)
                                         _066_ (net)
                  0.07    0.00    0.96 v _185_/A (sky130_fd_sc_hd__clkbuf_4)
     9    0.04    0.09    0.20    1.16 v _185_/X (sky130_fd_sc_hd__clkbuf_4)
                                         _067_ (net)
                  0.09    0.00    1.16 v _211_/A2 (sky130_fd_sc_hd__o311a_1)
     1    0.01    0.09    0.39    1.55 v _211_/X (sky130_fd_sc_hd__o311a_1)
                                         _087_ (net)
                  0.09    0.00    1.55 v _214_/A2 (sky130_fd_sc_hd__o31ai_4)
     9    0.04    0.48    0.47    2.02 ^ _214_/Y (sky130_fd_sc_hd__o31ai_4)
                                         _090_ (net)
                  0.48    0.00    2.02 ^ _215_/A (sky130_fd_sc_hd__clkbuf_4)
    10    0.04    0.14    0.33    2.35 ^ _215_/X (sky130_fd_sc_hd__clkbuf_4)
                                         _091_ (net)
                  0.14    0.00    2.35 ^ _239_/A (sky130_fd_sc_hd__and3_1)
     1    0.01    0.08    0.19    2.54 ^ _239_/X (sky130_fd_sc_hd__and3_1)
                                         _109_ (net)
                  0.08    0.00    2.54 ^ _240_/A (sky130_fd_sc_hd__clkbuf_1)
     1    0.00    0.05    0.09    2.64 ^ _240_/X (sky130_fd_sc_hd__clkbuf_1)
                                         _023_ (net)
                  0.05    0.00    2.64 ^ _381_/D (sky130_fd_sc_hd__dfrtp_2)
                                  2.64   data arrival time

                  0.00   10.00   10.00   clock core_clock (rise edge)
                          0.00   10.00   clock network delay (ideal)
                          0.00   10.00   clock reconvergence pessimism
                                 10.00 ^ _381_/CLK (sky130_fd_sc_hd__dfrtp_2)
                         -0.07    9.93   library setup time
                                  9.93   data required time
-----------------------------------------------------------------------------
                                  9.93   data required time
                                 -2.64   data arrival time
-----------------------------------------------------------------------------
                                  7.29   slack (MET)


Startpoint: _379_ (rising edge-triggered flip-flop clocked by core_clock)
Endpoint: _391_ (rising edge-triggered flip-flop clocked by core_clock)
Path Group: core_clock
Path Type: max

Fanout     Cap    Slew   Delay    Time   Description
-----------------------------------------------------------------------------
                  0.00    0.00    0.00   clock core_clock (rise edge)
                          0.00    0.00   clock network delay (ideal)
                  0.00    0.00    0.00 ^ _379_/CLK (sky130_fd_sc_hd__dfrtp_4)
     5    0.02    0.09    0.49    0.49 v _379_/Q (sky130_fd_sc_hd__dfrtp_4)
                                         one_second_counter[4] (net)
                  0.09    0.00    0.49 v _183_/B (sky130_fd_sc_hd__and4_2)
     5    0.02    0.08    0.27    0.76 v _183_/X (sky130_fd_sc_hd__and4_2)
                                         _065_ (net)
                  0.08    0.00    0.76 v _184_/B (sky130_fd_sc_hd__and2_1)
     1    0.01    0.07    0.20    0.96 v _184_/X (sky130_fd_sc_hd__and2_1)
                                         _066_ (net)
                  0.07    0.00    0.96 v _185_/A (sky130_fd_sc_hd__clkbuf_4)
     9    0.04    0.09    0.20    1.16 v _185_/X (sky130_fd_sc_hd__clkbuf_4)
                                         _067_ (net)
                  0.09    0.00    1.16 v _211_/A2 (sky130_fd_sc_hd__o311a_1)
     1    0.01    0.09    0.39    1.55 v _211_/X (sky130_fd_sc_hd__o311a_1)
                                         _087_ (net)
                  0.09    0.00    1.55 v _214_/A2 (sky130_fd_sc_hd__o31ai_4)
     9    0.04    0.48    0.47    2.02 ^ _214_/Y (sky130_fd_sc_hd__o31ai_4)
                                         _090_ (net)
                  0.48    0.00    2.02 ^ _215_/A (sky130_fd_sc_hd__clkbuf_4)
    10    0.04    0.14    0.33    2.35 ^ _215_/X (sky130_fd_sc_hd__clkbuf_4)
                                         _091_ (net)
                  0.14    0.00    2.35 ^ _285_/A (sky130_fd_sc_hd__and2_1)
     1    0.00    0.06    0.15    2.50 ^ _285_/X (sky130_fd_sc_hd__and2_1)
                                         _145_ (net)
                  0.06    0.00    2.50 ^ _286_/A (sky130_fd_sc_hd__clkbuf_1)
     1    0.01    0.07    0.10    2.61 ^ _286_/X (sky130_fd_sc_hd__clkbuf_1)
                                         _007_ (net)
                  0.07    0.00    2.61 ^ _391_/D (sky130_fd_sc_hd__dfrtp_4)
                                  2.61   data arrival time

                  0.00   10.00   10.00   clock core_clock (rise edge)
                          0.00   10.00   clock network delay (ideal)
                          0.00   10.00   clock reconvergence pessimism
                                 10.00 ^ _391_/CLK (sky130_fd_sc_hd__dfrtp_4)
                         -0.08    9.92   library setup time
                                  9.92   data required time
-----------------------------------------------------------------------------
                                  9.92   data required time
                                 -2.61   data arrival time
-----------------------------------------------------------------------------
                                  7.32   slack (MET)


Startpoint: _379_ (rising edge-triggered flip-flop clocked by core_clock)
Endpoint: _399_ (rising edge-triggered flip-flop clocked by core_clock)
Path Group: core_clock
Path Type: max

Fanout     Cap    Slew   Delay    Time   Description
-----------------------------------------------------------------------------
                  0.00    0.00    0.00   clock core_clock (rise edge)
                          0.00    0.00   clock network delay (ideal)
                  0.00    0.00    0.00 ^ _379_/CLK (sky130_fd_sc_hd__dfrtp_4)
     5    0.02    0.09    0.49    0.49 v _379_/Q (sky130_fd_sc_hd__dfrtp_4)
                                         one_second_counter[4] (net)
                  0.09    0.00    0.49 v _183_/B (sky130_fd_sc_hd__and4_2)
     5    0.02    0.08    0.27    0.76 v _183_/X (sky130_fd_sc_hd__and4_2)
                                         _065_ (net)
                  0.08    0.00    0.76 v _184_/B (sky130_fd_sc_hd__and2_1)
     1    0.01    0.07    0.20    0.96 v _184_/X (sky130_fd_sc_hd__and2_1)
                                         _066_ (net)
                  0.07    0.00    0.96 v _185_/A (sky130_fd_sc_hd__clkbuf_4)
     9    0.04    0.09    0.20    1.16 v _185_/X (sky130_fd_sc_hd__clkbuf_4)
                                         _067_ (net)
                  0.09    0.00    1.16 v _211_/A2 (sky130_fd_sc_hd__o311a_1)
     1    0.01    0.09    0.39    1.55 v _211_/X (sky130_fd_sc_hd__o311a_1)
                                         _087_ (net)
                  0.09    0.00    1.55 v _214_/A2 (sky130_fd_sc_hd__o31ai_4)
     9    0.04    0.48    0.47    2.02 ^ _214_/Y (sky130_fd_sc_hd__o31ai_4)
                                         _090_ (net)
                  0.48    0.00    2.02 ^ _215_/A (sky130_fd_sc_hd__clkbuf_4)
    10    0.04    0.14    0.33    2.35 ^ _215_/X (sky130_fd_sc_hd__clkbuf_4)
                                         _091_ (net)
                  0.14    0.00    2.35 ^ _317_/C1 (sky130_fd_sc_hd__o221a_1)
     1    0.01    0.09    0.22    2.57 ^ _317_/X (sky130_fd_sc_hd__o221a_1)
                                         _016_ (net)
                  0.09    0.00    2.57 ^ _399_/D (sky130_fd_sc_hd__dfrtp_1)
                                  2.57   data arrival time

                  0.00   10.00   10.00   clock core_clock (rise edge)
                          0.00   10.00   clock network delay (ideal)
                          0.00   10.00   clock reconvergence pessimism
                                 10.00 ^ _399_/CLK (sky130_fd_sc_hd__dfrtp_1)
                         -0.08    9.92   library setup time
                                  9.92   data required time
-----------------------------------------------------------------------------
                                  9.92   data required time
                                 -2.57   data arrival time
-----------------------------------------------------------------------------
                                  7.35   slack (MET)


Startpoint: _379_ (rising edge-triggered flip-flop clocked by core_clock)
Endpoint: _398_ (rising edge-triggered flip-flop clocked by core_clock)
Path Group: core_clock
Path Type: max

Fanout     Cap    Slew   Delay    Time   Description
-----------------------------------------------------------------------------
                  0.00    0.00    0.00   clock core_clock (rise edge)
                          0.00    0.00   clock network delay (ideal)
                  0.00    0.00    0.00 ^ _379_/CLK (sky130_fd_sc_hd__dfrtp_4)
     5    0.02    0.09    0.49    0.49 v _379_/Q (sky130_fd_sc_hd__dfrtp_4)
                                         one_second_counter[4] (net)
                  0.09    0.00    0.49 v _183_/B (sky130_fd_sc_hd__and4_2)
     5    0.02    0.08    0.27    0.76 v _183_/X (sky130_fd_sc_hd__and4_2)
                                         _065_ (net)
                  0.08    0.00    0.76 v _184_/B (sky130_fd_sc_hd__and2_1)
     1    0.01    0.07    0.20    0.96 v _184_/X (sky130_fd_sc_hd__and2_1)
                                         _066_ (net)
                  0.07    0.00    0.96 v _185_/A (sky130_fd_sc_hd__clkbuf_4)
     9    0.04    0.09    0.20    1.16 v _185_/X (sky130_fd_sc_hd__clkbuf_4)
                                         _067_ (net)
                  0.09    0.00    1.16 v _211_/A2 (sky130_fd_sc_hd__o311a_1)
     1    0.01    0.09    0.39    1.55 v _211_/X (sky130_fd_sc_hd__o311a_1)
                                         _087_ (net)
                  0.09    0.00    1.55 v _214_/A2 (sky130_fd_sc_hd__o31ai_4)
     9    0.04    0.48    0.47    2.02 ^ _214_/Y (sky130_fd_sc_hd__o31ai_4)
                                         _090_ (net)
                  0.48    0.00    2.02 ^ _215_/A (sky130_fd_sc_hd__clkbuf_4)
    10    0.04    0.14    0.33    2.35 ^ _215_/X (sky130_fd_sc_hd__clkbuf_4)
                                         _091_ (net)
                  0.14    0.00    2.35 ^ _314_/C1 (sky130_fd_sc_hd__o221a_1)
     1    0.01    0.08    0.21    2.56 ^ _314_/X (sky130_fd_sc_hd__o221a_1)
                                         _015_ (net)
                  0.08    0.00    2.56 ^ _398_/D (sky130_fd_sc_hd__dfrtp_2)
                                  2.56   data arrival time

                  0.00   10.00   10.00   clock core_clock (rise edge)
                          0.00   10.00   clock network delay (ideal)
                          0.00   10.00   clock reconvergence pessimism
                                 10.00 ^ _398_/CLK (sky130_fd_sc_hd__dfrtp_2)
                         -0.08    9.92   library setup time
                                  9.92   data required time
-----------------------------------------------------------------------------
                                  9.92   data required time
                                 -2.56   data arrival time
-----------------------------------------------------------------------------
                                  7.37   slack (MET)


Startpoint: _379_ (rising edge-triggered flip-flop clocked by core_clock)
Endpoint: _390_ (rising edge-triggered flip-flop clocked by core_clock)
Path Group: core_clock
Path Type: max

Fanout     Cap    Slew   Delay    Time   Description
-----------------------------------------------------------------------------
                  0.00    0.00    0.00   clock core_clock (rise edge)
                          0.00    0.00   clock network delay (ideal)
                  0.00    0.00    0.00 ^ _379_/CLK (sky130_fd_sc_hd__dfrtp_4)
     5    0.02    0.09    0.49    0.49 v _379_/Q (sky130_fd_sc_hd__dfrtp_4)
                                         one_second_counter[4] (net)
                  0.09    0.00    0.49 v _183_/B (sky130_fd_sc_hd__and4_2)
     5    0.02    0.08    0.27    0.76 v _183_/X (sky130_fd_sc_hd__and4_2)
                                         _065_ (net)
                  0.08    0.00    0.76 v _184_/B (sky130_fd_sc_hd__and2_1)
     1    0.01    0.07    0.20    0.96 v _184_/X (sky130_fd_sc_hd__and2_1)
                                         _066_ (net)
                  0.07    0.00    0.96 v _185_/A (sky130_fd_sc_hd__clkbuf_4)
     9    0.04    0.09    0.20    1.16 v _185_/X (sky130_fd_sc_hd__clkbuf_4)
                                         _067_ (net)
                  0.09    0.00    1.16 v _211_/A2 (sky130_fd_sc_hd__o311a_1)
     1    0.01    0.09    0.39    1.55 v _211_/X (sky130_fd_sc_hd__o311a_1)
                                         _087_ (net)
                  0.09    0.00    1.55 v _214_/A2 (sky130_fd_sc_hd__o31ai_4)
     9    0.04    0.48    0.47    2.02 ^ _214_/Y (sky130_fd_sc_hd__o31ai_4)
                                         _090_ (net)
                  0.48    0.00    2.02 ^ _215_/A (sky130_fd_sc_hd__clkbuf_4)
    10    0.04    0.14    0.33    2.35 ^ _215_/X (sky130_fd_sc_hd__clkbuf_4)
                                         _091_ (net)
                  0.14    0.00    2.35 ^ _281_/C1 (sky130_fd_sc_hd__o211a_1)
     1    0.00    0.06    0.17    2.52 ^ _281_/X (sky130_fd_sc_hd__o211a_1)
                                         _006_ (net)
                  0.06    0.00    2.52 ^ _390_/D (sky130_fd_sc_hd__dfrtp_1)
                                  2.52   data arrival time

                  0.00   10.00   10.00   clock core_clock (rise edge)
                          0.00   10.00   clock network delay (ideal)
                          0.00   10.00   clock reconvergence pessimism
                                 10.00 ^ _390_/CLK (sky130_fd_sc_hd__dfrtp_1)
                         -0.07    9.93   library setup time
                                  9.93   data required time
-----------------------------------------------------------------------------
                                  9.93   data required time
                                 -2.52   data arrival time
-----------------------------------------------------------------------------
                                  7.41   slack (MET)


Startpoint: _379_ (rising edge-triggered flip-flop clocked by core_clock)
Endpoint: _378_ (rising edge-triggered flip-flop clocked by core_clock)
Path Group: core_clock
Path Type: max

Fanout     Cap    Slew   Delay    Time   Description
-----------------------------------------------------------------------------
                  0.00    0.00    0.00   clock core_clock (rise edge)
                          0.00    0.00   clock network delay (ideal)
                  0.00    0.00    0.00 ^ _379_/CLK (sky130_fd_sc_hd__dfrtp_4)
     5    0.02    0.09    0.49    0.49 v _379_/Q (sky130_fd_sc_hd__dfrtp_4)
                                         one_second_counter[4] (net)
                  0.09    0.00    0.49 v _183_/B (sky130_fd_sc_hd__and4_2)
     5    0.02    0.08    0.27    0.76 v _183_/X (sky130_fd_sc_hd__and4_2)
                                         _065_ (net)
                  0.08    0.00    0.76 v _184_/B (sky130_fd_sc_hd__and2_1)
     1    0.01    0.07    0.20    0.96 v _184_/X (sky130_fd_sc_hd__and2_1)
                                         _066_ (net)
                  0.07    0.00    0.96 v _185_/A (sky130_fd_sc_hd__clkbuf_4)
     9    0.04    0.09    0.20    1.16 v _185_/X (sky130_fd_sc_hd__clkbuf_4)
                                         _067_ (net)
                  0.09    0.00    1.16 v _211_/A2 (sky130_fd_sc_hd__o311a_1)
     1    0.01    0.09    0.39    1.55 v _211_/X (sky130_fd_sc_hd__o311a_1)
                                         _087_ (net)
                  0.09    0.00    1.55 v _214_/A2 (sky130_fd_sc_hd__o31ai_4)
     9    0.04    0.48    0.47    2.02 ^ _214_/Y (sky130_fd_sc_hd__o31ai_4)
                                         _090_ (net)
                  0.48    0.00    2.02 ^ _227_/B (sky130_fd_sc_hd__and3b_1)
     1    0.01    0.11    0.28    2.30 ^ _227_/X (sky130_fd_sc_hd__and3b_1)
                                         _100_ (net)
                  0.11    0.00    2.30 ^ _228_/A (sky130_fd_sc_hd__buf_1)
     1    0.01    0.17    0.18    2.49 ^ _228_/X (sky130_fd_sc_hd__buf_1)
                                         _020_ (net)
                  0.17    0.00    2.49 ^ _378_/D (sky130_fd_sc_hd__dfrtp_1)
                                  2.49   data arrival time

                  0.00   10.00   10.00   clock core_clock (rise edge)
                          0.00   10.00   clock network delay (ideal)
                          0.00   10.00   clock reconvergence pessimism
                                 10.00 ^ _378_/CLK (sky130_fd_sc_hd__dfrtp_1)
                         -0.09    9.91   library setup time
                                  9.91   data required time
-----------------------------------------------------------------------------
                                  9.91   data required time
                                 -2.49   data arrival time
-----------------------------------------------------------------------------
                                  7.42   slack (MET)


Startpoint: _379_ (rising edge-triggered flip-flop clocked by core_clock)
Endpoint: _401_ (rising edge-triggered flip-flop clocked by core_clock)
Path Group: core_clock
Path Type: max

Fanout     Cap    Slew   Delay    Time   Description
-----------------------------------------------------------------------------
                  0.00    0.00    0.00   clock core_clock (rise edge)
                          0.00    0.00   clock network delay (ideal)
                  0.00    0.00    0.00 ^ _379_/CLK (sky130_fd_sc_hd__dfrtp_4)
     5    0.02    0.09    0.49    0.49 v _379_/Q (sky130_fd_sc_hd__dfrtp_4)
                                         one_second_counter[4] (net)
                  0.09    0.00    0.49 v _183_/B (sky130_fd_sc_hd__and4_2)
     5    0.02    0.08    0.27    0.76 v _183_/X (sky130_fd_sc_hd__and4_2)
                                         _065_ (net)
                  0.08    0.00    0.76 v _184_/B (sky130_fd_sc_hd__and2_1)
     1    0.01    0.07    0.20    0.96 v _184_/X (sky130_fd_sc_hd__and2_1)
                                         _066_ (net)
                  0.07    0.00    0.96 v _185_/A (sky130_fd_sc_hd__clkbuf_4)
     9    0.04    0.09    0.20    1.16 v _185_/X (sky130_fd_sc_hd__clkbuf_4)
                                         _067_ (net)
                  0.09    0.00    1.16 v _211_/A2 (sky130_fd_sc_hd__o311a_1)
     1    0.01    0.09    0.39    1.55 v _211_/X (sky130_fd_sc_hd__o311a_1)
                                         _087_ (net)
                  0.09    0.00    1.55 v _214_/A2 (sky130_fd_sc_hd__o31ai_4)
     9    0.04    0.48    0.47    2.02 ^ _214_/Y (sky130_fd_sc_hd__o31ai_4)
                                         _090_ (net)
                  0.48    0.00    2.02 ^ _215_/A (sky130_fd_sc_hd__clkbuf_4)
    10    0.04    0.14    0.33    2.35 ^ _215_/X (sky130_fd_sc_hd__clkbuf_4)
                                         _091_ (net)
                  0.14    0.00    2.35 ^ _324_/B1 (sky130_fd_sc_hd__o21a_1)
     1    0.00    0.06    0.15    2.50 ^ _324_/X (sky130_fd_sc_hd__o21a_1)
                                         _018_ (net)
                  0.06    0.00    2.50 ^ _401_/D (sky130_fd_sc_hd__dfrtp_2)
                                  2.50   data arrival time

                  0.00   10.00   10.00   clock core_clock (rise edge)
                          0.00   10.00   clock network delay (ideal)
                          0.00   10.00   clock reconvergence pessimism
                                 10.00 ^ _401_/CLK (sky130_fd_sc_hd__dfrtp_2)
                         -0.07    9.93   library setup time
                                  9.93   data required time
-----------------------------------------------------------------------------
                                  9.93   data required time
                                 -2.50   data arrival time
-----------------------------------------------------------------------------
                                  7.43   slack (MET)


Startpoint: _379_ (rising edge-triggered flip-flop clocked by core_clock)
Endpoint: _400_ (rising edge-triggered flip-flop clocked by core_clock)
Path Group: core_clock
Path Type: max

Fanout     Cap    Slew   Delay    Time   Description
-----------------------------------------------------------------------------
                  0.00    0.00    0.00   clock core_clock (rise edge)
                          0.00    0.00   clock network delay (ideal)
                  0.00    0.00    0.00 ^ _379_/CLK (sky130_fd_sc_hd__dfrtp_4)
     5    0.02    0.09    0.49    0.49 v _379_/Q (sky130_fd_sc_hd__dfrtp_4)
                                         one_second_counter[4] (net)
                  0.09    0.00    0.49 v _183_/B (sky130_fd_sc_hd__and4_2)
     5    0.02    0.08    0.27    0.76 v _183_/X (sky130_fd_sc_hd__and4_2)
                                         _065_ (net)
                  0.08    0.00    0.76 v _184_/B (sky130_fd_sc_hd__and2_1)
     1    0.01    0.07    0.20    0.96 v _184_/X (sky130_fd_sc_hd__and2_1)
                                         _066_ (net)
                  0.07    0.00    0.96 v _185_/A (sky130_fd_sc_hd__clkbuf_4)
     9    0.04    0.09    0.20    1.16 v _185_/X (sky130_fd_sc_hd__clkbuf_4)
                                         _067_ (net)
                  0.09    0.00    1.16 v _211_/A2 (sky130_fd_sc_hd__o311a_1)
     1    0.01    0.09    0.39    1.55 v _211_/X (sky130_fd_sc_hd__o311a_1)
                                         _087_ (net)
                  0.09    0.00    1.55 v _214_/A2 (sky130_fd_sc_hd__o31ai_4)
     9    0.04    0.48    0.47    2.02 ^ _214_/Y (sky130_fd_sc_hd__o31ai_4)
                                         _090_ (net)
                  0.48    0.00    2.02 ^ _321_/A (sky130_fd_sc_hd__and3_1)
     1    0.01    0.11    0.28    2.30 ^ _321_/X (sky130_fd_sc_hd__and3_1)
                                         _172_ (net)
                  0.11    0.00    2.30 ^ _322_/A (sky130_fd_sc_hd__buf_1)
     1    0.01    0.13    0.16    2.45 ^ _322_/X (sky130_fd_sc_hd__buf_1)
                                         _017_ (net)
                  0.13    0.00    2.45 ^ _400_/D (sky130_fd_sc_hd__dfrtp_4)
                                  2.45   data arrival time

                  0.00   10.00   10.00   clock core_clock (rise edge)
                          0.00   10.00   clock network delay (ideal)
                          0.00   10.00   clock reconvergence pessimism
                                 10.00 ^ _400_/CLK (sky130_fd_sc_hd__dfrtp_4)
                         -0.09    9.91   library setup time
                                  9.91   data required time
-----------------------------------------------------------------------------
                                  9.91   data required time
                                 -2.45   data arrival time
-----------------------------------------------------------------------------
                                  7.46   slack (MET)


Startpoint: _379_ (rising edge-triggered flip-flop clocked by core_clock)
Endpoint: _397_ (rising edge-triggered flip-flop clocked by core_clock)
Path Group: core_clock
Path Type: max

Fanout     Cap    Slew   Delay    Time   Description
-----------------------------------------------------------------------------
                  0.00    0.00    0.00   clock core_clock (rise edge)
                          0.00    0.00   clock network delay (ideal)
                  0.00    0.00    0.00 ^ _379_/CLK (sky130_fd_sc_hd__dfrtp_4)
     5    0.02    0.09    0.49    0.49 v _379_/Q (sky130_fd_sc_hd__dfrtp_4)
                                         one_second_counter[4] (net)
                  0.09    0.00    0.49 v _183_/B (sky130_fd_sc_hd__and4_2)
     5    0.02    0.08    0.27    0.76 v _183_/X (sky130_fd_sc_hd__and4_2)
                                         _065_ (net)
                  0.08    0.00    0.76 v _184_/B (sky130_fd_sc_hd__and2_1)
     1    0.01    0.07    0.20    0.96 v _184_/X (sky130_fd_sc_hd__and2_1)
                                         _066_ (net)
                  0.07    0.00    0.96 v _185_/A (sky130_fd_sc_hd__clkbuf_4)
     9    0.04    0.09    0.20    1.16 v _185_/X (sky130_fd_sc_hd__clkbuf_4)
                                         _067_ (net)
                  0.09    0.00    1.16 v _211_/A2 (sky130_fd_sc_hd__o311a_1)
     1    0.01    0.09    0.39    1.55 v _211_/X (sky130_fd_sc_hd__o311a_1)
                                         _087_ (net)
                  0.09    0.00    1.55 v _214_/A2 (sky130_fd_sc_hd__o31ai_4)
     9    0.04    0.48    0.47    2.02 ^ _214_/Y (sky130_fd_sc_hd__o31ai_4)
                                         _090_ (net)
                  0.48    0.00    2.02 ^ _310_/A (sky130_fd_sc_hd__and3_1)
     1    0.01    0.12    0.29    2.30 ^ _310_/X (sky130_fd_sc_hd__and3_1)
                                         _164_ (net)
                  0.12    0.00    2.31 ^ _311_/A (sky130_fd_sc_hd__clkbuf_1)
     1    0.01    0.08    0.12    2.43 ^ _311_/X (sky130_fd_sc_hd__clkbuf_1)
                                         _014_ (net)
                  0.08    0.00    2.43 ^ _397_/D (sky130_fd_sc_hd__dfrtp_4)
                                  2.43   data arrival time

                  0.00   10.00   10.00   clock core_clock (rise edge)
                          0.00   10.00   clock network delay (ideal)
                          0.00   10.00   clock reconvergence pessimism
                                 10.00 ^ _397_/CLK (sky130_fd_sc_hd__dfrtp_4)
                         -0.08    9.92   library setup time
                                  9.92   data required time
-----------------------------------------------------------------------------
                                  9.92   data required time
                                 -2.43   data arrival time
-----------------------------------------------------------------------------
                                  7.49   slack (MET)


Startpoint: _379_ (rising edge-triggered flip-flop clocked by core_clock)
Endpoint: _382_ (rising edge-triggered flip-flop clocked by core_clock)
Path Group: core_clock
Path Type: max

Fanout     Cap    Slew   Delay    Time   Description
-----------------------------------------------------------------------------
                  0.00    0.00    0.00   clock core_clock (rise edge)
                          0.00    0.00   clock network delay (ideal)
                  0.00    0.00    0.00 ^ _379_/CLK (sky130_fd_sc_hd__dfrtp_4)
     5    0.02    0.09    0.49    0.49 v _379_/Q (sky130_fd_sc_hd__dfrtp_4)
                                         one_second_counter[4] (net)
                  0.09    0.00    0.49 v _183_/B (sky130_fd_sc_hd__and4_2)
     5    0.02    0.08    0.27    0.76 v _183_/X (sky130_fd_sc_hd__and4_2)
                                         _065_ (net)
                  0.08    0.00    0.76 v _184_/B (sky130_fd_sc_hd__and2_1)
     1    0.01    0.07    0.20    0.96 v _184_/X (sky130_fd_sc_hd__and2_1)
                                         _066_ (net)
                  0.07    0.00    0.96 v _185_/A (sky130_fd_sc_hd__clkbuf_4)
     9    0.04    0.09    0.20    1.16 v _185_/X (sky130_fd_sc_hd__clkbuf_4)
                                         _067_ (net)
                  0.09    0.00    1.16 v _211_/A2 (sky130_fd_sc_hd__o311a_1)
     1    0.01    0.09    0.39    1.55 v _211_/X (sky130_fd_sc_hd__o311a_1)
                                         _087_ (net)
                  0.09    0.00    1.55 v _214_/A2 (sky130_fd_sc_hd__o31ai_4)
     9    0.04    0.48    0.47    2.02 ^ _214_/Y (sky130_fd_sc_hd__o31ai_4)
                                         _090_ (net)
                  0.48    0.00    2.02 ^ _242_/B (sky130_fd_sc_hd__and3b_1)
     1    0.01    0.11    0.28    2.30 ^ _242_/X (sky130_fd_sc_hd__and3b_1)
                                         _111_ (net)
                  0.11    0.00    2.30 ^ _243_/A (sky130_fd_sc_hd__clkbuf_1)
     1    0.01    0.08    0.12    2.43 ^ _243_/X (sky130_fd_sc_hd__clkbuf_1)
                                         _024_ (net)
                  0.08    0.00    2.43 ^ _382_/D (sky130_fd_sc_hd__dfrtp_1)
                                  2.43   data arrival time

                  0.00   10.00   10.00   clock core_clock (rise edge)
                          0.00   10.00   clock network delay (ideal)
                          0.00   10.00   clock reconvergence pessimism
                                 10.00 ^ _382_/CLK (sky130_fd_sc_hd__dfrtp_1)
                         -0.07    9.93   library setup time
                                  9.93   data required time
-----------------------------------------------------------------------------
                                  9.93   data required time
                                 -2.43   data arrival time
-----------------------------------------------------------------------------
                                  7.50   slack (MET)


Startpoint: _379_ (rising edge-triggered flip-flop clocked by core_clock)
Endpoint: _376_ (rising edge-triggered flip-flop clocked by core_clock)
Path Group: core_clock
Path Type: max

Fanout     Cap    Slew   Delay    Time   Description
-----------------------------------------------------------------------------
                  0.00    0.00    0.00   clock core_clock (rise edge)
                          0.00    0.00   clock network delay (ideal)
                  0.00    0.00    0.00 ^ _379_/CLK (sky130_fd_sc_hd__dfrtp_4)
     5    0.02    0.09    0.49    0.49 v _379_/Q (sky130_fd_sc_hd__dfrtp_4)
                                         one_second_counter[4] (net)
                  0.09    0.00    0.49 v _183_/B (sky130_fd_sc_hd__and4_2)
     5    0.02    0.08    0.27    0.76 v _183_/X (sky130_fd_sc_hd__and4_2)
                                         _065_ (net)
                  0.08    0.00    0.76 v _184_/B (sky130_fd_sc_hd__and2_1)
     1    0.01    0.07    0.20    0.96 v _184_/X (sky130_fd_sc_hd__and2_1)
                                         _066_ (net)
                  0.07    0.00    0.96 v _185_/A (sky130_fd_sc_hd__clkbuf_4)
     9    0.04    0.09    0.20    1.16 v _185_/X (sky130_fd_sc_hd__clkbuf_4)
                                         _067_ (net)
                  0.09    0.00    1.16 v _211_/A2 (sky130_fd_sc_hd__o311a_1)
     1    0.01    0.09    0.39    1.55 v _211_/X (sky130_fd_sc_hd__o311a_1)
                                         _087_ (net)
                  0.09    0.00    1.55 v _214_/A2 (sky130_fd_sc_hd__o31ai_4)
     9    0.04    0.48    0.47    2.02 ^ _214_/Y (sky130_fd_sc_hd__o31ai_4)
                                         _090_ (net)
                  0.48    0.00    2.02 ^ _220_/B (sky130_fd_sc_hd__and3_1)
     1    0.01    0.08    0.25    2.27 ^ _220_/X (sky130_fd_sc_hd__and3_1)
                                         _095_ (net)
                  0.08    0.00    2.27 ^ _221_/A (sky130_fd_sc_hd__buf_1)
     1    0.01    0.10    0.13    2.40 ^ _221_/X (sky130_fd_sc_hd__buf_1)
                                         _011_ (net)
                  0.10    0.00    2.40 ^ _376_/D (sky130_fd_sc_hd__dfrtp_4)
                                  2.40   data arrival time

                  0.00   10.00   10.00   clock core_clock (rise edge)
                          0.00   10.00   clock network delay (ideal)
                          0.00   10.00   clock reconvergence pessimism
                                 10.00 ^ _376_/CLK (sky130_fd_sc_hd__dfrtp_4)
                         -0.08    9.92   library setup time
                                  9.92   data required time
-----------------------------------------------------------------------------
                                  9.92   data required time
                                 -2.40   data arrival time
-----------------------------------------------------------------------------
                                  7.52   slack (MET)


Startpoint: _379_ (rising edge-triggered flip-flop clocked by core_clock)
Endpoint: _377_ (rising edge-triggered flip-flop clocked by core_clock)
Path Group: core_clock
Path Type: max

Fanout     Cap    Slew   Delay    Time   Description
-----------------------------------------------------------------------------
                  0.00    0.00    0.00   clock core_clock (rise edge)
                          0.00    0.00   clock network delay (ideal)
                  0.00    0.00    0.00 ^ _379_/CLK (sky130_fd_sc_hd__dfrtp_4)
     5    0.02    0.09    0.49    0.49 v _379_/Q (sky130_fd_sc_hd__dfrtp_4)
                                         one_second_counter[4] (net)
                  0.09    0.00    0.49 v _183_/B (sky130_fd_sc_hd__and4_2)
     5    0.02    0.08    0.27    0.76 v _183_/X (sky130_fd_sc_hd__and4_2)
                                         _065_ (net)
                  0.08    0.00    0.76 v _184_/B (sky130_fd_sc_hd__and2_1)
     1    0.01    0.07    0.20    0.96 v _184_/X (sky130_fd_sc_hd__and2_1)
                                         _066_ (net)
                  0.07    0.00    0.96 v _185_/A (sky130_fd_sc_hd__clkbuf_4)
     9    0.04    0.09    0.20    1.16 v _185_/X (sky130_fd_sc_hd__clkbuf_4)
                                         _067_ (net)
                  0.09    0.00    1.16 v _211_/A2 (sky130_fd_sc_hd__o311a_1)
     1    0.01    0.09    0.39    1.55 v _211_/X (sky130_fd_sc_hd__o311a_1)
                                         _087_ (net)
                  0.09    0.00    1.55 v _214_/A2 (sky130_fd_sc_hd__o31ai_4)
     9    0.04    0.48    0.47    2.02 ^ _214_/Y (sky130_fd_sc_hd__o31ai_4)
                                         _090_ (net)
                  0.48    0.00    2.02 ^ _224_/B (sky130_fd_sc_hd__and3_1)
     1    0.01    0.08    0.26    2.28 ^ _224_/X (sky130_fd_sc_hd__and3_1)
                                         _098_ (net)
                  0.08    0.00    2.28 ^ _225_/A (sky130_fd_sc_hd__buf_1)
     1    0.01    0.09    0.12    2.40 ^ _225_/X (sky130_fd_sc_hd__buf_1)
                                         _019_ (net)
                  0.09    0.00    2.40 ^ _377_/D (sky130_fd_sc_hd__dfrtp_4)
                                  2.40   data arrival time

                  0.00   10.00   10.00   clock core_clock (rise edge)
                          0.00   10.00   clock network delay (ideal)
                          0.00   10.00   clock reconvergence pessimism
                                 10.00 ^ _377_/CLK (sky130_fd_sc_hd__dfrtp_4)
                         -0.08    9.92   library setup time
                                  9.92   data required time
-----------------------------------------------------------------------------
                                  9.92   data required time
                                 -2.40   data arrival time
-----------------------------------------------------------------------------
                                  7.52   slack (MET)


Startpoint: _379_ (rising edge-triggered flip-flop clocked by core_clock)
Endpoint: _380_ (rising edge-triggered flip-flop clocked by core_clock)
Path Group: core_clock
Path Type: max

Fanout     Cap    Slew   Delay    Time   Description
-----------------------------------------------------------------------------
                  0.00    0.00    0.00   clock core_clock (rise edge)
                          0.00    0.00   clock network delay (ideal)
                  0.00    0.00    0.00 ^ _379_/CLK (sky130_fd_sc_hd__dfrtp_4)
     5    0.02    0.09    0.49    0.49 v _379_/Q (sky130_fd_sc_hd__dfrtp_4)
                                         one_second_counter[4] (net)
                  0.09    0.00    0.49 v _183_/B (sky130_fd_sc_hd__and4_2)
     5    0.02    0.08    0.27    0.76 v _183_/X (sky130_fd_sc_hd__and4_2)
                                         _065_ (net)
                  0.08    0.00    0.76 v _184_/B (sky130_fd_sc_hd__and2_1)
     1    0.01    0.07    0.20    0.96 v _184_/X (sky130_fd_sc_hd__and2_1)
                                         _066_ (net)
                  0.07    0.00    0.96 v _185_/A (sky130_fd_sc_hd__clkbuf_4)
     9    0.04    0.09    0.20    1.16 v _185_/X (sky130_fd_sc_hd__clkbuf_4)
                                         _067_ (net)
                  0.09    0.00    1.16 v _211_/A2 (sky130_fd_sc_hd__o311a_1)
     1    0.01    0.09    0.39    1.55 v _211_/X (sky130_fd_sc_hd__o311a_1)
                                         _087_ (net)
                  0.09    0.00    1.55 v _214_/A2 (sky130_fd_sc_hd__o31ai_4)
     9    0.04    0.48    0.47    2.02 ^ _214_/Y (sky130_fd_sc_hd__o31ai_4)
                                         _090_ (net)
                  0.48    0.00    2.02 ^ _235_/B (sky130_fd_sc_hd__and3b_1)
     1    0.01    0.10    0.27    2.29 ^ _235_/X (sky130_fd_sc_hd__and3b_1)
                                         _106_ (net)
                  0.10    0.00    2.29 ^ _236_/A (sky130_fd_sc_hd__clkbuf_1)
     1    0.00    0.06    0.11    2.40 ^ _236_/X (sky130_fd_sc_hd__clkbuf_1)
                                         _022_ (net)
                  0.06    0.00    2.40 ^ _380_/D (sky130_fd_sc_hd__dfrtp_2)
                                  2.40   data arrival time

                  0.00   10.00   10.00   clock core_clock (rise edge)
                          0.00   10.00   clock network delay (ideal)
                          0.00   10.00   clock reconvergence pessimism
                                 10.00 ^ _380_/CLK (sky130_fd_sc_hd__dfrtp_2)
                         -0.07    9.93   library setup time
                                  9.93   data required time
-----------------------------------------------------------------------------
                                  9.93   data required time
                                 -2.40   data arrival time
-----------------------------------------------------------------------------
                                  7.53   slack (MET)


Startpoint: _384_ (rising edge-triggered flip-flop clocked by core_clock)
Endpoint: _374_ (rising edge-triggered flip-flop clocked by core_clock)
Path Group: core_clock
Path Type: max

Fanout     Cap    Slew   Delay    Time   Description
-----------------------------------------------------------------------------
                  0.00    0.00    0.00   clock core_clock (rise edge)
                          0.00    0.00   clock network delay (ideal)
                  0.00    0.00    0.00 ^ _384_/CLK (sky130_fd_sc_hd__dfrtp_4)
     6    0.03    0.09    0.49    0.49 v _384_/Q (sky130_fd_sc_hd__dfrtp_4)
                                         one_second_counter[9] (net)
                  0.09    0.00    0.49 v _191_/A (sky130_fd_sc_hd__or4_1)
     2    0.01    0.11    0.56    1.05 v _191_/X (sky130_fd_sc_hd__or4_1)
                                         _073_ (net)
                  0.11    0.00    1.05 v _193_/A_N (sky130_fd_sc_hd__and4bb_1)
     2    0.01    0.12    0.33    1.38 ^ _193_/X (sky130_fd_sc_hd__and4bb_1)
                                         _075_ (net)
                  0.12    0.00    1.38 ^ _196_/A3 (sky130_fd_sc_hd__a31o_2)
     6    0.03    0.18    0.27    1.66 ^ _196_/X (sky130_fd_sc_hd__a31o_2)
                                         _078_ (net)
                  0.18    0.00    1.66 ^ _198_/B (sky130_fd_sc_hd__and3_1)
     2    0.01    0.15    0.26    1.92 ^ _198_/X (sky130_fd_sc_hd__and3_1)
                                         _080_ (net)
                  0.15    0.00    1.92 ^ _199_/B (sky130_fd_sc_hd__xor2_1)
     1    0.01    0.17    0.20    2.12 ^ _199_/X (sky130_fd_sc_hd__xor2_1)
                                         _063_ (net)
                  0.17    0.00    2.12 ^ _374_/D (sky130_fd_sc_hd__dfrtp_4)
                                  2.12   data arrival time

                  0.00   10.00   10.00   clock core_clock (rise edge)
                          0.00   10.00   clock network delay (ideal)
                          0.00   10.00   clock reconvergence pessimism
                                 10.00 ^ _374_/CLK (sky130_fd_sc_hd__dfrtp_4)
                         -0.10    9.90   library setup time
                                  9.90   data required time
-----------------------------------------------------------------------------
                                  9.90   data required time
                                 -2.12   data arrival time
-----------------------------------------------------------------------------
                                  7.78   slack (MET)


Startpoint: _384_ (rising edge-triggered flip-flop clocked by core_clock)
Endpoint: _373_ (rising edge-triggered flip-flop clocked by core_clock)
Path Group: core_clock
Path Type: max

Fanout     Cap    Slew   Delay    Time   Description
-----------------------------------------------------------------------------
                  0.00    0.00    0.00   clock core_clock (rise edge)
                          0.00    0.00   clock network delay (ideal)
                  0.00    0.00    0.00 ^ _384_/CLK (sky130_fd_sc_hd__dfrtp_4)
     6    0.03    0.09    0.49    0.49 v _384_/Q (sky130_fd_sc_hd__dfrtp_4)
                                         one_second_counter[9] (net)
                  0.09    0.00    0.49 v _191_/A (sky130_fd_sc_hd__or4_1)
     2    0.01    0.11    0.56    1.05 v _191_/X (sky130_fd_sc_hd__or4_1)
                                         _073_ (net)
                  0.11    0.00    1.05 v _193_/A_N (sky130_fd_sc_hd__and4bb_1)
     2    0.01    0.12    0.33    1.38 ^ _193_/X (sky130_fd_sc_hd__and4bb_1)
                                         _075_ (net)
                  0.12    0.00    1.38 ^ _196_/A3 (sky130_fd_sc_hd__a31o_2)
     6    0.03    0.18    0.27    1.66 ^ _196_/X (sky130_fd_sc_hd__a31o_2)
                                         _078_ (net)
                  0.18    0.00    1.66 ^ _198_/B (sky130_fd_sc_hd__and3_1)
     2    0.01    0.15    0.26    1.92 ^ _198_/X (sky130_fd_sc_hd__and3_1)
                                         _080_ (net)
                  0.15    0.00    1.92 ^ _201_/A (sky130_fd_sc_hd__nor2_1)
     1    0.01    0.08    0.10    2.02 v _201_/Y (sky130_fd_sc_hd__nor2_1)
                                         _062_ (net)
                  0.08    0.00    2.02 v _373_/D (sky130_fd_sc_hd__dfrtp_4)
                                  2.02   data arrival time

                  0.00   10.00   10.00   clock core_clock (rise edge)
                          0.00   10.00   clock network delay (ideal)
                          0.00   10.00   clock reconvergence pessimism
                                 10.00 ^ _373_/CLK (sky130_fd_sc_hd__dfrtp_4)
                         -0.14    9.86   library setup time
                                  9.86   data required time
-----------------------------------------------------------------------------
                                  9.86   data required time
                                 -2.02   data arrival time
-----------------------------------------------------------------------------
                                  7.84   slack (MET)


Startpoint: _384_ (rising edge-triggered flip-flop clocked by core_clock)
Endpoint: _372_ (rising edge-triggered flip-flop clocked by core_clock)
Path Group: core_clock
Path Type: max

Fanout     Cap    Slew   Delay    Time   Description
-----------------------------------------------------------------------------
                  0.00    0.00    0.00   clock core_clock (rise edge)
                          0.00    0.00   clock network delay (ideal)
                  0.00    0.00    0.00 ^ _384_/CLK (sky130_fd_sc_hd__dfrtp_4)
     6    0.03    0.09    0.49    0.49 v _384_/Q (sky130_fd_sc_hd__dfrtp_4)
                                         one_second_counter[9] (net)
                  0.09    0.00    0.49 v _191_/A (sky130_fd_sc_hd__or4_1)
     2    0.01    0.11    0.56    1.05 v _191_/X (sky130_fd_sc_hd__or4_1)
                                         _073_ (net)
                  0.11    0.00    1.05 v _193_/A_N (sky130_fd_sc_hd__and4bb_1)
     2    0.01    0.12    0.33    1.38 ^ _193_/X (sky130_fd_sc_hd__and4bb_1)
                                         _075_ (net)
                  0.12    0.00    1.38 ^ _196_/A3 (sky130_fd_sc_hd__a31o_2)
     6    0.03    0.18    0.27    1.66 ^ _196_/X (sky130_fd_sc_hd__a31o_2)
                                         _078_ (net)
                  0.18    0.00    1.66 ^ _202_/C (sky130_fd_sc_hd__and3_2)
     2    0.02    0.11    0.26    1.92 ^ _202_/X (sky130_fd_sc_hd__and3_2)
                                         _082_ (net)
                  0.11    0.00    1.92 ^ _205_/B1 (sky130_fd_sc_hd__o2bb2a_1)
     1    0.00    0.06    0.16    2.08 ^ _205_/X (sky130_fd_sc_hd__o2bb2a_1)
                                         _061_ (net)
                  0.06    0.00    2.08 ^ _372_/D (sky130_fd_sc_hd__dfrtp_4)
                                  2.08   data arrival time

                  0.00   10.00   10.00   clock core_clock (rise edge)
                          0.00   10.00   clock network delay (ideal)
                          0.00   10.00   clock reconvergence pessimism
                                 10.00 ^ _372_/CLK (sky130_fd_sc_hd__dfrtp_4)
                         -0.07    9.93   library setup time
                                  9.93   data required time
-----------------------------------------------------------------------------
                                  9.93   data required time
                                 -2.08   data arrival time
-----------------------------------------------------------------------------
                                  7.84   slack (MET)


Startpoint: _384_ (rising edge-triggered flip-flop clocked by core_clock)
Endpoint: _371_ (rising edge-triggered flip-flop clocked by core_clock)
Path Group: core_clock
Path Type: max

Fanout     Cap    Slew   Delay    Time   Description
-----------------------------------------------------------------------------
                  0.00    0.00    0.00   clock core_clock (rise edge)
                          0.00    0.00   clock network delay (ideal)
                  0.00    0.00    0.00 ^ _384_/CLK (sky130_fd_sc_hd__dfrtp_4)
     6    0.03    0.09    0.49    0.49 v _384_/Q (sky130_fd_sc_hd__dfrtp_4)
                                         one_second_counter[9] (net)
                  0.09    0.00    0.49 v _191_/A (sky130_fd_sc_hd__or4_1)
     2    0.01    0.11    0.56    1.05 v _191_/X (sky130_fd_sc_hd__or4_1)
                                         _073_ (net)
                  0.11    0.00    1.05 v _193_/A_N (sky130_fd_sc_hd__and4bb_1)
     2    0.01    0.12    0.33    1.38 ^ _193_/X (sky130_fd_sc_hd__and4bb_1)
                                         _075_ (net)
                  0.12    0.00    1.38 ^ _196_/A3 (sky130_fd_sc_hd__a31o_2)
     6    0.03    0.18    0.27    1.66 ^ _196_/X (sky130_fd_sc_hd__a31o_2)
                                         _078_ (net)
                  0.18    0.00    1.66 ^ _202_/C (sky130_fd_sc_hd__and3_2)
     2    0.02    0.11    0.26    1.92 ^ _202_/X (sky130_fd_sc_hd__and3_2)
                                         _082_ (net)
                  0.11    0.00    1.92 ^ _207_/A (sky130_fd_sc_hd__nor2_1)
     1    0.01    0.07    0.09    2.01 v _207_/Y (sky130_fd_sc_hd__nor2_1)
                                         _060_ (net)
                  0.07    0.00    2.01 v _371_/D (sky130_fd_sc_hd__dfrtp_4)
                                  2.01   data arrival time

                  0.00   10.00   10.00   clock core_clock (rise edge)
                          0.00   10.00   clock network delay (ideal)
                          0.00   10.00   clock reconvergence pessimism
                                 10.00 ^ _371_/CLK (sky130_fd_sc_hd__dfrtp_4)
                         -0.14    9.86   library setup time
                                  9.86   data required time
-----------------------------------------------------------------------------
                                  9.86   data required time
                                 -2.01   data arrival time
-----------------------------------------------------------------------------
                                  7.85   slack (MET)


Startpoint: _384_ (rising edge-triggered flip-flop clocked by core_clock)
Endpoint: _370_ (rising edge-triggered flip-flop clocked by core_clock)
Path Group: core_clock
Path Type: max

Fanout     Cap    Slew   Delay    Time   Description
-----------------------------------------------------------------------------
                  0.00    0.00    0.00   clock core_clock (rise edge)
                          0.00    0.00   clock network delay (ideal)
                  0.00    0.00    0.00 ^ _384_/CLK (sky130_fd_sc_hd__dfrtp_4)
     6    0.03    0.09    0.49    0.49 v _384_/Q (sky130_fd_sc_hd__dfrtp_4)
                                         one_second_counter[9] (net)
                  0.09    0.00    0.49 v _191_/A (sky130_fd_sc_hd__or4_1)
     2    0.01    0.11    0.56    1.05 v _191_/X (sky130_fd_sc_hd__or4_1)
                                         _073_ (net)
                  0.11    0.00    1.05 v _193_/A_N (sky130_fd_sc_hd__and4bb_1)
     2    0.01    0.12    0.33    1.38 ^ _193_/X (sky130_fd_sc_hd__and4bb_1)
                                         _075_ (net)
                  0.12    0.00    1.38 ^ _196_/A3 (sky130_fd_sc_hd__a31o_2)
     6    0.03    0.18    0.27    1.66 ^ _196_/X (sky130_fd_sc_hd__a31o_2)
                                         _078_ (net)
                  0.18    0.00    1.66 ^ _210_/A2 (sky130_fd_sc_hd__a21boi_1)
     1    0.01    0.07    0.11    1.77 v _210_/Y (sky130_fd_sc_hd__a21boi_1)
                                         _059_ (net)
                  0.07    0.00    1.77 v _370_/D (sky130_fd_sc_hd__dfrtp_4)
                                  1.77   data arrival time

                  0.00   10.00   10.00   clock core_clock (rise edge)
                          0.00   10.00   clock network delay (ideal)
                          0.00   10.00   clock reconvergence pessimism
                                 10.00 ^ _370_/CLK (sky130_fd_sc_hd__dfrtp_4)
                         -0.14    9.86   library setup time
                                  9.86   data required time
-----------------------------------------------------------------------------
                                  9.86   data required time
                                 -1.77   data arrival time
-----------------------------------------------------------------------------
                                  8.10   slack (MET)



worst slack corner Typical: 7.1896
