
===========================================================================
report_checks -unconstrained
===========================================================================
======================= Fastest Corner ===================================

Startpoint: A[2] (input port clocked by __VIRTUAL_CLK__)
Endpoint: out[7] (output port clocked by __VIRTUAL_CLK__)
Path Group: __VIRTUAL_CLK__
Path Type: max
Corner: Fastest

Fanout     Cap    Slew   Delay    Time   Description
-----------------------------------------------------------------------------
                  0.00    0.00    0.00   clock __VIRTUAL_CLK__ (rise edge)
                          0.00    0.00   clock network delay (ideal)
                          2.00    2.00 ^ input external delay
     1    0.00    0.02    0.01    2.01 ^ A[2] (in)
                                         A[2] (net)
                  0.02    0.00    2.01 ^ input3/A (sky130_fd_sc_hd__buf_4)
     8    0.08    0.17    0.17    2.18 ^ input3/X (sky130_fd_sc_hd__buf_4)
                                         net3 (net)
                  0.17    0.02    2.19 ^ _288_/A (sky130_fd_sc_hd__buf_4)
    10    0.09    0.20    0.21    2.41 ^ _288_/X (sky130_fd_sc_hd__buf_4)
                                         _217_ (net)
                  0.20    0.02    2.43 ^ _292_/B1 (sky130_fd_sc_hd__a22o_1)
     2    0.03    0.22    0.22    2.65 ^ _292_/X (sky130_fd_sc_hd__a22o_1)
                                         _221_ (net)
                  0.22    0.00    2.66 ^ _328_/A3 (sky130_fd_sc_hd__a31o_1)
     2    0.02    0.12    0.17    2.83 ^ _328_/X (sky130_fd_sc_hd__a31o_1)
                                         _008_ (net)
                  0.12    0.00    2.83 ^ _329_/C (sky130_fd_sc_hd__and3_1)
     2    0.06    0.42    0.39    3.22 ^ _329_/X (sky130_fd_sc_hd__and3_1)
                                         _009_ (net)
                  0.42    0.00    3.22 ^ _331_/A_N (sky130_fd_sc_hd__and2b_1)
     1    0.02    0.08    0.18    3.40 v _331_/X (sky130_fd_sc_hd__and2b_1)
                                         _011_ (net)
                  0.08    0.00    3.41 v _332_/B (sky130_fd_sc_hd__xnor2_2)
     2    0.03    0.32    0.29    3.70 ^ _332_/Y (sky130_fd_sc_hd__xnor2_2)
                                         _012_ (net)
                  0.32    0.00    3.70 ^ _333_/A (sky130_fd_sc_hd__nand2_4)
     5    0.05    0.14    0.12    3.82 v _333_/Y (sky130_fd_sc_hd__nand2_4)
                                         _013_ (net)
                  0.14    0.00    3.82 v _359_/A_N (sky130_fd_sc_hd__nand3b_4)
     4    0.06    0.14    0.23    4.05 v _359_/Y (sky130_fd_sc_hd__nand3b_4)
                                         _038_ (net)
                  0.14    0.00    4.05 v _438_/A1 (sky130_fd_sc_hd__a2111oi_4)
     1    0.01    0.24    0.29    4.34 ^ _438_/Y (sky130_fd_sc_hd__a2111oi_4)
                                         _115_ (net)
                  0.24    0.00    4.34 ^ wire28/A (sky130_fd_sc_hd__buf_4)
     3    0.03    0.07    0.14    4.48 ^ wire28/X (sky130_fd_sc_hd__buf_4)
                                         net28 (net)
                  0.07    0.00    4.48 ^ _497_/B1 (sky130_fd_sc_hd__a21oi_1)
     1    0.02    0.13    0.08    4.56 v _497_/Y (sky130_fd_sc_hd__a21oi_1)
                                         _173_ (net)
                  0.13    0.00    4.56 v _498_/A1 (sky130_fd_sc_hd__o21a_1)
     1    0.01    0.05    0.19    4.75 v _498_/X (sky130_fd_sc_hd__o21a_1)
                                         _174_ (net)
                  0.05    0.00    4.75 v _503_/A3 (sky130_fd_sc_hd__o32a_4)
     1    0.02    0.05    0.22    4.97 v _503_/X (sky130_fd_sc_hd__o32a_4)
                                         net27 (net)
                  0.06    0.00    4.97 v output27/A (sky130_fd_sc_hd__buf_8)
     1    0.03    0.03    0.10    5.07 v output27/X (sky130_fd_sc_hd__buf_8)
                                         out[7] (net)
                  0.03    0.00    5.07 v out[7] (out)
                                  5.07   data arrival time

                  0.00   10.00   10.00   clock __VIRTUAL_CLK__ (rise edge)
                          0.00   10.00   clock network delay (ideal)
                         -0.25    9.75   clock uncertainty
                          0.00    9.75   clock reconvergence pessimism
                         -2.00    7.75   output external delay
                                  7.75   data required time
-----------------------------------------------------------------------------
                                  7.75   data required time
                                 -5.07   data arrival time
-----------------------------------------------------------------------------
                                  2.68   slack (MET)



======================= Slowest Corner ===================================

Startpoint: A[5] (input port clocked by __VIRTUAL_CLK__)
Endpoint: out[7] (output port clocked by __VIRTUAL_CLK__)
Path Group: __VIRTUAL_CLK__
Path Type: max
Corner: Slowest

Fanout     Cap    Slew   Delay    Time   Description
-----------------------------------------------------------------------------
                  0.00    0.00    0.00   clock __VIRTUAL_CLK__ (rise edge)
                          0.00    0.00   clock network delay (ideal)
                          2.00    2.00 ^ input external delay
     1    0.00    0.03    0.02    2.02 ^ A[5] (in)
                                         A[5] (net)
                  0.03    0.00    2.02 ^ input6/A (sky130_fd_sc_hd__buf_2)
     3    0.06    0.47    0.49    2.50 ^ input6/X (sky130_fd_sc_hd__buf_2)
                                         net6 (net)
                  0.47    0.01    2.51 ^ _374_/A (sky130_fd_sc_hd__buf_8)
    10    0.10    0.25    0.48    2.99 ^ _374_/X (sky130_fd_sc_hd__buf_8)
                                         _052_ (net)
                  0.25    0.01    3.00 ^ _416_/C (sky130_fd_sc_hd__nand4_4)
     3    0.05    0.49    0.55    3.55 v _416_/Y (sky130_fd_sc_hd__nand4_4)
                                         _093_ (net)
                  0.49    0.00    3.56 v _474_/B1_N (sky130_fd_sc_hd__a21bo_1)
     1    0.02    0.24    0.70    4.26 ^ _474_/X (sky130_fd_sc_hd__a21bo_1)
                                         _150_ (net)
                  0.24    0.00    4.26 ^ _476_/A (sky130_fd_sc_hd__xor2_2)
     3    0.04    0.76    0.76    5.02 ^ _476_/X (sky130_fd_sc_hd__xor2_2)
                                         _152_ (net)
                  0.76    0.00    5.02 ^ _477_/B1 (sky130_fd_sc_hd__a21o_1)
     2    0.03    0.42    0.63    5.65 ^ _477_/X (sky130_fd_sc_hd__a21o_1)
                                         _153_ (net)
                  0.42    0.01    5.66 ^ _486_/A1 (sky130_fd_sc_hd__a21o_1)
     2    0.04    0.56    0.73    6.38 ^ _486_/X (sky130_fd_sc_hd__a21o_1)
                                         _162_ (net)
                  0.56    0.00    6.39 ^ _489_/A2 (sky130_fd_sc_hd__a21o_1)
     2    0.02    0.27    0.57    6.95 ^ _489_/X (sky130_fd_sc_hd__a21o_1)
                                         _165_ (net)
                  0.27    0.00    6.96 ^ rebuffer14/A (sky130_fd_sc_hd__dlymetal6s2s_1)
     1    0.03    0.46    0.55    7.51 ^ rebuffer14/X (sky130_fd_sc_hd__dlymetal6s2s_1)
                                         net42 (net)
                  0.46    0.00    7.51 ^ _492_/A1 (sky130_fd_sc_hd__a21oi_4)
     2    0.05    0.26    0.40    7.92 v _492_/Y (sky130_fd_sc_hd__a21oi_4)
                                         _168_ (net)
                  0.26    0.00    7.92 v _494_/B (sky130_fd_sc_hd__or3_4)
     2    0.03    0.19    0.96    8.88 v _494_/X (sky130_fd_sc_hd__or3_4)
                                         _170_ (net)
                  0.19    0.00    8.88 v rebuffer17/A (sky130_fd_sc_hd__clkbuf_1)
     1    0.00    0.06    0.24    9.13 v rebuffer17/X (sky130_fd_sc_hd__clkbuf_1)
                                         net45 (net)
                  0.06    0.00    9.13 v _497_/A1 (sky130_fd_sc_hd__a21oi_1)
     1    0.02    0.78    0.69    9.82 ^ _497_/Y (sky130_fd_sc_hd__a21oi_1)
                                         _173_ (net)
                  0.78    0.00    9.82 ^ _498_/A1 (sky130_fd_sc_hd__o21a_1)
     1    0.01    0.21    0.61   10.42 ^ _498_/X (sky130_fd_sc_hd__o21a_1)
                                         _174_ (net)
                  0.21    0.00   10.42 ^ _503_/A3 (sky130_fd_sc_hd__o32a_4)
     1    0.02    0.12    0.41   10.83 ^ _503_/X (sky130_fd_sc_hd__o32a_4)
                                         net27 (net)
                  0.12    0.00   10.83 ^ output27/A (sky130_fd_sc_hd__buf_8)
     1    0.03    0.10    0.24   11.07 ^ output27/X (sky130_fd_sc_hd__buf_8)
                                         out[7] (net)
                  0.10    0.00   11.07 ^ out[7] (out)
                                 11.07   data arrival time

                  0.00   10.00   10.00   clock __VIRTUAL_CLK__ (rise edge)
                          0.00   10.00   clock network delay (ideal)
                         -0.25    9.75   clock uncertainty
                          0.00    9.75   clock reconvergence pessimism
                         -2.00    7.75   output external delay
                                  7.75   data required time
-----------------------------------------------------------------------------
                                  7.75   data required time
                                -11.07   data arrival time
-----------------------------------------------------------------------------
                                 -3.32   slack (VIOLATED)



======================= Typical Corner ===================================

Startpoint: A[5] (input port clocked by __VIRTUAL_CLK__)
Endpoint: out[7] (output port clocked by __VIRTUAL_CLK__)
Path Group: __VIRTUAL_CLK__
Path Type: max
Corner: Typical

Fanout     Cap    Slew   Delay    Time   Description
-----------------------------------------------------------------------------
                  0.00    0.00    0.00   clock __VIRTUAL_CLK__ (rise edge)
                          0.00    0.00   clock network delay (ideal)
                          2.00    2.00 ^ input external delay
     1    0.00    0.02    0.01    2.01 ^ A[5] (in)
                                         A[5] (net)
                  0.02    0.00    2.01 ^ input6/A (sky130_fd_sc_hd__buf_2)
     3    0.06    0.29    0.29    2.30 ^ input6/X (sky130_fd_sc_hd__buf_2)
                                         net6 (net)
                  0.29    0.01    2.30 ^ _374_/A (sky130_fd_sc_hd__buf_8)
    10    0.10    0.16    0.25    2.55 ^ _374_/X (sky130_fd_sc_hd__buf_8)
                                         _052_ (net)
                  0.16    0.01    2.56 ^ _416_/C (sky130_fd_sc_hd__nand4_4)
     3    0.05    0.23    0.25    2.81 v _416_/Y (sky130_fd_sc_hd__nand4_4)
                                         _093_ (net)
                  0.23    0.00    2.81 v _474_/B1_N (sky130_fd_sc_hd__a21bo_1)
     1    0.02    0.15    0.35    3.16 ^ _474_/X (sky130_fd_sc_hd__a21bo_1)
                                         _150_ (net)
                  0.15    0.00    3.16 ^ _476_/A (sky130_fd_sc_hd__xor2_2)
     3    0.04    0.49    0.44    3.61 ^ _476_/X (sky130_fd_sc_hd__xor2_2)
                                         _152_ (net)
                  0.49    0.00    3.61 ^ _477_/B1 (sky130_fd_sc_hd__a21o_1)
     2    0.03    0.27    0.31    3.92 ^ _477_/X (sky130_fd_sc_hd__a21o_1)
                                         _153_ (net)
                  0.27    0.01    3.93 ^ _486_/A1 (sky130_fd_sc_hd__a21o_1)
     2    0.04    0.35    0.40    4.32 ^ _486_/X (sky130_fd_sc_hd__a21o_1)
                                         _162_ (net)
                  0.35    0.00    4.33 ^ _489_/A2 (sky130_fd_sc_hd__a21o_1)
     2    0.02    0.17    0.28    4.61 ^ _489_/X (sky130_fd_sc_hd__a21o_1)
                                         _165_ (net)
                  0.17    0.00    4.61 ^ rebuffer14/A (sky130_fd_sc_hd__dlymetal6s2s_1)
     1    0.03    0.30    0.32    4.93 ^ rebuffer14/X (sky130_fd_sc_hd__dlymetal6s2s_1)
                                         net42 (net)
                  0.30    0.00    4.94 ^ _492_/A1 (sky130_fd_sc_hd__a21oi_4)
     2    0.05    0.15    0.19    5.13 v _492_/Y (sky130_fd_sc_hd__a21oi_4)
                                         _168_ (net)
                  0.15    0.00    5.13 v _494_/B (sky130_fd_sc_hd__or3_4)
     2    0.03    0.11    0.49    5.62 v _494_/X (sky130_fd_sc_hd__or3_4)
                                         _170_ (net)
                  0.11    0.00    5.62 v rebuffer17/A (sky130_fd_sc_hd__clkbuf_1)
     1    0.00    0.03    0.13    5.75 v rebuffer17/X (sky130_fd_sc_hd__clkbuf_1)
                                         net45 (net)
                  0.03    0.00    5.75 v _497_/A1 (sky130_fd_sc_hd__a21oi_1)
     1    0.02    0.48    0.41    6.16 ^ _497_/Y (sky130_fd_sc_hd__a21oi_1)
                                         _173_ (net)
                  0.48    0.00    6.16 ^ _498_/A1 (sky130_fd_sc_hd__o21a_1)
     1    0.01    0.13    0.28    6.44 ^ _498_/X (sky130_fd_sc_hd__o21a_1)
                                         _174_ (net)
                  0.13    0.00    6.44 ^ _503_/A3 (sky130_fd_sc_hd__o32a_4)
     1    0.02    0.07    0.21    6.64 ^ _503_/X (sky130_fd_sc_hd__o32a_4)
                                         net27 (net)
                  0.07    0.00    6.65 ^ output27/A (sky130_fd_sc_hd__buf_8)
     1    0.03    0.07    0.13    6.78 ^ output27/X (sky130_fd_sc_hd__buf_8)
                                         out[7] (net)
                  0.07    0.00    6.78 ^ out[7] (out)
                                  6.78   data arrival time

                  0.00   10.00   10.00   clock __VIRTUAL_CLK__ (rise edge)
                          0.00   10.00   clock network delay (ideal)
                         -0.25    9.75   clock uncertainty
                          0.00    9.75   clock reconvergence pessimism
                         -2.00    7.75   output external delay
                                  7.75   data required time
-----------------------------------------------------------------------------
                                  7.75   data required time
                                 -6.78   data arrival time
-----------------------------------------------------------------------------
                                  0.97   slack (MET)




===========================================================================
report_checks --slack_max -0.01
============================================================================
======================= Fastest Corner ===================================

No paths found.

======================= Slowest Corner ===================================

Startpoint: A[5] (input port clocked by __VIRTUAL_CLK__)
Endpoint: out[7] (output port clocked by __VIRTUAL_CLK__)
Path Group: __VIRTUAL_CLK__
Path Type: max
Corner: Slowest

Fanout     Cap    Slew   Delay    Time   Description
-----------------------------------------------------------------------------
                  0.00    0.00    0.00   clock __VIRTUAL_CLK__ (rise edge)
                          0.00    0.00   clock network delay (ideal)
                          2.00    2.00 ^ input external delay
     1    0.00    0.03    0.02    2.02 ^ A[5] (in)
                                         A[5] (net)
                  0.03    0.00    2.02 ^ input6/A (sky130_fd_sc_hd__buf_2)
     3    0.06    0.47    0.49    2.50 ^ input6/X (sky130_fd_sc_hd__buf_2)
                                         net6 (net)
                  0.47    0.01    2.51 ^ _374_/A (sky130_fd_sc_hd__buf_8)
    10    0.10    0.25    0.48    2.99 ^ _374_/X (sky130_fd_sc_hd__buf_8)
                                         _052_ (net)
                  0.25    0.01    3.00 ^ _416_/C (sky130_fd_sc_hd__nand4_4)
     3    0.05    0.49    0.55    3.55 v _416_/Y (sky130_fd_sc_hd__nand4_4)
                                         _093_ (net)
                  0.49    0.00    3.56 v _474_/B1_N (sky130_fd_sc_hd__a21bo_1)
     1    0.02    0.24    0.70    4.26 ^ _474_/X (sky130_fd_sc_hd__a21bo_1)
                                         _150_ (net)
                  0.24    0.00    4.26 ^ _476_/A (sky130_fd_sc_hd__xor2_2)
     3    0.04    0.76    0.76    5.02 ^ _476_/X (sky130_fd_sc_hd__xor2_2)
                                         _152_ (net)
                  0.76    0.00    5.02 ^ _477_/B1 (sky130_fd_sc_hd__a21o_1)
     2    0.03    0.42    0.63    5.65 ^ _477_/X (sky130_fd_sc_hd__a21o_1)
                                         _153_ (net)
                  0.42    0.01    5.66 ^ _486_/A1 (sky130_fd_sc_hd__a21o_1)
     2    0.04    0.56    0.73    6.38 ^ _486_/X (sky130_fd_sc_hd__a21o_1)
                                         _162_ (net)
                  0.56    0.00    6.39 ^ _489_/A2 (sky130_fd_sc_hd__a21o_1)
     2    0.02    0.27    0.57    6.95 ^ _489_/X (sky130_fd_sc_hd__a21o_1)
                                         _165_ (net)
                  0.27    0.00    6.96 ^ rebuffer14/A (sky130_fd_sc_hd__dlymetal6s2s_1)
     1    0.03    0.46    0.55    7.51 ^ rebuffer14/X (sky130_fd_sc_hd__dlymetal6s2s_1)
                                         net42 (net)
                  0.46    0.00    7.51 ^ _492_/A1 (sky130_fd_sc_hd__a21oi_4)
     2    0.05    0.26    0.40    7.92 v _492_/Y (sky130_fd_sc_hd__a21oi_4)
                                         _168_ (net)
                  0.26    0.00    7.92 v _494_/B (sky130_fd_sc_hd__or3_4)
     2    0.03    0.19    0.96    8.88 v _494_/X (sky130_fd_sc_hd__or3_4)
                                         _170_ (net)
                  0.19    0.00    8.88 v rebuffer17/A (sky130_fd_sc_hd__clkbuf_1)
     1    0.00    0.06    0.24    9.13 v rebuffer17/X (sky130_fd_sc_hd__clkbuf_1)
                                         net45 (net)
                  0.06    0.00    9.13 v _497_/A1 (sky130_fd_sc_hd__a21oi_1)
     1    0.02    0.78    0.69    9.82 ^ _497_/Y (sky130_fd_sc_hd__a21oi_1)
                                         _173_ (net)
                  0.78    0.00    9.82 ^ _498_/A1 (sky130_fd_sc_hd__o21a_1)
     1    0.01    0.21    0.61   10.42 ^ _498_/X (sky130_fd_sc_hd__o21a_1)
                                         _174_ (net)
                  0.21    0.00   10.42 ^ _503_/A3 (sky130_fd_sc_hd__o32a_4)
     1    0.02    0.12    0.41   10.83 ^ _503_/X (sky130_fd_sc_hd__o32a_4)
                                         net27 (net)
                  0.12    0.00   10.83 ^ output27/A (sky130_fd_sc_hd__buf_8)
     1    0.03    0.10    0.24   11.07 ^ output27/X (sky130_fd_sc_hd__buf_8)
                                         out[7] (net)
                  0.10    0.00   11.07 ^ out[7] (out)
                                 11.07   data arrival time

                  0.00   10.00   10.00   clock __VIRTUAL_CLK__ (rise edge)
                          0.00   10.00   clock network delay (ideal)
                         -0.25    9.75   clock uncertainty
                          0.00    9.75   clock reconvergence pessimism
                         -2.00    7.75   output external delay
                                  7.75   data required time
-----------------------------------------------------------------------------
                                  7.75   data required time
                                -11.07   data arrival time
-----------------------------------------------------------------------------
                                 -3.32   slack (VIOLATED)



======================= Typical Corner ===================================

No paths found.


===========================================================================
 report_check_types -max_slew -max_cap -max_fanout -violators
============================================================================
======================= Fastest Corner ===================================

max fanout

Pin                                   Limit Fanout  Slack
---------------------------------------------------------
input7/X                                 10     11        (VIOLATED)


max slew violations count Fastest: 0
max fanout violations count Fastest: 1
max cap violations count Fastest: 0
======================= Slowest Corner ===================================

max slew

Pin                                    Limit    Slew   Slack
------------------------------------------------------------
_439_/A                                 0.75    0.98   -0.23 (VIOLATED)
_438_/C1                                0.75    0.98   -0.23 (VIOLATED)
_436_/Y                                 0.75    0.98   -0.23 (VIOLATED)
_365_/B                                 0.75    0.87   -0.12 (VIOLATED)
_364_/Y                                 0.75    0.87   -0.12 (VIOLATED)
_341_/B1                                0.75    0.84   -0.09 (VIOLATED)
_331_/A_N                               0.75    0.84   -0.09 (VIOLATED)
_329_/X                                 0.75    0.84   -0.09 (VIOLATED)
_409_/A2                                0.75    0.83   -0.08 (VIOLATED)
_381_/X                                 0.75    0.83   -0.08 (VIOLATED)
_380_/B                                 0.75    0.79   -0.04 (VIOLATED)
_379_/Y                                 0.75    0.79   -0.04 (VIOLATED)
_498_/A1                                0.75    0.78   -0.03 (VIOLATED)
_497_/Y                                 0.75    0.78   -0.03 (VIOLATED)
_306_/B2                                0.75    0.77   -0.02 (VIOLATED)
_305_/X                                 0.75    0.77   -0.02 (VIOLATED)
_367_/A                                 0.75    0.77   -0.02 (VIOLATED)
ANTENNA_4/DIODE                         0.75    0.77   -0.02 (VIOLATED)
_368_/A                                 0.75    0.77   -0.02 (VIOLATED)
_375_/A1                                0.75    0.77   -0.02 (VIOLATED)
_365_/Y                                 0.75    0.77   -0.02 (VIOLATED)
_370_/B2                                0.75    0.76   -0.01 (VIOLATED)
_369_/Y                                 0.75    0.76   -0.01 (VIOLATED)
_477_/B1                                0.75    0.76   -0.01 (VIOLATED)
ANTENNA_7/DIODE                         0.75    0.76   -0.01 (VIOLATED)
_478_/A                                 0.75    0.76   -0.01 (VIOLATED)
_476_/X                                 0.75    0.76   -0.01 (VIOLATED)
_352_/A                                 0.75    0.75   -0.00 (VIOLATED)
_353_/A1                                0.75    0.75   -0.00 (VIOLATED)
_350_/Y                                 0.75    0.75   -0.00 (VIOLATED)
_435_/B1                                0.75    0.75   -0.00 (VIOLATED)
_434_/A                                 0.75    0.75   -0.00 (VIOLATED)
_491_/A1                                0.75    0.75   -0.00 (VIOLATED)
_415_/Y                                 0.75    0.75   -0.00 (VIOLATED)

max fanout

Pin                                   Limit Fanout  Slack
---------------------------------------------------------
input7/X                                 10     11        (VIOLATED)


max slew violations count Slowest: 34
max fanout violations count Slowest: 1
max cap violations count Slowest: 0
======================= Typical Corner ===================================

max fanout

Pin                                   Limit Fanout  Slack
---------------------------------------------------------
input7/X                                 10     11        (VIOLATED)


max slew violations count Typical: 0
max fanout violations count Typical: 1
max cap violations count Typical: 0

===========================================================================
report_parasitic_annotation -report_unannotated
============================================================================
Found 0 unannotated drivers.
Found 0 partially unannotated drivers.

===========================================================================
max slew violation count 34
max fanout violation count 1
max cap violation count 0
============================================================================

===========================================================================
check_setup -verbose -unconstrained_endpoints -multiple_clock -no_clock -no_input_delay -loops -generated_clocks
===========================================================================
