
===========================================================================
report_checks -path_delay max (Setup)
============================================================================
======================= Fastest Corner ===================================

Startpoint: A[2] (input port clocked by __VIRTUAL_CLK__)
Endpoint: out[7] (output port clocked by __VIRTUAL_CLK__)
Path Group: __VIRTUAL_CLK__
Path Type: max
Corner: Fastest

Fanout     Cap    Slew   Delay    Time   Description
-----------------------------------------------------------------------------
                  0.00    0.00    0.00   clock __VIRTUAL_CLK__ (rise edge)
                          0.00    0.00   clock network delay (ideal)
                          2.00    2.00 ^ input external delay
     1    0.00    0.02    0.01    2.01 ^ A[2] (in)
                                         A[2] (net)
                  0.02    0.00    2.01 ^ input3/A (sky130_fd_sc_hd__buf_4)
     8    0.08    0.17    0.17    2.18 ^ input3/X (sky130_fd_sc_hd__buf_4)
                                         net3 (net)
                  0.17    0.02    2.19 ^ _288_/A (sky130_fd_sc_hd__buf_4)
    10    0.09    0.20    0.21    2.41 ^ _288_/X (sky130_fd_sc_hd__buf_4)
                                         _217_ (net)
                  0.20    0.02    2.43 ^ _292_/B1 (sky130_fd_sc_hd__a22o_1)
     2    0.03    0.22    0.22    2.65 ^ _292_/X (sky130_fd_sc_hd__a22o_1)
                                         _221_ (net)
                  0.22    0.00    2.66 ^ _328_/A3 (sky130_fd_sc_hd__a31o_1)
     2    0.02    0.12    0.17    2.83 ^ _328_/X (sky130_fd_sc_hd__a31o_1)
                                         _008_ (net)
                  0.12    0.00    2.83 ^ _329_/C (sky130_fd_sc_hd__and3_1)
     2    0.06    0.42    0.39    3.22 ^ _329_/X (sky130_fd_sc_hd__and3_1)
                                         _009_ (net)
                  0.42    0.00    3.22 ^ _331_/A_N (sky130_fd_sc_hd__and2b_1)
     1    0.02    0.08    0.18    3.40 v _331_/X (sky130_fd_sc_hd__and2b_1)
                                         _011_ (net)
                  0.08    0.00    3.41 v _332_/B (sky130_fd_sc_hd__xnor2_2)
     2    0.03    0.32    0.29    3.70 ^ _332_/Y (sky130_fd_sc_hd__xnor2_2)
                                         _012_ (net)
                  0.32    0.00    3.70 ^ _333_/A (sky130_fd_sc_hd__nand2_4)
     5    0.05    0.14    0.12    3.82 v _333_/Y (sky130_fd_sc_hd__nand2_4)
                                         _013_ (net)
                  0.14    0.00    3.82 v _359_/A_N (sky130_fd_sc_hd__nand3b_4)
     4    0.06    0.14    0.23    4.05 v _359_/Y (sky130_fd_sc_hd__nand3b_4)
                                         _038_ (net)
                  0.14    0.00    4.05 v _438_/A1 (sky130_fd_sc_hd__a2111oi_4)
     1    0.01    0.24    0.29    4.34 ^ _438_/Y (sky130_fd_sc_hd__a2111oi_4)
                                         _115_ (net)
                  0.24    0.00    4.34 ^ wire28/A (sky130_fd_sc_hd__buf_4)
     3    0.03    0.07    0.14    4.48 ^ wire28/X (sky130_fd_sc_hd__buf_4)
                                         net28 (net)
                  0.07    0.00    4.48 ^ _497_/B1 (sky130_fd_sc_hd__a21oi_1)
     1    0.02    0.13    0.08    4.56 v _497_/Y (sky130_fd_sc_hd__a21oi_1)
                                         _173_ (net)
                  0.13    0.00    4.56 v _498_/A1 (sky130_fd_sc_hd__o21a_1)
     1    0.01    0.05    0.19    4.75 v _498_/X (sky130_fd_sc_hd__o21a_1)
                                         _174_ (net)
                  0.05    0.00    4.75 v _503_/A3 (sky130_fd_sc_hd__o32a_4)
     1    0.02    0.05    0.22    4.97 v _503_/X (sky130_fd_sc_hd__o32a_4)
                                         net27 (net)
                  0.06    0.00    4.97 v output27/A (sky130_fd_sc_hd__buf_8)
     1    0.03    0.03    0.10    5.07 v output27/X (sky130_fd_sc_hd__buf_8)
                                         out[7] (net)
                  0.03    0.00    5.07 v out[7] (out)
                                  5.07   data arrival time

                  0.00   10.00   10.00   clock __VIRTUAL_CLK__ (rise edge)
                          0.00   10.00   clock network delay (ideal)
                         -0.25    9.75   clock uncertainty
                          0.00    9.75   clock reconvergence pessimism
                         -2.00    7.75   output external delay
                                  7.75   data required time
-----------------------------------------------------------------------------
                                  7.75   data required time
                                 -5.07   data arrival time
-----------------------------------------------------------------------------
                                  2.68   slack (MET)


Startpoint: A[2] (input port clocked by __VIRTUAL_CLK__)
Endpoint: out[6] (output port clocked by __VIRTUAL_CLK__)
Path Group: __VIRTUAL_CLK__
Path Type: max
Corner: Fastest

Fanout     Cap    Slew   Delay    Time   Description
-----------------------------------------------------------------------------
                  0.00    0.00    0.00   clock __VIRTUAL_CLK__ (rise edge)
                          0.00    0.00   clock network delay (ideal)
                          2.00    2.00 ^ input external delay
     1    0.00    0.02    0.01    2.01 ^ A[2] (in)
                                         A[2] (net)
                  0.02    0.00    2.01 ^ input3/A (sky130_fd_sc_hd__buf_4)
     8    0.08    0.17    0.17    2.18 ^ input3/X (sky130_fd_sc_hd__buf_4)
                                         net3 (net)
                  0.17    0.02    2.19 ^ _288_/A (sky130_fd_sc_hd__buf_4)
    10    0.09    0.20    0.21    2.41 ^ _288_/X (sky130_fd_sc_hd__buf_4)
                                         _217_ (net)
                  0.20    0.02    2.43 ^ _292_/B1 (sky130_fd_sc_hd__a22o_1)
     2    0.03    0.22    0.22    2.65 ^ _292_/X (sky130_fd_sc_hd__a22o_1)
                                         _221_ (net)
                  0.22    0.00    2.66 ^ _328_/A3 (sky130_fd_sc_hd__a31o_1)
     2    0.02    0.12    0.17    2.83 ^ _328_/X (sky130_fd_sc_hd__a31o_1)
                                         _008_ (net)
                  0.12    0.00    2.83 ^ _329_/C (sky130_fd_sc_hd__and3_1)
     2    0.06    0.42    0.39    3.22 ^ _329_/X (sky130_fd_sc_hd__and3_1)
                                         _009_ (net)
                  0.42    0.00    3.22 ^ _331_/A_N (sky130_fd_sc_hd__and2b_1)
     1    0.02    0.08    0.18    3.40 v _331_/X (sky130_fd_sc_hd__and2b_1)
                                         _011_ (net)
                  0.08    0.00    3.41 v _332_/B (sky130_fd_sc_hd__xnor2_2)
     2    0.03    0.32    0.29    3.70 ^ _332_/Y (sky130_fd_sc_hd__xnor2_2)
                                         _012_ (net)
                  0.32    0.00    3.70 ^ _333_/A (sky130_fd_sc_hd__nand2_4)
     5    0.05    0.14    0.12    3.82 v _333_/Y (sky130_fd_sc_hd__nand2_4)
                                         _013_ (net)
                  0.14    0.00    3.82 v _359_/A_N (sky130_fd_sc_hd__nand3b_4)
     4    0.06    0.14    0.23    4.05 v _359_/Y (sky130_fd_sc_hd__nand3b_4)
                                         _038_ (net)
                  0.14    0.01    4.05 v _403_/A2 (sky130_fd_sc_hd__a21o_1)
     2    0.03    0.09    0.22    4.27 v _403_/X (sky130_fd_sc_hd__a21o_1)
                                         _081_ (net)
                  0.09    0.00    4.27 v _440_/A1 (sky130_fd_sc_hd__a21bo_1)
     2    0.03    0.11    0.21    4.48 v _440_/X (sky130_fd_sc_hd__a21bo_1)
                                         _117_ (net)
                  0.11    0.00    4.49 v _441_/B (sky130_fd_sc_hd__or2_1)
     1    0.02    0.09    0.21    4.70 v _441_/X (sky130_fd_sc_hd__or2_1)
                                         _118_ (net)
                  0.09    0.00    4.70 v _453_/B2 (sky130_fd_sc_hd__a22oi_2)
     1    0.03    0.20    0.19    4.90 ^ _453_/Y (sky130_fd_sc_hd__a22oi_2)
                                         net26 (net)
                  0.20    0.00    4.90 ^ output26/A (sky130_fd_sc_hd__buf_6)
     1    0.03    0.06    0.11    5.01 ^ output26/X (sky130_fd_sc_hd__buf_6)
                                         out[6] (net)
                  0.06    0.00    5.01 ^ out[6] (out)
                                  5.01   data arrival time

                  0.00   10.00   10.00   clock __VIRTUAL_CLK__ (rise edge)
                          0.00   10.00   clock network delay (ideal)
                         -0.25    9.75   clock uncertainty
                          0.00    9.75   clock reconvergence pessimism
                         -2.00    7.75   output external delay
                                  7.75   data required time
-----------------------------------------------------------------------------
                                  7.75   data required time
                                 -5.01   data arrival time
-----------------------------------------------------------------------------
                                  2.74   slack (MET)


Startpoint: A[2] (input port clocked by __VIRTUAL_CLK__)
Endpoint: out[5] (output port clocked by __VIRTUAL_CLK__)
Path Group: __VIRTUAL_CLK__
Path Type: max
Corner: Fastest

Fanout     Cap    Slew   Delay    Time   Description
-----------------------------------------------------------------------------
                  0.00    0.00    0.00   clock __VIRTUAL_CLK__ (rise edge)
                          0.00    0.00   clock network delay (ideal)
                          2.00    2.00 ^ input external delay
     1    0.00    0.02    0.01    2.01 ^ A[2] (in)
                                         A[2] (net)
                  0.02    0.00    2.01 ^ input3/A (sky130_fd_sc_hd__buf_4)
     8    0.08    0.17    0.17    2.18 ^ input3/X (sky130_fd_sc_hd__buf_4)
                                         net3 (net)
                  0.17    0.02    2.19 ^ _288_/A (sky130_fd_sc_hd__buf_4)
    10    0.09    0.20    0.21    2.41 ^ _288_/X (sky130_fd_sc_hd__buf_4)
                                         _217_ (net)
                  0.20    0.02    2.43 ^ _292_/B1 (sky130_fd_sc_hd__a22o_1)
     2    0.03    0.22    0.22    2.65 ^ _292_/X (sky130_fd_sc_hd__a22o_1)
                                         _221_ (net)
                  0.22    0.00    2.66 ^ _328_/A3 (sky130_fd_sc_hd__a31o_1)
     2    0.02    0.12    0.17    2.83 ^ _328_/X (sky130_fd_sc_hd__a31o_1)
                                         _008_ (net)
                  0.12    0.00    2.83 ^ _329_/C (sky130_fd_sc_hd__and3_1)
     2    0.06    0.42    0.39    3.22 ^ _329_/X (sky130_fd_sc_hd__and3_1)
                                         _009_ (net)
                  0.42    0.00    3.22 ^ _331_/A_N (sky130_fd_sc_hd__and2b_1)
     1    0.02    0.08    0.18    3.40 v _331_/X (sky130_fd_sc_hd__and2b_1)
                                         _011_ (net)
                  0.08    0.00    3.41 v _332_/B (sky130_fd_sc_hd__xnor2_2)
     2    0.03    0.32    0.29    3.70 ^ _332_/Y (sky130_fd_sc_hd__xnor2_2)
                                         _012_ (net)
                  0.32    0.00    3.70 ^ _333_/A (sky130_fd_sc_hd__nand2_4)
     5    0.05    0.14    0.12    3.82 v _333_/Y (sky130_fd_sc_hd__nand2_4)
                                         _013_ (net)
                  0.14    0.00    3.82 v _359_/A_N (sky130_fd_sc_hd__nand3b_4)
     4    0.06    0.14    0.23    4.05 v _359_/Y (sky130_fd_sc_hd__nand3b_4)
                                         _038_ (net)
                  0.14    0.01    4.05 v _403_/A2 (sky130_fd_sc_hd__a21o_1)
     2    0.03    0.09    0.22    4.27 v _403_/X (sky130_fd_sc_hd__a21o_1)
                                         _081_ (net)
                  0.09    0.00    4.27 v _408_/A2 (sky130_fd_sc_hd__a31o_1)
     1    0.01    0.04    0.17    4.44 v _408_/X (sky130_fd_sc_hd__a31o_1)
                                         _086_ (net)
                  0.04    0.00    4.44 v _409_/B1 (sky130_fd_sc_hd__a21oi_1)
     1    0.00    0.10    0.07    4.51 ^ _409_/Y (sky130_fd_sc_hd__a21oi_1)
                                         _087_ (net)
                  0.10    0.00    4.51 ^ _410_/B1 (sky130_fd_sc_hd__a21oi_1)
     1    0.02    0.11    0.08    4.59 v _410_/Y (sky130_fd_sc_hd__a21oi_1)
                                         net25 (net)
                  0.11    0.00    4.59 v output25/A (sky130_fd_sc_hd__buf_2)
     1    0.03    0.06    0.16    4.75 v output25/X (sky130_fd_sc_hd__buf_2)
                                         out[5] (net)
                  0.06    0.00    4.75 v out[5] (out)
                                  4.75   data arrival time

                  0.00   10.00   10.00   clock __VIRTUAL_CLK__ (rise edge)
                          0.00   10.00   clock network delay (ideal)
                         -0.25    9.75   clock uncertainty
                          0.00    9.75   clock reconvergence pessimism
                         -2.00    7.75   output external delay
                                  7.75   data required time
-----------------------------------------------------------------------------
                                  7.75   data required time
                                 -4.75   data arrival time
-----------------------------------------------------------------------------
                                  3.00   slack (MET)


Startpoint: opcode[0] (input port clocked by __VIRTUAL_CLK__)
Endpoint: out[4] (output port clocked by __VIRTUAL_CLK__)
Path Group: __VIRTUAL_CLK__
Path Type: max
Corner: Fastest

Fanout     Cap    Slew   Delay    Time   Description
-----------------------------------------------------------------------------
                  0.00    0.00    0.00   clock __VIRTUAL_CLK__ (rise edge)
                          0.00    0.00   clock network delay (ideal)
                          2.00    2.00 v input external delay
     1    0.00    0.00    0.00    2.00 v opcode[0] (in)
                                         opcode[0] (net)
                  0.00    0.00    2.00 v input17/A (sky130_fd_sc_hd__buf_2)
     5    0.07    0.11    0.15    2.15 v input17/X (sky130_fd_sc_hd__buf_2)
                                         net17 (net)
                  0.11    0.01    2.16 v _275_/A_N (sky130_fd_sc_hd__nand3b_4)
     7    0.07    0.17    0.23    2.39 v _275_/Y (sky130_fd_sc_hd__nand3b_4)
                                         _205_ (net)
                  0.17    0.01    2.40 v rebuffer9/A (sky130_fd_sc_hd__clkbuf_2)
     3    0.03    0.09    0.18    2.58 v rebuffer9/X (sky130_fd_sc_hd__clkbuf_2)
                                         net37 (net)
                  0.09    0.01    2.58 v _276_/A2 (sky130_fd_sc_hd__a21oi_2)
     2    0.03    0.30    0.28    2.87 ^ _276_/Y (sky130_fd_sc_hd__a21oi_2)
                                         _206_ (net)
                  0.30    0.00    2.87 ^ _278_/A1 (sky130_fd_sc_hd__o21a_1)
     2    0.03    0.24    0.26    3.13 ^ _278_/X (sky130_fd_sc_hd__o21a_1)
                                         _208_ (net)
                  0.24    0.00    3.13 ^ _301_/B1 (sky130_fd_sc_hd__a21o_1)
     2    0.03    0.18    0.17    3.30 ^ _301_/X (sky130_fd_sc_hd__a21o_1)
                                         _230_ (net)
                  0.18    0.00    3.30 ^ _312_/A2 (sky130_fd_sc_hd__a21o_1)
     3    0.03    0.17    0.20    3.50 ^ _312_/X (sky130_fd_sc_hd__a21o_1)
                                         _240_ (net)
                  0.17    0.00    3.50 ^ _366_/A1 (sky130_fd_sc_hd__a21bo_2)
     3    0.05    0.21    0.24    3.74 ^ _366_/X (sky130_fd_sc_hd__a21bo_2)
                                         _045_ (net)
                  0.21    0.00    3.74 ^ _367_/B (sky130_fd_sc_hd__nand2_1)
     1    0.04    0.21    0.19    3.94 v _367_/Y (sky130_fd_sc_hd__nand2_1)
                                         _046_ (net)
                  0.21    0.01    3.95 v _372_/A2 (sky130_fd_sc_hd__a31o_1)
     1    0.04    0.12    0.30    4.25 v _372_/X (sky130_fd_sc_hd__a31o_1)
                                         _051_ (net)
                  0.12    0.00    4.25 v _373_/B2 (sky130_fd_sc_hd__o2bb2a_1)
     1    0.01    0.07    0.24    4.49 v _373_/X (sky130_fd_sc_hd__o2bb2a_1)
                                         net24 (net)
                  0.07    0.00    4.49 v output24/A (sky130_fd_sc_hd__buf_2)
     1    0.03    0.06    0.14    4.63 v output24/X (sky130_fd_sc_hd__buf_2)
                                         out[4] (net)
                  0.06    0.00    4.63 v out[4] (out)
                                  4.63   data arrival time

                  0.00   10.00   10.00   clock __VIRTUAL_CLK__ (rise edge)
                          0.00   10.00   clock network delay (ideal)
                         -0.25    9.75   clock uncertainty
                          0.00    9.75   clock reconvergence pessimism
                         -2.00    7.75   output external delay
                                  7.75   data required time
-----------------------------------------------------------------------------
                                  7.75   data required time
                                 -4.63   data arrival time
-----------------------------------------------------------------------------
                                  3.12   slack (MET)


Startpoint: opcode[0] (input port clocked by __VIRTUAL_CLK__)
Endpoint: out[2] (output port clocked by __VIRTUAL_CLK__)
Path Group: __VIRTUAL_CLK__
Path Type: max
Corner: Fastest

Fanout     Cap    Slew   Delay    Time   Description
-----------------------------------------------------------------------------
                  0.00    0.00    0.00   clock __VIRTUAL_CLK__ (rise edge)
                          0.00    0.00   clock network delay (ideal)
                          2.00    2.00 v input external delay
     1    0.00    0.00    0.00    2.00 v opcode[0] (in)
                                         opcode[0] (net)
                  0.00    0.00    2.00 v input17/A (sky130_fd_sc_hd__buf_2)
     5    0.07    0.11    0.15    2.15 v input17/X (sky130_fd_sc_hd__buf_2)
                                         net17 (net)
                  0.11    0.01    2.16 v _275_/A_N (sky130_fd_sc_hd__nand3b_4)
     7    0.07    0.17    0.23    2.39 v _275_/Y (sky130_fd_sc_hd__nand3b_4)
                                         _205_ (net)
                  0.17    0.01    2.40 v rebuffer9/A (sky130_fd_sc_hd__clkbuf_2)
     3    0.03    0.09    0.18    2.58 v rebuffer9/X (sky130_fd_sc_hd__clkbuf_2)
                                         net37 (net)
                  0.09    0.01    2.58 v _276_/A2 (sky130_fd_sc_hd__a21oi_2)
     2    0.03    0.30    0.28    2.87 ^ _276_/Y (sky130_fd_sc_hd__a21oi_2)
                                         _206_ (net)
                  0.30    0.00    2.87 ^ _278_/A1 (sky130_fd_sc_hd__o21a_1)
     2    0.03    0.24    0.26    3.13 ^ _278_/X (sky130_fd_sc_hd__o21a_1)
                                         _208_ (net)
                  0.24    0.00    3.13 ^ _301_/B1 (sky130_fd_sc_hd__a21o_1)
     2    0.03    0.18    0.17    3.30 ^ _301_/X (sky130_fd_sc_hd__a21o_1)
                                         _230_ (net)
                  0.18    0.00    3.30 ^ rebuffer11/A (sky130_fd_sc_hd__dlygate4sd1_1)
     2    0.02    0.14    0.23    3.53 ^ rebuffer11/X (sky130_fd_sc_hd__dlygate4sd1_1)
                                         net39 (net)
                  0.14    0.00    3.53 ^ _302_/B (sky130_fd_sc_hd__nand2_1)
     1    0.03    0.16    0.14    3.67 v _302_/Y (sky130_fd_sc_hd__nand2_1)
                                         _231_ (net)
                  0.16    0.00    3.67 v _308_/A1 (sky130_fd_sc_hd__a211o_1)
     1    0.03    0.12    0.31    3.98 v _308_/X (sky130_fd_sc_hd__a211o_1)
                                         _237_ (net)
                  0.12    0.00    3.98 v _309_/B2 (sky130_fd_sc_hd__o2bb2a_1)
     1    0.03    0.12    0.30    4.28 v _309_/X (sky130_fd_sc_hd__o2bb2a_1)
                                         net22 (net)
                  0.12    0.00    4.28 v output22/A (sky130_fd_sc_hd__buf_2)
     1    0.04    0.06    0.16    4.44 v output22/X (sky130_fd_sc_hd__buf_2)
                                         out[2] (net)
                  0.06    0.00    4.44 v out[2] (out)
                                  4.44   data arrival time

                  0.00   10.00   10.00   clock __VIRTUAL_CLK__ (rise edge)
                          0.00   10.00   clock network delay (ideal)
                         -0.25    9.75   clock uncertainty
                          0.00    9.75   clock reconvergence pessimism
                         -2.00    7.75   output external delay
                                  7.75   data required time
-----------------------------------------------------------------------------
                                  7.75   data required time
                                 -4.44   data arrival time
-----------------------------------------------------------------------------
                                  3.31   slack (MET)


Startpoint: A[2] (input port clocked by __VIRTUAL_CLK__)
Endpoint: out[3] (output port clocked by __VIRTUAL_CLK__)
Path Group: __VIRTUAL_CLK__
Path Type: max
Corner: Fastest

Fanout     Cap    Slew   Delay    Time   Description
-----------------------------------------------------------------------------
                  0.00    0.00    0.00   clock __VIRTUAL_CLK__ (rise edge)
                          0.00    0.00   clock network delay (ideal)
                          2.00    2.00 ^ input external delay
     1    0.00    0.02    0.01    2.01 ^ A[2] (in)
                                         A[2] (net)
                  0.02    0.00    2.01 ^ input3/A (sky130_fd_sc_hd__buf_4)
     8    0.08    0.17    0.17    2.18 ^ input3/X (sky130_fd_sc_hd__buf_4)
                                         net3 (net)
                  0.17    0.02    2.19 ^ _288_/A (sky130_fd_sc_hd__buf_4)
    10    0.09    0.20    0.21    2.41 ^ _288_/X (sky130_fd_sc_hd__buf_4)
                                         _217_ (net)
                  0.20    0.02    2.43 ^ _292_/B1 (sky130_fd_sc_hd__a22o_1)
     2    0.03    0.22    0.22    2.65 ^ _292_/X (sky130_fd_sc_hd__a22o_1)
                                         _221_ (net)
                  0.22    0.00    2.66 ^ _328_/A3 (sky130_fd_sc_hd__a31o_1)
     2    0.02    0.12    0.17    2.83 ^ _328_/X (sky130_fd_sc_hd__a31o_1)
                                         _008_ (net)
                  0.12    0.00    2.83 ^ _329_/C (sky130_fd_sc_hd__and3_1)
     2    0.06    0.42    0.39    3.22 ^ _329_/X (sky130_fd_sc_hd__and3_1)
                                         _009_ (net)
                  0.42    0.00    3.22 ^ _331_/A_N (sky130_fd_sc_hd__and2b_1)
     1    0.02    0.08    0.18    3.40 v _331_/X (sky130_fd_sc_hd__and2b_1)
                                         _011_ (net)
                  0.08    0.00    3.41 v _332_/B (sky130_fd_sc_hd__xnor2_2)
     2    0.03    0.32    0.29    3.70 ^ _332_/Y (sky130_fd_sc_hd__xnor2_2)
                                         _012_ (net)
                  0.32    0.00    3.70 ^ _333_/A (sky130_fd_sc_hd__nand2_4)
     5    0.05    0.14    0.12    3.82 v _333_/Y (sky130_fd_sc_hd__nand2_4)
                                         _013_ (net)
                  0.14    0.00    3.82 v _338_/A2 (sky130_fd_sc_hd__a31o_1)
     1    0.01    0.04    0.19    4.01 v _338_/X (sky130_fd_sc_hd__a31o_1)
                                         _018_ (net)
                  0.04    0.00    4.01 v _339_/B2 (sky130_fd_sc_hd__o2bb2a_1)
     1    0.01    0.07    0.21    4.22 v _339_/X (sky130_fd_sc_hd__o2bb2a_1)
                                         net23 (net)
                  0.07    0.00    4.22 v output23/A (sky130_fd_sc_hd__buf_2)
     1    0.03    0.06    0.14    4.36 v output23/X (sky130_fd_sc_hd__buf_2)
                                         out[3] (net)
                  0.06    0.00    4.37 v out[3] (out)
                                  4.37   data arrival time

                  0.00   10.00   10.00   clock __VIRTUAL_CLK__ (rise edge)
                          0.00   10.00   clock network delay (ideal)
                         -0.25    9.75   clock uncertainty
                          0.00    9.75   clock reconvergence pessimism
                         -2.00    7.75   output external delay
                                  7.75   data required time
-----------------------------------------------------------------------------
                                  7.75   data required time
                                 -4.37   data arrival time
-----------------------------------------------------------------------------
                                  3.38   slack (MET)


Startpoint: opcode[0] (input port clocked by __VIRTUAL_CLK__)
Endpoint: out[1] (output port clocked by __VIRTUAL_CLK__)
Path Group: __VIRTUAL_CLK__
Path Type: max
Corner: Fastest

Fanout     Cap    Slew   Delay    Time   Description
-----------------------------------------------------------------------------
                  0.00    0.00    0.00   clock __VIRTUAL_CLK__ (rise edge)
                          0.00    0.00   clock network delay (ideal)
                          2.00    2.00 v input external delay
     1    0.00    0.00    0.00    2.00 v opcode[0] (in)
                                         opcode[0] (net)
                  0.00    0.00    2.00 v input17/A (sky130_fd_sc_hd__buf_2)
     5    0.07    0.11    0.15    2.15 v input17/X (sky130_fd_sc_hd__buf_2)
                                         net17 (net)
                  0.11    0.01    2.16 v _275_/A_N (sky130_fd_sc_hd__nand3b_4)
     7    0.07    0.17    0.23    2.39 v _275_/Y (sky130_fd_sc_hd__nand3b_4)
                                         _205_ (net)
                  0.17    0.01    2.40 v rebuffer9/A (sky130_fd_sc_hd__clkbuf_2)
     3    0.03    0.09    0.18    2.58 v rebuffer9/X (sky130_fd_sc_hd__clkbuf_2)
                                         net37 (net)
                  0.09    0.01    2.58 v _276_/A2 (sky130_fd_sc_hd__a21oi_2)
     2    0.03    0.30    0.28    2.87 ^ _276_/Y (sky130_fd_sc_hd__a21oi_2)
                                         _206_ (net)
                  0.30    0.00    2.87 ^ _278_/A1 (sky130_fd_sc_hd__o21a_1)
     2    0.03    0.24    0.26    3.13 ^ _278_/X (sky130_fd_sc_hd__o21a_1)
                                         _208_ (net)
                  0.24    0.01    3.13 ^ _280_/A (sky130_fd_sc_hd__or2b_1)
     1    0.02    0.12    0.15    3.28 ^ _280_/X (sky130_fd_sc_hd__or2b_1)
                                         _210_ (net)
                  0.12    0.00    3.28 ^ _281_/B (sky130_fd_sc_hd__xnor2_1)
     1    0.02    0.11    0.11    3.39 v _281_/Y (sky130_fd_sc_hd__xnor2_1)
                                         _211_ (net)
                  0.11    0.00    3.40 v _286_/A2 (sky130_fd_sc_hd__a211o_1)
     1    0.01    0.06    0.25    3.65 v _286_/X (sky130_fd_sc_hd__a211o_1)
                                         _216_ (net)
                  0.06    0.00    3.65 v _287_/B2 (sky130_fd_sc_hd__o2bb2a_1)
     2    0.04    0.14    0.30    3.95 v _287_/X (sky130_fd_sc_hd__o2bb2a_1)
                                         net21 (net)
                  0.14    0.00    3.95 v output21/A (sky130_fd_sc_hd__buf_2)
     1    0.03    0.06    0.17    4.12 v output21/X (sky130_fd_sc_hd__buf_2)
                                         out[1] (net)
                  0.06    0.00    4.12 v out[1] (out)
                                  4.12   data arrival time

                  0.00   10.00   10.00   clock __VIRTUAL_CLK__ (rise edge)
                          0.00   10.00   clock network delay (ideal)
                         -0.25    9.75   clock uncertainty
                          0.00    9.75   clock reconvergence pessimism
                         -2.00    7.75   output external delay
                                  7.75   data required time
-----------------------------------------------------------------------------
                                  7.75   data required time
                                 -4.12   data arrival time
-----------------------------------------------------------------------------
                                  3.63   slack (MET)


Startpoint: opcode[0] (input port clocked by __VIRTUAL_CLK__)
Endpoint: out[0] (output port clocked by __VIRTUAL_CLK__)
Path Group: __VIRTUAL_CLK__
Path Type: max
Corner: Fastest

Fanout     Cap    Slew   Delay    Time   Description
-----------------------------------------------------------------------------
                  0.00    0.00    0.00   clock __VIRTUAL_CLK__ (rise edge)
                          0.00    0.00   clock network delay (ideal)
                          2.00    2.00 v input external delay
     1    0.00    0.00    0.00    2.00 v opcode[0] (in)
                                         opcode[0] (net)
                  0.00    0.00    2.00 v input17/A (sky130_fd_sc_hd__buf_2)
     5    0.07    0.11    0.15    2.15 v input17/X (sky130_fd_sc_hd__buf_2)
                                         net17 (net)
                  0.11    0.00    2.15 v _249_/A (sky130_fd_sc_hd__or2_4)
     5    0.05    0.08    0.24    2.40 v _249_/X (sky130_fd_sc_hd__or2_4)
                                         _180_ (net)
                  0.08    0.01    2.40 v _258_/B (sky130_fd_sc_hd__nor2_4)
     8    0.08    0.34    0.29    2.70 ^ _258_/Y (sky130_fd_sc_hd__nor2_4)
                                         _189_ (net)
                  0.34    0.00    2.70 ^ _260_/A1 (sky130_fd_sc_hd__o211a_1)
     1    0.01    0.09    0.17    2.87 ^ _260_/X (sky130_fd_sc_hd__o211a_1)
                                         _191_ (net)
                  0.09    0.00    2.87 ^ _261_/B1 (sky130_fd_sc_hd__a31o_1)
     1    0.01    0.05    0.08    2.95 ^ _261_/X (sky130_fd_sc_hd__a31o_1)
                                         _192_ (net)
                  0.05    0.00    2.95 ^ _262_/B2 (sky130_fd_sc_hd__a2bb2o_1)
     1    0.01    0.06    0.11    3.05 ^ _262_/X (sky130_fd_sc_hd__a2bb2o_1)
                                         net20 (net)
                  0.06    0.00    3.05 ^ output20/A (sky130_fd_sc_hd__buf_2)
     1    0.03    0.13    0.15    3.21 ^ output20/X (sky130_fd_sc_hd__buf_2)
                                         out[0] (net)
                  0.13    0.00    3.21 ^ out[0] (out)
                                  3.21   data arrival time

                  0.00   10.00   10.00   clock __VIRTUAL_CLK__ (rise edge)
                          0.00   10.00   clock network delay (ideal)
                         -0.25    9.75   clock uncertainty
                          0.00    9.75   clock reconvergence pessimism
                         -2.00    7.75   output external delay
                                  7.75   data required time
-----------------------------------------------------------------------------
                                  7.75   data required time
                                 -3.21   data arrival time
-----------------------------------------------------------------------------
                                  4.54   slack (MET)



worst slack corner Fastest: 2.6752
======================= Slowest Corner ===================================

Startpoint: A[5] (input port clocked by __VIRTUAL_CLK__)
Endpoint: out[7] (output port clocked by __VIRTUAL_CLK__)
Path Group: __VIRTUAL_CLK__
Path Type: max
Corner: Slowest

Fanout     Cap    Slew   Delay    Time   Description
-----------------------------------------------------------------------------
                  0.00    0.00    0.00   clock __VIRTUAL_CLK__ (rise edge)
                          0.00    0.00   clock network delay (ideal)
                          2.00    2.00 ^ input external delay
     1    0.00    0.03    0.02    2.02 ^ A[5] (in)
                                         A[5] (net)
                  0.03    0.00    2.02 ^ input6/A (sky130_fd_sc_hd__buf_2)
     3    0.06    0.47    0.49    2.50 ^ input6/X (sky130_fd_sc_hd__buf_2)
                                         net6 (net)
                  0.47    0.01    2.51 ^ _374_/A (sky130_fd_sc_hd__buf_8)
    10    0.10    0.25    0.48    2.99 ^ _374_/X (sky130_fd_sc_hd__buf_8)
                                         _052_ (net)
                  0.25    0.01    3.00 ^ _416_/C (sky130_fd_sc_hd__nand4_4)
     3    0.05    0.49    0.55    3.55 v _416_/Y (sky130_fd_sc_hd__nand4_4)
                                         _093_ (net)
                  0.49    0.00    3.56 v _474_/B1_N (sky130_fd_sc_hd__a21bo_1)
     1    0.02    0.24    0.70    4.26 ^ _474_/X (sky130_fd_sc_hd__a21bo_1)
                                         _150_ (net)
                  0.24    0.00    4.26 ^ _476_/A (sky130_fd_sc_hd__xor2_2)
     3    0.04    0.76    0.76    5.02 ^ _476_/X (sky130_fd_sc_hd__xor2_2)
                                         _152_ (net)
                  0.76    0.00    5.02 ^ _477_/B1 (sky130_fd_sc_hd__a21o_1)
     2    0.03    0.42    0.63    5.65 ^ _477_/X (sky130_fd_sc_hd__a21o_1)
                                         _153_ (net)
                  0.42    0.01    5.66 ^ _486_/A1 (sky130_fd_sc_hd__a21o_1)
     2    0.04    0.56    0.73    6.38 ^ _486_/X (sky130_fd_sc_hd__a21o_1)
                                         _162_ (net)
                  0.56    0.00    6.39 ^ _489_/A2 (sky130_fd_sc_hd__a21o_1)
     2    0.02    0.27    0.57    6.95 ^ _489_/X (sky130_fd_sc_hd__a21o_1)
                                         _165_ (net)
                  0.27    0.00    6.96 ^ rebuffer14/A (sky130_fd_sc_hd__dlymetal6s2s_1)
     1    0.03    0.46    0.55    7.51 ^ rebuffer14/X (sky130_fd_sc_hd__dlymetal6s2s_1)
                                         net42 (net)
                  0.46    0.00    7.51 ^ _492_/A1 (sky130_fd_sc_hd__a21oi_4)
     2    0.05    0.26    0.40    7.92 v _492_/Y (sky130_fd_sc_hd__a21oi_4)
                                         _168_ (net)
                  0.26    0.00    7.92 v _494_/B (sky130_fd_sc_hd__or3_4)
     2    0.03    0.19    0.96    8.88 v _494_/X (sky130_fd_sc_hd__or3_4)
                                         _170_ (net)
                  0.19    0.00    8.88 v rebuffer17/A (sky130_fd_sc_hd__clkbuf_1)
     1    0.00    0.06    0.24    9.13 v rebuffer17/X (sky130_fd_sc_hd__clkbuf_1)
                                         net45 (net)
                  0.06    0.00    9.13 v _497_/A1 (sky130_fd_sc_hd__a21oi_1)
     1    0.02    0.78    0.69    9.82 ^ _497_/Y (sky130_fd_sc_hd__a21oi_1)
                                         _173_ (net)
                  0.78    0.00    9.82 ^ _498_/A1 (sky130_fd_sc_hd__o21a_1)
     1    0.01    0.21    0.61   10.42 ^ _498_/X (sky130_fd_sc_hd__o21a_1)
                                         _174_ (net)
                  0.21    0.00   10.42 ^ _503_/A3 (sky130_fd_sc_hd__o32a_4)
     1    0.02    0.12    0.41   10.83 ^ _503_/X (sky130_fd_sc_hd__o32a_4)
                                         net27 (net)
                  0.12    0.00   10.83 ^ output27/A (sky130_fd_sc_hd__buf_8)
     1    0.03    0.10    0.24   11.07 ^ output27/X (sky130_fd_sc_hd__buf_8)
                                         out[7] (net)
                  0.10    0.00   11.07 ^ out[7] (out)
                                 11.07   data arrival time

                  0.00   10.00   10.00   clock __VIRTUAL_CLK__ (rise edge)
                          0.00   10.00   clock network delay (ideal)
                         -0.25    9.75   clock uncertainty
                          0.00    9.75   clock reconvergence pessimism
                         -2.00    7.75   output external delay
                                  7.75   data required time
-----------------------------------------------------------------------------
                                  7.75   data required time
                                -11.07   data arrival time
-----------------------------------------------------------------------------
                                 -3.32   slack (VIOLATED)


Startpoint: A[2] (input port clocked by __VIRTUAL_CLK__)
Endpoint: out[6] (output port clocked by __VIRTUAL_CLK__)
Path Group: __VIRTUAL_CLK__
Path Type: max
Corner: Slowest

Fanout     Cap    Slew   Delay    Time   Description
-----------------------------------------------------------------------------
                  0.00    0.00    0.00   clock __VIRTUAL_CLK__ (rise edge)
                          0.00    0.00   clock network delay (ideal)
                          2.00    2.00 ^ input external delay
     1    0.00    0.04    0.02    2.02 ^ A[2] (in)
                                         A[2] (net)
                  0.04    0.00    2.02 ^ input3/A (sky130_fd_sc_hd__buf_4)
     8    0.08    0.36    0.42    2.44 ^ input3/X (sky130_fd_sc_hd__buf_4)
                                         net3 (net)
                  0.36    0.02    2.46 ^ _288_/A (sky130_fd_sc_hd__buf_4)
    10    0.09    0.42    0.60    3.06 ^ _288_/X (sky130_fd_sc_hd__buf_4)
                                         _217_ (net)
                  0.42    0.02    3.08 ^ _292_/B1 (sky130_fd_sc_hd__a22o_1)
     2    0.03    0.46    0.69    3.77 ^ _292_/X (sky130_fd_sc_hd__a22o_1)
                                         _221_ (net)
                  0.46    0.00    3.77 ^ _328_/A3 (sky130_fd_sc_hd__a31o_1)
     2    0.02    0.26    0.60    4.37 ^ _328_/X (sky130_fd_sc_hd__a31o_1)
                                         _008_ (net)
                  0.26    0.00    4.37 ^ _329_/C (sky130_fd_sc_hd__and3_1)
     2    0.06    0.84    0.98    5.35 ^ _329_/X (sky130_fd_sc_hd__and3_1)
                                         _009_ (net)
                  0.84    0.00    5.36 ^ _331_/A_N (sky130_fd_sc_hd__and2b_1)
     1    0.02    0.23    0.78    6.13 v _331_/X (sky130_fd_sc_hd__and2b_1)
                                         _011_ (net)
                  0.23    0.00    6.13 v _332_/B (sky130_fd_sc_hd__xnor2_2)
     2    0.03    0.68    0.67    6.81 ^ _332_/Y (sky130_fd_sc_hd__xnor2_2)
                                         _012_ (net)
                  0.68    0.00    6.81 ^ _333_/A (sky130_fd_sc_hd__nand2_4)
     5    0.05    0.31    0.47    7.28 v _333_/Y (sky130_fd_sc_hd__nand2_4)
                                         _013_ (net)
                  0.31    0.00    7.29 v _359_/A_N (sky130_fd_sc_hd__nand3b_4)
     4    0.06    0.43    0.68    7.96 v _359_/Y (sky130_fd_sc_hd__nand3b_4)
                                         _038_ (net)
                  0.43    0.01    7.97 v _403_/A2 (sky130_fd_sc_hd__a21o_1)
     2    0.03    0.23    0.65    8.61 v _403_/X (sky130_fd_sc_hd__a21o_1)
                                         _081_ (net)
                  0.23    0.00    8.62 v _440_/A1 (sky130_fd_sc_hd__a21bo_1)
     2    0.03    0.29    0.60    9.22 v _440_/X (sky130_fd_sc_hd__a21bo_1)
                                         _117_ (net)
                  0.29    0.00    9.23 v _441_/B (sky130_fd_sc_hd__or2_1)
     1    0.02    0.24    0.75    9.97 v _441_/X (sky130_fd_sc_hd__or2_1)
                                         _118_ (net)
                  0.24    0.00    9.98 v _453_/B2 (sky130_fd_sc_hd__a22oi_2)
     1    0.03    0.57    0.62   10.60 ^ _453_/Y (sky130_fd_sc_hd__a22oi_2)
                                         net26 (net)
                  0.57    0.00   10.60 ^ output26/A (sky130_fd_sc_hd__buf_6)
     1    0.03    0.13    0.44   11.03 ^ output26/X (sky130_fd_sc_hd__buf_6)
                                         out[6] (net)
                  0.13    0.00   11.04 ^ out[6] (out)
                                 11.04   data arrival time

                  0.00   10.00   10.00   clock __VIRTUAL_CLK__ (rise edge)
                          0.00   10.00   clock network delay (ideal)
                         -0.25    9.75   clock uncertainty
                          0.00    9.75   clock reconvergence pessimism
                         -2.00    7.75   output external delay
                                  7.75   data required time
-----------------------------------------------------------------------------
                                  7.75   data required time
                                -11.04   data arrival time
-----------------------------------------------------------------------------
                                 -3.29   slack (VIOLATED)


Startpoint: opcode[0] (input port clocked by __VIRTUAL_CLK__)
Endpoint: out[5] (output port clocked by __VIRTUAL_CLK__)
Path Group: __VIRTUAL_CLK__
Path Type: max
Corner: Slowest

Fanout     Cap    Slew   Delay    Time   Description
-----------------------------------------------------------------------------
                  0.00    0.00    0.00   clock __VIRTUAL_CLK__ (rise edge)
                          0.00    0.00   clock network delay (ideal)
                          2.00    2.00 v input external delay
     1    0.00    0.02    0.01    2.01 v opcode[0] (in)
                                         opcode[0] (net)
                  0.02    0.00    2.01 v input17/A (sky130_fd_sc_hd__buf_2)
     5    0.07    0.29    0.44    2.44 v input17/X (sky130_fd_sc_hd__buf_2)
                                         net17 (net)
                  0.29    0.01    2.45 v _275_/A_N (sky130_fd_sc_hd__nand3b_4)
     7    0.07    0.52    0.72    3.18 v _275_/Y (sky130_fd_sc_hd__nand3b_4)
                                         _205_ (net)
                  0.52    0.01    3.19 v rebuffer9/A (sky130_fd_sc_hd__clkbuf_2)
     3    0.03    0.23    0.54    3.73 v rebuffer9/X (sky130_fd_sc_hd__clkbuf_2)
                                         net37 (net)
                  0.23    0.01    3.73 v _276_/A2 (sky130_fd_sc_hd__a21oi_2)
     2    0.03    0.67    0.70    4.43 ^ _276_/Y (sky130_fd_sc_hd__a21oi_2)
                                         _206_ (net)
                  0.67    0.00    4.44 ^ _278_/A1 (sky130_fd_sc_hd__o21a_1)
     2    0.03    0.53    0.81    5.25 ^ _278_/X (sky130_fd_sc_hd__o21a_1)
                                         _208_ (net)
                  0.53    0.00    5.26 ^ _301_/B1 (sky130_fd_sc_hd__a21o_1)
     2    0.03    0.38    0.54    5.80 ^ _301_/X (sky130_fd_sc_hd__a21o_1)
                                         _230_ (net)
                  0.38    0.00    5.80 ^ _312_/A2 (sky130_fd_sc_hd__a21o_1)
     3    0.03    0.35    0.57    6.37 ^ _312_/X (sky130_fd_sc_hd__a21o_1)
                                         _240_ (net)
                  0.35    0.00    6.37 ^ _366_/A1 (sky130_fd_sc_hd__a21bo_2)
     3    0.05    0.44    0.67    7.05 ^ _366_/X (sky130_fd_sc_hd__a21bo_2)
                                         _045_ (net)
                  0.44    0.00    7.05 ^ _375_/A2 (sky130_fd_sc_hd__a21o_1)
     2    0.03    0.41    0.63    7.68 ^ _375_/X (sky130_fd_sc_hd__a21o_1)
                                         _053_ (net)
                  0.42    0.00    7.69 ^ _381_/A (sky130_fd_sc_hd__xor2_1)
     1    0.02    0.83    0.87    8.55 ^ _381_/X (sky130_fd_sc_hd__xor2_1)
                                         _059_ (net)
                  0.83    0.00    8.56 ^ _409_/A2 (sky130_fd_sc_hd__a21oi_1)
     1    0.00    0.18    0.40    8.96 v _409_/Y (sky130_fd_sc_hd__a21oi_1)
                                         _087_ (net)
                  0.18    0.00    8.96 v _410_/B1 (sky130_fd_sc_hd__a21oi_1)
     1    0.02    0.69    0.65    9.61 ^ _410_/Y (sky130_fd_sc_hd__a21oi_1)
                                         net25 (net)
                  0.69    0.00    9.61 ^ output25/A (sky130_fd_sc_hd__buf_2)
     1    0.03    0.28    0.62   10.23 ^ output25/X (sky130_fd_sc_hd__buf_2)
                                         out[5] (net)
                  0.28    0.00   10.23 ^ out[5] (out)
                                 10.23   data arrival time

                  0.00   10.00   10.00   clock __VIRTUAL_CLK__ (rise edge)
                          0.00   10.00   clock network delay (ideal)
                         -0.25    9.75   clock uncertainty
                          0.00    9.75   clock reconvergence pessimism
                         -2.00    7.75   output external delay
                                  7.75   data required time
-----------------------------------------------------------------------------
                                  7.75   data required time
                                -10.23   data arrival time
-----------------------------------------------------------------------------
                                 -2.48   slack (VIOLATED)


Startpoint: opcode[0] (input port clocked by __VIRTUAL_CLK__)
Endpoint: out[4] (output port clocked by __VIRTUAL_CLK__)
Path Group: __VIRTUAL_CLK__
Path Type: max
Corner: Slowest

Fanout     Cap    Slew   Delay    Time   Description
-----------------------------------------------------------------------------
                  0.00    0.00    0.00   clock __VIRTUAL_CLK__ (rise edge)
                          0.00    0.00   clock network delay (ideal)
                          2.00    2.00 v input external delay
     1    0.00    0.02    0.01    2.01 v opcode[0] (in)
                                         opcode[0] (net)
                  0.02    0.00    2.01 v input17/A (sky130_fd_sc_hd__buf_2)
     5    0.07    0.29    0.44    2.44 v input17/X (sky130_fd_sc_hd__buf_2)
                                         net17 (net)
                  0.29    0.01    2.45 v _275_/A_N (sky130_fd_sc_hd__nand3b_4)
     7    0.07    0.52    0.72    3.18 v _275_/Y (sky130_fd_sc_hd__nand3b_4)
                                         _205_ (net)
                  0.52    0.01    3.19 v rebuffer9/A (sky130_fd_sc_hd__clkbuf_2)
     3    0.03    0.23    0.54    3.73 v rebuffer9/X (sky130_fd_sc_hd__clkbuf_2)
                                         net37 (net)
                  0.23    0.01    3.73 v _276_/A2 (sky130_fd_sc_hd__a21oi_2)
     2    0.03    0.67    0.70    4.43 ^ _276_/Y (sky130_fd_sc_hd__a21oi_2)
                                         _206_ (net)
                  0.67    0.00    4.44 ^ _278_/A1 (sky130_fd_sc_hd__o21a_1)
     2    0.03    0.53    0.81    5.25 ^ _278_/X (sky130_fd_sc_hd__o21a_1)
                                         _208_ (net)
                  0.53    0.00    5.26 ^ _301_/B1 (sky130_fd_sc_hd__a21o_1)
     2    0.03    0.38    0.54    5.80 ^ _301_/X (sky130_fd_sc_hd__a21o_1)
                                         _230_ (net)
                  0.38    0.00    5.80 ^ _312_/A2 (sky130_fd_sc_hd__a21o_1)
     3    0.03    0.35    0.57    6.37 ^ _312_/X (sky130_fd_sc_hd__a21o_1)
                                         _240_ (net)
                  0.35    0.00    6.37 ^ _366_/A1 (sky130_fd_sc_hd__a21bo_2)
     3    0.05    0.44    0.67    7.05 ^ _366_/X (sky130_fd_sc_hd__a21bo_2)
                                         _045_ (net)
                  0.44    0.00    7.05 ^ _367_/B (sky130_fd_sc_hd__nand2_1)
     1    0.04    0.68    0.72    7.77 v _367_/Y (sky130_fd_sc_hd__nand2_1)
                                         _046_ (net)
                  0.68    0.01    7.78 v _372_/A2 (sky130_fd_sc_hd__a31o_1)
     1    0.04    0.32    0.90    8.68 v _372_/X (sky130_fd_sc_hd__a31o_1)
                                         _051_ (net)
                  0.32    0.00    8.68 v _373_/B2 (sky130_fd_sc_hd__o2bb2a_1)
     1    0.01    0.19    0.86    9.54 v _373_/X (sky130_fd_sc_hd__o2bb2a_1)
                                         net24 (net)
                  0.19    0.00    9.54 v output24/A (sky130_fd_sc_hd__buf_2)
     1    0.03    0.17    0.42    9.96 v output24/X (sky130_fd_sc_hd__buf_2)
                                         out[4] (net)
                  0.17    0.00    9.97 v out[4] (out)
                                  9.97   data arrival time

                  0.00   10.00   10.00   clock __VIRTUAL_CLK__ (rise edge)
                          0.00   10.00   clock network delay (ideal)
                         -0.25    9.75   clock uncertainty
                          0.00    9.75   clock reconvergence pessimism
                         -2.00    7.75   output external delay
                                  7.75   data required time
-----------------------------------------------------------------------------
                                  7.75   data required time
                                 -9.97   data arrival time
-----------------------------------------------------------------------------
                                 -2.22   slack (VIOLATED)


Startpoint: opcode[0] (input port clocked by __VIRTUAL_CLK__)
Endpoint: out[2] (output port clocked by __VIRTUAL_CLK__)
Path Group: __VIRTUAL_CLK__
Path Type: max
Corner: Slowest

Fanout     Cap    Slew   Delay    Time   Description
-----------------------------------------------------------------------------
                  0.00    0.00    0.00   clock __VIRTUAL_CLK__ (rise edge)
                          0.00    0.00   clock network delay (ideal)
                          2.00    2.00 v input external delay
     1    0.00    0.02    0.01    2.01 v opcode[0] (in)
                                         opcode[0] (net)
                  0.02    0.00    2.01 v input17/A (sky130_fd_sc_hd__buf_2)
     5    0.07    0.29    0.44    2.44 v input17/X (sky130_fd_sc_hd__buf_2)
                                         net17 (net)
                  0.29    0.01    2.45 v _275_/A_N (sky130_fd_sc_hd__nand3b_4)
     7    0.07    0.52    0.72    3.18 v _275_/Y (sky130_fd_sc_hd__nand3b_4)
                                         _205_ (net)
                  0.52    0.01    3.19 v rebuffer9/A (sky130_fd_sc_hd__clkbuf_2)
     3    0.03    0.23    0.54    3.73 v rebuffer9/X (sky130_fd_sc_hd__clkbuf_2)
                                         net37 (net)
                  0.23    0.01    3.73 v _276_/A2 (sky130_fd_sc_hd__a21oi_2)
     2    0.03    0.67    0.70    4.43 ^ _276_/Y (sky130_fd_sc_hd__a21oi_2)
                                         _206_ (net)
                  0.67    0.00    4.44 ^ _278_/A1 (sky130_fd_sc_hd__o21a_1)
     2    0.03    0.53    0.81    5.25 ^ _278_/X (sky130_fd_sc_hd__o21a_1)
                                         _208_ (net)
                  0.53    0.00    5.26 ^ _301_/B1 (sky130_fd_sc_hd__a21o_1)
     2    0.03    0.38    0.54    5.80 ^ _301_/X (sky130_fd_sc_hd__a21o_1)
                                         _230_ (net)
                  0.38    0.00    5.80 ^ rebuffer11/A (sky130_fd_sc_hd__dlygate4sd1_1)
     2    0.02    0.29    0.68    6.48 ^ rebuffer11/X (sky130_fd_sc_hd__dlygate4sd1_1)
                                         net39 (net)
                  0.29    0.00    6.48 ^ _302_/B (sky130_fd_sc_hd__nand2_1)
     1    0.03    0.47    0.50    6.98 v _302_/Y (sky130_fd_sc_hd__nand2_1)
                                         _231_ (net)
                  0.47    0.00    6.98 v _308_/A1 (sky130_fd_sc_hd__a211o_1)
     1    0.03    0.33    0.93    7.92 v _308_/X (sky130_fd_sc_hd__a211o_1)
                                         _237_ (net)
                  0.33    0.00    7.92 v _309_/B2 (sky130_fd_sc_hd__o2bb2a_1)
     1    0.03    0.34    1.02    8.94 v _309_/X (sky130_fd_sc_hd__o2bb2a_1)
                                         net22 (net)
                  0.34    0.00    8.94 v output22/A (sky130_fd_sc_hd__buf_2)
     1    0.04    0.17    0.50    9.44 v output22/X (sky130_fd_sc_hd__buf_2)
                                         out[2] (net)
                  0.17    0.00    9.44 v out[2] (out)
                                  9.44   data arrival time

                  0.00   10.00   10.00   clock __VIRTUAL_CLK__ (rise edge)
                          0.00   10.00   clock network delay (ideal)
                         -0.25    9.75   clock uncertainty
                          0.00    9.75   clock reconvergence pessimism
                         -2.00    7.75   output external delay
                                  7.75   data required time
-----------------------------------------------------------------------------
                                  7.75   data required time
                                 -9.44   data arrival time
-----------------------------------------------------------------------------
                                 -1.69   slack (VIOLATED)


Startpoint: A[2] (input port clocked by __VIRTUAL_CLK__)
Endpoint: out[3] (output port clocked by __VIRTUAL_CLK__)
Path Group: __VIRTUAL_CLK__
Path Type: max
Corner: Slowest

Fanout     Cap    Slew   Delay    Time   Description
-----------------------------------------------------------------------------
                  0.00    0.00    0.00   clock __VIRTUAL_CLK__ (rise edge)
                          0.00    0.00   clock network delay (ideal)
                          2.00    2.00 ^ input external delay
     1    0.00    0.04    0.02    2.02 ^ A[2] (in)
                                         A[2] (net)
                  0.04    0.00    2.02 ^ input3/A (sky130_fd_sc_hd__buf_4)
     8    0.08    0.36    0.42    2.44 ^ input3/X (sky130_fd_sc_hd__buf_4)
                                         net3 (net)
                  0.36    0.02    2.46 ^ _288_/A (sky130_fd_sc_hd__buf_4)
    10    0.09    0.42    0.60    3.06 ^ _288_/X (sky130_fd_sc_hd__buf_4)
                                         _217_ (net)
                  0.42    0.02    3.08 ^ _292_/B1 (sky130_fd_sc_hd__a22o_1)
     2    0.03    0.46    0.69    3.77 ^ _292_/X (sky130_fd_sc_hd__a22o_1)
                                         _221_ (net)
                  0.46    0.00    3.77 ^ _328_/A3 (sky130_fd_sc_hd__a31o_1)
     2    0.02    0.26    0.60    4.37 ^ _328_/X (sky130_fd_sc_hd__a31o_1)
                                         _008_ (net)
                  0.26    0.00    4.37 ^ _329_/C (sky130_fd_sc_hd__and3_1)
     2    0.06    0.84    0.98    5.35 ^ _329_/X (sky130_fd_sc_hd__and3_1)
                                         _009_ (net)
                  0.84    0.00    5.36 ^ _331_/A_N (sky130_fd_sc_hd__and2b_1)
     1    0.02    0.23    0.78    6.13 v _331_/X (sky130_fd_sc_hd__and2b_1)
                                         _011_ (net)
                  0.23    0.00    6.13 v _332_/B (sky130_fd_sc_hd__xnor2_2)
     2    0.03    0.68    0.67    6.81 ^ _332_/Y (sky130_fd_sc_hd__xnor2_2)
                                         _012_ (net)
                  0.68    0.00    6.81 ^ _333_/A (sky130_fd_sc_hd__nand2_4)
     5    0.05    0.31    0.47    7.28 v _333_/Y (sky130_fd_sc_hd__nand2_4)
                                         _013_ (net)
                  0.31    0.00    7.28 v _338_/A2 (sky130_fd_sc_hd__a31o_1)
     1    0.01    0.10    0.53    7.81 v _338_/X (sky130_fd_sc_hd__a31o_1)
                                         _018_ (net)
                  0.10    0.00    7.81 v _339_/B2 (sky130_fd_sc_hd__o2bb2a_1)
     1    0.01    0.19    0.76    8.58 v _339_/X (sky130_fd_sc_hd__o2bb2a_1)
                                         net23 (net)
                  0.19    0.00    8.58 v output23/A (sky130_fd_sc_hd__buf_2)
     1    0.03    0.17    0.42    9.00 v output23/X (sky130_fd_sc_hd__buf_2)
                                         out[3] (net)
                  0.17    0.00    9.01 v out[3] (out)
                                  9.01   data arrival time

                  0.00   10.00   10.00   clock __VIRTUAL_CLK__ (rise edge)
                          0.00   10.00   clock network delay (ideal)
                         -0.25    9.75   clock uncertainty
                          0.00    9.75   clock reconvergence pessimism
                         -2.00    7.75   output external delay
                                  7.75   data required time
-----------------------------------------------------------------------------
                                  7.75   data required time
                                 -9.01   data arrival time
-----------------------------------------------------------------------------
                                 -1.26   slack (VIOLATED)


Startpoint: opcode[0] (input port clocked by __VIRTUAL_CLK__)
Endpoint: out[1] (output port clocked by __VIRTUAL_CLK__)
Path Group: __VIRTUAL_CLK__
Path Type: max
Corner: Slowest

Fanout     Cap    Slew   Delay    Time   Description
-----------------------------------------------------------------------------
                  0.00    0.00    0.00   clock __VIRTUAL_CLK__ (rise edge)
                          0.00    0.00   clock network delay (ideal)
                          2.00    2.00 v input external delay
     1    0.00    0.02    0.01    2.01 v opcode[0] (in)
                                         opcode[0] (net)
                  0.02    0.00    2.01 v input17/A (sky130_fd_sc_hd__buf_2)
     5    0.07    0.29    0.44    2.44 v input17/X (sky130_fd_sc_hd__buf_2)
                                         net17 (net)
                  0.29    0.01    2.45 v _275_/A_N (sky130_fd_sc_hd__nand3b_4)
     7    0.07    0.52    0.72    3.18 v _275_/Y (sky130_fd_sc_hd__nand3b_4)
                                         _205_ (net)
                  0.52    0.01    3.19 v rebuffer9/A (sky130_fd_sc_hd__clkbuf_2)
     3    0.03    0.23    0.54    3.73 v rebuffer9/X (sky130_fd_sc_hd__clkbuf_2)
                                         net37 (net)
                  0.23    0.01    3.73 v _276_/A2 (sky130_fd_sc_hd__a21oi_2)
     2    0.03    0.67    0.70    4.43 ^ _276_/Y (sky130_fd_sc_hd__a21oi_2)
                                         _206_ (net)
                  0.67    0.01    4.44 ^ _279_/B (sky130_fd_sc_hd__or3_4)
     2    0.03    0.15    0.56    5.00 ^ _279_/X (sky130_fd_sc_hd__or3_4)
                                         _209_ (net)
                  0.15    0.00    5.00 ^ _280_/B_N (sky130_fd_sc_hd__or2b_1)
     1    0.02    0.20    0.69    5.69 v _280_/X (sky130_fd_sc_hd__or2b_1)
                                         _210_ (net)
                  0.20    0.00    5.69 v _281_/B (sky130_fd_sc_hd__xnor2_1)
     1    0.02    0.34    0.47    6.16 v _281_/Y (sky130_fd_sc_hd__xnor2_1)
                                         _211_ (net)
                  0.34    0.00    6.16 v _286_/A2 (sky130_fd_sc_hd__a211o_1)
     1    0.01    0.17    0.77    6.94 v _286_/X (sky130_fd_sc_hd__a211o_1)
                                         _216_ (net)
                  0.17    0.00    6.94 v _287_/B2 (sky130_fd_sc_hd__o2bb2a_1)
     2    0.04    0.40    1.00    7.94 v _287_/X (sky130_fd_sc_hd__o2bb2a_1)
                                         net21 (net)
                  0.40    0.00    7.94 v output21/A (sky130_fd_sc_hd__buf_2)
     1    0.03    0.17    0.52    8.46 v output21/X (sky130_fd_sc_hd__buf_2)
                                         out[1] (net)
                  0.17    0.00    8.47 v out[1] (out)
                                  8.47   data arrival time

                  0.00   10.00   10.00   clock __VIRTUAL_CLK__ (rise edge)
                          0.00   10.00   clock network delay (ideal)
                         -0.25    9.75   clock uncertainty
                          0.00    9.75   clock reconvergence pessimism
                         -2.00    7.75   output external delay
                                  7.75   data required time
-----------------------------------------------------------------------------
                                  7.75   data required time
                                 -8.47   data arrival time
-----------------------------------------------------------------------------
                                 -0.72   slack (VIOLATED)


Startpoint: opcode[0] (input port clocked by __VIRTUAL_CLK__)
Endpoint: out[0] (output port clocked by __VIRTUAL_CLK__)
Path Group: __VIRTUAL_CLK__
Path Type: max
Corner: Slowest

Fanout     Cap    Slew   Delay    Time   Description
-----------------------------------------------------------------------------
                  0.00    0.00    0.00   clock __VIRTUAL_CLK__ (rise edge)
                          0.00    0.00   clock network delay (ideal)
                          2.00    2.00 v input external delay
     1    0.00    0.02    0.01    2.01 v opcode[0] (in)
                                         opcode[0] (net)
                  0.02    0.00    2.01 v input17/A (sky130_fd_sc_hd__buf_2)
     5    0.07    0.29    0.44    2.44 v input17/X (sky130_fd_sc_hd__buf_2)
                                         net17 (net)
                  0.29    0.00    2.45 v _249_/A (sky130_fd_sc_hd__or2_4)
     5    0.05    0.19    0.73    3.18 v _249_/X (sky130_fd_sc_hd__or2_4)
                                         _180_ (net)
                  0.19    0.01    3.19 v _258_/B (sky130_fd_sc_hd__nor2_4)
     8    0.07    0.74    0.69    3.87 ^ _258_/Y (sky130_fd_sc_hd__nor2_4)
                                         _189_ (net)
                  0.74    0.00    3.88 ^ _260_/A1 (sky130_fd_sc_hd__o211a_1)
     1    0.01    0.20    0.67    4.55 ^ _260_/X (sky130_fd_sc_hd__o211a_1)
                                         _191_ (net)
                  0.20    0.00    4.55 ^ _261_/B1 (sky130_fd_sc_hd__a31o_1)
     1    0.01    0.12    0.26    4.81 ^ _261_/X (sky130_fd_sc_hd__a31o_1)
                                         _192_ (net)
                  0.12    0.00    4.81 ^ _262_/B2 (sky130_fd_sc_hd__a2bb2o_1)
     1    0.01    0.13    0.31    5.12 ^ _262_/X (sky130_fd_sc_hd__a2bb2o_1)
                                         net20 (net)
                  0.13    0.00    5.12 ^ output20/A (sky130_fd_sc_hd__buf_2)
     1    0.03    0.28    0.39    5.51 ^ output20/X (sky130_fd_sc_hd__buf_2)
                                         out[0] (net)
                  0.28    0.00    5.52 ^ out[0] (out)
                                  5.52   data arrival time

                  0.00   10.00   10.00   clock __VIRTUAL_CLK__ (rise edge)
                          0.00   10.00   clock network delay (ideal)
                         -0.25    9.75   clock uncertainty
                          0.00    9.75   clock reconvergence pessimism
                         -2.00    7.75   output external delay
                                  7.75   data required time
-----------------------------------------------------------------------------
                                  7.75   data required time
                                 -5.52   data arrival time
-----------------------------------------------------------------------------
                                  2.23   slack (MET)



worst slack corner Slowest: -3.3250
======================= Typical Corner ===================================

Startpoint: A[5] (input port clocked by __VIRTUAL_CLK__)
Endpoint: out[7] (output port clocked by __VIRTUAL_CLK__)
Path Group: __VIRTUAL_CLK__
Path Type: max
Corner: Typical

Fanout     Cap    Slew   Delay    Time   Description
-----------------------------------------------------------------------------
                  0.00    0.00    0.00   clock __VIRTUAL_CLK__ (rise edge)
                          0.00    0.00   clock network delay (ideal)
                          2.00    2.00 ^ input external delay
     1    0.00    0.02    0.01    2.01 ^ A[5] (in)
                                         A[5] (net)
                  0.02    0.00    2.01 ^ input6/A (sky130_fd_sc_hd__buf_2)
     3    0.06    0.29    0.29    2.30 ^ input6/X (sky130_fd_sc_hd__buf_2)
                                         net6 (net)
                  0.29    0.01    2.30 ^ _374_/A (sky130_fd_sc_hd__buf_8)
    10    0.10    0.16    0.25    2.55 ^ _374_/X (sky130_fd_sc_hd__buf_8)
                                         _052_ (net)
                  0.16    0.01    2.56 ^ _416_/C (sky130_fd_sc_hd__nand4_4)
     3    0.05    0.23    0.25    2.81 v _416_/Y (sky130_fd_sc_hd__nand4_4)
                                         _093_ (net)
                  0.23    0.00    2.81 v _474_/B1_N (sky130_fd_sc_hd__a21bo_1)
     1    0.02    0.15    0.35    3.16 ^ _474_/X (sky130_fd_sc_hd__a21bo_1)
                                         _150_ (net)
                  0.15    0.00    3.16 ^ _476_/A (sky130_fd_sc_hd__xor2_2)
     3    0.04    0.49    0.44    3.61 ^ _476_/X (sky130_fd_sc_hd__xor2_2)
                                         _152_ (net)
                  0.49    0.00    3.61 ^ _477_/B1 (sky130_fd_sc_hd__a21o_1)
     2    0.03    0.27    0.31    3.92 ^ _477_/X (sky130_fd_sc_hd__a21o_1)
                                         _153_ (net)
                  0.27    0.01    3.93 ^ _486_/A1 (sky130_fd_sc_hd__a21o_1)
     2    0.04    0.35    0.40    4.32 ^ _486_/X (sky130_fd_sc_hd__a21o_1)
                                         _162_ (net)
                  0.35    0.00    4.33 ^ _489_/A2 (sky130_fd_sc_hd__a21o_1)
     2    0.02    0.17    0.28    4.61 ^ _489_/X (sky130_fd_sc_hd__a21o_1)
                                         _165_ (net)
                  0.17    0.00    4.61 ^ rebuffer14/A (sky130_fd_sc_hd__dlymetal6s2s_1)
     1    0.03    0.30    0.32    4.93 ^ rebuffer14/X (sky130_fd_sc_hd__dlymetal6s2s_1)
                                         net42 (net)
                  0.30    0.00    4.94 ^ _492_/A1 (sky130_fd_sc_hd__a21oi_4)
     2    0.05    0.15    0.19    5.13 v _492_/Y (sky130_fd_sc_hd__a21oi_4)
                                         _168_ (net)
                  0.15    0.00    5.13 v _494_/B (sky130_fd_sc_hd__or3_4)
     2    0.03    0.11    0.49    5.62 v _494_/X (sky130_fd_sc_hd__or3_4)
                                         _170_ (net)
                  0.11    0.00    5.62 v rebuffer17/A (sky130_fd_sc_hd__clkbuf_1)
     1    0.00    0.03    0.13    5.75 v rebuffer17/X (sky130_fd_sc_hd__clkbuf_1)
                                         net45 (net)
                  0.03    0.00    5.75 v _497_/A1 (sky130_fd_sc_hd__a21oi_1)
     1    0.02    0.48    0.41    6.16 ^ _497_/Y (sky130_fd_sc_hd__a21oi_1)
                                         _173_ (net)
                  0.48    0.00    6.16 ^ _498_/A1 (sky130_fd_sc_hd__o21a_1)
     1    0.01    0.13    0.28    6.44 ^ _498_/X (sky130_fd_sc_hd__o21a_1)
                                         _174_ (net)
                  0.13    0.00    6.44 ^ _503_/A3 (sky130_fd_sc_hd__o32a_4)
     1    0.02    0.07    0.21    6.64 ^ _503_/X (sky130_fd_sc_hd__o32a_4)
                                         net27 (net)
                  0.07    0.00    6.65 ^ output27/A (sky130_fd_sc_hd__buf_8)
     1    0.03    0.07    0.13    6.78 ^ output27/X (sky130_fd_sc_hd__buf_8)
                                         out[7] (net)
                  0.07    0.00    6.78 ^ out[7] (out)
                                  6.78   data arrival time

                  0.00   10.00   10.00   clock __VIRTUAL_CLK__ (rise edge)
                          0.00   10.00   clock network delay (ideal)
                         -0.25    9.75   clock uncertainty
                          0.00    9.75   clock reconvergence pessimism
                         -2.00    7.75   output external delay
                                  7.75   data required time
-----------------------------------------------------------------------------
                                  7.75   data required time
                                 -6.78   data arrival time
-----------------------------------------------------------------------------
                                  0.97   slack (MET)


Startpoint: A[2] (input port clocked by __VIRTUAL_CLK__)
Endpoint: out[6] (output port clocked by __VIRTUAL_CLK__)
Path Group: __VIRTUAL_CLK__
Path Type: max
Corner: Typical

Fanout     Cap    Slew   Delay    Time   Description
-----------------------------------------------------------------------------
                  0.00    0.00    0.00   clock __VIRTUAL_CLK__ (rise edge)
                          0.00    0.00   clock network delay (ideal)
                          2.00    2.00 ^ input external delay
     1    0.00    0.02    0.01    2.01 ^ A[2] (in)
                                         A[2] (net)
                  0.02    0.00    2.01 ^ input3/A (sky130_fd_sc_hd__buf_4)
     8    0.08    0.22    0.24    2.25 ^ input3/X (sky130_fd_sc_hd__buf_4)
                                         net3 (net)
                  0.23    0.02    2.27 ^ _288_/A (sky130_fd_sc_hd__buf_4)
    10    0.09    0.26    0.33    2.60 ^ _288_/X (sky130_fd_sc_hd__buf_4)
                                         _217_ (net)
                  0.26    0.02    2.62 ^ _292_/B1 (sky130_fd_sc_hd__a22o_1)
     2    0.03    0.29    0.37    2.99 ^ _292_/X (sky130_fd_sc_hd__a22o_1)
                                         _221_ (net)
                  0.29    0.00    2.99 ^ _328_/A3 (sky130_fd_sc_hd__a31o_1)
     2    0.02    0.16    0.29    3.28 ^ _328_/X (sky130_fd_sc_hd__a31o_1)
                                         _008_ (net)
                  0.16    0.00    3.28 ^ _329_/C (sky130_fd_sc_hd__and3_1)
     2    0.06    0.54    0.55    3.83 ^ _329_/X (sky130_fd_sc_hd__and3_1)
                                         _009_ (net)
                  0.54    0.00    3.83 ^ _331_/A_N (sky130_fd_sc_hd__and2b_1)
     1    0.02    0.12    0.34    4.18 v _331_/X (sky130_fd_sc_hd__and2b_1)
                                         _011_ (net)
                  0.12    0.00    4.18 v _332_/B (sky130_fd_sc_hd__xnor2_2)
     2    0.03    0.43    0.40    4.58 ^ _332_/Y (sky130_fd_sc_hd__xnor2_2)
                                         _012_ (net)
                  0.43    0.00    4.59 ^ _333_/A (sky130_fd_sc_hd__nand2_4)
     5    0.05    0.18    0.22    4.81 v _333_/Y (sky130_fd_sc_hd__nand2_4)
                                         _013_ (net)
                  0.18    0.00    4.81 v _359_/A_N (sky130_fd_sc_hd__nand3b_4)
     4    0.06    0.21    0.34    5.16 v _359_/Y (sky130_fd_sc_hd__nand3b_4)
                                         _038_ (net)
                  0.21    0.01    5.16 v _403_/A2 (sky130_fd_sc_hd__a21o_1)
     2    0.03    0.12    0.34    5.50 v _403_/X (sky130_fd_sc_hd__a21o_1)
                                         _081_ (net)
                  0.12    0.00    5.50 v _440_/A1 (sky130_fd_sc_hd__a21bo_1)
     2    0.03    0.15    0.32    5.82 v _440_/X (sky130_fd_sc_hd__a21bo_1)
                                         _117_ (net)
                  0.15    0.00    5.82 v _441_/B (sky130_fd_sc_hd__or2_1)
     1    0.02    0.13    0.35    6.17 v _441_/X (sky130_fd_sc_hd__or2_1)
                                         _118_ (net)
                  0.13    0.00    6.17 v _453_/B2 (sky130_fd_sc_hd__a22oi_2)
     1    0.03    0.36    0.37    6.54 ^ _453_/Y (sky130_fd_sc_hd__a22oi_2)
                                         net26 (net)
                  0.36    0.00    6.54 ^ output26/A (sky130_fd_sc_hd__buf_6)
     1    0.03    0.08    0.20    6.75 ^ output26/X (sky130_fd_sc_hd__buf_6)
                                         out[6] (net)
                  0.08    0.00    6.75 ^ out[6] (out)
                                  6.75   data arrival time

                  0.00   10.00   10.00   clock __VIRTUAL_CLK__ (rise edge)
                          0.00   10.00   clock network delay (ideal)
                         -0.25    9.75   clock uncertainty
                          0.00    9.75   clock reconvergence pessimism
                         -2.00    7.75   output external delay
                                  7.75   data required time
-----------------------------------------------------------------------------
                                  7.75   data required time
                                 -6.75   data arrival time
-----------------------------------------------------------------------------
                                  1.00   slack (MET)


Startpoint: opcode[0] (input port clocked by __VIRTUAL_CLK__)
Endpoint: out[5] (output port clocked by __VIRTUAL_CLK__)
Path Group: __VIRTUAL_CLK__
Path Type: max
Corner: Typical

Fanout     Cap    Slew   Delay    Time   Description
-----------------------------------------------------------------------------
                  0.00    0.00    0.00   clock __VIRTUAL_CLK__ (rise edge)
                          0.00    0.00   clock network delay (ideal)
                          2.00    2.00 v input external delay
     1    0.00    0.01    0.00    2.00 v opcode[0] (in)
                                         opcode[0] (net)
                  0.01    0.00    2.00 v input17/A (sky130_fd_sc_hd__buf_2)
     5    0.07    0.15    0.22    2.23 v input17/X (sky130_fd_sc_hd__buf_2)
                                         net17 (net)
                  0.15    0.01    2.23 v _275_/A_N (sky130_fd_sc_hd__nand3b_4)
     7    0.07    0.25    0.36    2.59 v _275_/Y (sky130_fd_sc_hd__nand3b_4)
                                         _205_ (net)
                  0.25    0.01    2.60 v rebuffer9/A (sky130_fd_sc_hd__clkbuf_2)
     3    0.03    0.13    0.28    2.88 v rebuffer9/X (sky130_fd_sc_hd__clkbuf_2)
                                         net37 (net)
                  0.13    0.01    2.89 v _276_/A2 (sky130_fd_sc_hd__a21oi_2)
     2    0.03    0.41    0.41    3.30 ^ _276_/Y (sky130_fd_sc_hd__a21oi_2)
                                         _206_ (net)
                  0.41    0.00    3.30 ^ _278_/A1 (sky130_fd_sc_hd__o21a_1)
     2    0.03    0.33    0.41    3.71 ^ _278_/X (sky130_fd_sc_hd__o21a_1)
                                         _208_ (net)
                  0.33    0.00    3.72 ^ _301_/B1 (sky130_fd_sc_hd__a21o_1)
     2    0.03    0.24    0.28    4.00 ^ _301_/X (sky130_fd_sc_hd__a21o_1)
                                         _230_ (net)
                  0.24    0.00    4.00 ^ _312_/A2 (sky130_fd_sc_hd__a21o_1)
     3    0.03    0.23    0.30    4.30 ^ _312_/X (sky130_fd_sc_hd__a21o_1)
                                         _240_ (net)
                  0.23    0.00    4.31 ^ _366_/A1 (sky130_fd_sc_hd__a21bo_2)
     3    0.05    0.28    0.36    4.67 ^ _366_/X (sky130_fd_sc_hd__a21bo_2)
                                         _045_ (net)
                  0.28    0.00    4.67 ^ _375_/A2 (sky130_fd_sc_hd__a21o_1)
     2    0.03    0.26    0.34    5.01 ^ _375_/X (sky130_fd_sc_hd__a21o_1)
                                         _053_ (net)
                  0.26    0.00    5.02 ^ _381_/A (sky130_fd_sc_hd__xor2_1)
     1    0.02    0.51    0.49    5.51 ^ _381_/X (sky130_fd_sc_hd__xor2_1)
                                         _059_ (net)
                  0.51    0.00    5.51 ^ _409_/A2 (sky130_fd_sc_hd__a21oi_1)
     1    0.00    0.10    0.16    5.66 v _409_/Y (sky130_fd_sc_hd__a21oi_1)
                                         _087_ (net)
                  0.10    0.00    5.66 v _410_/B1 (sky130_fd_sc_hd__a21oi_1)
     1    0.02    0.43    0.39    6.05 ^ _410_/Y (sky130_fd_sc_hd__a21oi_1)
                                         net25 (net)
                  0.43    0.00    6.06 ^ output25/A (sky130_fd_sc_hd__buf_2)
     1    0.03    0.17    0.31    6.36 ^ output25/X (sky130_fd_sc_hd__buf_2)
                                         out[5] (net)
                  0.17    0.00    6.37 ^ out[5] (out)
                                  6.37   data arrival time

                  0.00   10.00   10.00   clock __VIRTUAL_CLK__ (rise edge)
                          0.00   10.00   clock network delay (ideal)
                         -0.25    9.75   clock uncertainty
                          0.00    9.75   clock reconvergence pessimism
                         -2.00    7.75   output external delay
                                  7.75   data required time
-----------------------------------------------------------------------------
                                  7.75   data required time
                                 -6.37   data arrival time
-----------------------------------------------------------------------------
                                  1.38   slack (MET)


Startpoint: opcode[0] (input port clocked by __VIRTUAL_CLK__)
Endpoint: out[4] (output port clocked by __VIRTUAL_CLK__)
Path Group: __VIRTUAL_CLK__
Path Type: max
Corner: Typical

Fanout     Cap    Slew   Delay    Time   Description
-----------------------------------------------------------------------------
                  0.00    0.00    0.00   clock __VIRTUAL_CLK__ (rise edge)
                          0.00    0.00   clock network delay (ideal)
                          2.00    2.00 v input external delay
     1    0.00    0.01    0.00    2.00 v opcode[0] (in)
                                         opcode[0] (net)
                  0.01    0.00    2.00 v input17/A (sky130_fd_sc_hd__buf_2)
     5    0.07    0.15    0.22    2.23 v input17/X (sky130_fd_sc_hd__buf_2)
                                         net17 (net)
                  0.15    0.01    2.23 v _275_/A_N (sky130_fd_sc_hd__nand3b_4)
     7    0.07    0.25    0.36    2.59 v _275_/Y (sky130_fd_sc_hd__nand3b_4)
                                         _205_ (net)
                  0.25    0.01    2.60 v rebuffer9/A (sky130_fd_sc_hd__clkbuf_2)
     3    0.03    0.13    0.28    2.88 v rebuffer9/X (sky130_fd_sc_hd__clkbuf_2)
                                         net37 (net)
                  0.13    0.01    2.89 v _276_/A2 (sky130_fd_sc_hd__a21oi_2)
     2    0.03    0.41    0.41    3.30 ^ _276_/Y (sky130_fd_sc_hd__a21oi_2)
                                         _206_ (net)
                  0.41    0.00    3.30 ^ _278_/A1 (sky130_fd_sc_hd__o21a_1)
     2    0.03    0.33    0.41    3.71 ^ _278_/X (sky130_fd_sc_hd__o21a_1)
                                         _208_ (net)
                  0.33    0.00    3.72 ^ _301_/B1 (sky130_fd_sc_hd__a21o_1)
     2    0.03    0.24    0.28    4.00 ^ _301_/X (sky130_fd_sc_hd__a21o_1)
                                         _230_ (net)
                  0.24    0.00    4.00 ^ _312_/A2 (sky130_fd_sc_hd__a21o_1)
     3    0.03    0.23    0.30    4.30 ^ _312_/X (sky130_fd_sc_hd__a21o_1)
                                         _240_ (net)
                  0.23    0.00    4.31 ^ _366_/A1 (sky130_fd_sc_hd__a21bo_2)
     3    0.05    0.28    0.36    4.67 ^ _366_/X (sky130_fd_sc_hd__a21bo_2)
                                         _045_ (net)
                  0.28    0.00    4.68 ^ _367_/B (sky130_fd_sc_hd__nand2_1)
     1    0.04    0.33    0.33    5.00 v _367_/Y (sky130_fd_sc_hd__nand2_1)
                                         _046_ (net)
                  0.33    0.01    5.01 v _372_/A2 (sky130_fd_sc_hd__a31o_1)
     1    0.04    0.17    0.46    5.47 v _372_/X (sky130_fd_sc_hd__a31o_1)
                                         _051_ (net)
                  0.17    0.00    5.47 v _373_/B2 (sky130_fd_sc_hd__o2bb2a_1)
     1    0.01    0.09    0.40    5.87 v _373_/X (sky130_fd_sc_hd__o2bb2a_1)
                                         net24 (net)
                  0.09    0.00    5.87 v output24/A (sky130_fd_sc_hd__buf_2)
     1    0.03    0.09    0.21    6.08 v output24/X (sky130_fd_sc_hd__buf_2)
                                         out[4] (net)
                  0.09    0.00    6.08 v out[4] (out)
                                  6.08   data arrival time

                  0.00   10.00   10.00   clock __VIRTUAL_CLK__ (rise edge)
                          0.00   10.00   clock network delay (ideal)
                         -0.25    9.75   clock uncertainty
                          0.00    9.75   clock reconvergence pessimism
                         -2.00    7.75   output external delay
                                  7.75   data required time
-----------------------------------------------------------------------------
                                  7.75   data required time
                                 -6.08   data arrival time
-----------------------------------------------------------------------------
                                  1.67   slack (MET)


Startpoint: opcode[0] (input port clocked by __VIRTUAL_CLK__)
Endpoint: out[2] (output port clocked by __VIRTUAL_CLK__)
Path Group: __VIRTUAL_CLK__
Path Type: max
Corner: Typical

Fanout     Cap    Slew   Delay    Time   Description
-----------------------------------------------------------------------------
                  0.00    0.00    0.00   clock __VIRTUAL_CLK__ (rise edge)
                          0.00    0.00   clock network delay (ideal)
                          2.00    2.00 v input external delay
     1    0.00    0.01    0.00    2.00 v opcode[0] (in)
                                         opcode[0] (net)
                  0.01    0.00    2.00 v input17/A (sky130_fd_sc_hd__buf_2)
     5    0.07    0.15    0.22    2.23 v input17/X (sky130_fd_sc_hd__buf_2)
                                         net17 (net)
                  0.15    0.01    2.23 v _275_/A_N (sky130_fd_sc_hd__nand3b_4)
     7    0.07    0.25    0.36    2.59 v _275_/Y (sky130_fd_sc_hd__nand3b_4)
                                         _205_ (net)
                  0.25    0.01    2.60 v rebuffer9/A (sky130_fd_sc_hd__clkbuf_2)
     3    0.03    0.13    0.28    2.88 v rebuffer9/X (sky130_fd_sc_hd__clkbuf_2)
                                         net37 (net)
                  0.13    0.01    2.89 v _276_/A2 (sky130_fd_sc_hd__a21oi_2)
     2    0.03    0.41    0.41    3.30 ^ _276_/Y (sky130_fd_sc_hd__a21oi_2)
                                         _206_ (net)
                  0.41    0.00    3.30 ^ _278_/A1 (sky130_fd_sc_hd__o21a_1)
     2    0.03    0.33    0.41    3.71 ^ _278_/X (sky130_fd_sc_hd__o21a_1)
                                         _208_ (net)
                  0.33    0.00    3.72 ^ _301_/B1 (sky130_fd_sc_hd__a21o_1)
     2    0.03    0.24    0.28    4.00 ^ _301_/X (sky130_fd_sc_hd__a21o_1)
                                         _230_ (net)
                  0.24    0.00    4.00 ^ rebuffer11/A (sky130_fd_sc_hd__dlygate4sd1_1)
     2    0.02    0.19    0.35    4.35 ^ rebuffer11/X (sky130_fd_sc_hd__dlygate4sd1_1)
                                         net39 (net)
                  0.19    0.00    4.36 ^ _302_/B (sky130_fd_sc_hd__nand2_1)
     1    0.03    0.22    0.23    4.58 v _302_/Y (sky130_fd_sc_hd__nand2_1)
                                         _231_ (net)
                  0.22    0.00    4.58 v _308_/A1 (sky130_fd_sc_hd__a211o_1)
     1    0.03    0.18    0.47    5.06 v _308_/X (sky130_fd_sc_hd__a211o_1)
                                         _237_ (net)
                  0.18    0.00    5.06 v _309_/B2 (sky130_fd_sc_hd__o2bb2a_1)
     1    0.03    0.17    0.48    5.54 v _309_/X (sky130_fd_sc_hd__o2bb2a_1)
                                         net22 (net)
                  0.17    0.00    5.54 v output22/A (sky130_fd_sc_hd__buf_2)
     1    0.04    0.09    0.25    5.79 v output22/X (sky130_fd_sc_hd__buf_2)
                                         out[2] (net)
                  0.09    0.00    5.79 v out[2] (out)
                                  5.79   data arrival time

                  0.00   10.00   10.00   clock __VIRTUAL_CLK__ (rise edge)
                          0.00   10.00   clock network delay (ideal)
                         -0.25    9.75   clock uncertainty
                          0.00    9.75   clock reconvergence pessimism
                         -2.00    7.75   output external delay
                                  7.75   data required time
-----------------------------------------------------------------------------
                                  7.75   data required time
                                 -5.79   data arrival time
-----------------------------------------------------------------------------
                                  1.96   slack (MET)


Startpoint: A[2] (input port clocked by __VIRTUAL_CLK__)
Endpoint: out[3] (output port clocked by __VIRTUAL_CLK__)
Path Group: __VIRTUAL_CLK__
Path Type: max
Corner: Typical

Fanout     Cap    Slew   Delay    Time   Description
-----------------------------------------------------------------------------
                  0.00    0.00    0.00   clock __VIRTUAL_CLK__ (rise edge)
                          0.00    0.00   clock network delay (ideal)
                          2.00    2.00 ^ input external delay
     1    0.00    0.02    0.01    2.01 ^ A[2] (in)
                                         A[2] (net)
                  0.02    0.00    2.01 ^ input3/A (sky130_fd_sc_hd__buf_4)
     8    0.08    0.22    0.24    2.25 ^ input3/X (sky130_fd_sc_hd__buf_4)
                                         net3 (net)
                  0.23    0.02    2.27 ^ _288_/A (sky130_fd_sc_hd__buf_4)
    10    0.09    0.26    0.33    2.60 ^ _288_/X (sky130_fd_sc_hd__buf_4)
                                         _217_ (net)
                  0.26    0.02    2.62 ^ _292_/B1 (sky130_fd_sc_hd__a22o_1)
     2    0.03    0.29    0.37    2.99 ^ _292_/X (sky130_fd_sc_hd__a22o_1)
                                         _221_ (net)
                  0.29    0.00    2.99 ^ _328_/A3 (sky130_fd_sc_hd__a31o_1)
     2    0.02    0.16    0.29    3.28 ^ _328_/X (sky130_fd_sc_hd__a31o_1)
                                         _008_ (net)
                  0.16    0.00    3.28 ^ _329_/C (sky130_fd_sc_hd__and3_1)
     2    0.06    0.54    0.55    3.83 ^ _329_/X (sky130_fd_sc_hd__and3_1)
                                         _009_ (net)
                  0.54    0.00    3.83 ^ _331_/A_N (sky130_fd_sc_hd__and2b_1)
     1    0.02    0.12    0.34    4.18 v _331_/X (sky130_fd_sc_hd__and2b_1)
                                         _011_ (net)
                  0.12    0.00    4.18 v _332_/B (sky130_fd_sc_hd__xnor2_2)
     2    0.03    0.43    0.40    4.58 ^ _332_/Y (sky130_fd_sc_hd__xnor2_2)
                                         _012_ (net)
                  0.43    0.00    4.59 ^ _333_/A (sky130_fd_sc_hd__nand2_4)
     5    0.05    0.18    0.22    4.81 v _333_/Y (sky130_fd_sc_hd__nand2_4)
                                         _013_ (net)
                  0.18    0.00    4.81 v _338_/A2 (sky130_fd_sc_hd__a31o_1)
     1    0.01    0.05    0.29    5.10 v _338_/X (sky130_fd_sc_hd__a31o_1)
                                         _018_ (net)
                  0.05    0.00    5.10 v _339_/B2 (sky130_fd_sc_hd__o2bb2a_1)
     1    0.01    0.10    0.35    5.45 v _339_/X (sky130_fd_sc_hd__o2bb2a_1)
                                         net23 (net)
                  0.10    0.00    5.45 v output23/A (sky130_fd_sc_hd__buf_2)
     1    0.03    0.09    0.21    5.66 v output23/X (sky130_fd_sc_hd__buf_2)
                                         out[3] (net)
                  0.09    0.00    5.66 v out[3] (out)
                                  5.66   data arrival time

                  0.00   10.00   10.00   clock __VIRTUAL_CLK__ (rise edge)
                          0.00   10.00   clock network delay (ideal)
                         -0.25    9.75   clock uncertainty
                          0.00    9.75   clock reconvergence pessimism
                         -2.00    7.75   output external delay
                                  7.75   data required time
-----------------------------------------------------------------------------
                                  7.75   data required time
                                 -5.66   data arrival time
-----------------------------------------------------------------------------
                                  2.09   slack (MET)


Startpoint: opcode[0] (input port clocked by __VIRTUAL_CLK__)
Endpoint: out[1] (output port clocked by __VIRTUAL_CLK__)
Path Group: __VIRTUAL_CLK__
Path Type: max
Corner: Typical

Fanout     Cap    Slew   Delay    Time   Description
-----------------------------------------------------------------------------
                  0.00    0.00    0.00   clock __VIRTUAL_CLK__ (rise edge)
                          0.00    0.00   clock network delay (ideal)
                          2.00    2.00 v input external delay
     1    0.00    0.01    0.00    2.00 v opcode[0] (in)
                                         opcode[0] (net)
                  0.01    0.00    2.00 v input17/A (sky130_fd_sc_hd__buf_2)
     5    0.07    0.15    0.22    2.23 v input17/X (sky130_fd_sc_hd__buf_2)
                                         net17 (net)
                  0.15    0.01    2.23 v _275_/A_N (sky130_fd_sc_hd__nand3b_4)
     7    0.07    0.25    0.36    2.59 v _275_/Y (sky130_fd_sc_hd__nand3b_4)
                                         _205_ (net)
                  0.25    0.01    2.60 v rebuffer9/A (sky130_fd_sc_hd__clkbuf_2)
     3    0.03    0.13    0.28    2.88 v rebuffer9/X (sky130_fd_sc_hd__clkbuf_2)
                                         net37 (net)
                  0.13    0.01    2.89 v _276_/A2 (sky130_fd_sc_hd__a21oi_2)
     2    0.03    0.41    0.41    3.30 ^ _276_/Y (sky130_fd_sc_hd__a21oi_2)
                                         _206_ (net)
                  0.41    0.00    3.30 ^ _278_/A1 (sky130_fd_sc_hd__o21a_1)
     2    0.03    0.33    0.41    3.71 ^ _278_/X (sky130_fd_sc_hd__o21a_1)
                                         _208_ (net)
                  0.33    0.01    3.72 ^ _280_/A (sky130_fd_sc_hd__or2b_1)
     1    0.02    0.15    0.24    3.96 ^ _280_/X (sky130_fd_sc_hd__or2b_1)
                                         _210_ (net)
                  0.15    0.00    3.96 ^ _281_/B (sky130_fd_sc_hd__xnor2_1)
     1    0.02    0.17    0.18    4.14 v _281_/Y (sky130_fd_sc_hd__xnor2_1)
                                         _211_ (net)
                  0.17    0.00    4.15 v _286_/A2 (sky130_fd_sc_hd__a211o_1)
     1    0.01    0.09    0.40    4.55 v _286_/X (sky130_fd_sc_hd__a211o_1)
                                         _216_ (net)
                  0.09    0.00    4.55 v _287_/B2 (sky130_fd_sc_hd__o2bb2a_1)
     2    0.04    0.20    0.47    5.01 v _287_/X (sky130_fd_sc_hd__o2bb2a_1)
                                         net21 (net)
                  0.20    0.00    5.02 v output21/A (sky130_fd_sc_hd__buf_2)
     1    0.03    0.09    0.26    5.28 v output21/X (sky130_fd_sc_hd__buf_2)
                                         out[1] (net)
                  0.09    0.00    5.28 v out[1] (out)
                                  5.28   data arrival time

                  0.00   10.00   10.00   clock __VIRTUAL_CLK__ (rise edge)
                          0.00   10.00   clock network delay (ideal)
                         -0.25    9.75   clock uncertainty
                          0.00    9.75   clock reconvergence pessimism
                         -2.00    7.75   output external delay
                                  7.75   data required time
-----------------------------------------------------------------------------
                                  7.75   data required time
                                 -5.28   data arrival time
-----------------------------------------------------------------------------
                                  2.47   slack (MET)


Startpoint: opcode[0] (input port clocked by __VIRTUAL_CLK__)
Endpoint: out[0] (output port clocked by __VIRTUAL_CLK__)
Path Group: __VIRTUAL_CLK__
Path Type: max
Corner: Typical

Fanout     Cap    Slew   Delay    Time   Description
-----------------------------------------------------------------------------
                  0.00    0.00    0.00   clock __VIRTUAL_CLK__ (rise edge)
                          0.00    0.00   clock network delay (ideal)
                          2.00    2.00 v input external delay
     1    0.00    0.01    0.00    2.00 v opcode[0] (in)
                                         opcode[0] (net)
                  0.01    0.00    2.00 v input17/A (sky130_fd_sc_hd__buf_2)
     5    0.07    0.15    0.22    2.23 v input17/X (sky130_fd_sc_hd__buf_2)
                                         net17 (net)
                  0.15    0.00    2.23 v _249_/A (sky130_fd_sc_hd__or2_4)
     5    0.05    0.11    0.38    2.62 v _249_/X (sky130_fd_sc_hd__or2_4)
                                         _180_ (net)
                  0.11    0.01    2.62 v _258_/B (sky130_fd_sc_hd__nor2_4)
     8    0.07    0.46    0.41    3.03 ^ _258_/Y (sky130_fd_sc_hd__nor2_4)
                                         _189_ (net)
                  0.46    0.00    3.03 ^ _260_/A1 (sky130_fd_sc_hd__o211a_1)
     1    0.01    0.12    0.30    3.34 ^ _260_/X (sky130_fd_sc_hd__o211a_1)
                                         _191_ (net)
                  0.12    0.00    3.34 ^ _261_/B1 (sky130_fd_sc_hd__a31o_1)
     1    0.01    0.07    0.14    3.48 ^ _261_/X (sky130_fd_sc_hd__a31o_1)
                                         _192_ (net)
                  0.07    0.00    3.48 ^ _262_/B2 (sky130_fd_sc_hd__a2bb2o_1)
     1    0.01    0.08    0.16    3.64 ^ _262_/X (sky130_fd_sc_hd__a2bb2o_1)
                                         net20 (net)
                  0.08    0.00    3.64 ^ output20/A (sky130_fd_sc_hd__buf_2)
     1    0.03    0.17    0.22    3.86 ^ output20/X (sky130_fd_sc_hd__buf_2)
                                         out[0] (net)
                  0.17    0.00    3.86 ^ out[0] (out)
                                  3.86   data arrival time

                  0.00   10.00   10.00   clock __VIRTUAL_CLK__ (rise edge)
                          0.00   10.00   clock network delay (ideal)
                         -0.25    9.75   clock uncertainty
                          0.00    9.75   clock reconvergence pessimism
                         -2.00    7.75   output external delay
                                  7.75   data required time
-----------------------------------------------------------------------------
                                  7.75   data required time
                                 -3.86   data arrival time
-----------------------------------------------------------------------------
                                  3.89   slack (MET)



worst slack corner Typical: 0.9712
