
===========================================================================
 report_power
============================================================================
======================= Fastest Corner ===================================

Group                  Internal  Switching    Leakage      Total
                          Power      Power      Power      Power (Watts)
----------------------------------------------------------------
Sequential             0.00e+00   0.00e+00   0.00e+00   0.00e+00   0.0%
Combinational          1.19e-04   3.02e-04   3.62e-09   4.22e-04 100.0%
Clock                 -4.64e-10   0.00e+00   1.20e-09   7.39e-10   0.0%
Macro                  0.00e+00   0.00e+00   0.00e+00   0.00e+00   0.0%
Pad                    0.00e+00   0.00e+00   0.00e+00   0.00e+00   0.0%
----------------------------------------------------------------
Total                  1.19e-04   3.02e-04   4.82e-09   4.22e-04 100.0%
                          28.3%      71.7%       0.0%

======================= Slowest Corner ===================================

Group                  Internal  Switching    Leakage      Total
                          Power      Power      Power      Power (Watts)
----------------------------------------------------------------
Sequential             0.00e+00   0.00e+00   0.00e+00   0.00e+00   0.0%
Combinational          8.74e-05   2.03e-04   1.83e-06   2.92e-04 100.0%
Clock                 -2.16e-10   0.00e+00   1.23e-09   1.01e-09   0.0%
Macro                  0.00e+00   0.00e+00   0.00e+00   0.00e+00   0.0%
Pad                    0.00e+00   0.00e+00   0.00e+00   0.00e+00   0.0%
----------------------------------------------------------------
Total                  8.74e-05   2.03e-04   1.84e-06   2.92e-04 100.0%
                          29.9%      69.4%       0.6%

======================= Typical Corner ===================================

Group                  Internal  Switching    Leakage      Total
                          Power      Power      Power      Power (Watts)
----------------------------------------------------------------
Sequential             0.00e+00   0.00e+00   0.00e+00   0.00e+00   0.0%
Combinational          1.08e-04   2.57e-04   1.43e-09   3.65e-04 100.0%
Clock                 -1.52e-10   0.00e+00   1.20e-09   1.05e-09   0.0%
Macro                  0.00e+00   0.00e+00   0.00e+00   0.00e+00   0.0%
Pad                    0.00e+00   0.00e+00   0.00e+00   0.00e+00   0.0%
----------------------------------------------------------------
Total                  1.08e-04   2.57e-04   2.63e-09   3.65e-04 100.0%
                          29.6%      70.4%       0.0%

