
===========================================================================
report_checks -unconstrained
===========================================================================
======================= Fastest Corner ===================================

Startpoint: _379_ (rising edge-triggered flip-flop clocked by core_clock)
Endpoint: _383_ (rising edge-triggered flip-flop clocked by core_clock)
Path Group: core_clock
Path Type: max
Corner: Fastest

Fanout     Cap    Slew   Delay    Time   Description
-----------------------------------------------------------------------------
                          0.00    0.00   clock core_clock (rise edge)
                          0.00    0.00   clock source latency
     1    0.02    0.00    0.00    0.00 ^ clk (in)
                                         clk (net)
                  0.00    0.00    0.00 ^ clkbuf_0_clk/A (sky130_fd_sc_hd__clkbuf_16)
     4    0.05    0.05    0.09    0.10 ^ clkbuf_0_clk/X (sky130_fd_sc_hd__clkbuf_16)
                                         clknet_0_clk (net)
                  0.05    0.00    0.10 ^ clkbuf_2_3__f_clk/A (sky130_fd_sc_hd__clkbuf_16)
     9    0.04    0.05    0.10    0.20 ^ clkbuf_2_3__f_clk/X (sky130_fd_sc_hd__clkbuf_16)
                                         clknet_2_3__leaf_clk (net)
                  0.05    0.00    0.20 ^ _379_/CLK (sky130_fd_sc_hd__dfrtp_4)
     6    0.05    0.09    0.35    0.55 v _379_/Q (sky130_fd_sc_hd__dfrtp_4)
                                         one_second_counter[4] (net)
                  0.09    0.00    0.56 v _183_/B (sky130_fd_sc_hd__and4_2)
     5    0.05    0.09    0.22    0.78 v _183_/X (sky130_fd_sc_hd__and4_2)
                                         _065_ (net)
                  0.09    0.00    0.78 v _184_/B (sky130_fd_sc_hd__and2_1)
     1    0.02    0.09    0.18    0.96 v _184_/X (sky130_fd_sc_hd__and2_1)
                                         _066_ (net)
                  0.09    0.00    0.96 v _185_/A (sky130_fd_sc_hd__clkbuf_4)
     9    0.07    0.10    0.18    1.14 v _185_/X (sky130_fd_sc_hd__clkbuf_4)
                                         _067_ (net)
                  0.10    0.01    1.15 v _211_/A2 (sky130_fd_sc_hd__o311a_1)
     1    0.02    0.08    0.28    1.43 v _211_/X (sky130_fd_sc_hd__o311a_1)
                                         _087_ (net)
                  0.08    0.00    1.43 v _214_/A2 (sky130_fd_sc_hd__o31ai_4)
     9    0.08    0.62    0.52    1.95 ^ _214_/Y (sky130_fd_sc_hd__o31ai_4)
                                         _090_ (net)
                  0.62    0.01    1.97 ^ _215_/A (sky130_fd_sc_hd__clkbuf_4)
    10    0.09    0.21    0.27    2.24 ^ _215_/X (sky130_fd_sc_hd__clkbuf_4)
                                         _091_ (net)
                  0.21    0.01    2.25 ^ _246_/A (sky130_fd_sc_hd__and3_1)
     1    0.03    0.21    0.24    2.49 ^ _246_/X (sky130_fd_sc_hd__and3_1)
                                         _114_ (net)
                  0.21    0.00    2.50 ^ _247_/A (sky130_fd_sc_hd__buf_1)
     1    0.02    0.15    0.14    2.64 ^ _247_/X (sky130_fd_sc_hd__buf_1)
                                         _025_ (net)
                  0.15    0.00    2.64 ^ _383_/D (sky130_fd_sc_hd__dfrtp_4)
                                  2.64   data arrival time

                         10.00   10.00   clock core_clock (rise edge)
                          0.00   10.00   clock source latency
     1    0.02    0.00    0.00   10.00 ^ clk (in)
                                         clk (net)
                  0.00    0.00   10.00 ^ clkbuf_0_clk/A (sky130_fd_sc_hd__clkbuf_16)
     4    0.05    0.05    0.09   10.10 ^ clkbuf_0_clk/X (sky130_fd_sc_hd__clkbuf_16)
                                         clknet_0_clk (net)
                  0.05    0.00   10.10 ^ clkbuf_2_0__f_clk/A (sky130_fd_sc_hd__clkbuf_16)
     8    0.04    0.04    0.10   10.20 ^ clkbuf_2_0__f_clk/X (sky130_fd_sc_hd__clkbuf_16)
                                         clknet_2_0__leaf_clk (net)
                  0.04    0.00   10.20 ^ _383_/CLK (sky130_fd_sc_hd__dfrtp_4)
                          0.00   10.20   clock reconvergence pessimism
                         -0.05   10.15   library setup time
                                 10.15   data required time
-----------------------------------------------------------------------------
                                 10.15   data required time
                                 -2.64   data arrival time
-----------------------------------------------------------------------------
                                  7.51   slack (MET)



======================= Slowest Corner ===================================

Startpoint: _379_ (rising edge-triggered flip-flop clocked by core_clock)
Endpoint: _383_ (rising edge-triggered flip-flop clocked by core_clock)
Path Group: core_clock
Path Type: max
Corner: Slowest

Fanout     Cap    Slew   Delay    Time   Description
-----------------------------------------------------------------------------
                          0.00    0.00   clock core_clock (rise edge)
                          0.00    0.00   clock source latency
     1    0.02    0.00    0.00    0.00 ^ clk (in)
                                         clk (net)
                  0.00    0.00    0.00 ^ clkbuf_0_clk/A (sky130_fd_sc_hd__clkbuf_16)
     4    0.05    0.11    0.23    0.23 ^ clkbuf_0_clk/X (sky130_fd_sc_hd__clkbuf_16)
                                         clknet_0_clk (net)
                  0.11    0.00    0.24 ^ clkbuf_2_3__f_clk/A (sky130_fd_sc_hd__clkbuf_16)
     9    0.04    0.10    0.27    0.50 ^ clkbuf_2_3__f_clk/X (sky130_fd_sc_hd__clkbuf_16)
                                         clknet_2_3__leaf_clk (net)
                  0.10    0.00    0.50 ^ _379_/CLK (sky130_fd_sc_hd__dfrtp_4)
     6    0.05    0.22    1.15    1.65 v _379_/Q (sky130_fd_sc_hd__dfrtp_4)
                                         one_second_counter[4] (net)
                  0.22    0.00    1.66 v _183_/B (sky130_fd_sc_hd__and4_2)
     5    0.05    0.25    0.69    2.35 v _183_/X (sky130_fd_sc_hd__and4_2)
                                         _065_ (net)
                  0.25    0.00    2.35 v _184_/B (sky130_fd_sc_hd__and2_1)
     1    0.02    0.23    0.55    2.91 v _184_/X (sky130_fd_sc_hd__and2_1)
                                         _066_ (net)
                  0.23    0.00    2.91 v _185_/A (sky130_fd_sc_hd__clkbuf_4)
     9    0.07    0.26    0.49    3.40 v _185_/X (sky130_fd_sc_hd__clkbuf_4)
                                         _067_ (net)
                  0.26    0.01    3.41 v _211_/A2 (sky130_fd_sc_hd__o311a_1)
     1    0.02    0.22    0.84    4.25 v _211_/X (sky130_fd_sc_hd__o311a_1)
                                         _087_ (net)
                  0.22    0.00    4.26 v _214_/A2 (sky130_fd_sc_hd__o31ai_4)
     9    0.08    1.31    1.22    5.47 ^ _214_/Y (sky130_fd_sc_hd__o31ai_4)
                                         _090_ (net)
                  1.31    0.01    5.48 ^ _215_/A (sky130_fd_sc_hd__clkbuf_4)
    10    0.09    0.42    0.95    6.44 ^ _215_/X (sky130_fd_sc_hd__clkbuf_4)
                                         _091_ (net)
                  0.42    0.01    6.45 ^ _246_/A (sky130_fd_sc_hd__and3_1)
     1    0.03    0.44    0.69    7.14 ^ _246_/X (sky130_fd_sc_hd__and3_1)
                                         _114_ (net)
                  0.44    0.00    7.14 ^ _247_/A (sky130_fd_sc_hd__buf_1)
     1    0.02    0.32    0.45    7.59 ^ _247_/X (sky130_fd_sc_hd__buf_1)
                                         _025_ (net)
                  0.32    0.00    7.60 ^ _383_/D (sky130_fd_sc_hd__dfrtp_4)
                                  7.60   data arrival time

                         10.00   10.00   clock core_clock (rise edge)
                          0.00   10.00   clock source latency
     1    0.02    0.00    0.00   10.00 ^ clk (in)
                                         clk (net)
                  0.00    0.00   10.00 ^ clkbuf_0_clk/A (sky130_fd_sc_hd__clkbuf_16)
     4    0.05    0.11    0.23   10.23 ^ clkbuf_0_clk/X (sky130_fd_sc_hd__clkbuf_16)
                                         clknet_0_clk (net)
                  0.11    0.00   10.24 ^ clkbuf_2_0__f_clk/A (sky130_fd_sc_hd__clkbuf_16)
     8    0.03    0.09    0.26   10.50 ^ clkbuf_2_0__f_clk/X (sky130_fd_sc_hd__clkbuf_16)
                                         clknet_2_0__leaf_clk (net)
                  0.09    0.00   10.50 ^ _383_/CLK (sky130_fd_sc_hd__dfrtp_4)
                          0.00   10.50   clock reconvergence pessimism
                         -0.20   10.30   library setup time
                                 10.30   data required time
-----------------------------------------------------------------------------
                                 10.30   data required time
                                 -7.60   data arrival time
-----------------------------------------------------------------------------
                                  2.70   slack (MET)



======================= Typical Corner ===================================

Startpoint: _379_ (rising edge-triggered flip-flop clocked by core_clock)
Endpoint: _383_ (rising edge-triggered flip-flop clocked by core_clock)
Path Group: core_clock
Path Type: max
Corner: Typical

Fanout     Cap    Slew   Delay    Time   Description
-----------------------------------------------------------------------------
                          0.00    0.00   clock core_clock (rise edge)
                          0.00    0.00   clock source latency
     1    0.02    0.00    0.00    0.00 ^ clk (in)
                                         clk (net)
                  0.00    0.00    0.00 ^ clkbuf_0_clk/A (sky130_fd_sc_hd__clkbuf_16)
     4    0.05    0.07    0.13    0.13 ^ clkbuf_0_clk/X (sky130_fd_sc_hd__clkbuf_16)
                                         clknet_0_clk (net)
                  0.07    0.00    0.14 ^ clkbuf_2_3__f_clk/A (sky130_fd_sc_hd__clkbuf_16)
     9    0.04    0.06    0.15    0.29 ^ clkbuf_2_3__f_clk/X (sky130_fd_sc_hd__clkbuf_16)
                                         clknet_2_3__leaf_clk (net)
                  0.06    0.00    0.29 ^ _379_/CLK (sky130_fd_sc_hd__dfrtp_4)
     6    0.05    0.12    0.56    0.85 v _379_/Q (sky130_fd_sc_hd__dfrtp_4)
                                         one_second_counter[4] (net)
                  0.12    0.00    0.85 v _183_/B (sky130_fd_sc_hd__and4_2)
     5    0.05    0.13    0.34    1.19 v _183_/X (sky130_fd_sc_hd__and4_2)
                                         _065_ (net)
                  0.13    0.00    1.19 v _184_/B (sky130_fd_sc_hd__and2_1)
     1    0.02    0.12    0.27    1.46 v _184_/X (sky130_fd_sc_hd__and2_1)
                                         _066_ (net)
                  0.12    0.00    1.46 v _185_/A (sky130_fd_sc_hd__clkbuf_4)
     9    0.07    0.14    0.26    1.73 v _185_/X (sky130_fd_sc_hd__clkbuf_4)
                                         _067_ (net)
                  0.15    0.01    1.74 v _211_/A2 (sky130_fd_sc_hd__o311a_1)
     1    0.02    0.12    0.44    2.18 v _211_/X (sky130_fd_sc_hd__o311a_1)
                                         _087_ (net)
                  0.12    0.00    2.18 v _214_/A2 (sky130_fd_sc_hd__o31ai_4)
     9    0.08    0.83    0.74    2.92 ^ _214_/Y (sky130_fd_sc_hd__o31ai_4)
                                         _090_ (net)
                  0.83    0.01    2.93 ^ _215_/A (sky130_fd_sc_hd__clkbuf_4)
    10    0.09    0.27    0.47    3.40 ^ _215_/X (sky130_fd_sc_hd__clkbuf_4)
                                         _091_ (net)
                  0.27    0.01    3.41 ^ _246_/A (sky130_fd_sc_hd__and3_1)
     1    0.03    0.28    0.37    3.79 ^ _246_/X (sky130_fd_sc_hd__and3_1)
                                         _114_ (net)
                  0.28    0.00    3.79 ^ _247_/A (sky130_fd_sc_hd__buf_1)
     1    0.02    0.20    0.23    4.02 ^ _247_/X (sky130_fd_sc_hd__buf_1)
                                         _025_ (net)
                  0.20    0.00    4.02 ^ _383_/D (sky130_fd_sc_hd__dfrtp_4)
                                  4.02   data arrival time

                         10.00   10.00   clock core_clock (rise edge)
                          0.00   10.00   clock source latency
     1    0.02    0.00    0.00   10.00 ^ clk (in)
                                         clk (net)
                  0.00    0.00   10.00 ^ clkbuf_0_clk/A (sky130_fd_sc_hd__clkbuf_16)
     4    0.05    0.07    0.13   10.13 ^ clkbuf_0_clk/X (sky130_fd_sc_hd__clkbuf_16)
                                         clknet_0_clk (net)
                  0.07    0.00   10.14 ^ clkbuf_2_0__f_clk/A (sky130_fd_sc_hd__clkbuf_16)
     8    0.03    0.06    0.15   10.29 ^ clkbuf_2_0__f_clk/X (sky130_fd_sc_hd__clkbuf_16)
                                         clknet_2_0__leaf_clk (net)
                  0.06    0.00   10.29 ^ _383_/CLK (sky130_fd_sc_hd__dfrtp_4)
                          0.00   10.29   clock reconvergence pessimism
                         -0.10   10.19   library setup time
                                 10.19   data required time
-----------------------------------------------------------------------------
                                 10.19   data required time
                                 -4.02   data arrival time
-----------------------------------------------------------------------------
                                  6.17   slack (MET)




===========================================================================
report_checks --slack_max -0.01
============================================================================
======================= Fastest Corner ===================================

No paths found.

======================= Slowest Corner ===================================

No paths found.

======================= Typical Corner ===================================

No paths found.


===========================================================================
 report_check_types -max_slew -max_cap -max_fanout -violators
============================================================================
======================= Fastest Corner ===================================


max slew violations count Fastest: 0
max fanout violations count Fastest: 0
max cap violations count Fastest: 0
======================= Slowest Corner ===================================

max slew

Pin                                    Limit    Slew   Slack
------------------------------------------------------------
_194_/Y                                 1.49    1.58   -0.09 (VIOLATED)
_208_/B                                 1.50    1.58   -0.08 (VIOLATED)
_195_/B                                 1.50    1.58   -0.08 (VIOLATED)
_203_/A                                 1.50    1.58   -0.08 (VIOLATED)

max capacitance

Pin                                    Limit     Cap   Slack
------------------------------------------------------------
_194_/Y                                 0.04    0.04   -0.00 (VIOLATED)


max slew violations count Slowest: 4
max fanout violations count Slowest: 0
max cap violations count Slowest: 1
======================= Typical Corner ===================================


max slew violations count Typical: 0
max fanout violations count Typical: 0
max cap violations count Typical: 0

===========================================================================
report_parasitic_annotation -report_unannotated
============================================================================
Found 3 unannotated drivers.
 clkload0/Y
 clkload1/Y
 clkload2/Y
Found 0 partially unannotated drivers.

===========================================================================
max slew violation count 4
max fanout violation count 0
max cap violation count 1
============================================================================

===========================================================================
check_setup -verbose -unconstrained_endpoints -multiple_clock -no_clock -no_input_delay -loops -generated_clocks
===========================================================================
Warning: There is 1 input port missing set_input_delay.
  rst
Warning: There are 7 unconstrained endpoints.
  seg[0]
  seg[1]
  seg[2]
  seg[3]
  seg[4]
  seg[5]
  seg[6]
