
===========================================================================
report_checks -unconstrained
===========================================================================
======================= Typical Corner ===================================

Startpoint: B[1] (input port clocked by __VIRTUAL_CLK__)
Endpoint: out[7] (output port clocked by __VIRTUAL_CLK__)
Path Group: __VIRTUAL_CLK__
Path Type: max

Fanout     Cap    Slew   Delay    Time   Description
-----------------------------------------------------------------------------
                  0.00    0.00    0.00   clock __VIRTUAL_CLK__ (rise edge)
                          0.00    0.00   clock network delay (ideal)
                          2.00    2.00 v input external delay
     1    0.01    0.02    0.01    2.01 v B[1] (in)
                                         B[1] (net)
                  0.02    0.00    2.01 v input10/A (sky130_fd_sc_hd__buf_8)
     5    0.03    0.04    0.12    2.13 v input10/X (sky130_fd_sc_hd__buf_8)
                                         net10 (net)
                  0.04    0.00    2.13 v _266_/A (sky130_fd_sc_hd__buf_12)
     5    0.02    0.03    0.13    2.26 v _266_/X (sky130_fd_sc_hd__buf_12)
                                         _196_ (net)
                  0.03    0.00    2.26 v _383_/A2 (sky130_fd_sc_hd__a22o_4)
     2    0.01    0.05    0.27    2.53 v _383_/X (sky130_fd_sc_hd__a22o_4)
                                         _061_ (net)
                  0.05    0.00    2.53 v _385_/A1 (sky130_fd_sc_hd__a21o_1)
     2    0.01    0.05    0.18    2.71 v _385_/X (sky130_fd_sc_hd__a21o_1)
                                         _063_ (net)
                  0.05    0.00    2.71 v rebuffer20/A (sky130_fd_sc_hd__clkbuf_1)
     1    0.01    0.04    0.11    2.82 v rebuffer20/X (sky130_fd_sc_hd__clkbuf_1)
                                         net48 (net)
                  0.04    0.00    2.82 v _389_/A1 (sky130_fd_sc_hd__a21o_4)
     3    0.01    0.04    0.21    3.03 v _389_/X (sky130_fd_sc_hd__a21o_4)
                                         _067_ (net)
                  0.04    0.00    3.03 v _395_/A1 (sky130_fd_sc_hd__a21o_4)
     3    0.01    0.04    0.21    3.25 v _395_/X (sky130_fd_sc_hd__a21o_4)
                                         _073_ (net)
                  0.04    0.00    3.25 v _398_/C (sky130_fd_sc_hd__and3_1)
     2    0.01    0.06    0.20    3.45 v _398_/X (sky130_fd_sc_hd__and3_1)
                                         _076_ (net)
                  0.06    0.00    3.45 v _401_/C (sky130_fd_sc_hd__or3_4)
     3    0.01    0.08    0.36    3.81 v _401_/X (sky130_fd_sc_hd__or3_4)
                                         _079_ (net)
                  0.08    0.00    3.81 v _465_/A1 (sky130_fd_sc_hd__a211o_4)
     2    0.01    0.05    0.35    4.16 v _465_/X (sky130_fd_sc_hd__a211o_4)
                                         _141_ (net)
                  0.05    0.00    4.16 v _494_/C (sky130_fd_sc_hd__or3_4)
     2    0.01    0.07    0.35    4.51 v _494_/X (sky130_fd_sc_hd__or3_4)
                                         _170_ (net)
                  0.07    0.00    4.51 v _496_/A (sky130_fd_sc_hd__and3_1)
     1    0.00    0.04    0.16    4.68 v _496_/X (sky130_fd_sc_hd__and3_1)
                                         _172_ (net)
                  0.04    0.00    4.68 v _498_/A2 (sky130_fd_sc_hd__o21a_1)
     1    0.00    0.04    0.18    4.85 v _498_/X (sky130_fd_sc_hd__o21a_1)
                                         _174_ (net)
                  0.04    0.00    4.85 v _503_/A3 (sky130_fd_sc_hd__o32a_4)
     1    0.01    0.06    0.32    5.18 v _503_/X (sky130_fd_sc_hd__o32a_4)
                                         net27 (net)
                  0.06    0.00    5.18 v output27/A (sky130_fd_sc_hd__buf_8)
     1    0.03    0.04    0.15    5.32 v output27/X (sky130_fd_sc_hd__buf_8)
                                         out[7] (net)
                  0.04    0.00    5.32 v out[7] (out)
                                  5.32   data arrival time

                  0.00   10.00   10.00   clock __VIRTUAL_CLK__ (rise edge)
                          0.00   10.00   clock network delay (ideal)
                         -0.25    9.75   clock uncertainty
                          0.00    9.75   clock reconvergence pessimism
                         -2.00    7.75   output external delay
                                  7.75   data required time
-----------------------------------------------------------------------------
                                  7.75   data required time
                                 -5.32   data arrival time
-----------------------------------------------------------------------------
                                  2.43   slack (MET)




===========================================================================
report_checks --slack_max -0.01
============================================================================
======================= Typical Corner ===================================

No paths found.


===========================================================================
 report_check_types -max_slew -max_cap -max_fanout -violators
============================================================================
======================= Typical Corner ===================================


max slew violations count Typical: 0
max fanout violations count Typical: 0
max cap violations count Typical: 0

===========================================================================
report_parasitic_annotation -report_unannotated
============================================================================
Found 0 unannotated drivers.
Found 215 partially unannotated drivers.
 A[0]
 A[2]
 A[3]
 A[7]
 B[0]
 B[1]
 B[2]
 B[3]
 B[5]
 B[6]
 opcode[0]
 _248_/X
 _249_/X
 _250_/X
 _251_/X
 _252_/X
 _254_/Y
 _255_/Y
 _256_/Y
 _257_/Y
 _258_/Y
 _259_/Y
 _263_/X
 _265_/X
 _266_/X
 _267_/X
 _268_/Y
 _269_/X
 _270_/X
 _272_/X
 _273_/X
 _275_/Y
 _277_/X
 _278_/X
 _279_/X
 _282_/X
 _283_/X
 _287_/X
 _288_/X
 _289_/X
 _290_/Y
 _291_/X
 _293_/X
 _294_/X
 _295_/X
 _297_/Y
 _298_/X
 _299_/Y
 _300_/X
 _301_/X
 _302_/Y
 _304_/Y
 _305_/X
 _306_/X
 _307_/X
 _308_/X
 _309_/X
 _310_/X
 _312_/X
 _313_/X
 _314_/Y
 _315_/X
 _316_/Y
 _317_/X
 _318_/X
 _320_/X
 _321_/Y
 _322_/Y
 _323_/X
 _324_/Y
 _327_/X
 _328_/X
 _329_/X
 _330_/X
 _331_/X
 _332_/Y
 _333_/Y
 _334_/X
 _337_/X
 _340_/X
 _342_/X
 _343_/X
 _344_/X
 _345_/Y
 _346_/X
 _348_/Y
 _349_/X
 _350_/Y
 _352_/X
 _355_/Y
 _356_/Y
 _357_/X
 _358_/X
 _359_/Y
 _360_/X
 _361_/X
 _362_/Y
 _364_/Y
 _365_/Y
 _366_/X
 _367_/Y
 _368_/X
 _369_/Y
 _370_/X
 _371_/X
 _373_/X
 _374_/X
 _375_/X
 _376_/X
 _378_/X
 _380_/Y
 _381_/X
 _384_/X
 _386_/Y
 _387_/Y
 _389_/X
 _390_/Y
 _391_/X
 _392_/X
 _393_/X
 _396_/Y
 _397_/X
 _399_/Y
 _401_/X
 _402_/Y
 _403_/X
 _406_/X
 _407_/X
 _410_/Y
 _411_/Y
 _412_/X
 _415_/Y
 _416_/Y
 _418_/X
 _419_/X
 _420_/Y
 _421_/X
 _422_/Y
 _423_/X
 _424_/Y
 _426_/X
 _429_/X
 _430_/Y
 _432_/Y
 _433_/X
 _434_/X
 _435_/Y
 _436_/Y
 _437_/X
 _438_/Y
 _439_/X
 _440_/X
 _443_/X
 _445_/X
 _446_/X
 _448_/X
 _455_/Y
 _456_/Y
 _457_/Y
 _459_/Y
 _460_/X
 _461_/X
 _463_/X
 _465_/X
 _466_/X
 _467_/Y
 _468_/Y
 _469_/X
 _471_/Y
 _472_/X
 _473_/Y
 _476_/X
 _477_/X
 _480_/X
 _481_/Y
 _483_/X
 _484_/Y
 _485_/Y
 _486_/X
 _487_/Y
 _488_/Y
 _490_/Y
 _492_/Y
 _494_/X
 _495_/Y
 _496_/X
 _497_/Y
 _498_/X
 _501_/Y
 _503_/X
 clone15/X
 input1/X
 input10/X
 input11/X
 input12/X
 input13/X
 input14/X
 input15/X
 input16/X
 input17/X
 input18/X
 input19/X
 input2/X
 input3/X
 input4/X
 input5/X
 input9/X
 rebuffer1/X
 rebuffer11/X
 rebuffer14/X
 rebuffer22/X
 rebuffer3/X
 rebuffer8/X
 rebuffer9/X
 wire28/X

===========================================================================
max slew violation count 0
max fanout violation count 0
max cap violation count 0
============================================================================

===========================================================================
check_setup -verbose -unconstrained_endpoints -multiple_clock -no_clock -no_input_delay -loops -generated_clocks
===========================================================================
