OpenROAD b16bda7e82721d10566ff7e2b68f1ff0be9f9e38 
Features included (+) or not (-): +Charts +GPU +GUI +Python
This program is licensed under the BSD-3 license. See the LICENSE file for details.
Components of this program may be licensed under more restrictive licenses which must be honored.
define_corners Typical
read_liberty -corner Typical /home/vboxuser/.volare/sky130A/libs.ref/sky130_fd_sc_hd/lib/sky130_fd_sc_hd__tt_025C_1v80.lib
Using 1e-12 for capacitance...
Using 1e+03 for resistance...
Using 1e-09 for time...
Using 1e+00 for voltage...
Using 1e-03 for current...
Using 1e-09 for power...
Using 1e-06 for distance...
[INFO]: Reading ODB at '/openlane/designs/aludesign/runs/RUN_2025.05.01_17.16.13/tmp/16-aludesign.odb'…
Reading design constraints file at '/openlane/scripts/base.sdc'…
[INFO]: Setting output delay to: 2.0
[INFO]: Setting input delay to: 2.0
[WARNING STA-0366] port '__VIRTUAL_CLK__' not found.
[INFO]: Setting load to: 0.033442
[INFO]: Setting clock uncertainty to: 0.25
[INFO]: Setting clock transition to: 0.15
[WARNING STA-0419] transition time can not be specified for virtual clocks.
[INFO]: Setting timing derate to: 5.0 %
[INFO]: Setting signal min routing layer to: met1 and clock min routing layer to met3. 
[INFO]: Setting signal max routing layer to: met5 and clock max routing layer to met5. 
-congestion_iterations 50 -verbose -congestion_report_file /openlane/designs/aludesign/runs/RUN_2025.05.01_17.16.13/tmp/routing/groute-congestion.rpt
[INFO GRT-0020] Min routing layer: met1
[INFO GRT-0021] Max routing layer: met5
[INFO GRT-0022] Global adjustment: 30%
[INFO GRT-0023] Grid origin: (0, 0)
[INFO GRT-0043] No OR_DEFAULT vias defined.
[INFO GRT-0088] Layer li1     Track-Pitch = 0.4600  line-2-Via Pitch: 0.3400
[INFO GRT-0088] Layer met1    Track-Pitch = 0.3400  line-2-Via Pitch: 0.3400
[INFO GRT-0088] Layer met2    Track-Pitch = 0.4600  line-2-Via Pitch: 0.3500
[INFO GRT-0088] Layer met3    Track-Pitch = 0.6800  line-2-Via Pitch: 0.6150
[INFO GRT-0088] Layer met4    Track-Pitch = 0.9200  line-2-Via Pitch: 1.0400
[INFO GRT-0088] Layer met5    Track-Pitch = 3.4000  line-2-Via Pitch: 3.1100
[INFO GRT-0019] Found 0 clock nets.
[INFO GRT-0001] Minimum degree: 2
[INFO GRT-0002] Maximum degree: 11
[INFO GRT-0003] Macros: 0
[INFO GRT-0043] No OR_DEFAULT vias defined.
[INFO GRT-0004] Blockages: 80

[INFO GRT-0053] Routing resources analysis:
          Routing      Original      Derated      Resource
Layer     Direction    Resources     Resources    Reduction (%)
---------------------------------------------------------------
li1        Vertical            0             0          0.00%
met1       Horizontal       6516          3226          50.49%
met2       Vertical         4878          3049          37.49%
met3       Horizontal       3258          2074          36.34%
met4       Vertical         1980          1001          49.44%
met5       Horizontal        648           238          63.27%
---------------------------------------------------------------

[INFO GRT-0101] Running extra iterations to remove overflow.
[INFO GRT-0197] Via related to pin nodes: 2460
[INFO GRT-0198] Via related Steiner nodes: 165
[INFO GRT-0199] Via filling finished.
[INFO GRT-0111] Final number of vias: 3805
[INFO GRT-0112] Final usage 3D: 16551

[INFO GRT-0096] Final congestion report:
Layer         Resource        Demand        Usage (%)    Max H / Max V / Total Overflow
---------------------------------------------------------------------------------------
li1                  0             0            0.00%             0 /  0 /  0
met1              3226          1806           55.98%             0 /  0 /  0
met2              3049          1803           59.13%             0 /  0 /  0
met3              2074           994           47.93%             0 /  0 /  0
met4              1001           487           48.65%             0 /  0 /  0
met5               238            46           19.33%             0 /  0 /  0
---------------------------------------------------------------------------------------
Total             9588          5136           53.57%             0 /  0 /  0

[INFO GRT-0018] Total wirelength: 46699 um
[INFO GRT-0014] Routed nets: 327
[INFO GRT-0006] Repairing antennas, iteration 1.
[INFO GRT-0043] No OR_DEFAULT vias defined.
[INFO GRT-0012] Found 12 antenna violations.
[INFO GRT-0015] Inserted 12 diodes.
[INFO GRT-0009] rerouting 261 nets.
[INFO GRT-0001] Minimum degree: 2
[INFO GRT-0002] Maximum degree: 12
[INFO GRT-0006] Repairing antennas, iteration 2.
[INFO GRT-0043] No OR_DEFAULT vias defined.
[INFO GRT-0012] Found 3 antenna violations.
[INFO GRT-0015] Inserted 3 diodes.
[INFO GRT-0009] rerouting 25 nets.
[INFO GRT-0001] Minimum degree: 2
[INFO GRT-0002] Maximum degree: 6
[INFO GRT-0006] Repairing antennas, iteration 3.
[INFO GRT-0043] No OR_DEFAULT vias defined.
[INFO GRT-0012] Found 0 antenna violations.
Placement Analysis
---------------------------------
total displacement          0.0 u
average displacement        0.0 u
max displacement            0.0 u
original HPWL           30622.5 u
legalized HPWL          30622.5 u
delta HPWL                    0 %

[INFO DPL-0020] Mirrored 152 instances
[INFO DPL-0021] HPWL before           30622.5 u
[INFO DPL-0022] HPWL after            30370.1 u
[INFO DPL-0023] HPWL delta               -0.8 %
[INFO]: Setting signal min routing layer to: met1 and clock min routing layer to met3. 
[INFO]: Setting signal max routing layer to: met5 and clock max routing layer to met5. 
-congestion_iterations 50 -verbose -congestion_report_file /openlane/designs/aludesign/runs/RUN_2025.05.01_17.16.13/tmp/routing/groute-congestion.rpt
[INFO GRT-0020] Min routing layer: met1
[INFO GRT-0021] Max routing layer: met5
[INFO GRT-0022] Global adjustment: 30%
[INFO GRT-0023] Grid origin: (0, 0)
[INFO GRT-0043] No OR_DEFAULT vias defined.
[INFO GRT-0088] Layer li1     Track-Pitch = 0.4600  line-2-Via Pitch: 0.3400
[INFO GRT-0088] Layer met1    Track-Pitch = 0.3400  line-2-Via Pitch: 0.3400
[INFO GRT-0088] Layer met2    Track-Pitch = 0.4600  line-2-Via Pitch: 0.3500
[INFO GRT-0088] Layer met3    Track-Pitch = 0.6800  line-2-Via Pitch: 0.6150
[INFO GRT-0088] Layer met4    Track-Pitch = 0.9200  line-2-Via Pitch: 1.0400
[INFO GRT-0088] Layer met5    Track-Pitch = 3.4000  line-2-Via Pitch: 3.1100
[INFO GRT-0019] Found 0 clock nets.
[INFO GRT-0001] Minimum degree: 2
[INFO GRT-0002] Maximum degree: 12
[INFO GRT-0003] Macros: 0
[INFO GRT-0043] No OR_DEFAULT vias defined.
[INFO GRT-0004] Blockages: 80

[INFO GRT-0053] Routing resources analysis:
          Routing      Original      Derated      Resource
Layer     Direction    Resources     Resources    Reduction (%)
---------------------------------------------------------------
li1        Vertical            0             0          0.00%
met1       Horizontal       6516          3226          50.49%
met2       Vertical         4878          3049          37.49%
met3       Horizontal       3258          2074          36.34%
met4       Vertical         1980          1001          49.44%
met5       Horizontal        648           238          63.27%
---------------------------------------------------------------

[INFO GRT-0101] Running extra iterations to remove overflow.
[INFO GRT-0197] Via related to pin nodes: 2433
[INFO GRT-0198] Via related Steiner nodes: 155
[INFO GRT-0199] Via filling finished.
[INFO GRT-0111] Final number of vias: 3754
[INFO GRT-0112] Final usage 3D: 16412

[INFO GRT-0096] Final congestion report:
Layer         Resource        Demand        Usage (%)    Max H / Max V / Total Overflow
---------------------------------------------------------------------------------------
li1                  0             0            0.00%             0 /  0 /  0
met1              3226          1839           57.01%             0 /  0 /  0
met2              3049          1798           58.97%             0 /  0 /  0
met3              2074           995           47.97%             0 /  0 /  0
met4              1001           470           46.95%             0 /  0 /  0
met5               238            48           20.17%             0 /  0 /  0
---------------------------------------------------------------------------------------
Total             9588          5150           53.71%             0 /  0 /  0

[INFO GRT-0018] Total wirelength: 46864 um
[INFO GRT-0014] Routed nets: 327
Setting global connections for newly added cells…
Writing OpenROAD database to '/openlane/designs/aludesign/runs/RUN_2025.05.01_17.16.13/tmp/routing/18-global.odb'…
Writing layout to '/openlane/designs/aludesign/runs/RUN_2025.05.01_17.16.13/tmp/routing/18-global.def'…
Writing routing guides to '/openlane/designs/aludesign/runs/RUN_2025.05.01_17.16.13/tmp/routing/18-global.guide'…
