
===========================================================================
report_checks -unconstrained
===========================================================================
======================= Typical Corner ===================================

Startpoint: _379_ (rising edge-triggered flip-flop clocked by core_clock)
Endpoint: _379_ (rising edge-triggered flip-flop clocked by core_clock)
Path Group: core_clock
Path Type: max

Fanout     Cap    Slew   Delay    Time   Description
-----------------------------------------------------------------------------
                          0.00    0.00   clock core_clock (rise edge)
                          0.00    0.00   clock source latency
     1    0.01    0.00    0.00    0.00 ^ clk (in)
                                         clk (net)
                  0.00    0.00    0.00 ^ clkbuf_0_clk/A (sky130_fd_sc_hd__clkbuf_16)
     4    0.03    0.05    0.12    0.12 ^ clkbuf_0_clk/X (sky130_fd_sc_hd__clkbuf_16)
                                         clknet_0_clk (net)
                  0.05    0.00    0.12 ^ clkbuf_2_3__f_clk/A (sky130_fd_sc_hd__clkbuf_16)
     9    0.02    0.04    0.13    0.25 ^ clkbuf_2_3__f_clk/X (sky130_fd_sc_hd__clkbuf_16)
                                         clknet_2_3__leaf_clk (net)
                  0.04    0.00    0.25 ^ _379_/CLK (sky130_fd_sc_hd__dfrtp_4)
     6    0.01    0.07    0.47    0.72 v _379_/Q (sky130_fd_sc_hd__dfrtp_4)
                                         one_second_counter[4] (net)
                  0.07    0.00    0.72 v _183_/B (sky130_fd_sc_hd__and4_2)
     5    0.01    0.05    0.23    0.95 v _183_/X (sky130_fd_sc_hd__and4_2)
                                         _065_ (net)
                  0.05    0.00    0.95 v _184_/B (sky130_fd_sc_hd__and2_1)
     1    0.00    0.03    0.15    1.10 v _184_/X (sky130_fd_sc_hd__and2_1)
                                         _066_ (net)
                  0.03    0.00    1.10 v _185_/A (sky130_fd_sc_hd__clkbuf_4)
     9    0.02    0.06    0.16    1.25 v _185_/X (sky130_fd_sc_hd__clkbuf_4)
                                         _067_ (net)
                  0.06    0.00    1.25 v _211_/A2 (sky130_fd_sc_hd__o311a_1)
     1    0.01    0.08    0.36    1.61 v _211_/X (sky130_fd_sc_hd__o311a_1)
                                         _087_ (net)
                  0.08    0.00    1.61 v _214_/A2 (sky130_fd_sc_hd__o31ai_4)
     9    0.02    0.27    0.30    1.91 ^ _214_/Y (sky130_fd_sc_hd__o31ai_4)
                                         _090_ (net)
                  0.27    0.00    1.91 ^ _215_/A (sky130_fd_sc_hd__clkbuf_4)
    10    0.02    0.07    0.23    2.14 ^ _215_/X (sky130_fd_sc_hd__clkbuf_4)
                                         _091_ (net)
                  0.07    0.00    2.14 ^ _231_/A (sky130_fd_sc_hd__and3_1)
     1    0.00    0.05    0.14    2.28 ^ _231_/X (sky130_fd_sc_hd__and3_1)
                                         _103_ (net)
                  0.05    0.00    2.28 ^ _232_/A (sky130_fd_sc_hd__buf_1)
     1    0.00    0.04    0.07    2.35 ^ _232_/X (sky130_fd_sc_hd__buf_1)
                                         _021_ (net)
                  0.04    0.00    2.35 ^ _379_/D (sky130_fd_sc_hd__dfrtp_4)
                                  2.35   data arrival time

                         10.00   10.00   clock core_clock (rise edge)
                          0.00   10.00   clock source latency
     1    0.01    0.00    0.00   10.00 ^ clk (in)
                                         clk (net)
                  0.00    0.00   10.00 ^ clkbuf_0_clk/A (sky130_fd_sc_hd__clkbuf_16)
     4    0.03    0.05    0.12   10.12 ^ clkbuf_0_clk/X (sky130_fd_sc_hd__clkbuf_16)
                                         clknet_0_clk (net)
                  0.05    0.00   10.12 ^ clkbuf_2_3__f_clk/A (sky130_fd_sc_hd__clkbuf_16)
     9    0.02    0.04    0.13   10.25 ^ clkbuf_2_3__f_clk/X (sky130_fd_sc_hd__clkbuf_16)
                                         clknet_2_3__leaf_clk (net)
                  0.04    0.00   10.25 ^ _379_/CLK (sky130_fd_sc_hd__dfrtp_4)
                          0.00   10.25   clock reconvergence pessimism
                         -0.06   10.19   library setup time
                                 10.19   data required time
-----------------------------------------------------------------------------
                                 10.19   data required time
                                 -2.35   data arrival time
-----------------------------------------------------------------------------
                                  7.83   slack (MET)




===========================================================================
report_checks --slack_max -0.01
============================================================================
======================= Typical Corner ===================================

No paths found.


===========================================================================
 report_check_types -max_slew -max_cap -max_fanout -violators
============================================================================
======================= Typical Corner ===================================


max slew violations count Typical: 0
max fanout violations count Typical: 0
max cap violations count Typical: 0

===========================================================================
report_parasitic_annotation -report_unannotated
============================================================================
Found 239 unannotated drivers.
 clk
 rst
 _182_/X
 _183_/X
 _184_/X
 _185_/X
 _186_/X
 _187_/X
 _188_/X
 _189_/Y
 _190_/X
 _191_/X
 _192_/X
 _193_/X
 _194_/Y
 _195_/X
 _196_/X
 _197_/X
 _198_/X
 _199_/X
 _200_/Y
 _201_/Y
 _202_/X
 _203_/Y
 _204_/X
 _205_/X
 _206_/Y
 _207_/Y
 _208_/Y
 _209_/X
 _210_/Y
 _211_/X
 _212_/X
 _213_/X
 _214_/Y
 _215_/X
 _216_/X
 _217_/X
 _218_/Y
 _219_/X
 _220_/X
 _221_/X
 _222_/Y
 _223_/X
 _224_/X
 _225_/X
 _226_/X
 _227_/X
 _228_/X
 _229_/Y
 _230_/X
 _231_/X
 _232_/X
 _233_/X
 _234_/X
 _235_/X
 _236_/X
 _237_/Y
 _238_/X
 _239_/X
 _240_/X
 _241_/X
 _242_/X
 _243_/X
 _244_/Y
 _245_/X
 _246_/X
 _247_/X
 _248_/X
 _249_/X
 _250_/Y
 _251_/X
 _252_/X
 _253_/Y
 _254_/X
 _255_/X
 _256_/X
 _257_/X
 _258_/X
 _259_/X
 _260_/Y
 _261_/X
 _262_/X
 _263_/Y
 _264_/X
 _265_/X
 _266_/X
 _267_/X
 _268_/Y
 _269_/X
 _270_/X
 _271_/X
 _272_/X
 _273_/Y
 _274_/X
 _275_/X
 _276_/X
 _277_/X
 _278_/X
 _279_/X
 _280_/Y
 _281_/X
 _282_/X
 _283_/Y
 _284_/Y
 _285_/X
 _286_/X
 _287_/Y
 _288_/X
 _289_/X
 _290_/X
 _291_/X
 _292_/Y
 _293_/X
 _294_/X
 _295_/X
 _296_/X
 _297_/Y
 _298_/X
 _299_/X
 _300_/Y
 _301_/X
 _302_/X
 _303_/X
 _304_/Y
 _305_/X
 _306_/X
 _307_/X
 _308_/X
 _309_/Y
 _310_/X
 _311_/X
 _312_/Y
 _313_/X
 _314_/X
 _315_/Y
 _316_/Y
 _317_/X
 _318_/X
 _319_/X
 _320_/Y
 _321_/X
 _322_/X
 _323_/X
 _324_/X
 _325_/X
 _326_/Y
 _327_/Y
 _328_/Y
 _329_/Y
 _330_/X
 _331_/X
 _332_/X
 _333_/X
 _334_/Y
 _335_/X
 _336_/Y
 _337_/Y
 _338_/Y
 _339_/Y
 _340_/Y
 _341_/Y
 _342_/Y
 _343_/Y
 _344_/Y
 _345_/Y
 _346_/X
 _347_/Y
 _348_/Y
 _349_/Y
 _350_/Y
 _351_/Y
 _352_/Y
 _353_/Y
 _354_/Y
 _355_/Y
 _356_/Y
 _357_/X
 _358_/Y
 _359_/Y
 _360_/Y
 _361_/Y
 _362_/Y
 _363_/Y
 _364_/Y
 _365_/Y
 _366_/Y
 _367_/Y
 _368_/Y
 _369_/Y
 _370_/Q
 _371_/Q
 _372_/Q
 _373_/Q
 _374_/Q
 _375_/Q
 _376_/Q
 _377_/Q
 _378_/Q
 _379_/Q
 _380_/Q
 _381_/Q
 _382_/Q
 _383_/Q
 _384_/Q
 _385_/Q
 _386_/Q
 _387_/Q
 _388_/Q
 _389_/Q
 _390_/Q
 _391_/Q
 _392_/Q
 _393_/Q
 _394_/Q
 _395_/Q
 _396_/Q
 _397_/Q
 _398_/Q
 _399_/Q
 _400_/Q
 _401_/Q
 _402_/X
 clkbuf_0_clk/X
 clkbuf_2_0__f_clk/X
 clkbuf_2_1__f_clk/X
 clkbuf_2_2__f_clk/X
 clkbuf_2_3__f_clk/X
 clkload0/Y
 clkload1/Y
 clkload2/Y
 input1/X
 output2/X
 output3/X
 output4/X
 output5/X
 output6/X
 output7/X
 output8/X
Found 0 partially unannotated drivers.

===========================================================================
max slew violation count 0
max fanout violation count 0
max cap violation count 0
============================================================================

===========================================================================
check_setup -verbose -unconstrained_endpoints -multiple_clock -no_clock -no_input_delay -loops -generated_clocks
===========================================================================
Warning: There is 1 input port missing set_input_delay.
  rst
Warning: There are 7 unconstrained endpoints.
  seg[0]
  seg[1]
  seg[2]
  seg[3]
  seg[4]
  seg[5]
  seg[6]
