
===========================================================================
 report_power
============================================================================
======================= Fastest Corner ===================================

Group                  Internal  Switching    Leakage      Total
                          Power      Power      Power      Power (Watts)
----------------------------------------------------------------
Sequential             0.00e+00   0.00e+00   0.00e+00   0.00e+00   0.0%
Combinational          1.19e-04   3.28e-04   3.62e-09   4.47e-04 100.0%
Clock                 -5.17e-10   0.00e+00   1.20e-09   6.86e-10   0.0%
Macro                  0.00e+00   0.00e+00   0.00e+00   0.00e+00   0.0%
Pad                    0.00e+00   0.00e+00   0.00e+00   0.00e+00   0.0%
----------------------------------------------------------------
Total                  1.19e-04   3.28e-04   4.82e-09   4.47e-04 100.0%
                          26.7%      73.3%       0.0%

======================= Slowest Corner ===================================

Group                  Internal  Switching    Leakage      Total
                          Power      Power      Power      Power (Watts)
----------------------------------------------------------------
Sequential             0.00e+00   0.00e+00   0.00e+00   0.00e+00   0.0%
Combinational          8.75e-05   2.20e-04   1.83e-06   3.09e-04 100.0%
Clock                 -2.31e-10   0.00e+00   1.23e-09   9.94e-10   0.0%
Macro                  0.00e+00   0.00e+00   0.00e+00   0.00e+00   0.0%
Pad                    0.00e+00   0.00e+00   0.00e+00   0.00e+00   0.0%
----------------------------------------------------------------
Total                  8.75e-05   2.20e-04   1.84e-06   3.09e-04 100.0%
                          28.3%      71.1%       0.6%

======================= Typical Corner ===================================

Group                  Internal  Switching    Leakage      Total
                          Power      Power      Power      Power (Watts)
----------------------------------------------------------------
Sequential             0.00e+00   0.00e+00   0.00e+00   0.00e+00   0.0%
Combinational          1.08e-04   2.79e-04   1.43e-09   3.87e-04 100.0%
Clock                 -2.03e-10   0.00e+00   1.20e-09   1.00e-09   0.0%
Macro                  0.00e+00   0.00e+00   0.00e+00   0.00e+00   0.0%
Pad                    0.00e+00   0.00e+00   0.00e+00   0.00e+00   0.0%
----------------------------------------------------------------
Total                  1.08e-04   2.79e-04   2.63e-09   3.87e-04 100.0%
                          27.9%      72.1%       0.0%

