
===========================================================================
report_checks -unconstrained
===========================================================================
======================= Fastest Corner ===================================

Startpoint: A[5] (input port clocked by __VIRTUAL_CLK__)
Endpoint: out[7] (output port clocked by __VIRTUAL_CLK__)
Path Group: __VIRTUAL_CLK__
Path Type: max
Corner: Fastest

Fanout     Cap    Slew   Delay    Time   Description
-----------------------------------------------------------------------------
                  0.00    0.00    0.00   clock __VIRTUAL_CLK__ (rise edge)
                          0.00    0.00   clock network delay (ideal)
                          2.00    2.00 ^ input external delay
     1    0.00    0.01    0.01    2.01 ^ A[5] (in)
                                         A[5] (net)
                  0.01    0.00    2.01 ^ input6/A (sky130_fd_sc_hd__buf_2)
     3    0.06    0.21    0.20    2.20 ^ input6/X (sky130_fd_sc_hd__buf_2)
                                         net6 (net)
                  0.21    0.00    2.21 ^ _374_/A (sky130_fd_sc_hd__buf_8)
    10    0.09    0.12    0.15    2.36 ^ _374_/X (sky130_fd_sc_hd__buf_8)
                                         _052_ (net)
                  0.12    0.01    2.36 ^ _467_/D (sky130_fd_sc_hd__nand4_4)
     2    0.04    0.12    0.12    2.48 v _467_/Y (sky130_fd_sc_hd__nand4_4)
                                         _143_ (net)
                  0.12    0.00    2.48 v _470_/A1 (sky130_fd_sc_hd__a211o_4)
     2    0.02    0.05    0.26    2.75 v _470_/X (sky130_fd_sc_hd__a211o_4)
                                         _146_ (net)
                  0.05    0.00    2.75 v rebuffer24/A (sky130_fd_sc_hd__clkbuf_1)
     1    0.02    0.07    0.11    2.86 v rebuffer24/X (sky130_fd_sc_hd__clkbuf_1)
                                         net52 (net)
                  0.07    0.00    2.86 v _473_/C (sky130_fd_sc_hd__nand4_4)
     2    0.03    0.11    0.13    2.99 ^ _473_/Y (sky130_fd_sc_hd__nand4_4)
                                         _149_ (net)
                  0.11    0.00    2.99 ^ _477_/A2 (sky130_fd_sc_hd__a21o_1)
     2    0.03    0.19    0.20    3.19 ^ _477_/X (sky130_fd_sc_hd__a21o_1)
                                         _153_ (net)
                  0.19    0.00    3.20 ^ _486_/A1 (sky130_fd_sc_hd__a21o_1)
     2    0.04    0.25    0.25    3.44 ^ _486_/X (sky130_fd_sc_hd__a21o_1)
                                         _162_ (net)
                  0.25    0.00    3.44 ^ _489_/A2 (sky130_fd_sc_hd__a21o_1)
     2    0.02    0.12    0.16    3.61 ^ _489_/X (sky130_fd_sc_hd__a21o_1)
                                         _165_ (net)
                  0.12    0.00    3.61 ^ rebuffer14/A (sky130_fd_sc_hd__dlymetal6s2s_1)
     1    0.03    0.22    0.21    3.82 ^ rebuffer14/X (sky130_fd_sc_hd__dlymetal6s2s_1)
                                         net42 (net)
                  0.22    0.00    3.82 ^ _492_/A1 (sky130_fd_sc_hd__a21oi_4)
     2    0.05    0.10    0.10    3.93 v _492_/Y (sky130_fd_sc_hd__a21oi_4)
                                         _168_ (net)
                  0.10    0.00    3.93 v _494_/B (sky130_fd_sc_hd__or3_4)
     2    0.03    0.07    0.30    4.22 v _494_/X (sky130_fd_sc_hd__or3_4)
                                         _170_ (net)
                  0.07    0.00    4.23 v rebuffer17/A (sky130_fd_sc_hd__clkbuf_1)
     1    0.00    0.02    0.08    4.31 v rebuffer17/X (sky130_fd_sc_hd__clkbuf_1)
                                         net45 (net)
                  0.02    0.00    4.31 v _497_/A1 (sky130_fd_sc_hd__a21oi_1)
     1    0.02    0.32    0.26    4.57 ^ _497_/Y (sky130_fd_sc_hd__a21oi_1)
                                         _173_ (net)
                  0.32    0.00    4.57 ^ _498_/A1 (sky130_fd_sc_hd__o21a_1)
     1    0.01    0.09    0.14    4.71 ^ _498_/X (sky130_fd_sc_hd__o21a_1)
                                         _174_ (net)
                  0.09    0.00    4.71 ^ _503_/A3 (sky130_fd_sc_hd__o32a_4)
     1    0.02    0.05    0.12    4.83 ^ _503_/X (sky130_fd_sc_hd__o32a_4)
                                         net27 (net)
                  0.05    0.00    4.83 ^ output27/A (sky130_fd_sc_hd__buf_8)
     1    0.03    0.05    0.09    4.92 ^ output27/X (sky130_fd_sc_hd__buf_8)
                                         out[7] (net)
                  0.05    0.00    4.92 ^ out[7] (out)
                                  4.92   data arrival time

                  0.00   10.00   10.00   clock __VIRTUAL_CLK__ (rise edge)
                          0.00   10.00   clock network delay (ideal)
                         -0.25    9.75   clock uncertainty
                          0.00    9.75   clock reconvergence pessimism
                         -2.00    7.75   output external delay
                                  7.75   data required time
-----------------------------------------------------------------------------
                                  7.75   data required time
                                 -4.92   data arrival time
-----------------------------------------------------------------------------
                                  2.83   slack (MET)



======================= Slowest Corner ===================================

Startpoint: A[5] (input port clocked by __VIRTUAL_CLK__)
Endpoint: out[7] (output port clocked by __VIRTUAL_CLK__)
Path Group: __VIRTUAL_CLK__
Path Type: max
Corner: Slowest

Fanout     Cap    Slew   Delay    Time   Description
-----------------------------------------------------------------------------
                  0.00    0.00    0.00   clock __VIRTUAL_CLK__ (rise edge)
                          0.00    0.00   clock network delay (ideal)
                          2.00    2.00 ^ input external delay
     1    0.00    0.03    0.02    2.02 ^ A[5] (in)
                                         A[5] (net)
                  0.03    0.00    2.02 ^ input6/A (sky130_fd_sc_hd__buf_2)
     3    0.06    0.44    0.47    2.48 ^ input6/X (sky130_fd_sc_hd__buf_2)
                                         net6 (net)
                  0.44    0.00    2.49 ^ _374_/A (sky130_fd_sc_hd__buf_8)
    10    0.09    0.24    0.47    2.95 ^ _374_/X (sky130_fd_sc_hd__buf_8)
                                         _052_ (net)
                  0.24    0.00    2.96 ^ _416_/C (sky130_fd_sc_hd__nand4_4)
     3    0.05    0.46    0.53    3.48 v _416_/Y (sky130_fd_sc_hd__nand4_4)
                                         _093_ (net)
                  0.46    0.00    3.49 v _474_/B1_N (sky130_fd_sc_hd__a21bo_1)
     1    0.02    0.24    0.68    4.17 ^ _474_/X (sky130_fd_sc_hd__a21bo_1)
                                         _150_ (net)
                  0.24    0.00    4.17 ^ _476_/A (sky130_fd_sc_hd__xor2_2)
     3    0.04    0.70    0.72    4.89 ^ _476_/X (sky130_fd_sc_hd__xor2_2)
                                         _152_ (net)
                  0.70    0.00    4.89 ^ _477_/B1 (sky130_fd_sc_hd__a21o_1)
     2    0.03    0.39    0.59    5.48 ^ _477_/X (sky130_fd_sc_hd__a21o_1)
                                         _153_ (net)
                  0.39    0.00    5.49 ^ _486_/A1 (sky130_fd_sc_hd__a21o_1)
     2    0.04    0.51    0.69    6.17 ^ _486_/X (sky130_fd_sc_hd__a21o_1)
                                         _162_ (net)
                  0.51    0.00    6.17 ^ _490_/B (sky130_fd_sc_hd__nand3_2)
     2    0.04    0.54    0.67    6.84 v _490_/Y (sky130_fd_sc_hd__nand3_2)
                                         _166_ (net)
                  0.54    0.00    6.85 v _493_/A (sky130_fd_sc_hd__and3_1)
     2    0.03    0.27    0.74    7.59 v _493_/X (sky130_fd_sc_hd__and3_1)
                                         _169_ (net)
                  0.27    0.00    7.59 v _494_/A (sky130_fd_sc_hd__or3_4)
     2    0.03    0.19    0.99    8.58 v _494_/X (sky130_fd_sc_hd__or3_4)
                                         _170_ (net)
                  0.19    0.00    8.58 v rebuffer17/A (sky130_fd_sc_hd__clkbuf_1)
     1    0.00    0.06    0.24    8.82 v rebuffer17/X (sky130_fd_sc_hd__clkbuf_1)
                                         net45 (net)
                  0.06    0.00    8.82 v _497_/A1 (sky130_fd_sc_hd__a21oi_1)
     1    0.02    0.71    0.63    9.45 ^ _497_/Y (sky130_fd_sc_hd__a21oi_1)
                                         _173_ (net)
                  0.71    0.00    9.45 ^ _498_/A1 (sky130_fd_sc_hd__o21a_1)
     1    0.01    0.20    0.58   10.03 ^ _498_/X (sky130_fd_sc_hd__o21a_1)
                                         _174_ (net)
                  0.20    0.00   10.03 ^ _503_/A3 (sky130_fd_sc_hd__o32a_4)
     1    0.02    0.12    0.40   10.43 ^ _503_/X (sky130_fd_sc_hd__o32a_4)
                                         net27 (net)
                  0.12    0.00   10.43 ^ output27/A (sky130_fd_sc_hd__buf_8)
     1    0.03    0.10    0.24   10.67 ^ output27/X (sky130_fd_sc_hd__buf_8)
                                         out[7] (net)
                  0.10    0.00   10.67 ^ out[7] (out)
                                 10.67   data arrival time

                  0.00   10.00   10.00   clock __VIRTUAL_CLK__ (rise edge)
                          0.00   10.00   clock network delay (ideal)
                         -0.25    9.75   clock uncertainty
                          0.00    9.75   clock reconvergence pessimism
                         -2.00    7.75   output external delay
                                  7.75   data required time
-----------------------------------------------------------------------------
                                  7.75   data required time
                                -10.67   data arrival time
-----------------------------------------------------------------------------
                                 -2.92   slack (VIOLATED)



======================= Typical Corner ===================================

Startpoint: A[5] (input port clocked by __VIRTUAL_CLK__)
Endpoint: out[7] (output port clocked by __VIRTUAL_CLK__)
Path Group: __VIRTUAL_CLK__
Path Type: max
Corner: Typical

Fanout     Cap    Slew   Delay    Time   Description
-----------------------------------------------------------------------------
                  0.00    0.00    0.00   clock __VIRTUAL_CLK__ (rise edge)
                          0.00    0.00   clock network delay (ideal)
                          2.00    2.00 ^ input external delay
     1    0.00    0.02    0.01    2.01 ^ A[5] (in)
                                         A[5] (net)
                  0.02    0.00    2.01 ^ input6/A (sky130_fd_sc_hd__buf_2)
     3    0.06    0.28    0.27    2.28 ^ input6/X (sky130_fd_sc_hd__buf_2)
                                         net6 (net)
                  0.28    0.00    2.29 ^ _374_/A (sky130_fd_sc_hd__buf_8)
    10    0.09    0.15    0.24    2.53 ^ _374_/X (sky130_fd_sc_hd__buf_8)
                                         _052_ (net)
                  0.15    0.00    2.54 ^ _416_/C (sky130_fd_sc_hd__nand4_4)
     3    0.05    0.22    0.24    2.77 v _416_/Y (sky130_fd_sc_hd__nand4_4)
                                         _093_ (net)
                  0.22    0.00    2.77 v _474_/B1_N (sky130_fd_sc_hd__a21bo_1)
     1    0.02    0.15    0.34    3.12 ^ _474_/X (sky130_fd_sc_hd__a21bo_1)
                                         _150_ (net)
                  0.15    0.00    3.12 ^ _476_/A (sky130_fd_sc_hd__xor2_2)
     3    0.04    0.45    0.41    3.53 ^ _476_/X (sky130_fd_sc_hd__xor2_2)
                                         _152_ (net)
                  0.45    0.00    3.53 ^ _477_/B1 (sky130_fd_sc_hd__a21o_1)
     2    0.03    0.25    0.30    3.83 ^ _477_/X (sky130_fd_sc_hd__a21o_1)
                                         _153_ (net)
                  0.25    0.00    3.83 ^ _486_/A1 (sky130_fd_sc_hd__a21o_1)
     2    0.04    0.33    0.37    4.21 ^ _486_/X (sky130_fd_sc_hd__a21o_1)
                                         _162_ (net)
                  0.33    0.00    4.21 ^ _489_/A2 (sky130_fd_sc_hd__a21o_1)
     2    0.02    0.16    0.27    4.48 ^ _489_/X (sky130_fd_sc_hd__a21o_1)
                                         _165_ (net)
                  0.16    0.00    4.48 ^ rebuffer14/A (sky130_fd_sc_hd__dlymetal6s2s_1)
     1    0.03    0.28    0.30    4.79 ^ rebuffer14/X (sky130_fd_sc_hd__dlymetal6s2s_1)
                                         net42 (net)
                  0.28    0.00    4.79 ^ _492_/A1 (sky130_fd_sc_hd__a21oi_4)
     2    0.05    0.14    0.19    4.97 v _492_/Y (sky130_fd_sc_hd__a21oi_4)
                                         _168_ (net)
                  0.14    0.00    4.98 v _494_/B (sky130_fd_sc_hd__or3_4)
     2    0.03    0.11    0.48    5.46 v _494_/X (sky130_fd_sc_hd__or3_4)
                                         _170_ (net)
                  0.11    0.00    5.46 v rebuffer17/A (sky130_fd_sc_hd__clkbuf_1)
     1    0.00    0.03    0.12    5.58 v rebuffer17/X (sky130_fd_sc_hd__clkbuf_1)
                                         net45 (net)
                  0.03    0.00    5.58 v _497_/A1 (sky130_fd_sc_hd__a21oi_1)
     1    0.02    0.44    0.37    5.96 ^ _497_/Y (sky130_fd_sc_hd__a21oi_1)
                                         _173_ (net)
                  0.44    0.00    5.96 ^ _498_/A1 (sky130_fd_sc_hd__o21a_1)
     1    0.01    0.12    0.26    6.22 ^ _498_/X (sky130_fd_sc_hd__o21a_1)
                                         _174_ (net)
                  0.12    0.00    6.22 ^ _503_/A3 (sky130_fd_sc_hd__o32a_4)
     1    0.02    0.07    0.20    6.42 ^ _503_/X (sky130_fd_sc_hd__o32a_4)
                                         net27 (net)
                  0.07    0.00    6.43 ^ output27/A (sky130_fd_sc_hd__buf_8)
     1    0.03    0.07    0.13    6.56 ^ output27/X (sky130_fd_sc_hd__buf_8)
                                         out[7] (net)
                  0.07    0.00    6.56 ^ out[7] (out)
                                  6.56   data arrival time

                  0.00   10.00   10.00   clock __VIRTUAL_CLK__ (rise edge)
                          0.00   10.00   clock network delay (ideal)
                         -0.25    9.75   clock uncertainty
                          0.00    9.75   clock reconvergence pessimism
                         -2.00    7.75   output external delay
                                  7.75   data required time
-----------------------------------------------------------------------------
                                  7.75   data required time
                                 -6.56   data arrival time
-----------------------------------------------------------------------------
                                  1.19   slack (MET)




===========================================================================
report_checks --slack_max -0.01
============================================================================
======================= Fastest Corner ===================================

No paths found.

======================= Slowest Corner ===================================

Startpoint: A[5] (input port clocked by __VIRTUAL_CLK__)
Endpoint: out[7] (output port clocked by __VIRTUAL_CLK__)
Path Group: __VIRTUAL_CLK__
Path Type: max
Corner: Slowest

Fanout     Cap    Slew   Delay    Time   Description
-----------------------------------------------------------------------------
                  0.00    0.00    0.00   clock __VIRTUAL_CLK__ (rise edge)
                          0.00    0.00   clock network delay (ideal)
                          2.00    2.00 ^ input external delay
     1    0.00    0.03    0.02    2.02 ^ A[5] (in)
                                         A[5] (net)
                  0.03    0.00    2.02 ^ input6/A (sky130_fd_sc_hd__buf_2)
     3    0.06    0.44    0.47    2.48 ^ input6/X (sky130_fd_sc_hd__buf_2)
                                         net6 (net)
                  0.44    0.00    2.49 ^ _374_/A (sky130_fd_sc_hd__buf_8)
    10    0.09    0.24    0.47    2.95 ^ _374_/X (sky130_fd_sc_hd__buf_8)
                                         _052_ (net)
                  0.24    0.00    2.96 ^ _416_/C (sky130_fd_sc_hd__nand4_4)
     3    0.05    0.46    0.53    3.48 v _416_/Y (sky130_fd_sc_hd__nand4_4)
                                         _093_ (net)
                  0.46    0.00    3.49 v _474_/B1_N (sky130_fd_sc_hd__a21bo_1)
     1    0.02    0.24    0.68    4.17 ^ _474_/X (sky130_fd_sc_hd__a21bo_1)
                                         _150_ (net)
                  0.24    0.00    4.17 ^ _476_/A (sky130_fd_sc_hd__xor2_2)
     3    0.04    0.70    0.72    4.89 ^ _476_/X (sky130_fd_sc_hd__xor2_2)
                                         _152_ (net)
                  0.70    0.00    4.89 ^ _477_/B1 (sky130_fd_sc_hd__a21o_1)
     2    0.03    0.39    0.59    5.48 ^ _477_/X (sky130_fd_sc_hd__a21o_1)
                                         _153_ (net)
                  0.39    0.00    5.49 ^ _486_/A1 (sky130_fd_sc_hd__a21o_1)
     2    0.04    0.51    0.69    6.17 ^ _486_/X (sky130_fd_sc_hd__a21o_1)
                                         _162_ (net)
                  0.51    0.00    6.17 ^ _490_/B (sky130_fd_sc_hd__nand3_2)
     2    0.04    0.54    0.67    6.84 v _490_/Y (sky130_fd_sc_hd__nand3_2)
                                         _166_ (net)
                  0.54    0.00    6.85 v _493_/A (sky130_fd_sc_hd__and3_1)
     2    0.03    0.27    0.74    7.59 v _493_/X (sky130_fd_sc_hd__and3_1)
                                         _169_ (net)
                  0.27    0.00    7.59 v _494_/A (sky130_fd_sc_hd__or3_4)
     2    0.03    0.19    0.99    8.58 v _494_/X (sky130_fd_sc_hd__or3_4)
                                         _170_ (net)
                  0.19    0.00    8.58 v rebuffer17/A (sky130_fd_sc_hd__clkbuf_1)
     1    0.00    0.06    0.24    8.82 v rebuffer17/X (sky130_fd_sc_hd__clkbuf_1)
                                         net45 (net)
                  0.06    0.00    8.82 v _497_/A1 (sky130_fd_sc_hd__a21oi_1)
     1    0.02    0.71    0.63    9.45 ^ _497_/Y (sky130_fd_sc_hd__a21oi_1)
                                         _173_ (net)
                  0.71    0.00    9.45 ^ _498_/A1 (sky130_fd_sc_hd__o21a_1)
     1    0.01    0.20    0.58   10.03 ^ _498_/X (sky130_fd_sc_hd__o21a_1)
                                         _174_ (net)
                  0.20    0.00   10.03 ^ _503_/A3 (sky130_fd_sc_hd__o32a_4)
     1    0.02    0.12    0.40   10.43 ^ _503_/X (sky130_fd_sc_hd__o32a_4)
                                         net27 (net)
                  0.12    0.00   10.43 ^ output27/A (sky130_fd_sc_hd__buf_8)
     1    0.03    0.10    0.24   10.67 ^ output27/X (sky130_fd_sc_hd__buf_8)
                                         out[7] (net)
                  0.10    0.00   10.67 ^ out[7] (out)
                                 10.67   data arrival time

                  0.00   10.00   10.00   clock __VIRTUAL_CLK__ (rise edge)
                          0.00   10.00   clock network delay (ideal)
                         -0.25    9.75   clock uncertainty
                          0.00    9.75   clock reconvergence pessimism
                         -2.00    7.75   output external delay
                                  7.75   data required time
-----------------------------------------------------------------------------
                                  7.75   data required time
                                -10.67   data arrival time
-----------------------------------------------------------------------------
                                 -2.92   slack (VIOLATED)



======================= Typical Corner ===================================

No paths found.


===========================================================================
 report_check_types -max_slew -max_cap -max_fanout -violators
============================================================================
======================= Fastest Corner ===================================

max fanout

Pin                                   Limit Fanout  Slack
---------------------------------------------------------
input7/X                                 10     11        (VIOLATED)


max slew violations count Fastest: 0
max fanout violations count Fastest: 1
max cap violations count Fastest: 0
======================= Slowest Corner ===================================

max slew

Pin                                    Limit    Slew   Slack
------------------------------------------------------------
_439_/A                                 0.75    0.91   -0.16 (VIOLATED)
_436_/Y                                 0.75    0.91   -0.16 (VIOLATED)
_438_/C1                                0.75    0.91   -0.16 (VIOLATED)
_365_/B                                 0.75    0.80   -0.05 (VIOLATED)
_364_/Y                                 0.75    0.80   -0.05 (VIOLATED)
_380_/B                                 0.75    0.77   -0.02 (VIOLATED)
_379_/Y                                 0.75    0.77   -0.02 (VIOLATED)
_341_/B1                                0.75    0.75   -0.00 (VIOLATED)
_329_/X                                 0.75    0.75   -0.00 (VIOLATED)
_331_/A_N                               0.75    0.75   -0.00 (VIOLATED)
_409_/A2                                0.75    0.75   -0.00 (VIOLATED)
_381_/X                                 0.75    0.75   -0.00 (VIOLATED)

max fanout

Pin                                   Limit Fanout  Slack
---------------------------------------------------------
input7/X                                 10     11        (VIOLATED)


max slew violations count Slowest: 12
max fanout violations count Slowest: 1
max cap violations count Slowest: 0
======================= Typical Corner ===================================

max fanout

Pin                                   Limit Fanout  Slack
---------------------------------------------------------
input7/X                                 10     11        (VIOLATED)


max slew violations count Typical: 0
max fanout violations count Typical: 1
max cap violations count Typical: 0

===========================================================================
report_parasitic_annotation -report_unannotated
============================================================================
Found 0 unannotated drivers.
Found 0 partially unannotated drivers.

===========================================================================
max slew violation count 12
max fanout violation count 1
max cap violation count 0
============================================================================

===========================================================================
check_setup -verbose -unconstrained_endpoints -multiple_clock -no_clock -no_input_delay -loops -generated_clocks
===========================================================================
