
===========================================================================
report_checks -path_delay min (Hold)
============================================================================
======================= Fastest Corner ===================================

Startpoint: A[6] (input port clocked by __VIRTUAL_CLK__)
Endpoint: out[6] (output port clocked by __VIRTUAL_CLK__)
Path Group: __VIRTUAL_CLK__
Path Type: min
Corner: Fastest

Fanout     Cap    Slew   Delay    Time   Description
-----------------------------------------------------------------------------
                  0.00    0.00    0.00   clock __VIRTUAL_CLK__ (rise edge)
                          0.00    0.00   clock network delay (ideal)
                          2.00    2.00 ^ input external delay
     1    0.01    0.02    0.01    2.01 ^ A[6] (in)
                                         A[6] (net)
                  0.02    0.00    2.01 ^ input7/A (sky130_fd_sc_hd__buf_6)
    11    0.12    0.18    0.15    2.17 ^ input7/X (sky130_fd_sc_hd__buf_6)
                                         net7 (net)
                  0.18    0.00    2.17 ^ _453_/A1 (sky130_fd_sc_hd__a22oi_2)
     1    0.02    0.08    0.09    2.27 v _453_/Y (sky130_fd_sc_hd__a22oi_2)
                                         net26 (net)
                  0.08    0.00    2.27 v output26/A (sky130_fd_sc_hd__buf_6)
     1    0.03    0.03    0.11    2.37 v output26/X (sky130_fd_sc_hd__buf_6)
                                         out[6] (net)
                  0.03    0.00    2.37 v out[6] (out)
                                  2.37   data arrival time

                  0.00    0.00    0.00   clock __VIRTUAL_CLK__ (rise edge)
                          0.00    0.00   clock network delay (ideal)
                          0.25    0.25   clock uncertainty
                          0.00    0.25   clock reconvergence pessimism
                         -2.00   -1.75   output external delay
                                 -1.75   data required time
-----------------------------------------------------------------------------
                                 -1.75   data required time
                                 -2.37   data arrival time
-----------------------------------------------------------------------------
                                  4.12   slack (MET)


Startpoint: A[7] (input port clocked by __VIRTUAL_CLK__)
Endpoint: out[7] (output port clocked by __VIRTUAL_CLK__)
Path Group: __VIRTUAL_CLK__
Path Type: min
Corner: Fastest

Fanout     Cap    Slew   Delay    Time   Description
-----------------------------------------------------------------------------
                  0.00    0.00    0.00   clock __VIRTUAL_CLK__ (rise edge)
                          0.00    0.00   clock network delay (ideal)
                          2.00    2.00 v input external delay
     1    0.00    0.00    0.00    2.00 v A[7] (in)
                                         A[7] (net)
                  0.00    0.00    2.00 v input8/A (sky130_fd_sc_hd__clkbuf_4)
     6    0.06    0.09    0.13    2.13 v input8/X (sky130_fd_sc_hd__clkbuf_4)
                                         net8 (net)
                  0.09    0.01    2.14 v _502_/A (sky130_fd_sc_hd__inv_2)
     1    0.03    0.09    0.10    2.24 ^ _502_/Y (sky130_fd_sc_hd__inv_2)
                                         _179_ (net)
                  0.09    0.00    2.24 ^ _503_/B2 (sky130_fd_sc_hd__o32a_4)
     1    0.02    0.05    0.09    2.33 ^ _503_/X (sky130_fd_sc_hd__o32a_4)
                                         net27 (net)
                  0.05    0.00    2.33 ^ output27/A (sky130_fd_sc_hd__buf_8)
     1    0.03    0.05    0.08    2.41 ^ output27/X (sky130_fd_sc_hd__buf_8)
                                         out[7] (net)
                  0.05    0.00    2.41 ^ out[7] (out)
                                  2.41   data arrival time

                  0.00    0.00    0.00   clock __VIRTUAL_CLK__ (rise edge)
                          0.00    0.00   clock network delay (ideal)
                          0.25    0.25   clock uncertainty
                          0.00    0.25   clock reconvergence pessimism
                         -2.00   -1.75   output external delay
                                 -1.75   data required time
-----------------------------------------------------------------------------
                                 -1.75   data required time
                                 -2.41   data arrival time
-----------------------------------------------------------------------------
                                  4.16   slack (MET)


Startpoint: A[4] (input port clocked by __VIRTUAL_CLK__)
Endpoint: out[4] (output port clocked by __VIRTUAL_CLK__)
Path Group: __VIRTUAL_CLK__
Path Type: min
Corner: Fastest

Fanout     Cap    Slew   Delay    Time   Description
-----------------------------------------------------------------------------
                  0.00    0.00    0.00   clock __VIRTUAL_CLK__ (rise edge)
                          0.00    0.00   clock network delay (ideal)
                          2.00    2.00 ^ input external delay
     1    0.01    0.02    0.01    2.01 ^ A[4] (in)
                                         A[4] (net)
                  0.02    0.00    2.01 ^ input5/A (sky130_fd_sc_hd__buf_6)
     4    0.06    0.09    0.10    2.11 ^ input5/X (sky130_fd_sc_hd__buf_6)
                                         net5 (net)
                  0.09    0.01    2.12 ^ _340_/A (sky130_fd_sc_hd__buf_8)
    10    0.09    0.12    0.13    2.25 ^ _340_/X (sky130_fd_sc_hd__buf_8)
                                         _019_ (net)
                  0.12    0.00    2.25 ^ _373_/A1_N (sky130_fd_sc_hd__o2bb2a_1)
     1    0.01    0.05    0.15    2.40 v _373_/X (sky130_fd_sc_hd__o2bb2a_1)
                                         net24 (net)
                  0.05    0.00    2.41 v output24/A (sky130_fd_sc_hd__buf_2)
     1    0.03    0.06    0.12    2.52 v output24/X (sky130_fd_sc_hd__buf_2)
                                         out[4] (net)
                  0.06    0.00    2.52 v out[4] (out)
                                  2.52   data arrival time

                  0.00    0.00    0.00   clock __VIRTUAL_CLK__ (rise edge)
                          0.00    0.00   clock network delay (ideal)
                          0.25    0.25   clock uncertainty
                          0.00    0.25   clock reconvergence pessimism
                         -2.00   -1.75   output external delay
                                 -1.75   data required time
-----------------------------------------------------------------------------
                                 -1.75   data required time
                                 -2.52   data arrival time
-----------------------------------------------------------------------------
                                  4.27   slack (MET)


Startpoint: A[5] (input port clocked by __VIRTUAL_CLK__)
Endpoint: out[5] (output port clocked by __VIRTUAL_CLK__)
Path Group: __VIRTUAL_CLK__
Path Type: min
Corner: Fastest

Fanout     Cap    Slew   Delay    Time   Description
-----------------------------------------------------------------------------
                  0.00    0.00    0.00   clock __VIRTUAL_CLK__ (rise edge)
                          0.00    0.00   clock network delay (ideal)
                          2.00    2.00 ^ input external delay
     1    0.00    0.01    0.01    2.01 ^ A[5] (in)
                                         A[5] (net)
                  0.01    0.00    2.01 ^ input6/A (sky130_fd_sc_hd__buf_2)
     3    0.06    0.21    0.18    2.18 ^ input6/X (sky130_fd_sc_hd__buf_2)
                                         net6 (net)
                  0.21    0.00    2.19 ^ _374_/A (sky130_fd_sc_hd__buf_8)
    10    0.09    0.12    0.14    2.32 ^ _374_/X (sky130_fd_sc_hd__buf_8)
                                         _052_ (net)
                  0.12    0.01    2.33 ^ _410_/A1 (sky130_fd_sc_hd__a21oi_1)
     1    0.02    0.06    0.10    2.43 v _410_/Y (sky130_fd_sc_hd__a21oi_1)
                                         net25 (net)
                  0.06    0.00    2.43 v output25/A (sky130_fd_sc_hd__buf_2)
     1    0.03    0.06    0.12    2.55 v output25/X (sky130_fd_sc_hd__buf_2)
                                         out[5] (net)
                  0.06    0.00    2.55 v out[5] (out)
                                  2.55   data arrival time

                  0.00    0.00    0.00   clock __VIRTUAL_CLK__ (rise edge)
                          0.00    0.00   clock network delay (ideal)
                          0.25    0.25   clock uncertainty
                          0.00    0.25   clock reconvergence pessimism
                         -2.00   -1.75   output external delay
                                 -1.75   data required time
-----------------------------------------------------------------------------
                                 -1.75   data required time
                                 -2.55   data arrival time
-----------------------------------------------------------------------------
                                  4.30   slack (MET)


Startpoint: A[3] (input port clocked by __VIRTUAL_CLK__)
Endpoint: out[3] (output port clocked by __VIRTUAL_CLK__)
Path Group: __VIRTUAL_CLK__
Path Type: min
Corner: Fastest

Fanout     Cap    Slew   Delay    Time   Description
-----------------------------------------------------------------------------
                  0.00    0.00    0.00   clock __VIRTUAL_CLK__ (rise edge)
                          0.00    0.00   clock network delay (ideal)
                          2.00    2.00 ^ input external delay
     1    0.00    0.02    0.01    2.01 ^ A[3] (in)
                                         A[3] (net)
                  0.02    0.00    2.01 ^ input4/A (sky130_fd_sc_hd__buf_4)
     7    0.08    0.17    0.16    2.17 ^ input4/X (sky130_fd_sc_hd__buf_4)
                                         net4 (net)
                  0.17    0.00    2.17 ^ _310_/A (sky130_fd_sc_hd__buf_12)
    10    0.08    0.08    0.11    2.28 ^ _310_/X (sky130_fd_sc_hd__buf_12)
                                         _238_ (net)
                  0.08    0.01    2.29 ^ _339_/A1_N (sky130_fd_sc_hd__o2bb2a_1)
     1    0.01    0.05    0.15    2.44 v _339_/X (sky130_fd_sc_hd__o2bb2a_1)
                                         net23 (net)
                  0.05    0.00    2.44 v output23/A (sky130_fd_sc_hd__buf_2)
     1    0.03    0.06    0.12    2.56 v output23/X (sky130_fd_sc_hd__buf_2)
                                         out[3] (net)
                  0.06    0.00    2.56 v out[3] (out)
                                  2.56   data arrival time

                  0.00    0.00    0.00   clock __VIRTUAL_CLK__ (rise edge)
                          0.00    0.00   clock network delay (ideal)
                          0.25    0.25   clock uncertainty
                          0.00    0.25   clock reconvergence pessimism
                         -2.00   -1.75   output external delay
                                 -1.75   data required time
-----------------------------------------------------------------------------
                                 -1.75   data required time
                                 -2.56   data arrival time
-----------------------------------------------------------------------------
                                  4.31   slack (MET)


Startpoint: opcode[0] (input port clocked by __VIRTUAL_CLK__)
Endpoint: out[0] (output port clocked by __VIRTUAL_CLK__)
Path Group: __VIRTUAL_CLK__
Path Type: min
Corner: Fastest

Fanout     Cap    Slew   Delay    Time   Description
-----------------------------------------------------------------------------
                  0.00    0.00    0.00   clock __VIRTUAL_CLK__ (rise edge)
                          0.00    0.00   clock network delay (ideal)
                          2.00    2.00 v input external delay
     1    0.00    0.00    0.00    2.00 v opcode[0] (in)
                                         opcode[0] (net)
                  0.00    0.00    2.00 v input17/A (sky130_fd_sc_hd__buf_2)
     5    0.06    0.10    0.13    2.13 v input17/X (sky130_fd_sc_hd__buf_2)
                                         net17 (net)
                  0.10    0.00    2.13 v _254_/A (sky130_fd_sc_hd__nand2_2)
     3    0.03    0.11    0.12    2.26 ^ _254_/Y (sky130_fd_sc_hd__nand2_2)
                                         _185_ (net)
                  0.12    0.00    2.26 ^ _261_/A2 (sky130_fd_sc_hd__a31o_1)
     1    0.01    0.05    0.10    2.36 ^ _261_/X (sky130_fd_sc_hd__a31o_1)
                                         _192_ (net)
                  0.05    0.00    2.36 ^ _262_/B2 (sky130_fd_sc_hd__a2bb2o_1)
     1    0.01    0.06    0.09    2.45 ^ _262_/X (sky130_fd_sc_hd__a2bb2o_1)
                                         net20 (net)
                  0.06    0.00    2.45 ^ output20/A (sky130_fd_sc_hd__buf_2)
     1    0.03    0.13    0.14    2.59 ^ output20/X (sky130_fd_sc_hd__buf_2)
                                         out[0] (net)
                  0.13    0.00    2.59 ^ out[0] (out)
                                  2.59   data arrival time

                  0.00    0.00    0.00   clock __VIRTUAL_CLK__ (rise edge)
                          0.00    0.00   clock network delay (ideal)
                          0.25    0.25   clock uncertainty
                          0.00    0.25   clock reconvergence pessimism
                         -2.00   -1.75   output external delay
                                 -1.75   data required time
-----------------------------------------------------------------------------
                                 -1.75   data required time
                                 -2.59   data arrival time
-----------------------------------------------------------------------------
                                  4.34   slack (MET)


Startpoint: A[2] (input port clocked by __VIRTUAL_CLK__)
Endpoint: out[2] (output port clocked by __VIRTUAL_CLK__)
Path Group: __VIRTUAL_CLK__
Path Type: min
Corner: Fastest

Fanout     Cap    Slew   Delay    Time   Description
-----------------------------------------------------------------------------
                  0.00    0.00    0.00   clock __VIRTUAL_CLK__ (rise edge)
                          0.00    0.00   clock network delay (ideal)
                          2.00    2.00 ^ input external delay
     1    0.00    0.02    0.01    2.01 ^ A[2] (in)
                                         A[2] (net)
                  0.02    0.00    2.01 ^ input3/A (sky130_fd_sc_hd__buf_4)
     8    0.08    0.16    0.15    2.16 ^ input3/X (sky130_fd_sc_hd__buf_4)
                                         net3 (net)
                  0.16    0.01    2.17 ^ _288_/A (sky130_fd_sc_hd__buf_4)
    10    0.09    0.18    0.19    2.36 ^ _288_/X (sky130_fd_sc_hd__buf_4)
                                         _217_ (net)
                  0.19    0.01    2.37 ^ _309_/A1_N (sky130_fd_sc_hd__o2bb2a_1)
     1    0.03    0.10    0.20    2.57 v _309_/X (sky130_fd_sc_hd__o2bb2a_1)
                                         net22 (net)
                  0.10    0.00    2.57 v output22/A (sky130_fd_sc_hd__buf_2)
     1    0.03    0.06    0.14    2.71 v output22/X (sky130_fd_sc_hd__buf_2)
                                         out[2] (net)
                  0.06    0.00    2.71 v out[2] (out)
                                  2.71   data arrival time

                  0.00    0.00    0.00   clock __VIRTUAL_CLK__ (rise edge)
                          0.00    0.00   clock network delay (ideal)
                          0.25    0.25   clock uncertainty
                          0.00    0.25   clock reconvergence pessimism
                         -2.00   -1.75   output external delay
                                 -1.75   data required time
-----------------------------------------------------------------------------
                                 -1.75   data required time
                                 -2.71   data arrival time
-----------------------------------------------------------------------------
                                  4.46   slack (MET)


Startpoint: A[1] (input port clocked by __VIRTUAL_CLK__)
Endpoint: out[1] (output port clocked by __VIRTUAL_CLK__)
Path Group: __VIRTUAL_CLK__
Path Type: min
Corner: Fastest

Fanout     Cap    Slew   Delay    Time   Description
-----------------------------------------------------------------------------
                  0.00    0.00    0.00   clock __VIRTUAL_CLK__ (rise edge)
                          0.00    0.00   clock network delay (ideal)
                          2.00    2.00 ^ input external delay
     1    0.00    0.02    0.01    2.01 ^ A[1] (in)
                                         A[1] (net)
                  0.02    0.00    2.01 ^ input2/A (sky130_fd_sc_hd__clkbuf_4)
    10    0.08    0.18    0.17    2.18 ^ input2/X (sky130_fd_sc_hd__clkbuf_4)
                                         net2 (net)
                  0.18    0.01    2.19 ^ _263_/A (sky130_fd_sc_hd__clkbuf_4)
    10    0.08    0.19    0.22    2.41 ^ _263_/X (sky130_fd_sc_hd__clkbuf_4)
                                         _193_ (net)
                  0.19    0.01    2.42 ^ _287_/A1_N (sky130_fd_sc_hd__o2bb2a_1)
     2    0.03    0.12    0.21    2.63 v _287_/X (sky130_fd_sc_hd__o2bb2a_1)
                                         net21 (net)
                  0.12    0.00    2.64 v output21/A (sky130_fd_sc_hd__buf_2)
     1    0.03    0.06    0.14    2.78 v output21/X (sky130_fd_sc_hd__buf_2)
                                         out[1] (net)
                  0.06    0.00    2.78 v out[1] (out)
                                  2.78   data arrival time

                  0.00    0.00    0.00   clock __VIRTUAL_CLK__ (rise edge)
                          0.00    0.00   clock network delay (ideal)
                          0.25    0.25   clock uncertainty
                          0.00    0.25   clock reconvergence pessimism
                         -2.00   -1.75   output external delay
                                 -1.75   data required time
-----------------------------------------------------------------------------
                                 -1.75   data required time
                                 -2.78   data arrival time
-----------------------------------------------------------------------------
                                  4.53   slack (MET)



worst slack corner Fastest: 4.1228
======================= Slowest Corner ===================================

Startpoint: A[6] (input port clocked by __VIRTUAL_CLK__)
Endpoint: out[6] (output port clocked by __VIRTUAL_CLK__)
Path Group: __VIRTUAL_CLK__
Path Type: min
Corner: Slowest

Fanout     Cap    Slew   Delay    Time   Description
-----------------------------------------------------------------------------
                  0.00    0.00    0.00   clock __VIRTUAL_CLK__ (rise edge)
                          0.00    0.00   clock network delay (ideal)
                          2.00    2.00 ^ input external delay
     1    0.01    0.05    0.03    2.03 ^ A[6] (in)
                                         A[6] (net)
                  0.05    0.00    2.03 ^ input7/A (sky130_fd_sc_hd__buf_6)
    11    0.12    0.37    0.37    2.40 ^ input7/X (sky130_fd_sc_hd__buf_6)
                                         net7 (net)
                  0.37    0.00    2.40 ^ _453_/A1 (sky130_fd_sc_hd__a22oi_2)
     1    0.02    0.25    0.37    2.77 v _453_/Y (sky130_fd_sc_hd__a22oi_2)
                                         net26 (net)
                  0.25    0.00    2.77 v output26/A (sky130_fd_sc_hd__buf_6)
     1    0.03    0.08    0.32    3.08 v output26/X (sky130_fd_sc_hd__buf_6)
                                         out[6] (net)
                  0.08    0.00    3.08 v out[6] (out)
                                  3.08   data arrival time

                  0.00    0.00    0.00   clock __VIRTUAL_CLK__ (rise edge)
                          0.00    0.00   clock network delay (ideal)
                          0.25    0.25   clock uncertainty
                          0.00    0.25   clock reconvergence pessimism
                         -2.00   -1.75   output external delay
                                 -1.75   data required time
-----------------------------------------------------------------------------
                                 -1.75   data required time
                                 -3.08   data arrival time
-----------------------------------------------------------------------------
                                  4.83   slack (MET)


Startpoint: A[7] (input port clocked by __VIRTUAL_CLK__)
Endpoint: out[7] (output port clocked by __VIRTUAL_CLK__)
Path Group: __VIRTUAL_CLK__
Path Type: min
Corner: Slowest

Fanout     Cap    Slew   Delay    Time   Description
-----------------------------------------------------------------------------
                  0.00    0.00    0.00   clock __VIRTUAL_CLK__ (rise edge)
                          0.00    0.00   clock network delay (ideal)
                          2.00    2.00 v input external delay
     1    0.00    0.02    0.01    2.01 v A[7] (in)
                                         A[7] (net)
                  0.02    0.00    2.01 v input8/A (sky130_fd_sc_hd__clkbuf_4)
     6    0.06    0.22    0.34    2.35 v input8/X (sky130_fd_sc_hd__clkbuf_4)
                                         net8 (net)
                  0.22    0.01    2.36 v _502_/A (sky130_fd_sc_hd__inv_2)
     1    0.03    0.19    0.24    2.59 ^ _502_/Y (sky130_fd_sc_hd__inv_2)
                                         _179_ (net)
                  0.19    0.00    2.59 ^ _503_/B2 (sky130_fd_sc_hd__o32a_4)
     1    0.02    0.11    0.36    2.96 ^ _503_/X (sky130_fd_sc_hd__o32a_4)
                                         net27 (net)
                  0.11    0.00    2.96 ^ output27/A (sky130_fd_sc_hd__buf_8)
     1    0.03    0.10    0.21    3.17 ^ output27/X (sky130_fd_sc_hd__buf_8)
                                         out[7] (net)
                  0.10    0.00    3.17 ^ out[7] (out)
                                  3.17   data arrival time

                  0.00    0.00    0.00   clock __VIRTUAL_CLK__ (rise edge)
                          0.00    0.00   clock network delay (ideal)
                          0.25    0.25   clock uncertainty
                          0.00    0.25   clock reconvergence pessimism
                         -2.00   -1.75   output external delay
                                 -1.75   data required time
-----------------------------------------------------------------------------
                                 -1.75   data required time
                                 -3.17   data arrival time
-----------------------------------------------------------------------------
                                  4.92   slack (MET)


Startpoint: A[4] (input port clocked by __VIRTUAL_CLK__)
Endpoint: out[4] (output port clocked by __VIRTUAL_CLK__)
Path Group: __VIRTUAL_CLK__
Path Type: min
Corner: Slowest

Fanout     Cap    Slew   Delay    Time   Description
-----------------------------------------------------------------------------
                  0.00    0.00    0.00   clock __VIRTUAL_CLK__ (rise edge)
                          0.00    0.00   clock network delay (ideal)
                          2.00    2.00 v input external delay
     1    0.01    0.03    0.02    2.02 v A[4] (in)
                                         A[4] (net)
                  0.03    0.00    2.02 v input5/A (sky130_fd_sc_hd__buf_6)
     4    0.06    0.11    0.24    2.25 v input5/X (sky130_fd_sc_hd__buf_6)
                                         net5 (net)
                  0.11    0.01    2.26 v _340_/A (sky130_fd_sc_hd__buf_8)
    10    0.09    0.13    0.29    2.55 v _340_/X (sky130_fd_sc_hd__buf_8)
                                         _019_ (net)
                  0.13    0.00    2.56 v _373_/A1_N (sky130_fd_sc_hd__o2bb2a_1)
     1    0.01    0.19    0.55    3.10 ^ _373_/X (sky130_fd_sc_hd__o2bb2a_1)
                                         net24 (net)
                  0.19    0.00    3.10 ^ output24/A (sky130_fd_sc_hd__buf_2)
     1    0.03    0.27    0.38    3.48 ^ output24/X (sky130_fd_sc_hd__buf_2)
                                         out[4] (net)
                  0.27    0.00    3.48 ^ out[4] (out)
                                  3.48   data arrival time

                  0.00    0.00    0.00   clock __VIRTUAL_CLK__ (rise edge)
                          0.00    0.00   clock network delay (ideal)
                          0.25    0.25   clock uncertainty
                          0.00    0.25   clock reconvergence pessimism
                         -2.00   -1.75   output external delay
                                 -1.75   data required time
-----------------------------------------------------------------------------
                                 -1.75   data required time
                                 -3.48   data arrival time
-----------------------------------------------------------------------------
                                  5.23   slack (MET)


Startpoint: A[5] (input port clocked by __VIRTUAL_CLK__)
Endpoint: out[5] (output port clocked by __VIRTUAL_CLK__)
Path Group: __VIRTUAL_CLK__
Path Type: min
Corner: Slowest

Fanout     Cap    Slew   Delay    Time   Description
-----------------------------------------------------------------------------
                  0.00    0.00    0.00   clock __VIRTUAL_CLK__ (rise edge)
                          0.00    0.00   clock network delay (ideal)
                          2.00    2.00 ^ input external delay
     1    0.00    0.03    0.01    2.01 ^ A[5] (in)
                                         A[5] (net)
                  0.03    0.00    2.01 ^ input6/A (sky130_fd_sc_hd__buf_2)
     3    0.06    0.44    0.42    2.44 ^ input6/X (sky130_fd_sc_hd__buf_2)
                                         net6 (net)
                  0.44    0.00    2.44 ^ _374_/A (sky130_fd_sc_hd__buf_8)
    10    0.09    0.24    0.42    2.86 ^ _374_/X (sky130_fd_sc_hd__buf_8)
                                         _052_ (net)
                  0.24    0.01    2.87 ^ _410_/A1 (sky130_fd_sc_hd__a21oi_1)
     1    0.02    0.17    0.35    3.21 v _410_/Y (sky130_fd_sc_hd__a21oi_1)
                                         net25 (net)
                  0.17    0.00    3.22 v output25/A (sky130_fd_sc_hd__buf_2)
     1    0.03    0.17    0.37    3.59 v output25/X (sky130_fd_sc_hd__buf_2)
                                         out[5] (net)
                  0.17    0.00    3.59 v out[5] (out)
                                  3.59   data arrival time

                  0.00    0.00    0.00   clock __VIRTUAL_CLK__ (rise edge)
                          0.00    0.00   clock network delay (ideal)
                          0.25    0.25   clock uncertainty
                          0.00    0.25   clock reconvergence pessimism
                         -2.00   -1.75   output external delay
                                 -1.75   data required time
-----------------------------------------------------------------------------
                                 -1.75   data required time
                                 -3.59   data arrival time
-----------------------------------------------------------------------------
                                  5.34   slack (MET)


Startpoint: A[3] (input port clocked by __VIRTUAL_CLK__)
Endpoint: out[3] (output port clocked by __VIRTUAL_CLK__)
Path Group: __VIRTUAL_CLK__
Path Type: min
Corner: Slowest

Fanout     Cap    Slew   Delay    Time   Description
-----------------------------------------------------------------------------
                  0.00    0.00    0.00   clock __VIRTUAL_CLK__ (rise edge)
                          0.00    0.00   clock network delay (ideal)
                          2.00    2.00 v input external delay
     1    0.00    0.02    0.01    2.01 v A[3] (in)
                                         A[3] (net)
                  0.02    0.00    2.01 v input4/A (sky130_fd_sc_hd__buf_4)
     7    0.08    0.19    0.34    2.35 v input4/X (sky130_fd_sc_hd__buf_4)
                                         net4 (net)
                  0.19    0.00    2.35 v _310_/A (sky130_fd_sc_hd__buf_12)
    10    0.08    0.09    0.31    2.67 v _310_/X (sky130_fd_sc_hd__buf_12)
                                         _238_ (net)
                  0.09    0.01    2.67 v _339_/A1_N (sky130_fd_sc_hd__o2bb2a_1)
     1    0.01    0.19    0.54    3.21 ^ _339_/X (sky130_fd_sc_hd__o2bb2a_1)
                                         net23 (net)
                  0.19    0.00    3.21 ^ output23/A (sky130_fd_sc_hd__buf_2)
     1    0.03    0.27    0.38    3.59 ^ output23/X (sky130_fd_sc_hd__buf_2)
                                         out[3] (net)
                  0.27    0.00    3.59 ^ out[3] (out)
                                  3.59   data arrival time

                  0.00    0.00    0.00   clock __VIRTUAL_CLK__ (rise edge)
                          0.00    0.00   clock network delay (ideal)
                          0.25    0.25   clock uncertainty
                          0.00    0.25   clock reconvergence pessimism
                         -2.00   -1.75   output external delay
                                 -1.75   data required time
-----------------------------------------------------------------------------
                                 -1.75   data required time
                                 -3.59   data arrival time
-----------------------------------------------------------------------------
                                  5.34   slack (MET)


Startpoint: opcode[0] (input port clocked by __VIRTUAL_CLK__)
Endpoint: out[0] (output port clocked by __VIRTUAL_CLK__)
Path Group: __VIRTUAL_CLK__
Path Type: min
Corner: Slowest

Fanout     Cap    Slew   Delay    Time   Description
-----------------------------------------------------------------------------
                  0.00    0.00    0.00   clock __VIRTUAL_CLK__ (rise edge)
                          0.00    0.00   clock network delay (ideal)
                          2.00    2.00 v input external delay
     1    0.00    0.02    0.01    2.01 v opcode[0] (in)
                                         opcode[0] (net)
                  0.02    0.00    2.01 v input17/A (sky130_fd_sc_hd__buf_2)
     5    0.06    0.27    0.38    2.39 v input17/X (sky130_fd_sc_hd__buf_2)
                                         net17 (net)
                  0.27    0.00    2.39 v _254_/A (sky130_fd_sc_hd__nand2_2)
     3    0.03    0.24    0.30    2.69 ^ _254_/Y (sky130_fd_sc_hd__nand2_2)
                                         _185_ (net)
                  0.24    0.00    2.69 ^ _261_/A2 (sky130_fd_sc_hd__a31o_1)
     1    0.01    0.11    0.36    3.05 ^ _261_/X (sky130_fd_sc_hd__a31o_1)
                                         _192_ (net)
                  0.11    0.00    3.05 ^ _262_/B2 (sky130_fd_sc_hd__a2bb2o_1)
     1    0.01    0.12    0.27    3.32 ^ _262_/X (sky130_fd_sc_hd__a2bb2o_1)
                                         net20 (net)
                  0.12    0.00    3.32 ^ output20/A (sky130_fd_sc_hd__buf_2)
     1    0.03    0.28    0.35    3.67 ^ output20/X (sky130_fd_sc_hd__buf_2)
                                         out[0] (net)
                  0.28    0.00    3.67 ^ out[0] (out)
                                  3.67   data arrival time

                  0.00    0.00    0.00   clock __VIRTUAL_CLK__ (rise edge)
                          0.00    0.00   clock network delay (ideal)
                          0.25    0.25   clock uncertainty
                          0.00    0.25   clock reconvergence pessimism
                         -2.00   -1.75   output external delay
                                 -1.75   data required time
-----------------------------------------------------------------------------
                                 -1.75   data required time
                                 -3.67   data arrival time
-----------------------------------------------------------------------------
                                  5.42   slack (MET)


Startpoint: A[2] (input port clocked by __VIRTUAL_CLK__)
Endpoint: out[2] (output port clocked by __VIRTUAL_CLK__)
Path Group: __VIRTUAL_CLK__
Path Type: min
Corner: Slowest

Fanout     Cap    Slew   Delay    Time   Description
-----------------------------------------------------------------------------
                  0.00    0.00    0.00   clock __VIRTUAL_CLK__ (rise edge)
                          0.00    0.00   clock network delay (ideal)
                          2.00    2.00 v input external delay
     1    0.00    0.02    0.01    2.01 v A[2] (in)
                                         A[2] (net)
                  0.02    0.00    2.01 v input3/A (sky130_fd_sc_hd__buf_4)
     8    0.07    0.18    0.33    2.34 v input3/X (sky130_fd_sc_hd__buf_4)
                                         net3 (net)
                  0.18    0.01    2.35 v _288_/A (sky130_fd_sc_hd__buf_4)
    10    0.09    0.21    0.42    2.76 v _288_/X (sky130_fd_sc_hd__buf_4)
                                         _217_ (net)
                  0.21    0.01    2.77 v _309_/A1_N (sky130_fd_sc_hd__o2bb2a_1)
     1    0.03    0.44    0.76    3.54 ^ _309_/X (sky130_fd_sc_hd__o2bb2a_1)
                                         net22 (net)
                  0.44    0.00    3.54 ^ output22/A (sky130_fd_sc_hd__buf_2)
     1    0.03    0.28    0.48    4.02 ^ output22/X (sky130_fd_sc_hd__buf_2)
                                         out[2] (net)
                  0.28    0.00    4.02 ^ out[2] (out)
                                  4.02   data arrival time

                  0.00    0.00    0.00   clock __VIRTUAL_CLK__ (rise edge)
                          0.00    0.00   clock network delay (ideal)
                          0.25    0.25   clock uncertainty
                          0.00    0.25   clock reconvergence pessimism
                         -2.00   -1.75   output external delay
                                 -1.75   data required time
-----------------------------------------------------------------------------
                                 -1.75   data required time
                                 -4.02   data arrival time
-----------------------------------------------------------------------------
                                  5.77   slack (MET)


Startpoint: A[1] (input port clocked by __VIRTUAL_CLK__)
Endpoint: out[1] (output port clocked by __VIRTUAL_CLK__)
Path Group: __VIRTUAL_CLK__
Path Type: min
Corner: Slowest

Fanout     Cap    Slew   Delay    Time   Description
-----------------------------------------------------------------------------
                  0.00    0.00    0.00   clock __VIRTUAL_CLK__ (rise edge)
                          0.00    0.00   clock network delay (ideal)
                          2.00    2.00 ^ input external delay
     1    0.00    0.04    0.02    2.02 ^ A[1] (in)
                                         A[1] (net)
                  0.04    0.00    2.02 ^ input2/A (sky130_fd_sc_hd__clkbuf_4)
    10    0.08    0.37    0.43    2.44 ^ input2/X (sky130_fd_sc_hd__clkbuf_4)
                                         net2 (net)
                  0.37    0.01    2.45 ^ _263_/A (sky130_fd_sc_hd__clkbuf_4)
    10    0.08    0.39    0.59    3.04 ^ _263_/X (sky130_fd_sc_hd__clkbuf_4)
                                         _193_ (net)
                  0.39    0.01    3.05 ^ _287_/A1_N (sky130_fd_sc_hd__o2bb2a_1)
     2    0.03    0.34    0.76    3.81 v _287_/X (sky130_fd_sc_hd__o2bb2a_1)
                                         net21 (net)
                  0.34    0.00    3.81 v output21/A (sky130_fd_sc_hd__buf_2)
     1    0.03    0.17    0.45    4.26 v output21/X (sky130_fd_sc_hd__buf_2)
                                         out[1] (net)
                  0.17    0.00    4.26 v out[1] (out)
                                  4.26   data arrival time

                  0.00    0.00    0.00   clock __VIRTUAL_CLK__ (rise edge)
                          0.00    0.00   clock network delay (ideal)
                          0.25    0.25   clock uncertainty
                          0.00    0.25   clock reconvergence pessimism
                         -2.00   -1.75   output external delay
                                 -1.75   data required time
-----------------------------------------------------------------------------
                                 -1.75   data required time
                                 -4.26   data arrival time
-----------------------------------------------------------------------------
                                  6.01   slack (MET)



worst slack corner Slowest: 4.8336
======================= Typical Corner ===================================

Startpoint: A[6] (input port clocked by __VIRTUAL_CLK__)
Endpoint: out[6] (output port clocked by __VIRTUAL_CLK__)
Path Group: __VIRTUAL_CLK__
Path Type: min
Corner: Typical

Fanout     Cap    Slew   Delay    Time   Description
-----------------------------------------------------------------------------
                  0.00    0.00    0.00   clock __VIRTUAL_CLK__ (rise edge)
                          0.00    0.00   clock network delay (ideal)
                          2.00    2.00 ^ input external delay
     1    0.01    0.03    0.02    2.02 ^ A[6] (in)
                                         A[6] (net)
                  0.03    0.00    2.02 ^ input7/A (sky130_fd_sc_hd__buf_6)
    11    0.12    0.23    0.22    2.23 ^ input7/X (sky130_fd_sc_hd__buf_6)
                                         net7 (net)
                  0.23    0.00    2.24 ^ _453_/A1 (sky130_fd_sc_hd__a22oi_2)
     1    0.02    0.12    0.18    2.41 v _453_/Y (sky130_fd_sc_hd__a22oi_2)
                                         net26 (net)
                  0.12    0.00    2.42 v output26/A (sky130_fd_sc_hd__buf_6)
     1    0.03    0.04    0.16    2.58 v output26/X (sky130_fd_sc_hd__buf_6)
                                         out[6] (net)
                  0.04    0.00    2.58 v out[6] (out)
                                  2.58   data arrival time

                  0.00    0.00    0.00   clock __VIRTUAL_CLK__ (rise edge)
                          0.00    0.00   clock network delay (ideal)
                          0.25    0.25   clock uncertainty
                          0.00    0.25   clock reconvergence pessimism
                         -2.00   -1.75   output external delay
                                 -1.75   data required time
-----------------------------------------------------------------------------
                                 -1.75   data required time
                                 -2.58   data arrival time
-----------------------------------------------------------------------------
                                  4.33   slack (MET)


Startpoint: A[7] (input port clocked by __VIRTUAL_CLK__)
Endpoint: out[7] (output port clocked by __VIRTUAL_CLK__)
Path Group: __VIRTUAL_CLK__
Path Type: min
Corner: Typical

Fanout     Cap    Slew   Delay    Time   Description
-----------------------------------------------------------------------------
                  0.00    0.00    0.00   clock __VIRTUAL_CLK__ (rise edge)
                          0.00    0.00   clock network delay (ideal)
                          2.00    2.00 v input external delay
     1    0.00    0.01    0.00    2.00 v A[7] (in)
                                         A[7] (net)
                  0.01    0.00    2.00 v input8/A (sky130_fd_sc_hd__clkbuf_4)
     6    0.06    0.12    0.19    2.19 v input8/X (sky130_fd_sc_hd__clkbuf_4)
                                         net8 (net)
                  0.12    0.01    2.20 v _502_/A (sky130_fd_sc_hd__inv_2)
     1    0.03    0.12    0.14    2.34 ^ _502_/Y (sky130_fd_sc_hd__inv_2)
                                         _179_ (net)
                  0.12    0.00    2.34 ^ _503_/B2 (sky130_fd_sc_hd__o32a_4)
     1    0.02    0.07    0.19    2.53 ^ _503_/X (sky130_fd_sc_hd__o32a_4)
                                         net27 (net)
                  0.07    0.00    2.53 ^ output27/A (sky130_fd_sc_hd__buf_8)
     1    0.03    0.07    0.12    2.65 ^ output27/X (sky130_fd_sc_hd__buf_8)
                                         out[7] (net)
                  0.07    0.00    2.65 ^ out[7] (out)
                                  2.65   data arrival time

                  0.00    0.00    0.00   clock __VIRTUAL_CLK__ (rise edge)
                          0.00    0.00   clock network delay (ideal)
                          0.25    0.25   clock uncertainty
                          0.00    0.25   clock reconvergence pessimism
                         -2.00   -1.75   output external delay
                                 -1.75   data required time
-----------------------------------------------------------------------------
                                 -1.75   data required time
                                 -2.65   data arrival time
-----------------------------------------------------------------------------
                                  4.40   slack (MET)


Startpoint: A[4] (input port clocked by __VIRTUAL_CLK__)
Endpoint: out[4] (output port clocked by __VIRTUAL_CLK__)
Path Group: __VIRTUAL_CLK__
Path Type: min
Corner: Typical

Fanout     Cap    Slew   Delay    Time   Description
-----------------------------------------------------------------------------
                  0.00    0.00    0.00   clock __VIRTUAL_CLK__ (rise edge)
                          0.00    0.00   clock network delay (ideal)
                          2.00    2.00 ^ input external delay
     1    0.01    0.03    0.02    2.02 ^ A[4] (in)
                                         A[4] (net)
                  0.03    0.00    2.02 ^ input5/A (sky130_fd_sc_hd__buf_6)
     4    0.06    0.12    0.14    2.16 ^ input5/X (sky130_fd_sc_hd__buf_6)
                                         net5 (net)
                  0.12    0.01    2.17 ^ _340_/A (sky130_fd_sc_hd__buf_8)
    10    0.09    0.16    0.19    2.36 ^ _340_/X (sky130_fd_sc_hd__buf_8)
                                         _019_ (net)
                  0.16    0.00    2.36 ^ _373_/A1_N (sky130_fd_sc_hd__o2bb2a_1)
     1    0.01    0.07    0.26    2.62 v _373_/X (sky130_fd_sc_hd__o2bb2a_1)
                                         net24 (net)
                  0.07    0.00    2.62 v output24/A (sky130_fd_sc_hd__buf_2)
     1    0.03    0.09    0.18    2.80 v output24/X (sky130_fd_sc_hd__buf_2)
                                         out[4] (net)
                  0.09    0.00    2.80 v out[4] (out)
                                  2.80   data arrival time

                  0.00    0.00    0.00   clock __VIRTUAL_CLK__ (rise edge)
                          0.00    0.00   clock network delay (ideal)
                          0.25    0.25   clock uncertainty
                          0.00    0.25   clock reconvergence pessimism
                         -2.00   -1.75   output external delay
                                 -1.75   data required time
-----------------------------------------------------------------------------
                                 -1.75   data required time
                                 -2.80   data arrival time
-----------------------------------------------------------------------------
                                  4.55   slack (MET)


Startpoint: A[5] (input port clocked by __VIRTUAL_CLK__)
Endpoint: out[5] (output port clocked by __VIRTUAL_CLK__)
Path Group: __VIRTUAL_CLK__
Path Type: min
Corner: Typical

Fanout     Cap    Slew   Delay    Time   Description
-----------------------------------------------------------------------------
                  0.00    0.00    0.00   clock __VIRTUAL_CLK__ (rise edge)
                          0.00    0.00   clock network delay (ideal)
                          2.00    2.00 ^ input external delay
     1    0.00    0.02    0.01    2.01 ^ A[5] (in)
                                         A[5] (net)
                  0.02    0.00    2.01 ^ input6/A (sky130_fd_sc_hd__buf_2)
     3    0.06    0.28    0.25    2.26 ^ input6/X (sky130_fd_sc_hd__buf_2)
                                         net6 (net)
                  0.28    0.00    2.26 ^ _374_/A (sky130_fd_sc_hd__buf_8)
    10    0.09    0.15    0.22    2.48 ^ _374_/X (sky130_fd_sc_hd__buf_8)
                                         _052_ (net)
                  0.15    0.01    2.49 ^ _410_/A1 (sky130_fd_sc_hd__a21oi_1)
     1    0.02    0.09    0.16    2.65 v _410_/Y (sky130_fd_sc_hd__a21oi_1)
                                         net25 (net)
                  0.09    0.00    2.65 v output25/A (sky130_fd_sc_hd__buf_2)
     1    0.03    0.09    0.19    2.84 v output25/X (sky130_fd_sc_hd__buf_2)
                                         out[5] (net)
                  0.09    0.00    2.84 v out[5] (out)
                                  2.84   data arrival time

                  0.00    0.00    0.00   clock __VIRTUAL_CLK__ (rise edge)
                          0.00    0.00   clock network delay (ideal)
                          0.25    0.25   clock uncertainty
                          0.00    0.25   clock reconvergence pessimism
                         -2.00   -1.75   output external delay
                                 -1.75   data required time
-----------------------------------------------------------------------------
                                 -1.75   data required time
                                 -2.84   data arrival time
-----------------------------------------------------------------------------
                                  4.59   slack (MET)


Startpoint: A[3] (input port clocked by __VIRTUAL_CLK__)
Endpoint: out[3] (output port clocked by __VIRTUAL_CLK__)
Path Group: __VIRTUAL_CLK__
Path Type: min
Corner: Typical

Fanout     Cap    Slew   Delay    Time   Description
-----------------------------------------------------------------------------
                  0.00    0.00    0.00   clock __VIRTUAL_CLK__ (rise edge)
                          0.00    0.00   clock network delay (ideal)
                          2.00    2.00 ^ input external delay
     1    0.00    0.02    0.01    2.01 ^ A[3] (in)
                                         A[3] (net)
                  0.02    0.00    2.01 ^ input4/A (sky130_fd_sc_hd__buf_4)
     7    0.08    0.23    0.22    2.23 ^ input4/X (sky130_fd_sc_hd__buf_4)
                                         net4 (net)
                  0.23    0.00    2.24 ^ _310_/A (sky130_fd_sc_hd__buf_12)
    10    0.08    0.10    0.18    2.42 ^ _310_/X (sky130_fd_sc_hd__buf_12)
                                         _238_ (net)
                  0.10    0.01    2.43 ^ _339_/A1_N (sky130_fd_sc_hd__o2bb2a_1)
     1    0.01    0.08    0.25    2.68 v _339_/X (sky130_fd_sc_hd__o2bb2a_1)
                                         net23 (net)
                  0.08    0.00    2.68 v output23/A (sky130_fd_sc_hd__buf_2)
     1    0.03    0.09    0.19    2.86 v output23/X (sky130_fd_sc_hd__buf_2)
                                         out[3] (net)
                  0.09    0.00    2.87 v out[3] (out)
                                  2.87   data arrival time

                  0.00    0.00    0.00   clock __VIRTUAL_CLK__ (rise edge)
                          0.00    0.00   clock network delay (ideal)
                          0.25    0.25   clock uncertainty
                          0.00    0.25   clock reconvergence pessimism
                         -2.00   -1.75   output external delay
                                 -1.75   data required time
-----------------------------------------------------------------------------
                                 -1.75   data required time
                                 -2.87   data arrival time
-----------------------------------------------------------------------------
                                  4.62   slack (MET)


Startpoint: opcode[0] (input port clocked by __VIRTUAL_CLK__)
Endpoint: out[0] (output port clocked by __VIRTUAL_CLK__)
Path Group: __VIRTUAL_CLK__
Path Type: min
Corner: Typical

Fanout     Cap    Slew   Delay    Time   Description
-----------------------------------------------------------------------------
                  0.00    0.00    0.00   clock __VIRTUAL_CLK__ (rise edge)
                          0.00    0.00   clock network delay (ideal)
                          2.00    2.00 v input external delay
     1    0.00    0.01    0.00    2.00 v opcode[0] (in)
                                         opcode[0] (net)
                  0.01    0.00    2.00 v input17/A (sky130_fd_sc_hd__buf_2)
     5    0.06    0.14    0.19    2.20 v input17/X (sky130_fd_sc_hd__buf_2)
                                         net17 (net)
                  0.14    0.00    2.20 v _254_/A (sky130_fd_sc_hd__nand2_2)
     3    0.03    0.15    0.17    2.37 ^ _254_/Y (sky130_fd_sc_hd__nand2_2)
                                         _185_ (net)
                  0.15    0.00    2.37 ^ _261_/A2 (sky130_fd_sc_hd__a31o_1)
     1    0.01    0.06    0.17    2.54 ^ _261_/X (sky130_fd_sc_hd__a31o_1)
                                         _192_ (net)
                  0.06    0.00    2.54 ^ _262_/B2 (sky130_fd_sc_hd__a2bb2o_1)
     1    0.01    0.08    0.14    2.68 ^ _262_/X (sky130_fd_sc_hd__a2bb2o_1)
                                         net20 (net)
                  0.08    0.00    2.68 ^ output20/A (sky130_fd_sc_hd__buf_2)
     1    0.03    0.17    0.20    2.88 ^ output20/X (sky130_fd_sc_hd__buf_2)
                                         out[0] (net)
                  0.17    0.00    2.88 ^ out[0] (out)
                                  2.88   data arrival time

                  0.00    0.00    0.00   clock __VIRTUAL_CLK__ (rise edge)
                          0.00    0.00   clock network delay (ideal)
                          0.25    0.25   clock uncertainty
                          0.00    0.25   clock reconvergence pessimism
                         -2.00   -1.75   output external delay
                                 -1.75   data required time
-----------------------------------------------------------------------------
                                 -1.75   data required time
                                 -2.88   data arrival time
-----------------------------------------------------------------------------
                                  4.63   slack (MET)


Startpoint: A[2] (input port clocked by __VIRTUAL_CLK__)
Endpoint: out[2] (output port clocked by __VIRTUAL_CLK__)
Path Group: __VIRTUAL_CLK__
Path Type: min
Corner: Typical

Fanout     Cap    Slew   Delay    Time   Description
-----------------------------------------------------------------------------
                  0.00    0.00    0.00   clock __VIRTUAL_CLK__ (rise edge)
                          0.00    0.00   clock network delay (ideal)
                          2.00    2.00 ^ input external delay
     1    0.00    0.02    0.01    2.01 ^ A[2] (in)
                                         A[2] (net)
                  0.02    0.00    2.01 ^ input3/A (sky130_fd_sc_hd__buf_4)
     8    0.08    0.21    0.21    2.22 ^ input3/X (sky130_fd_sc_hd__buf_4)
                                         net3 (net)
                  0.21    0.01    2.23 ^ _288_/A (sky130_fd_sc_hd__buf_4)
    10    0.09    0.24    0.29    2.52 ^ _288_/X (sky130_fd_sc_hd__buf_4)
                                         _217_ (net)
                  0.24    0.01    2.53 ^ _309_/A1_N (sky130_fd_sc_hd__o2bb2a_1)
     1    0.03    0.15    0.34    2.87 v _309_/X (sky130_fd_sc_hd__o2bb2a_1)
                                         net22 (net)
                  0.15    0.00    2.87 v output22/A (sky130_fd_sc_hd__buf_2)
     1    0.03    0.09    0.22    3.09 v output22/X (sky130_fd_sc_hd__buf_2)
                                         out[2] (net)
                  0.09    0.00    3.09 v out[2] (out)
                                  3.09   data arrival time

                  0.00    0.00    0.00   clock __VIRTUAL_CLK__ (rise edge)
                          0.00    0.00   clock network delay (ideal)
                          0.25    0.25   clock uncertainty
                          0.00    0.25   clock reconvergence pessimism
                         -2.00   -1.75   output external delay
                                 -1.75   data required time
-----------------------------------------------------------------------------
                                 -1.75   data required time
                                 -3.09   data arrival time
-----------------------------------------------------------------------------
                                  4.84   slack (MET)


Startpoint: A[1] (input port clocked by __VIRTUAL_CLK__)
Endpoint: out[1] (output port clocked by __VIRTUAL_CLK__)
Path Group: __VIRTUAL_CLK__
Path Type: min
Corner: Typical

Fanout     Cap    Slew   Delay    Time   Description
-----------------------------------------------------------------------------
                  0.00    0.00    0.00   clock __VIRTUAL_CLK__ (rise edge)
                          0.00    0.00   clock network delay (ideal)
                          2.00    2.00 ^ input external delay
     1    0.00    0.02    0.01    2.01 ^ A[1] (in)
                                         A[1] (net)
                  0.02    0.00    2.01 ^ input2/A (sky130_fd_sc_hd__clkbuf_4)
    10    0.08    0.23    0.25    2.26 ^ input2/X (sky130_fd_sc_hd__clkbuf_4)
                                         net2 (net)
                  0.24    0.01    2.27 ^ _263_/A (sky130_fd_sc_hd__clkbuf_4)
    10    0.08    0.25    0.33    2.60 ^ _263_/X (sky130_fd_sc_hd__clkbuf_4)
                                         _193_ (net)
                  0.25    0.01    2.61 ^ _287_/A1_N (sky130_fd_sc_hd__o2bb2a_1)
     2    0.03    0.17    0.36    2.97 v _287_/X (sky130_fd_sc_hd__o2bb2a_1)
                                         net21 (net)
                  0.17    0.00    2.97 v output21/A (sky130_fd_sc_hd__buf_2)
     1    0.03    0.09    0.23    3.19 v output21/X (sky130_fd_sc_hd__buf_2)
                                         out[1] (net)
                  0.09    0.00    3.19 v out[1] (out)
                                  3.19   data arrival time

                  0.00    0.00    0.00   clock __VIRTUAL_CLK__ (rise edge)
                          0.00    0.00   clock network delay (ideal)
                          0.25    0.25   clock uncertainty
                          0.00    0.25   clock reconvergence pessimism
                         -2.00   -1.75   output external delay
                                 -1.75   data required time
-----------------------------------------------------------------------------
                                 -1.75   data required time
                                 -3.19   data arrival time
-----------------------------------------------------------------------------
                                  4.94   slack (MET)



worst slack corner Typical: 4.3286
