
===========================================================================
report_checks -path_delay min (Hold)
============================================================================
======================= Fastest Corner ===================================

Startpoint: in1[7] (input port clocked by __VIRTUAL_CLK__)
Endpoint: out1[7] (output port clocked by __VIRTUAL_CLK__)
Path Group: __VIRTUAL_CLK__
Path Type: min
Corner: Fastest

Fanout     Cap    Slew   Delay    Time   Description
-----------------------------------------------------------------------------
                  0.00    0.00    0.00   clock __VIRTUAL_CLK__ (rise edge)
                          0.00    0.00   clock network delay (ideal)
                          2.00    2.00 ^ input external delay
     1    0.00    0.02    0.01    2.01 ^ in1[7] (in)
                                         in1[7] (net)
                  0.02    0.00    2.01 ^ input8/A (sky130_fd_sc_hd__buf_1)
     1    0.01    0.08    0.08    2.09 ^ input8/X (sky130_fd_sc_hd__buf_1)
                                         net8 (net)
                  0.08    0.00    2.09 ^ _24_/A (sky130_fd_sc_hd__xor2_1)
     1    0.01    0.04    0.05    2.14 v _24_/X (sky130_fd_sc_hd__xor2_1)
                                         net16 (net)
                  0.04    0.00    2.14 v output16/A (sky130_fd_sc_hd__clkbuf_4)
     1    0.03    0.06    0.12    2.26 v output16/X (sky130_fd_sc_hd__clkbuf_4)
                                         out1[7] (net)
                  0.06    0.00    2.26 v out1[7] (out)
                                  2.26   data arrival time

                  0.00    0.00    0.00   clock __VIRTUAL_CLK__ (rise edge)
                          0.00    0.00   clock network delay (ideal)
                          0.25    0.25   clock uncertainty
                          0.00    0.25   clock reconvergence pessimism
                         -2.00   -1.75   output external delay
                                 -1.75   data required time
-----------------------------------------------------------------------------
                                 -1.75   data required time
                                 -2.26   data arrival time
-----------------------------------------------------------------------------
                                  4.01   slack (MET)


Startpoint: in1[0] (input port clocked by __VIRTUAL_CLK__)
Endpoint: out1[0] (output port clocked by __VIRTUAL_CLK__)
Path Group: __VIRTUAL_CLK__
Path Type: min
Corner: Fastest

Fanout     Cap    Slew   Delay    Time   Description
-----------------------------------------------------------------------------
                  0.00    0.00    0.00   clock __VIRTUAL_CLK__ (rise edge)
                          0.00    0.00   clock network delay (ideal)
                          2.00    2.00 v input external delay
     1    0.00    0.01    0.00    2.00 v in1[0] (in)
                                         in1[0] (net)
                  0.01    0.00    2.00 v input1/A (sky130_fd_sc_hd__buf_1)
     5    0.02    0.07    0.09    2.09 v input1/X (sky130_fd_sc_hd__buf_1)
                                         net1 (net)
                  0.07    0.00    2.09 v _27_/A (sky130_fd_sc_hd__clkbuf_1)
     1    0.00    0.02    0.07    2.16 v _27_/X (sky130_fd_sc_hd__clkbuf_1)
                                         net9 (net)
                  0.02    0.00    2.16 v output9/A (sky130_fd_sc_hd__buf_2)
     1    0.03    0.06    0.11    2.27 v output9/X (sky130_fd_sc_hd__buf_2)
                                         out1[0] (net)
                  0.06    0.00    2.27 v out1[0] (out)
                                  2.27   data arrival time

                  0.00    0.00    0.00   clock __VIRTUAL_CLK__ (rise edge)
                          0.00    0.00   clock network delay (ideal)
                          0.25    0.25   clock uncertainty
                          0.00    0.25   clock reconvergence pessimism
                         -2.00   -1.75   output external delay
                                 -1.75   data required time
-----------------------------------------------------------------------------
                                 -1.75   data required time
                                 -2.27   data arrival time
-----------------------------------------------------------------------------
                                  4.02   slack (MET)


Startpoint: in1[2] (input port clocked by __VIRTUAL_CLK__)
Endpoint: out1[2] (output port clocked by __VIRTUAL_CLK__)
Path Group: __VIRTUAL_CLK__
Path Type: min
Corner: Fastest

Fanout     Cap    Slew   Delay    Time   Description
-----------------------------------------------------------------------------
                  0.00    0.00    0.00   clock __VIRTUAL_CLK__ (rise edge)
                          0.00    0.00   clock network delay (ideal)
                          2.00    2.00 v input external delay
     1    0.00    0.00    0.00    2.00 v in1[2] (in)
                                         in1[2] (net)
                  0.00    0.00    2.00 v input3/A (sky130_fd_sc_hd__buf_1)
     3    0.01    0.05    0.07    2.07 v input3/X (sky130_fd_sc_hd__buf_1)
                                         net3 (net)
                  0.05    0.00    2.07 v _11_/A (sky130_fd_sc_hd__xnor2_1)
     1    0.01    0.03    0.09    2.17 v _11_/Y (sky130_fd_sc_hd__xnor2_1)
                                         net11 (net)
                  0.03    0.00    2.17 v output11/A (sky130_fd_sc_hd__buf_2)
     1    0.03    0.06    0.11    2.28 v output11/X (sky130_fd_sc_hd__buf_2)
                                         out1[2] (net)
                  0.06    0.00    2.28 v out1[2] (out)
                                  2.28   data arrival time

                  0.00    0.00    0.00   clock __VIRTUAL_CLK__ (rise edge)
                          0.00    0.00   clock network delay (ideal)
                          0.25    0.25   clock uncertainty
                          0.00    0.25   clock reconvergence pessimism
                         -2.00   -1.75   output external delay
                                 -1.75   data required time
-----------------------------------------------------------------------------
                                 -1.75   data required time
                                 -2.28   data arrival time
-----------------------------------------------------------------------------
                                  4.03   slack (MET)


Startpoint: in1[5] (input port clocked by __VIRTUAL_CLK__)
Endpoint: out1[5] (output port clocked by __VIRTUAL_CLK__)
Path Group: __VIRTUAL_CLK__
Path Type: min
Corner: Fastest

Fanout     Cap    Slew   Delay    Time   Description
-----------------------------------------------------------------------------
                  0.00    0.00    0.00   clock __VIRTUAL_CLK__ (rise edge)
                          0.00    0.00   clock network delay (ideal)
                          2.00    2.00 v input external delay
     1    0.00    0.00    0.00    2.00 v in1[5] (in)
                                         in1[5] (net)
                  0.00    0.00    2.00 v input6/A (sky130_fd_sc_hd__buf_1)
     3    0.01    0.06    0.08    2.08 v input6/X (sky130_fd_sc_hd__buf_1)
                                         net6 (net)
                  0.06    0.00    2.08 v _19_/A (sky130_fd_sc_hd__xnor2_1)
     1    0.00    0.03    0.09    2.17 v _19_/Y (sky130_fd_sc_hd__xnor2_1)
                                         net14 (net)
                  0.03    0.00    2.17 v output14/A (sky130_fd_sc_hd__buf_2)
     1    0.03    0.06    0.11    2.28 v output14/X (sky130_fd_sc_hd__buf_2)
                                         out1[5] (net)
                  0.06    0.00    2.28 v out1[5] (out)
                                  2.28   data arrival time

                  0.00    0.00    0.00   clock __VIRTUAL_CLK__ (rise edge)
                          0.00    0.00   clock network delay (ideal)
                          0.25    0.25   clock uncertainty
                          0.00    0.25   clock reconvergence pessimism
                         -2.00   -1.75   output external delay
                                 -1.75   data required time
-----------------------------------------------------------------------------
                                 -1.75   data required time
                                 -2.28   data arrival time
-----------------------------------------------------------------------------
                                  4.03   slack (MET)


Startpoint: in1[4] (input port clocked by __VIRTUAL_CLK__)
Endpoint: out1[4] (output port clocked by __VIRTUAL_CLK__)
Path Group: __VIRTUAL_CLK__
Path Type: min
Corner: Fastest

Fanout     Cap    Slew   Delay    Time   Description
-----------------------------------------------------------------------------
                  0.00    0.00    0.00   clock __VIRTUAL_CLK__ (rise edge)
                          0.00    0.00   clock network delay (ideal)
                          2.00    2.00 ^ input external delay
     1    0.00    0.01    0.01    2.01 ^ in1[4] (in)
                                         in1[4] (net)
                  0.01    0.00    2.01 ^ input5/A (sky130_fd_sc_hd__buf_1)
     4    0.01    0.13    0.11    2.12 ^ input5/X (sky130_fd_sc_hd__buf_1)
                                         net5 (net)
                  0.13    0.00    2.12 ^ _17_/A (sky130_fd_sc_hd__and2_1)
     1    0.00    0.04    0.09    2.21 ^ _17_/X (sky130_fd_sc_hd__and2_1)
                                         _05_ (net)
                  0.04    0.00    2.21 ^ _18_/B (sky130_fd_sc_hd__nor2_1)
     1    0.00    0.02    0.02    2.23 v _18_/Y (sky130_fd_sc_hd__nor2_1)
                                         net13 (net)
                  0.02    0.00    2.23 v output13/A (sky130_fd_sc_hd__buf_2)
     1    0.03    0.06    0.11    2.34 v output13/X (sky130_fd_sc_hd__buf_2)
                                         out1[4] (net)
                  0.06    0.00    2.34 v out1[4] (out)
                                  2.34   data arrival time

                  0.00    0.00    0.00   clock __VIRTUAL_CLK__ (rise edge)
                          0.00    0.00   clock network delay (ideal)
                          0.25    0.25   clock uncertainty
                          0.00    0.25   clock reconvergence pessimism
                         -2.00   -1.75   output external delay
                                 -1.75   data required time
-----------------------------------------------------------------------------
                                 -1.75   data required time
                                 -2.34   data arrival time
-----------------------------------------------------------------------------
                                  4.09   slack (MET)


Startpoint: in1[1] (input port clocked by __VIRTUAL_CLK__)
Endpoint: out1[1] (output port clocked by __VIRTUAL_CLK__)
Path Group: __VIRTUAL_CLK__
Path Type: min
Corner: Fastest

Fanout     Cap    Slew   Delay    Time   Description
-----------------------------------------------------------------------------
                  0.00    0.00    0.00   clock __VIRTUAL_CLK__ (rise edge)
                          0.00    0.00   clock network delay (ideal)
                          2.00    2.00 v input external delay
     1    0.00    0.00    0.00    2.00 v in1[1] (in)
                                         in1[1] (net)
                  0.00    0.00    2.00 v input2/A (sky130_fd_sc_hd__buf_1)
     4    0.01    0.06    0.08    2.08 v input2/X (sky130_fd_sc_hd__buf_1)
                                         net2 (net)
                  0.06    0.00    2.08 v _10_/A (sky130_fd_sc_hd__nor2_1)
     2    0.01    0.13    0.12    2.20 ^ _10_/Y (sky130_fd_sc_hd__nor2_1)
                                         _00_ (net)
                  0.13    0.00    2.20 ^ _26_/A (sky130_fd_sc_hd__nor2_1)
     1    0.01    0.03    0.04    2.24 v _26_/Y (sky130_fd_sc_hd__nor2_1)
                                         net10 (net)
                  0.03    0.00    2.24 v output10/A (sky130_fd_sc_hd__buf_2)
     1    0.03    0.06    0.11    2.35 v output10/X (sky130_fd_sc_hd__buf_2)
                                         out1[1] (net)
                  0.06    0.00    2.35 v out1[1] (out)
                                  2.35   data arrival time

                  0.00    0.00    0.00   clock __VIRTUAL_CLK__ (rise edge)
                          0.00    0.00   clock network delay (ideal)
                          0.25    0.25   clock uncertainty
                          0.00    0.25   clock reconvergence pessimism
                         -2.00   -1.75   output external delay
                                 -1.75   data required time
-----------------------------------------------------------------------------
                                 -1.75   data required time
                                 -2.35   data arrival time
-----------------------------------------------------------------------------
                                  4.10   slack (MET)


Startpoint: in1[6] (input port clocked by __VIRTUAL_CLK__)
Endpoint: out1[6] (output port clocked by __VIRTUAL_CLK__)
Path Group: __VIRTUAL_CLK__
Path Type: min
Corner: Fastest

Fanout     Cap    Slew   Delay    Time   Description
-----------------------------------------------------------------------------
                  0.00    0.00    0.00   clock __VIRTUAL_CLK__ (rise edge)
                          0.00    0.00   clock network delay (ideal)
                          2.00    2.00 ^ input external delay
     1    0.00    0.01    0.01    2.01 ^ in1[6] (in)
                                         in1[6] (net)
                  0.01    0.00    2.01 ^ input7/A (sky130_fd_sc_hd__clkbuf_1)
     2    0.01    0.08    0.08    2.08 ^ input7/X (sky130_fd_sc_hd__clkbuf_1)
                                         net7 (net)
                  0.08    0.00    2.08 ^ _21_/B1 (sky130_fd_sc_hd__o31ai_1)
     1    0.00    0.02    0.02    2.11 v _21_/Y (sky130_fd_sc_hd__o31ai_1)
                                         _07_ (net)
                  0.02    0.00    2.11 v _22_/B (sky130_fd_sc_hd__and2_1)
     1    0.00    0.02    0.09    2.19 v _22_/X (sky130_fd_sc_hd__and2_1)
                                         _08_ (net)
                  0.02    0.00    2.19 v _23_/A (sky130_fd_sc_hd__clkbuf_1)
     1    0.00    0.02    0.06    2.25 v _23_/X (sky130_fd_sc_hd__clkbuf_1)
                                         net15 (net)
                  0.02    0.00    2.25 v output15/A (sky130_fd_sc_hd__buf_2)
     1    0.03    0.06    0.11    2.36 v output15/X (sky130_fd_sc_hd__buf_2)
                                         out1[6] (net)
                  0.06    0.00    2.36 v out1[6] (out)
                                  2.36   data arrival time

                  0.00    0.00    0.00   clock __VIRTUAL_CLK__ (rise edge)
                          0.00    0.00   clock network delay (ideal)
                          0.25    0.25   clock uncertainty
                          0.00    0.25   clock reconvergence pessimism
                         -2.00   -1.75   output external delay
                                 -1.75   data required time
-----------------------------------------------------------------------------
                                 -1.75   data required time
                                 -2.36   data arrival time
-----------------------------------------------------------------------------
                                  4.11   slack (MET)


Startpoint: in1[3] (input port clocked by __VIRTUAL_CLK__)
Endpoint: out1[3] (output port clocked by __VIRTUAL_CLK__)
Path Group: __VIRTUAL_CLK__
Path Type: min
Corner: Fastest

Fanout     Cap    Slew   Delay    Time   Description
-----------------------------------------------------------------------------
                  0.00    0.00    0.00   clock __VIRTUAL_CLK__ (rise edge)
                          0.00    0.00   clock network delay (ideal)
                          2.00    2.00 ^ input external delay
     1    0.00    0.01    0.01    2.01 ^ in1[3] (in)
                                         in1[3] (net)
                  0.01    0.00    2.01 ^ input4/A (sky130_fd_sc_hd__clkbuf_1)
     2    0.01    0.08    0.08    2.08 ^ input4/X (sky130_fd_sc_hd__clkbuf_1)
                                         net4 (net)
                  0.08    0.00    2.08 ^ _12_/B1 (sky130_fd_sc_hd__o31a_1)
     1    0.00    0.03    0.06    2.15 ^ _12_/X (sky130_fd_sc_hd__o31a_1)
                                         _01_ (net)
                  0.03    0.00    2.15 ^ _14_/A_N (sky130_fd_sc_hd__and2b_1)
     1    0.00    0.03    0.10    2.25 v _14_/X (sky130_fd_sc_hd__and2b_1)
                                         _03_ (net)
                  0.03    0.00    2.25 v _15_/A (sky130_fd_sc_hd__clkbuf_1)
     1    0.00    0.02    0.05    2.30 v _15_/X (sky130_fd_sc_hd__clkbuf_1)
                                         net12 (net)
                  0.02    0.00    2.30 v output12/A (sky130_fd_sc_hd__buf_2)
     1    0.03    0.06    0.11    2.41 v output12/X (sky130_fd_sc_hd__buf_2)
                                         out1[3] (net)
                  0.06    0.00    2.41 v out1[3] (out)
                                  2.41   data arrival time

                  0.00    0.00    0.00   clock __VIRTUAL_CLK__ (rise edge)
                          0.00    0.00   clock network delay (ideal)
                          0.25    0.25   clock uncertainty
                          0.00    0.25   clock reconvergence pessimism
                         -2.00   -1.75   output external delay
                                 -1.75   data required time
-----------------------------------------------------------------------------
                                 -1.75   data required time
                                 -2.41   data arrival time
-----------------------------------------------------------------------------
                                  4.16   slack (MET)



worst slack corner Fastest: 4.0128
======================= Slowest Corner ===================================

Startpoint: in1[7] (input port clocked by __VIRTUAL_CLK__)
Endpoint: out1[7] (output port clocked by __VIRTUAL_CLK__)
Path Group: __VIRTUAL_CLK__
Path Type: min
Corner: Slowest

Fanout     Cap    Slew   Delay    Time   Description
-----------------------------------------------------------------------------
                  0.00    0.00    0.00   clock __VIRTUAL_CLK__ (rise edge)
                          0.00    0.00   clock network delay (ideal)
                          2.00    2.00 ^ input external delay
     1    0.00    0.04    0.02    2.02 ^ in1[7] (in)
                                         in1[7] (net)
                  0.04    0.00    2.02 ^ input8/A (sky130_fd_sc_hd__buf_1)
     1    0.01    0.18    0.20    2.22 ^ input8/X (sky130_fd_sc_hd__buf_1)
                                         net8 (net)
                  0.18    0.00    2.22 ^ _24_/A (sky130_fd_sc_hd__xor2_1)
     1    0.01    0.09    0.20    2.42 v _24_/X (sky130_fd_sc_hd__xor2_1)
                                         net16 (net)
                  0.09    0.00    2.42 v output16/A (sky130_fd_sc_hd__clkbuf_4)
     1    0.03    0.14    0.32    2.74 v output16/X (sky130_fd_sc_hd__clkbuf_4)
                                         out1[7] (net)
                  0.14    0.00    2.74 v out1[7] (out)
                                  2.74   data arrival time

                  0.00    0.00    0.00   clock __VIRTUAL_CLK__ (rise edge)
                          0.00    0.00   clock network delay (ideal)
                          0.25    0.25   clock uncertainty
                          0.00    0.25   clock reconvergence pessimism
                         -2.00   -1.75   output external delay
                                 -1.75   data required time
-----------------------------------------------------------------------------
                                 -1.75   data required time
                                 -2.74   data arrival time
-----------------------------------------------------------------------------
                                  4.49   slack (MET)


Startpoint: in1[0] (input port clocked by __VIRTUAL_CLK__)
Endpoint: out1[0] (output port clocked by __VIRTUAL_CLK__)
Path Group: __VIRTUAL_CLK__
Path Type: min
Corner: Slowest

Fanout     Cap    Slew   Delay    Time   Description
-----------------------------------------------------------------------------
                  0.00    0.00    0.00   clock __VIRTUAL_CLK__ (rise edge)
                          0.00    0.00   clock network delay (ideal)
                          2.00    2.00 v input external delay
     1    0.00    0.02    0.01    2.01 v in1[0] (in)
                                         in1[0] (net)
                  0.02    0.00    2.01 v input1/A (sky130_fd_sc_hd__buf_1)
     5    0.02    0.21    0.25    2.26 v input1/X (sky130_fd_sc_hd__buf_1)
                                         net1 (net)
                  0.21    0.00    2.26 v _27_/A (sky130_fd_sc_hd__clkbuf_1)
     1    0.00    0.05    0.21    2.47 v _27_/X (sky130_fd_sc_hd__clkbuf_1)
                                         net9 (net)
                  0.05    0.00    2.47 v output9/A (sky130_fd_sc_hd__buf_2)
     1    0.03    0.17    0.32    2.78 v output9/X (sky130_fd_sc_hd__buf_2)
                                         out1[0] (net)
                  0.17    0.00    2.78 v out1[0] (out)
                                  2.78   data arrival time

                  0.00    0.00    0.00   clock __VIRTUAL_CLK__ (rise edge)
                          0.00    0.00   clock network delay (ideal)
                          0.25    0.25   clock uncertainty
                          0.00    0.25   clock reconvergence pessimism
                         -2.00   -1.75   output external delay
                                 -1.75   data required time
-----------------------------------------------------------------------------
                                 -1.75   data required time
                                 -2.78   data arrival time
-----------------------------------------------------------------------------
                                  4.53   slack (MET)


Startpoint: in1[5] (input port clocked by __VIRTUAL_CLK__)
Endpoint: out1[5] (output port clocked by __VIRTUAL_CLK__)
Path Group: __VIRTUAL_CLK__
Path Type: min
Corner: Slowest

Fanout     Cap    Slew   Delay    Time   Description
-----------------------------------------------------------------------------
                  0.00    0.00    0.00   clock __VIRTUAL_CLK__ (rise edge)
                          0.00    0.00   clock network delay (ideal)
                          2.00    2.00 v input external delay
     1    0.00    0.02    0.01    2.01 v in1[5] (in)
                                         in1[5] (net)
                  0.02    0.00    2.01 v input6/A (sky130_fd_sc_hd__buf_1)
     3    0.01    0.16    0.22    2.22 v input6/X (sky130_fd_sc_hd__buf_1)
                                         net6 (net)
                  0.16    0.00    2.22 v _19_/A (sky130_fd_sc_hd__xnor2_1)
     1    0.00    0.10    0.26    2.49 v _19_/Y (sky130_fd_sc_hd__xnor2_1)
                                         net14 (net)
                  0.10    0.00    2.49 v output14/A (sky130_fd_sc_hd__buf_2)
     1    0.03    0.16    0.34    2.83 v output14/X (sky130_fd_sc_hd__buf_2)
                                         out1[5] (net)
                  0.16    0.00    2.83 v out1[5] (out)
                                  2.83   data arrival time

                  0.00    0.00    0.00   clock __VIRTUAL_CLK__ (rise edge)
                          0.00    0.00   clock network delay (ideal)
                          0.25    0.25   clock uncertainty
                          0.00    0.25   clock reconvergence pessimism
                         -2.00   -1.75   output external delay
                                 -1.75   data required time
-----------------------------------------------------------------------------
                                 -1.75   data required time
                                 -2.83   data arrival time
-----------------------------------------------------------------------------
                                  4.58   slack (MET)


Startpoint: in1[2] (input port clocked by __VIRTUAL_CLK__)
Endpoint: out1[2] (output port clocked by __VIRTUAL_CLK__)
Path Group: __VIRTUAL_CLK__
Path Type: min
Corner: Slowest

Fanout     Cap    Slew   Delay    Time   Description
-----------------------------------------------------------------------------
                  0.00    0.00    0.00   clock __VIRTUAL_CLK__ (rise edge)
                          0.00    0.00   clock network delay (ideal)
                          2.00    2.00 v input external delay
     1    0.00    0.02    0.01    2.01 v in1[2] (in)
                                         in1[2] (net)
                  0.02    0.00    2.01 v input3/A (sky130_fd_sc_hd__buf_1)
     3    0.01    0.15    0.21    2.22 v input3/X (sky130_fd_sc_hd__buf_1)
                                         net3 (net)
                  0.15    0.00    2.22 v _11_/A (sky130_fd_sc_hd__xnor2_1)
     1    0.01    0.11    0.27    2.48 v _11_/Y (sky130_fd_sc_hd__xnor2_1)
                                         net11 (net)
                  0.11    0.00    2.48 v output11/A (sky130_fd_sc_hd__buf_2)
     1    0.03    0.16    0.35    2.83 v output11/X (sky130_fd_sc_hd__buf_2)
                                         out1[2] (net)
                  0.16    0.00    2.83 v out1[2] (out)
                                  2.83   data arrival time

                  0.00    0.00    0.00   clock __VIRTUAL_CLK__ (rise edge)
                          0.00    0.00   clock network delay (ideal)
                          0.25    0.25   clock uncertainty
                          0.00    0.25   clock reconvergence pessimism
                         -2.00   -1.75   output external delay
                                 -1.75   data required time
-----------------------------------------------------------------------------
                                 -1.75   data required time
                                 -2.83   data arrival time
-----------------------------------------------------------------------------
                                  4.58   slack (MET)


Startpoint: in1[4] (input port clocked by __VIRTUAL_CLK__)
Endpoint: out1[4] (output port clocked by __VIRTUAL_CLK__)
Path Group: __VIRTUAL_CLK__
Path Type: min
Corner: Slowest

Fanout     Cap    Slew   Delay    Time   Description
-----------------------------------------------------------------------------
                  0.00    0.00    0.00   clock __VIRTUAL_CLK__ (rise edge)
                          0.00    0.00   clock network delay (ideal)
                          2.00    2.00 ^ input external delay
     1    0.00    0.03    0.01    2.01 ^ in1[4] (in)
                                         in1[4] (net)
                  0.03    0.00    2.01 ^ input5/A (sky130_fd_sc_hd__buf_1)
     4    0.01    0.28    0.27    2.28 ^ input5/X (sky130_fd_sc_hd__buf_1)
                                         net5 (net)
                  0.28    0.00    2.28 ^ _17_/A (sky130_fd_sc_hd__and2_1)
     1    0.00    0.10    0.30    2.58 ^ _17_/X (sky130_fd_sc_hd__and2_1)
                                         _05_ (net)
                  0.10    0.00    2.58 ^ _18_/B (sky130_fd_sc_hd__nor2_1)
     1    0.00    0.04    0.08    2.66 v _18_/Y (sky130_fd_sc_hd__nor2_1)
                                         net13 (net)
                  0.04    0.00    2.66 v output13/A (sky130_fd_sc_hd__buf_2)
     1    0.03    0.16    0.31    2.97 v output13/X (sky130_fd_sc_hd__buf_2)
                                         out1[4] (net)
                  0.16    0.00    2.97 v out1[4] (out)
                                  2.97   data arrival time

                  0.00    0.00    0.00   clock __VIRTUAL_CLK__ (rise edge)
                          0.00    0.00   clock network delay (ideal)
                          0.25    0.25   clock uncertainty
                          0.00    0.25   clock reconvergence pessimism
                         -2.00   -1.75   output external delay
                                 -1.75   data required time
-----------------------------------------------------------------------------
                                 -1.75   data required time
                                 -2.97   data arrival time
-----------------------------------------------------------------------------
                                  4.72   slack (MET)


Startpoint: in1[6] (input port clocked by __VIRTUAL_CLK__)
Endpoint: out1[6] (output port clocked by __VIRTUAL_CLK__)
Path Group: __VIRTUAL_CLK__
Path Type: min
Corner: Slowest

Fanout     Cap    Slew   Delay    Time   Description
-----------------------------------------------------------------------------
                  0.00    0.00    0.00   clock __VIRTUAL_CLK__ (rise edge)
                          0.00    0.00   clock network delay (ideal)
                          2.00    2.00 v input external delay
     1    0.00    0.02    0.01    2.01 v in1[6] (in)
                                         in1[6] (net)
                  0.02    0.00    2.01 v input7/A (sky130_fd_sc_hd__clkbuf_1)
     2    0.01    0.10    0.17    2.18 v input7/X (sky130_fd_sc_hd__clkbuf_1)
                                         net7 (net)
                  0.10    0.00    2.18 v _21_/B1 (sky130_fd_sc_hd__o31ai_1)
     1    0.00    0.08    0.10    2.28 ^ _21_/Y (sky130_fd_sc_hd__o31ai_1)
                                         _07_ (net)
                  0.08    0.00    2.28 ^ _22_/B (sky130_fd_sc_hd__and2_1)
     1    0.00    0.08    0.22    2.50 ^ _22_/X (sky130_fd_sc_hd__and2_1)
                                         _08_ (net)
                  0.08    0.00    2.50 ^ _23_/A (sky130_fd_sc_hd__clkbuf_1)
     1    0.00    0.09    0.16    2.66 ^ _23_/X (sky130_fd_sc_hd__clkbuf_1)
                                         net15 (net)
                  0.09    0.00    2.66 ^ output15/A (sky130_fd_sc_hd__buf_2)
     1    0.03    0.27    0.34    3.00 ^ output15/X (sky130_fd_sc_hd__buf_2)
                                         out1[6] (net)
                  0.27    0.00    3.00 ^ out1[6] (out)
                                  3.00   data arrival time

                  0.00    0.00    0.00   clock __VIRTUAL_CLK__ (rise edge)
                          0.00    0.00   clock network delay (ideal)
                          0.25    0.25   clock uncertainty
                          0.00    0.25   clock reconvergence pessimism
                         -2.00   -1.75   output external delay
                                 -1.75   data required time
-----------------------------------------------------------------------------
                                 -1.75   data required time
                                 -3.00   data arrival time
-----------------------------------------------------------------------------
                                  4.75   slack (MET)


Startpoint: in1[1] (input port clocked by __VIRTUAL_CLK__)
Endpoint: out1[1] (output port clocked by __VIRTUAL_CLK__)
Path Group: __VIRTUAL_CLK__
Path Type: min
Corner: Slowest

Fanout     Cap    Slew   Delay    Time   Description
-----------------------------------------------------------------------------
                  0.00    0.00    0.00   clock __VIRTUAL_CLK__ (rise edge)
                          0.00    0.00   clock network delay (ideal)
                          2.00    2.00 ^ input external delay
     1    0.00    0.03    0.02    2.02 ^ in1[1] (in)
                                         in1[1] (net)
                  0.03    0.00    2.02 ^ input2/A (sky130_fd_sc_hd__buf_1)
     4    0.01    0.27    0.27    2.28 ^ input2/X (sky130_fd_sc_hd__buf_1)
                                         net2 (net)
                  0.27    0.00    2.28 ^ _25_/A (sky130_fd_sc_hd__and2_1)
     1    0.01    0.12    0.32    2.60 ^ _25_/X (sky130_fd_sc_hd__and2_1)
                                         _09_ (net)
                  0.12    0.00    2.60 ^ _26_/B (sky130_fd_sc_hd__nor2_1)
     1    0.01    0.06    0.10    2.70 v _26_/Y (sky130_fd_sc_hd__nor2_1)
                                         net10 (net)
                  0.06    0.00    2.70 v output10/A (sky130_fd_sc_hd__buf_2)
     1    0.03    0.16    0.32    3.02 v output10/X (sky130_fd_sc_hd__buf_2)
                                         out1[1] (net)
                  0.16    0.00    3.02 v out1[1] (out)
                                  3.02   data arrival time

                  0.00    0.00    0.00   clock __VIRTUAL_CLK__ (rise edge)
                          0.00    0.00   clock network delay (ideal)
                          0.25    0.25   clock uncertainty
                          0.00    0.25   clock reconvergence pessimism
                         -2.00   -1.75   output external delay
                                 -1.75   data required time
-----------------------------------------------------------------------------
                                 -1.75   data required time
                                 -3.02   data arrival time
-----------------------------------------------------------------------------
                                  4.77   slack (MET)


Startpoint: in1[3] (input port clocked by __VIRTUAL_CLK__)
Endpoint: out1[3] (output port clocked by __VIRTUAL_CLK__)
Path Group: __VIRTUAL_CLK__
Path Type: min
Corner: Slowest

Fanout     Cap    Slew   Delay    Time   Description
-----------------------------------------------------------------------------
                  0.00    0.00    0.00   clock __VIRTUAL_CLK__ (rise edge)
                          0.00    0.00   clock network delay (ideal)
                          2.00    2.00 v input external delay
     1    0.00    0.02    0.01    2.01 v in1[3] (in)
                                         in1[3] (net)
                  0.02    0.00    2.01 v input4/A (sky130_fd_sc_hd__clkbuf_1)
     2    0.01    0.10    0.17    2.18 v input4/X (sky130_fd_sc_hd__clkbuf_1)
                                         net4 (net)
                  0.10    0.00    2.18 v _12_/B1 (sky130_fd_sc_hd__o31a_1)
     1    0.00    0.06    0.19    2.37 v _12_/X (sky130_fd_sc_hd__o31a_1)
                                         _01_ (net)
                  0.06    0.00    2.37 v _14_/A_N (sky130_fd_sc_hd__and2b_1)
     1    0.00    0.08    0.35    2.72 ^ _14_/X (sky130_fd_sc_hd__and2b_1)
                                         _03_ (net)
                  0.08    0.00    2.72 ^ _15_/A (sky130_fd_sc_hd__clkbuf_1)
     1    0.00    0.08    0.15    2.87 ^ _15_/X (sky130_fd_sc_hd__clkbuf_1)
                                         net12 (net)
                  0.08    0.00    2.87 ^ output12/A (sky130_fd_sc_hd__buf_2)
     1    0.03    0.27    0.33    3.20 ^ output12/X (sky130_fd_sc_hd__buf_2)
                                         out1[3] (net)
                  0.27    0.00    3.20 ^ out1[3] (out)
                                  3.20   data arrival time

                  0.00    0.00    0.00   clock __VIRTUAL_CLK__ (rise edge)
                          0.00    0.00   clock network delay (ideal)
                          0.25    0.25   clock uncertainty
                          0.00    0.25   clock reconvergence pessimism
                         -2.00   -1.75   output external delay
                                 -1.75   data required time
-----------------------------------------------------------------------------
                                 -1.75   data required time
                                 -3.20   data arrival time
-----------------------------------------------------------------------------
                                  4.95   slack (MET)



worst slack corner Slowest: 4.4932
======================= Typical Corner ===================================

Startpoint: in1[7] (input port clocked by __VIRTUAL_CLK__)
Endpoint: out1[7] (output port clocked by __VIRTUAL_CLK__)
Path Group: __VIRTUAL_CLK__
Path Type: min
Corner: Typical

Fanout     Cap    Slew   Delay    Time   Description
-----------------------------------------------------------------------------
                  0.00    0.00    0.00   clock __VIRTUAL_CLK__ (rise edge)
                          0.00    0.00   clock network delay (ideal)
                          2.00    2.00 ^ input external delay
     1    0.00    0.02    0.01    2.01 ^ in1[7] (in)
                                         in1[7] (net)
                  0.02    0.00    2.01 ^ input8/A (sky130_fd_sc_hd__buf_1)
     1    0.01    0.11    0.12    2.13 ^ input8/X (sky130_fd_sc_hd__buf_1)
                                         net8 (net)
                  0.11    0.00    2.13 ^ _24_/A (sky130_fd_sc_hd__xor2_1)
     1    0.01    0.05    0.09    2.22 v _24_/X (sky130_fd_sc_hd__xor2_1)
                                         net16 (net)
                  0.05    0.00    2.22 v output16/A (sky130_fd_sc_hd__clkbuf_4)
     1    0.03    0.08    0.18    2.40 v output16/X (sky130_fd_sc_hd__clkbuf_4)
                                         out1[7] (net)
                  0.08    0.00    2.40 v out1[7] (out)
                                  2.40   data arrival time

                  0.00    0.00    0.00   clock __VIRTUAL_CLK__ (rise edge)
                          0.00    0.00   clock network delay (ideal)
                          0.25    0.25   clock uncertainty
                          0.00    0.25   clock reconvergence pessimism
                         -2.00   -1.75   output external delay
                                 -1.75   data required time
-----------------------------------------------------------------------------
                                 -1.75   data required time
                                 -2.40   data arrival time
-----------------------------------------------------------------------------
                                  4.15   slack (MET)


Startpoint: in1[0] (input port clocked by __VIRTUAL_CLK__)
Endpoint: out1[0] (output port clocked by __VIRTUAL_CLK__)
Path Group: __VIRTUAL_CLK__
Path Type: min
Corner: Typical

Fanout     Cap    Slew   Delay    Time   Description
-----------------------------------------------------------------------------
                  0.00    0.00    0.00   clock __VIRTUAL_CLK__ (rise edge)
                          0.00    0.00   clock network delay (ideal)
                          2.00    2.00 v input external delay
     1    0.00    0.01    0.00    2.00 v in1[0] (in)
                                         in1[0] (net)
                  0.01    0.00    2.00 v input1/A (sky130_fd_sc_hd__buf_1)
     5    0.02    0.11    0.13    2.14 v input1/X (sky130_fd_sc_hd__buf_1)
                                         net1 (net)
                  0.11    0.00    2.14 v _27_/A (sky130_fd_sc_hd__clkbuf_1)
     1    0.00    0.02    0.11    2.24 v _27_/X (sky130_fd_sc_hd__clkbuf_1)
                                         net9 (net)
                  0.02    0.00    2.24 v output9/A (sky130_fd_sc_hd__buf_2)
     1    0.03    0.09    0.16    2.41 v output9/X (sky130_fd_sc_hd__buf_2)
                                         out1[0] (net)
                  0.09    0.00    2.41 v out1[0] (out)
                                  2.41   data arrival time

                  0.00    0.00    0.00   clock __VIRTUAL_CLK__ (rise edge)
                          0.00    0.00   clock network delay (ideal)
                          0.25    0.25   clock uncertainty
                          0.00    0.25   clock reconvergence pessimism
                         -2.00   -1.75   output external delay
                                 -1.75   data required time
-----------------------------------------------------------------------------
                                 -1.75   data required time
                                 -2.41   data arrival time
-----------------------------------------------------------------------------
                                  4.16   slack (MET)


Startpoint: in1[2] (input port clocked by __VIRTUAL_CLK__)
Endpoint: out1[2] (output port clocked by __VIRTUAL_CLK__)
Path Group: __VIRTUAL_CLK__
Path Type: min
Corner: Typical

Fanout     Cap    Slew   Delay    Time   Description
-----------------------------------------------------------------------------
                  0.00    0.00    0.00   clock __VIRTUAL_CLK__ (rise edge)
                          0.00    0.00   clock network delay (ideal)
                          2.00    2.00 v input external delay
     1    0.00    0.01    0.00    2.00 v in1[2] (in)
                                         in1[2] (net)
                  0.01    0.00    2.00 v input3/A (sky130_fd_sc_hd__buf_1)
     3    0.01    0.08    0.11    2.11 v input3/X (sky130_fd_sc_hd__buf_1)
                                         net3 (net)
                  0.08    0.00    2.11 v _11_/A (sky130_fd_sc_hd__xnor2_1)
     1    0.01    0.05    0.14    2.26 v _11_/Y (sky130_fd_sc_hd__xnor2_1)
                                         net11 (net)
                  0.05    0.00    2.26 v output11/A (sky130_fd_sc_hd__buf_2)
     1    0.03    0.09    0.17    2.43 v output11/X (sky130_fd_sc_hd__buf_2)
                                         out1[2] (net)
                  0.09    0.00    2.43 v out1[2] (out)
                                  2.43   data arrival time

                  0.00    0.00    0.00   clock __VIRTUAL_CLK__ (rise edge)
                          0.00    0.00   clock network delay (ideal)
                          0.25    0.25   clock uncertainty
                          0.00    0.25   clock reconvergence pessimism
                         -2.00   -1.75   output external delay
                                 -1.75   data required time
-----------------------------------------------------------------------------
                                 -1.75   data required time
                                 -2.43   data arrival time
-----------------------------------------------------------------------------
                                  4.18   slack (MET)


Startpoint: in1[5] (input port clocked by __VIRTUAL_CLK__)
Endpoint: out1[5] (output port clocked by __VIRTUAL_CLK__)
Path Group: __VIRTUAL_CLK__
Path Type: min
Corner: Typical

Fanout     Cap    Slew   Delay    Time   Description
-----------------------------------------------------------------------------
                  0.00    0.00    0.00   clock __VIRTUAL_CLK__ (rise edge)
                          0.00    0.00   clock network delay (ideal)
                          2.00    2.00 v input external delay
     1    0.00    0.01    0.00    2.00 v in1[5] (in)
                                         in1[5] (net)
                  0.01    0.00    2.00 v input6/A (sky130_fd_sc_hd__buf_1)
     3    0.01    0.08    0.11    2.12 v input6/X (sky130_fd_sc_hd__buf_1)
                                         net6 (net)
                  0.08    0.00    2.12 v _19_/A (sky130_fd_sc_hd__xnor2_1)
     1    0.00    0.05    0.14    2.26 v _19_/Y (sky130_fd_sc_hd__xnor2_1)
                                         net14 (net)
                  0.05    0.00    2.26 v output14/A (sky130_fd_sc_hd__buf_2)
     1    0.03    0.09    0.17    2.43 v output14/X (sky130_fd_sc_hd__buf_2)
                                         out1[5] (net)
                  0.09    0.00    2.43 v out1[5] (out)
                                  2.43   data arrival time

                  0.00    0.00    0.00   clock __VIRTUAL_CLK__ (rise edge)
                          0.00    0.00   clock network delay (ideal)
                          0.25    0.25   clock uncertainty
                          0.00    0.25   clock reconvergence pessimism
                         -2.00   -1.75   output external delay
                                 -1.75   data required time
-----------------------------------------------------------------------------
                                 -1.75   data required time
                                 -2.43   data arrival time
-----------------------------------------------------------------------------
                                  4.18   slack (MET)


Startpoint: in1[4] (input port clocked by __VIRTUAL_CLK__)
Endpoint: out1[4] (output port clocked by __VIRTUAL_CLK__)
Path Group: __VIRTUAL_CLK__
Path Type: min
Corner: Typical

Fanout     Cap    Slew   Delay    Time   Description
-----------------------------------------------------------------------------
                  0.00    0.00    0.00   clock __VIRTUAL_CLK__ (rise edge)
                          0.00    0.00   clock network delay (ideal)
                          2.00    2.00 ^ input external delay
     1    0.00    0.02    0.01    2.01 ^ in1[4] (in)
                                         in1[4] (net)
                  0.02    0.00    2.01 ^ input5/A (sky130_fd_sc_hd__buf_1)
     4    0.01    0.17    0.16    2.16 ^ input5/X (sky130_fd_sc_hd__buf_1)
                                         net5 (net)
                  0.17    0.00    2.17 ^ _17_/A (sky130_fd_sc_hd__and2_1)
     1    0.00    0.06    0.15    2.31 ^ _17_/X (sky130_fd_sc_hd__and2_1)
                                         _05_ (net)
                  0.06    0.00    2.31 ^ _18_/B (sky130_fd_sc_hd__nor2_1)
     1    0.00    0.02    0.04    2.35 v _18_/Y (sky130_fd_sc_hd__nor2_1)
                                         net13 (net)
                  0.02    0.00    2.35 v output13/A (sky130_fd_sc_hd__buf_2)
     1    0.03    0.09    0.16    2.51 v output13/X (sky130_fd_sc_hd__buf_2)
                                         out1[4] (net)
                  0.09    0.00    2.51 v out1[4] (out)
                                  2.51   data arrival time

                  0.00    0.00    0.00   clock __VIRTUAL_CLK__ (rise edge)
                          0.00    0.00   clock network delay (ideal)
                          0.25    0.25   clock uncertainty
                          0.00    0.25   clock reconvergence pessimism
                         -2.00   -1.75   output external delay
                                 -1.75   data required time
-----------------------------------------------------------------------------
                                 -1.75   data required time
                                 -2.51   data arrival time
-----------------------------------------------------------------------------
                                  4.26   slack (MET)


Startpoint: in1[6] (input port clocked by __VIRTUAL_CLK__)
Endpoint: out1[6] (output port clocked by __VIRTUAL_CLK__)
Path Group: __VIRTUAL_CLK__
Path Type: min
Corner: Typical

Fanout     Cap    Slew   Delay    Time   Description
-----------------------------------------------------------------------------
                  0.00    0.00    0.00   clock __VIRTUAL_CLK__ (rise edge)
                          0.00    0.00   clock network delay (ideal)
                          2.00    2.00 v input external delay
     1    0.00    0.01    0.00    2.00 v in1[6] (in)
                                         in1[6] (net)
                  0.01    0.00    2.00 v input7/A (sky130_fd_sc_hd__clkbuf_1)
     2    0.01    0.05    0.09    2.09 v input7/X (sky130_fd_sc_hd__clkbuf_1)
                                         net7 (net)
                  0.05    0.00    2.09 v _21_/B1 (sky130_fd_sc_hd__o31ai_1)
     1    0.00    0.05    0.05    2.15 ^ _21_/Y (sky130_fd_sc_hd__o31ai_1)
                                         _07_ (net)
                  0.05    0.00    2.15 ^ _22_/B (sky130_fd_sc_hd__and2_1)
     1    0.00    0.05    0.11    2.26 ^ _22_/X (sky130_fd_sc_hd__and2_1)
                                         _08_ (net)
                  0.05    0.00    2.26 ^ _23_/A (sky130_fd_sc_hd__clkbuf_1)
     1    0.00    0.06    0.09    2.35 ^ _23_/X (sky130_fd_sc_hd__clkbuf_1)
                                         net15 (net)
                  0.06    0.00    2.35 ^ output15/A (sky130_fd_sc_hd__buf_2)
     1    0.03    0.17    0.19    2.54 ^ output15/X (sky130_fd_sc_hd__buf_2)
                                         out1[6] (net)
                  0.17    0.00    2.54 ^ out1[6] (out)
                                  2.54   data arrival time

                  0.00    0.00    0.00   clock __VIRTUAL_CLK__ (rise edge)
                          0.00    0.00   clock network delay (ideal)
                          0.25    0.25   clock uncertainty
                          0.00    0.25   clock reconvergence pessimism
                         -2.00   -1.75   output external delay
                                 -1.75   data required time
-----------------------------------------------------------------------------
                                 -1.75   data required time
                                 -2.54   data arrival time
-----------------------------------------------------------------------------
                                  4.29   slack (MET)


Startpoint: in1[1] (input port clocked by __VIRTUAL_CLK__)
Endpoint: out1[1] (output port clocked by __VIRTUAL_CLK__)
Path Group: __VIRTUAL_CLK__
Path Type: min
Corner: Typical

Fanout     Cap    Slew   Delay    Time   Description
-----------------------------------------------------------------------------
                  0.00    0.00    0.00   clock __VIRTUAL_CLK__ (rise edge)
                          0.00    0.00   clock network delay (ideal)
                          2.00    2.00 ^ input external delay
     1    0.00    0.02    0.01    2.01 ^ in1[1] (in)
                                         in1[1] (net)
                  0.02    0.00    2.01 ^ input2/A (sky130_fd_sc_hd__buf_1)
     4    0.01    0.17    0.15    2.16 ^ input2/X (sky130_fd_sc_hd__buf_1)
                                         net2 (net)
                  0.17    0.00    2.16 ^ _25_/A (sky130_fd_sc_hd__and2_1)
     1    0.01    0.07    0.16    2.33 ^ _25_/X (sky130_fd_sc_hd__and2_1)
                                         _09_ (net)
                  0.07    0.00    2.33 ^ _26_/B (sky130_fd_sc_hd__nor2_1)
     1    0.01    0.03    0.05    2.38 v _26_/Y (sky130_fd_sc_hd__nor2_1)
                                         net10 (net)
                  0.03    0.00    2.38 v output10/A (sky130_fd_sc_hd__buf_2)
     1    0.03    0.09    0.17    2.54 v output10/X (sky130_fd_sc_hd__buf_2)
                                         out1[1] (net)
                  0.09    0.00    2.54 v out1[1] (out)
                                  2.54   data arrival time

                  0.00    0.00    0.00   clock __VIRTUAL_CLK__ (rise edge)
                          0.00    0.00   clock network delay (ideal)
                          0.25    0.25   clock uncertainty
                          0.00    0.25   clock reconvergence pessimism
                         -2.00   -1.75   output external delay
                                 -1.75   data required time
-----------------------------------------------------------------------------
                                 -1.75   data required time
                                 -2.54   data arrival time
-----------------------------------------------------------------------------
                                  4.29   slack (MET)


Startpoint: in1[3] (input port clocked by __VIRTUAL_CLK__)
Endpoint: out1[3] (output port clocked by __VIRTUAL_CLK__)
Path Group: __VIRTUAL_CLK__
Path Type: min
Corner: Typical

Fanout     Cap    Slew   Delay    Time   Description
-----------------------------------------------------------------------------
                  0.00    0.00    0.00   clock __VIRTUAL_CLK__ (rise edge)
                          0.00    0.00   clock network delay (ideal)
                          2.00    2.00 v input external delay
     1    0.00    0.01    0.00    2.00 v in1[3] (in)
                                         in1[3] (net)
                  0.01    0.00    2.00 v input4/A (sky130_fd_sc_hd__clkbuf_1)
     2    0.01    0.05    0.09    2.09 v input4/X (sky130_fd_sc_hd__clkbuf_1)
                                         net4 (net)
                  0.05    0.00    2.09 v _12_/B1 (sky130_fd_sc_hd__o31a_1)
     1    0.00    0.03    0.10    2.19 v _12_/X (sky130_fd_sc_hd__o31a_1)
                                         _01_ (net)
                  0.03    0.00    2.19 v _14_/A_N (sky130_fd_sc_hd__and2b_1)
     1    0.00    0.05    0.17    2.36 ^ _14_/X (sky130_fd_sc_hd__and2b_1)
                                         _03_ (net)
                  0.05    0.00    2.36 ^ _15_/A (sky130_fd_sc_hd__clkbuf_1)
     1    0.00    0.05    0.08    2.45 ^ _15_/X (sky130_fd_sc_hd__clkbuf_1)
                                         net12 (net)
                  0.05    0.00    2.45 ^ output12/A (sky130_fd_sc_hd__buf_2)
     1    0.03    0.17    0.19    2.63 ^ output12/X (sky130_fd_sc_hd__buf_2)
                                         out1[3] (net)
                  0.17    0.00    2.63 ^ out1[3] (out)
                                  2.63   data arrival time

                  0.00    0.00    0.00   clock __VIRTUAL_CLK__ (rise edge)
                          0.00    0.00   clock network delay (ideal)
                          0.25    0.25   clock uncertainty
                          0.00    0.25   clock reconvergence pessimism
                         -2.00   -1.75   output external delay
                                 -1.75   data required time
-----------------------------------------------------------------------------
                                 -1.75   data required time
                                 -2.63   data arrival time
-----------------------------------------------------------------------------
                                  4.38   slack (MET)



worst slack corner Typical: 4.1466
