OpenROAD b16bda7e82721d10566ff7e2b68f1ff0be9f9e38 
Features included (+) or not (-): +Charts +GPU +GUI +Python
This program is licensed under the BSD-3 license. See the LICENSE file for details.
Components of this program may be licensed under more restrictive licenses which must be honored.
[INFO ODB-0227] LEF file: /openlane/designs/aludesign/runs/RUN_2025.05.01_17.16.13/tmp/merged.max.lef, created 13 layers, 25 vias, 441 library cells
[INFO ODB-0127] Reading DEF file: /openlane/designs/aludesign/runs/RUN_2025.05.01_17.16.13/results/routing/aludesign.def
[INFO ODB-0128] Design: aludesign
[INFO ODB-0130]     Created 29 pins.
[INFO ODB-0131]     Created 1434 components and 6530 component-terminals.
[INFO ODB-0132]     Created 2 special nets and 5424 connections.
[INFO ODB-0133]     Created 327 nets and 1106 connections.
[INFO ODB-0134] Finished DEF file: /openlane/designs/aludesign/runs/RUN_2025.05.01_17.16.13/results/routing/aludesign.def
define_corners Typical
read_liberty -corner Typical /home/vboxuser/.volare/sky130A/libs.ref/sky130_fd_sc_hd/lib/sky130_fd_sc_hd__tt_025C_1v80.lib
Using 1e-12 for capacitance...
Using 1e+03 for resistance...
Using 1e-09 for time...
Using 1e+00 for voltage...
Using 1e-03 for current...
Using 1e-09 for power...
Using 1e-06 for distance...
Using RCX ruleset '/home/vboxuser/.volare/sky130A/libs.tech/openlane/rules.openrcx.sky130A.max.calibre'...
[INFO RCX-0431] Defined process_corner X with ext_model_index 0
[INFO RCX-0029] Defined extraction corner X
[INFO RCX-0008] extracting parasitics of aludesign ...
[INFO RCX-0435] Reading extraction model file /home/vboxuser/.volare/sky130A/libs.tech/openlane/rules.openrcx.sky130A.max.calibre ...
[INFO RCX-0436] RC segment generation aludesign (max_merge_res 50.0) ...
[INFO RCX-0040] Final 2540 rc segments
[INFO RCX-0439] Coupling Cap extraction aludesign ...
[INFO RCX-0440] Coupling threshhold is 0.1000 fF, coupling capacitance less than 0.1000 fF will be grounded.
[INFO RCX-0043] 4807 wires to be extracted
[INFO RCX-0442] 54% completion -- 2638 wires have been extracted
[INFO RCX-0442] 100% completion -- 4807 wires have been extracted
[INFO RCX-0045] Extract 327 nets, 2867 rsegs, 2867 caps, 6256 ccs
[INFO RCX-0015] Finished extracting aludesign.
Writing result to /openlane/designs/aludesign/runs/RUN_2025.05.01_17.16.13/results/routing/mca/process_corner_max/aludesign.spef...
Setting global connections for newly added cells…
[WARNING] Did not save OpenROAD database!
Writing extracted parasitics to '/openlane/designs/aludesign/runs/RUN_2025.05.01_17.16.13/results/routing/mca/process_corner_max/aludesign.spef'…
[INFO RCX-0016] Writing SPEF ...
[INFO RCX-0443] 327 nets finished
[INFO RCX-0017] Finished writing SPEF ...
