OpenROAD b16bda7e82721d10566ff7e2b68f1ff0be9f9e38 
Features included (+) or not (-): +Charts +GPU +GUI +Python
This program is licensed under the BSD-3 license. See the LICENSE file for details.
Components of this program may be licensed under more restrictive licenses which must be honored.
define_corners Typical
read_liberty -corner Typical /home/vboxuser/.volare/sky130A/libs.ref/sky130_fd_sc_hd/lib/sky130_fd_sc_hd__tt_025C_1v80.lib
Using 1e-12 for capacitance...
Using 1e+03 for resistance...
Using 1e-09 for time...
Using 1e+00 for voltage...
Using 1e-03 for current...
Using 1e-09 for power...
Using 1e-06 for distance...
[INFO]: Reading ODB at '/openlane/designs/aludesign/runs/RUN_2025.05.01_17.16.13/results/routing/aludesign.odb'…
Reading design constraints file at '/openlane/scripts/base.sdc'…
[INFO]: Setting output delay to: 2.0
[INFO]: Setting input delay to: 2.0
[WARNING STA-0366] port '__VIRTUAL_CLK__' not found.
[INFO]: Setting load to: 0.033442
[INFO]: Setting clock uncertainty to: 0.25
[INFO]: Setting clock transition to: 0.15
[WARNING STA-0419] transition time can not be specified for virtual clocks.
[INFO]: Setting timing derate to: 5.0 %
Net: _137_
  Pin: _464_/A3 (sky130_fd_sc_hd__o311a_1)
    Layer: met4
      Partial area ratio:   40.02
      Required ratio:    0.00 (Gate area) 
      Partial area ratio:  217.34
      Required ratio: 2771.60 (Side area) 
      Cumulative area ratio:   44.21
      Required ratio:    0.00 (Cumulative area) 
      Cumulative area ratio:  241.73
      Required ratio:    0.00 (Cumulative side area) 

    Layer: met3
      Partial area ratio:    3.43
      Required ratio:    0.00 (Gate area) 
      Partial area ratio:   20.23
      Required ratio:  400.00 (Side area) 
      Cumulative area ratio:    4.18
      Required ratio:    0.00 (Cumulative area) 
      Cumulative area ratio:   24.39
      Required ratio:    0.00 (Cumulative side area) 

    Layer: met2
      Partial area ratio:    0.75
      Required ratio:    0.00 (Gate area) 
      Partial area ratio:    4.16
      Required ratio:  400.00 (Side area) 
      Cumulative area ratio:    0.75
      Required ratio:    0.00 (Cumulative area) 
      Cumulative area ratio:    4.16
      Required ratio:    0.00 (Cumulative side area) 

    Layer: met1
      Partial area ratio:    0.00
      Required ratio:    0.00 (Gate area) 
      Partial area ratio:    0.00
      Required ratio:  400.00 (Side area) 
      Cumulative area ratio:    0.00
      Required ratio:    0.00 (Cumulative area) 
      Cumulative area ratio:    0.00
      Required ratio:    0.00 (Cumulative side area) 

    Layer: li1
      Partial area ratio:    0.00
      Required ratio:    0.00 (Gate area) 
      Partial area ratio:    0.00
      Required ratio:   75.00 (Side area) 
      Cumulative area ratio:    0.00
      Required ratio:    0.00 (Cumulative area) 
      Cumulative area ratio:    0.00
      Required ratio:    0.00 (Cumulative side area) 

    Via: M3M4_PR
      Partial area ratio:    0.16
      Required ratio:    6.00 (Gate area) 
      Cumulative area ratio:    0.53
      Required ratio:    0.00 (Cumulative area) 

    Via: M2M3_PR
      Partial area ratio:    0.16
      Required ratio:    6.00 (Gate area) 
      Cumulative area ratio:    0.37
      Required ratio:    0.00 (Cumulative area) 

    Via: M1M2_PR
      Partial area ratio:    0.09
      Required ratio:    6.00 (Gate area) 
      Cumulative area ratio:    0.21
      Required ratio:    0.00 (Cumulative area) 

    Via: L1M1_PR_MR
      Partial area ratio:    0.12
      Required ratio:    3.00 (Gate area) 
      Cumulative area ratio:    0.12
      Required ratio:    0.00 (Cumulative area) 

  Pin: _462_/B (sky130_fd_sc_hd__nor2_1)
    Layer: met4
      Partial area ratio:   40.02
      Required ratio:    0.00 (Gate area) 
      Partial area ratio:  217.34
      Required ratio: 2771.60 (Side area) 
      Cumulative area ratio:  132.91
      Required ratio:    0.00 (Cumulative area) 
      Cumulative area ratio:  718.84
      Required ratio:    0.00 (Cumulative side area) 

    Layer: met3
      Partial area ratio:   92.52
      Required ratio:    0.00 (Gate area) 
      Partial area ratio:  499.26
      Required ratio:  400.00 (Side area) (VIOLATED)
      Cumulative area ratio:   92.89
      Required ratio:    0.00 (Cumulative area) 
      Cumulative area ratio:  501.50
      Required ratio:    0.00 (Cumulative side area) 

    Layer: met2
      Partial area ratio:    0.37
      Required ratio:    0.00 (Gate area) 
      Partial area ratio:    2.23
      Required ratio:  400.00 (Side area) 
      Cumulative area ratio:    0.37
      Required ratio:    0.00 (Cumulative area) 
      Cumulative area ratio:    2.23
      Required ratio:    0.00 (Cumulative side area) 

    Layer: met1
      Partial area ratio:    0.00
      Required ratio:    0.00 (Gate area) 
      Partial area ratio:    0.00
      Required ratio:  400.00 (Side area) 
      Cumulative area ratio:    0.00
      Required ratio:    0.00 (Cumulative area) 
      Cumulative area ratio:    0.00
      Required ratio:    0.00 (Cumulative side area) 

    Layer: li1
      Partial area ratio:    0.00
      Required ratio:    0.00 (Gate area) 
      Partial area ratio:    0.00
      Required ratio:   75.00 (Side area) 
      Cumulative area ratio:    0.00
      Required ratio:    0.00 (Cumulative area) 
      Cumulative area ratio:    0.00
      Required ratio:    0.00 (Cumulative side area) 

    Via: M3M4_PR
      Partial area ratio:    0.16
      Required ratio:    6.00 (Gate area) 
      Cumulative area ratio:    0.53
      Required ratio:    0.00 (Cumulative area) 

    Via: M2M3_PR
      Partial area ratio:    0.16
      Required ratio:    6.00 (Gate area) 
      Cumulative area ratio:    0.37
      Required ratio:    0.00 (Cumulative area) 

    Via: M1M2_PR
      Partial area ratio:    0.09
      Required ratio:    6.00 (Gate area) 
      Cumulative area ratio:    0.21
      Required ratio:    0.00 (Cumulative area) 

    Via: L1M1_PR_MR
      Partial area ratio:    0.12
      Required ratio:    3.00 (Gate area) 
      Cumulative area ratio:    0.12
      Required ratio:    0.00 (Cumulative area) 


Net: _166_
  Pin: _492_/A2 (sky130_fd_sc_hd__a21oi_4)
    Layer: met3
      Partial area ratio:   14.88
      Required ratio:    0.00 (Gate area) 
      Partial area ratio:   80.20
      Required ratio: 2994.20 (Side area) 
      Cumulative area ratio:   15.23
      Required ratio:    0.00 (Cumulative area) 
      Cumulative area ratio:   82.16
      Required ratio:    0.00 (Cumulative side area) 

    Layer: met2
      Partial area ratio:    0.35
      Required ratio:    0.00 (Gate area) 
      Partial area ratio:    1.96
      Required ratio:  400.00 (Side area) 
      Cumulative area ratio:    0.35
      Required ratio:    0.00 (Cumulative area) 
      Cumulative area ratio:    1.96
      Required ratio:    0.00 (Cumulative side area) 

    Layer: met1
      Partial area ratio:    0.00
      Required ratio:    0.00 (Gate area) 
      Partial area ratio:    0.00
      Required ratio:  400.00 (Side area) 
      Cumulative area ratio:    0.00
      Required ratio:    0.00 (Cumulative area) 
      Cumulative area ratio:    0.00
      Required ratio:    0.00 (Cumulative side area) 

    Layer: li1
      Partial area ratio:    0.00
      Required ratio:    0.00 (Gate area) 
      Partial area ratio:    0.00
      Required ratio:   75.00 (Side area) 
      Cumulative area ratio:    0.00
      Required ratio:    0.00 (Cumulative area) 
      Cumulative area ratio:    0.00
      Required ratio:    0.00 (Cumulative side area) 

    Via: M2M3_PR
      Partial area ratio:    0.08
      Required ratio:    6.00 (Gate area) 
      Cumulative area ratio:    0.13
      Required ratio:    0.00 (Cumulative area) 

    Via: M1M2_PR
      Partial area ratio:    0.02
      Required ratio:    6.00 (Gate area) 
      Cumulative area ratio:    0.05
      Required ratio:    0.00 (Cumulative area) 

    Via: L1M1_PR_MR
      Partial area ratio:    0.03
      Required ratio:    3.00 (Gate area) 
      Cumulative area ratio:    0.03
      Required ratio:    0.00 (Cumulative area) 

  Pin: _493_/A (sky130_fd_sc_hd__and3_1)
    Layer: met3
      Partial area ratio:   14.88
      Required ratio:    0.00 (Gate area) 
      Partial area ratio:   80.20
      Required ratio: 2994.20 (Side area) 
      Cumulative area ratio:  118.37
      Required ratio:    0.00 (Cumulative area) 
      Cumulative area ratio:  602.55
      Required ratio:    0.00 (Cumulative side area) 

    Layer: met2
      Partial area ratio:   83.90
      Required ratio:    0.00 (Gate area) 
      Partial area ratio:  421.83
      Required ratio:  400.00 (Side area) (VIOLATED)
      Cumulative area ratio:  103.14
      Required ratio:    0.00 (Cumulative area) 
      Cumulative area ratio:  520.39
      Required ratio:    0.00 (Cumulative side area) 

    Layer: met1
      Partial area ratio:   19.24
      Required ratio:    0.00 (Gate area) 
      Partial area ratio:   98.56
      Required ratio:  400.00 (Side area) 
      Cumulative area ratio:   19.24
      Required ratio:    0.00 (Cumulative area) 
      Cumulative area ratio:   98.56
      Required ratio:    0.00 (Cumulative side area) 

    Layer: li1
      Partial area ratio:    0.00
      Required ratio:    0.00 (Gate area) 
      Partial area ratio:    0.00
      Required ratio:   75.00 (Side area) 
      Cumulative area ratio:    0.00
      Required ratio:    0.00 (Cumulative area) 
      Cumulative area ratio:    0.00
      Required ratio:    0.00 (Cumulative side area) 

    Via: M2M3_PR
      Partial area ratio:    0.32
      Required ratio:    6.00 (Gate area) 
      Cumulative area ratio:    0.73
      Required ratio:    0.00 (Cumulative area) 

    Via: M1M2_PR
      Partial area ratio:    0.18
      Required ratio:    6.00 (Gate area) 
      Cumulative area ratio:    0.41
      Required ratio:    0.00 (Cumulative area) 

    Via: L1M1_PR_MR
      Partial area ratio:    0.23
      Required ratio:    3.00 (Gate area) 
      Cumulative area ratio:    0.23
      Required ratio:    0.00 (Cumulative area) 


Net: _212_
  Pin: _284_/A_N (sky130_fd_sc_hd__and3b_1)
    Layer: met4
      Partial area ratio:   29.36
      Required ratio:    0.00 (Gate area) 
      Partial area ratio:  158.49
      Required ratio: 2771.60 (Side area) 
      Cumulative area ratio:  132.61
      Required ratio:    0.00 (Cumulative area) 
      Cumulative area ratio:  721.25
      Required ratio:    0.00 (Cumulative side area) 

    Layer: met3
      Partial area ratio:  102.90
      Required ratio:    0.00 (Gate area) 
      Partial area ratio:  560.25
      Required ratio:  400.00 (Side area) (VIOLATED)
      Cumulative area ratio:  103.25
      Required ratio:    0.00 (Cumulative area) 
      Cumulative area ratio:  562.75
      Required ratio:    0.00 (Cumulative side area) 

    Layer: met2
      Partial area ratio:    0.34
      Required ratio:    0.00 (Gate area) 
      Partial area ratio:    2.50
      Required ratio:  400.00 (Side area) 
      Cumulative area ratio:    0.34
      Required ratio:    0.00 (Cumulative area) 
      Cumulative area ratio:    2.50
      Required ratio:    0.00 (Cumulative side area) 

    Layer: met1
      Partial area ratio:    0.00
      Required ratio:    0.00 (Gate area) 
      Partial area ratio:    0.00
      Required ratio:  400.00 (Side area) 
      Cumulative area ratio:    0.00
      Required ratio:    0.00 (Cumulative area) 
      Cumulative area ratio:    0.00
      Required ratio:    0.00 (Cumulative side area) 

    Layer: li1
      Partial area ratio:    0.00
      Required ratio:    0.00 (Gate area) 
      Partial area ratio:    0.00
      Required ratio:   75.00 (Side area) 
      Cumulative area ratio:    0.00
      Required ratio:    0.00 (Cumulative area) 
      Cumulative area ratio:    0.00
      Required ratio:    0.00 (Cumulative side area) 

    Via: M3M4_PR
      Partial area ratio:    0.63
      Required ratio:    6.00 (Gate area) 
      Cumulative area ratio:    1.36
      Required ratio:    0.00 (Cumulative area) 

    Via: M2M3_PR
      Partial area ratio:    0.32
      Required ratio:    6.00 (Gate area) 
      Cumulative area ratio:    0.73
      Required ratio:    0.00 (Cumulative area) 

    Via: M1M2_PR
      Partial area ratio:    0.18
      Required ratio:    6.00 (Gate area) 
      Cumulative area ratio:    0.41
      Required ratio:    0.00 (Cumulative area) 

    Via: L1M1_PR_MR
      Partial area ratio:    0.23
      Required ratio:    3.00 (Gate area) 
      Cumulative area ratio:    0.23
      Required ratio:    0.00 (Cumulative area) 

  Pin: _296_/A1 (sky130_fd_sc_hd__o21ai_1)
    Layer: met4
      Partial area ratio:   29.36
      Required ratio:    0.00 (Gate area) 
      Partial area ratio:  158.49
      Required ratio: 2771.60 (Side area) 
      Cumulative area ratio:  138.46
      Required ratio:    0.00 (Cumulative area) 
      Cumulative area ratio:  752.31
      Required ratio:    0.00 (Cumulative side area) 

    Layer: met3
      Partial area ratio:    0.64
      Required ratio:    0.00 (Gate area) 
      Partial area ratio:    5.37
      Required ratio:  400.00 (Side area) 
      Cumulative area ratio:    6.20
      Required ratio:    0.00 (Cumulative area) 
      Cumulative area ratio:   33.56
      Required ratio:    0.00 (Cumulative side area) 

    Layer: met2
      Partial area ratio:    5.56
      Required ratio:    0.00 (Gate area) 
      Partial area ratio:   28.20
      Required ratio:  400.00 (Side area) 
      Cumulative area ratio:    5.56
      Required ratio:    0.00 (Cumulative area) 
      Cumulative area ratio:   28.20
      Required ratio:    0.00 (Cumulative side area) 

    Layer: met1
      Partial area ratio:    0.00
      Required ratio:    0.00 (Gate area) 
      Partial area ratio:    0.00
      Required ratio:  400.00 (Side area) 
      Cumulative area ratio:    0.00
      Required ratio:    0.00 (Cumulative area) 
      Cumulative area ratio:    0.00
      Required ratio:    0.00 (Cumulative side area) 

    Layer: li1
      Partial area ratio:    0.00
      Required ratio:    0.00 (Gate area) 
      Partial area ratio:    0.00
      Required ratio:   75.00 (Side area) 
      Cumulative area ratio:    0.00
      Required ratio:    0.00 (Cumulative area) 
      Cumulative area ratio:    0.00
      Required ratio:    0.00 (Cumulative side area) 

    Via: M3M4_PR
      Partial area ratio:    0.16
      Required ratio:    6.00 (Gate area) 
      Cumulative area ratio:    0.53
      Required ratio:    0.00 (Cumulative area) 

    Via: M2M3_PR
      Partial area ratio:    0.16
      Required ratio:    6.00 (Gate area) 
      Cumulative area ratio:    0.37
      Required ratio:    0.00 (Cumulative area) 

    Via: M1M2_PR
      Partial area ratio:    0.09
      Required ratio:    6.00 (Gate area) 
      Cumulative area ratio:    0.21
      Required ratio:    0.00 (Cumulative area) 

    Via: L1M1_PR_MR
      Partial area ratio:    0.12
      Required ratio:    3.00 (Gate area) 
      Cumulative area ratio:    0.12
      Required ratio:    0.00 (Cumulative area) 

  Pin: _295_/A (sky130_fd_sc_hd__and2_2)
    Layer: met1
      Partial area ratio:    1.18
      Required ratio:    0.00 (Gate area) 
      Partial area ratio:    6.67
      Required ratio: 2771.60 (Side area) 
      Cumulative area ratio:    1.18
      Required ratio:    0.00 (Cumulative area) 
      Cumulative area ratio:    6.67
      Required ratio:    0.00 (Cumulative side area) 

    Layer: met2
      Partial area ratio:    0.34
      Required ratio:    0.00 (Gate area) 
      Partial area ratio:    2.50
      Required ratio: 2771.60 (Side area) 
      Cumulative area ratio:    1.52
      Required ratio:    0.00 (Cumulative area) 
      Cumulative area ratio:    9.17
      Required ratio:    0.00 (Cumulative side area) 

    Layer: met3
      Partial area ratio:   68.69
      Required ratio:    0.00 (Gate area) 
      Partial area ratio:  385.40
      Required ratio: 2771.60 (Side area) 
      Cumulative area ratio:   70.21
      Required ratio:    0.00 (Cumulative area) 
      Cumulative area ratio:  394.56
      Required ratio:    0.00 (Cumulative side area) 

    Layer: met4
      Partial area ratio:   29.36
      Required ratio:    0.00 (Gate area) 
      Partial area ratio:  158.49
      Required ratio: 2771.60 (Side area) 
      Cumulative area ratio:   99.57
      Required ratio:    0.00 (Cumulative area) 
      Cumulative area ratio:  553.06
      Required ratio:    0.00 (Cumulative side area) 

    Layer: li1
      Partial area ratio:    0.00
      Required ratio:    0.00 (Gate area) 
      Partial area ratio:    0.00
      Required ratio:   75.00 (Side area) 
      Cumulative area ratio:    0.00
      Required ratio:    0.00 (Cumulative area) 
      Cumulative area ratio:    0.00
      Required ratio:    0.00 (Cumulative side area) 

    Via: M1M2_PR
      Partial area ratio:    0.18
      Required ratio:    6.00 (Gate area) 
      Cumulative area ratio:    0.41
      Required ratio:    0.00 (Cumulative area) 

    Via: M2M3_PR
      Partial area ratio:    0.32
      Required ratio:    6.00 (Gate area) 
      Cumulative area ratio:    0.73
      Required ratio:    0.00 (Cumulative area) 

    Via: M3M4_PR
      Partial area ratio:    0.32
      Required ratio:    6.00 (Gate area) 
      Cumulative area ratio:    1.04
      Required ratio:    0.00 (Cumulative area) 

    Via: L1M1_PR_MR
      Partial area ratio:    0.23
      Required ratio:    3.00 (Gate area) 
      Cumulative area ratio:    0.23
      Required ratio:    0.00 (Cumulative area) 


Net: _237_
  Pin: _309_/B2 (sky130_fd_sc_hd__o2bb2a_1)
    Layer: met5
      Partial area ratio: 1235.30
      Required ratio:    0.00 (Gate area) 
      Partial area ratio: 1883.43
      Required ratio: 2774.90 (Side area) 
      Cumulative area ratio: 1342.57
      Required ratio:    0.00 (Cumulative area) 
      Cumulative area ratio: 2463.55
      Required ratio:    0.00 (Cumulative side area) 

    Layer: met4
      Partial area ratio:  102.71
      Required ratio:    0.00 (Gate area) 
      Partial area ratio:  551.62
      Required ratio:  400.00 (Side area) (VIOLATED)
      Cumulative area ratio:  107.27
      Required ratio:    0.00 (Cumulative area) 
      Cumulative area ratio:  580.12
      Required ratio:    0.00 (Cumulative side area) 

    Layer: met3
      Partial area ratio:    3.45
      Required ratio:    0.00 (Gate area) 
      Partial area ratio:   22.22
      Required ratio:  400.00 (Side area) 
      Cumulative area ratio:    4.55
      Required ratio:    0.00 (Cumulative area) 
      Cumulative area ratio:   28.50
      Required ratio:    0.00 (Cumulative side area) 

    Layer: met2
      Partial area ratio:    1.10
      Required ratio:    0.00 (Gate area) 
      Partial area ratio:    6.28
      Required ratio:  400.00 (Side area) 
      Cumulative area ratio:    1.10
      Required ratio:    0.00 (Cumulative area) 
      Cumulative area ratio:    6.28
      Required ratio:    0.00 (Cumulative side area) 

    Layer: met1
      Partial area ratio:    0.00
      Required ratio:    0.00 (Gate area) 
      Partial area ratio:    0.00
      Required ratio:  400.00 (Side area) 
      Cumulative area ratio:    0.00
      Required ratio:    0.00 (Cumulative area) 
      Cumulative area ratio:    0.00
      Required ratio:    0.00 (Cumulative side area) 

    Layer: li1
      Partial area ratio:    0.00
      Required ratio:    0.00 (Gate area) 
      Partial area ratio:    0.00
      Required ratio:   75.00 (Side area) 
      Cumulative area ratio:    0.00
      Required ratio:    0.00 (Cumulative area) 
      Cumulative area ratio:    0.00
      Required ratio:    0.00 (Cumulative side area) 

    Via: M4M5_PR
      Partial area ratio:    5.08
      Required ratio:    6.00 (Gate area) 
      Cumulative area ratio:    6.12
      Required ratio:    0.00 (Cumulative area) 

    Via: M3M4_PR
      Partial area ratio:    0.32
      Required ratio:    6.00 (Gate area) 
      Cumulative area ratio:    1.04
      Required ratio:    0.00 (Cumulative area) 

    Via: M2M3_PR
      Partial area ratio:    0.32
      Required ratio:    6.00 (Gate area) 
      Cumulative area ratio:    0.73
      Required ratio:    0.00 (Cumulative area) 

    Via: M1M2_PR
      Partial area ratio:    0.18
      Required ratio:    6.00 (Gate area) 
      Cumulative area ratio:    0.41
      Required ratio:    0.00 (Cumulative area) 

    Via: L1M1_PR_MR
      Partial area ratio:    0.23
      Required ratio:    3.00 (Gate area) 
      Cumulative area ratio:    0.23
      Required ratio:    0.00 (Cumulative area) 


Net: _243_
  Pin: _316_/A2 (sky130_fd_sc_hd__o21ai_2)
    Layer: met4
      Partial area ratio:   36.57
      Required ratio:    0.00 (Gate area) 
      Partial area ratio:  197.36
      Required ratio: 2778.20 (Side area) 
      Cumulative area ratio:   38.42
      Required ratio:    0.00 (Cumulative area) 
      Cumulative area ratio:  208.46
      Required ratio:    0.00 (Cumulative side area) 

    Layer: met3
      Partial area ratio:    0.88
      Required ratio:    0.00 (Gate area) 
      Partial area ratio:    5.66
      Required ratio:  400.00 (Side area) 
      Cumulative area ratio:    1.85
      Required ratio:    0.00 (Cumulative area) 
      Cumulative area ratio:   11.10
      Required ratio:    0.00 (Cumulative side area) 

    Layer: met2
      Partial area ratio:    0.66
      Required ratio:    0.00 (Gate area) 
      Partial area ratio:    3.52
      Required ratio:  400.00 (Side area) 
      Cumulative area ratio:    0.97
      Required ratio:    0.00 (Cumulative area) 
      Cumulative area ratio:    5.44
      Required ratio:    0.00 (Cumulative side area) 

    Layer: met1
      Partial area ratio:    0.31
      Required ratio:    0.00 (Gate area) 
      Partial area ratio:    1.92
      Required ratio:  400.00 (Side area) 
      Cumulative area ratio:    0.31
      Required ratio:    0.00 (Cumulative area) 
      Cumulative area ratio:    1.92
      Required ratio:    0.00 (Cumulative side area) 

    Layer: li1
      Partial area ratio:    0.00
      Required ratio:    0.00 (Gate area) 
      Partial area ratio:    0.00
      Required ratio:   75.00 (Side area) 
      Cumulative area ratio:    0.00
      Required ratio:    0.00 (Cumulative area) 
      Cumulative area ratio:    0.00
      Required ratio:    0.00 (Cumulative side area) 

    Via: M3M4_PR
      Partial area ratio:    0.08
      Required ratio:    6.00 (Gate area) 
      Cumulative area ratio:    0.27
      Required ratio:    0.00 (Cumulative area) 

    Via: M2M3_PR
      Partial area ratio:    0.08
      Required ratio:    6.00 (Gate area) 
      Cumulative area ratio:    0.18
      Required ratio:    0.00 (Cumulative area) 

    Via: M1M2_PR
      Partial area ratio:    0.05
      Required ratio:    6.00 (Gate area) 
      Cumulative area ratio:    0.10
      Required ratio:    0.00 (Cumulative area) 

    Via: L1M1_PR_MR
      Partial area ratio:    0.06
      Required ratio:    3.00 (Gate area) 
      Cumulative area ratio:    0.06
      Required ratio:    0.00 (Cumulative area) 

  Pin: _317_/C (sky130_fd_sc_hd__or3_2)
    Layer: met4
      Partial area ratio:   36.57
      Required ratio:    0.00 (Gate area) 
      Partial area ratio:  197.36
      Required ratio: 2778.20 (Side area) 
      Cumulative area ratio:  157.37
      Required ratio:    0.00 (Cumulative area) 
      Cumulative area ratio:  850.60
      Required ratio:    0.00 (Cumulative side area) 

    Layer: met3
      Partial area ratio:  120.26
      Required ratio:    0.00 (Gate area) 
      Partial area ratio:  649.02
      Required ratio:  400.00 (Side area) (VIOLATED)
      Cumulative area ratio:  120.80
      Required ratio:    0.00 (Cumulative area) 
      Cumulative area ratio:  653.24
      Required ratio:    0.00 (Cumulative side area) 

    Layer: met2
      Partial area ratio:    0.34
      Required ratio:    0.00 (Gate area) 
      Partial area ratio:    2.50
      Required ratio:  400.00 (Side area) 
      Cumulative area ratio:    0.53
      Required ratio:    0.00 (Cumulative area) 
      Cumulative area ratio:    4.22
      Required ratio:    0.00 (Cumulative side area) 

    Layer: met1
      Partial area ratio:    0.19
      Required ratio:    0.00 (Gate area) 
      Partial area ratio:    1.72
      Required ratio:  400.00 (Side area) 
      Cumulative area ratio:    0.19
      Required ratio:    0.00 (Cumulative area) 
      Cumulative area ratio:    1.72
      Required ratio:    0.00 (Cumulative side area) 

    Layer: li1
      Partial area ratio:    0.00
      Required ratio:    0.00 (Gate area) 
      Partial area ratio:    0.00
      Required ratio:   75.00 (Side area) 
      Cumulative area ratio:    0.00
      Required ratio:    0.00 (Cumulative area) 
      Cumulative area ratio:    0.00
      Required ratio:    0.00 (Cumulative side area) 

    Via: M3M4_PR
      Partial area ratio:    0.32
      Required ratio:    6.00 (Gate area) 
      Cumulative area ratio:    1.04
      Required ratio:    0.00 (Cumulative area) 

    Via: M2M3_PR
      Partial area ratio:    0.32
      Required ratio:    6.00 (Gate area) 
      Cumulative area ratio:    0.73
      Required ratio:    0.00 (Cumulative area) 

    Via: M1M2_PR
      Partial area ratio:    0.18
      Required ratio:    6.00 (Gate area) 
      Cumulative area ratio:    0.41
      Required ratio:    0.00 (Cumulative area) 

    Via: L1M1_PR_MR
      Partial area ratio:    0.23
      Required ratio:    3.00 (Gate area) 
      Cumulative area ratio:    0.23
      Required ratio:    0.00 (Cumulative area) 


[INFO ANT-0002] Found 5 net violations.
[INFO ANT-0001] Found 5 pin violations.
